#
# There is insufficient memory for the Java Runtime Environment to continue.
# Native memory allocation (mmap) failed to map 351272960 bytes for committing reserved memory.
# Possible reasons:
#   The system is out of physical RAM or swap space
#   In 32 bit mode, the process size limit was hit
# Possible solutions:
#   Reduce memory load on the system
#   Increase physical memory or swap space
#   Check if swap backing store is full
#   Use 64 bit Java on a 64 bit OS
#   Decrease Java heap size (-Xmx/-Xms)
#   Decrease number of Java threads
#   Decrease Java thread stack sizes (-Xss)
#   Set larger code cache with -XX:ReservedCodeCacheSize=
# This output file may be truncated or incomplete.
#
#  Out of Memory Error (os_linux.cpp:2673), pid=16847, tid=140194927614112
#
# JRE version:  (8.0_45-b14) (build )
# Java VM: Java HotSpot(TM) 64-Bit Server VM (25.45-b02 mixed mode linux-amd64 compressed oops)
# Failed to write core dump. Core dumps have been disabled. To enable core dumping, try "ulimit -c unlimited" before starting Java again
#

---------------  T H R E A D  ---------------

Current thread (0x000000003df3b800):  JavaThread "Unknown thread" [_thread_in_vm, id=16847, stack(0x00007ffff3f29000,0x00007ffff4029000)]

Stack: [0x00007ffff3f29000,0x00007ffff4029000],  sp=0x00007ffff400efa0,  free space=919k
Native frames: (J=compiled Java code, j=interpreted, Vv=VM code, C=native code)
V  [libjvm.so+0xaac99a]  VMError::report_and_die()+0x2ba
V  [libjvm.so+0x4f333b]  report_vm_out_of_memory(char const*, int, unsigned long, VMErrorType, char const*)+0x8b
V  [libjvm.so+0x90e7c3]  os::Linux::commit_memory_impl(char*, unsigned long, bool)+0x103
V  [libjvm.so+0x90ed19]  os::pd_commit_memory(char*, unsigned long, unsigned long, bool)+0x29
V  [libjvm.so+0x90867a]  os::commit_memory(char*, unsigned long, unsigned long, bool)+0x2a
V  [libjvm.so+0x97bac3]  PSVirtualSpace::expand_by(unsigned long)+0x53
V  [libjvm.so+0x96bb77]  PSOldGen::initialize(ReservedSpace, unsigned long, char const*, int)+0xb7
V  [libjvm.so+0x2d4cda]  AdjoiningGenerations::AdjoiningGenerations(ReservedSpace, GenerationSizer*, unsigned long)+0x39a
V  [libjvm.so+0x931716]  ParallelScavengeHeap::initialize()+0x1d6
V  [libjvm.so+0xa75aab]  Universe::initialize_heap()+0xfb
V  [libjvm.so+0xa75e1e]  universe_init()+0x3e
V  [libjvm.so+0x62f635]  init_globals()+0x65
V  [libjvm.so+0xa5a02e]  Threads::create_vm(JavaVMInitArgs*, bool*)+0x23e
V  [libjvm.so+0x6c3244]  JNI_CreateJavaVM+0x74
C  [rJava.so+0xa240]  RinitJVM+0x420


---------------  P R O C E S S  ---------------

Java Threads: ( => current thread )

Other Threads:

=>0x000000003df3b800 (exited) JavaThread "Unknown thread" [_thread_in_vm, id=16847, stack(0x00007ffff3f29000,0x00007ffff4029000)]

VM state:not at safepoint (not fully initialized)

VM Mutex/Monitor currently owned by a thread: None

GC Heap History (0 events):
No events

Deoptimization events (0 events):
No events

Internal exceptions (0 events):
No events

Events (0 events):
No events


Dynamic libraries:
00400000-011cf000 r-xp 00000000 fd:00 5141                               /usr/lib/rstudio-server/bin/rsession
013cf000-013e9000 r--p 00dcf000 fd:00 5141                               /usr/lib/rstudio-server/bin/rsession
013e9000-013ee000 rw-p 00de9000 fd:00 5141                               /usr/lib/rstudio-server/bin/rsession
013ee000-013f3000 rw-p 00000000 00:00 0 
01fbd000-3f874000 rw-p 00000000 00:00 0                                  [heap]
f4f00000-f5580000 ---p 00000000 00:00 0 
f5580000-ffc80000 rw-p 00000000 00:00 0 
ffc80000-100000000 ---p 00000000 00:00 0 
7f81710cd000-7f8171262000 rw-p 00000000 00:00 0 
7f8171262000-7f817130c000 ---p 00000000 00:00 0 
7f817130c000-7f8171361000 rw-p 00000000 00:00 0 
7f8171361000-7f8171362000 ---p 00000000 00:00 0 
7f8171362000-7f817136d000 rw-p 00000000 00:00 0 
7f817136d000-7f8171723000 ---p 00000000 00:00 0 
7f8171723000-7f8171993000 rwxp 00000000 00:00 0 
7f8171993000-7f8180723000 ---p 00000000 00:00 0 
7f8180723000-7f818073d000 r-xp 00000000 fd:00 542197                     /opt/jdk1.8.0_45/jre/lib/amd64/libzip.so
7f818073d000-7f818093d000 ---p 0001a000 fd:00 542197                     /opt/jdk1.8.0_45/jre/lib/amd64/libzip.so
7f818093d000-7f818093e000 rw-p 0001a000 fd:00 542197                     /opt/jdk1.8.0_45/jre/lib/amd64/libzip.so
7f818093e000-7f8180968000 r-xp 00000000 fd:00 542190                     /opt/jdk1.8.0_45/jre/lib/amd64/libjava.so
7f8180968000-7f8180b68000 ---p 0002a000 fd:00 542190                     /opt/jdk1.8.0_45/jre/lib/amd64/libjava.so
7f8180b68000-7f8180b6a000 rw-p 0002a000 fd:00 542190                     /opt/jdk1.8.0_45/jre/lib/amd64/libjava.so
7f8180b6a000-7f8180b77000 r-xp 00000000 fd:00 542231                     /opt/jdk1.8.0_45/jre/lib/amd64/libverify.so
7f8180b77000-7f8180d77000 ---p 0000d000 fd:00 542231                     /opt/jdk1.8.0_45/jre/lib/amd64/libverify.so
7f8180d77000-7f8180d79000 rw-p 0000d000 fd:00 542231                     /opt/jdk1.8.0_45/jre/lib/amd64/libverify.so
7f8180d79000-7f8180dab000 r-xp 00000000 00:15 2397681                    /home/kniehaus/R/x86_64-redhat-linux-gnu-library/3.1/data.table/libs/datatable.so
7f8180dab000-7f8180faa000 ---p 00032000 00:15 2397681                    /home/kniehaus/R/x86_64-redhat-linux-gnu-library/3.1/data.table/libs/datatable.so
7f8180faa000-7f8180fac000 rw-p 00031000 00:15 2397681                    /home/kniehaus/R/x86_64-redhat-linux-gnu-library/3.1/data.table/libs/datatable.so
7f8180fac000-7f8181010000 rw-p 00000000 00:00 0 
7f8181010000-7f8181012000 r-xp 00000000 00:15 2669338                    /home/kniehaus/R/x86_64-redhat-linux-gnu-library/3.1/chron/libs/chron.so
7f8181012000-7f8181211000 ---p 00002000 00:15 2669338                    /home/kniehaus/R/x86_64-redhat-linux-gnu-library/3.1/chron/libs/chron.so
7f8181211000-7f8181212000 rw-p 00001000 00:15 2669338                    /home/kniehaus/R/x86_64-redhat-linux-gnu-library/3.1/chron/libs/chron.so
7f8181212000-7f8181213000 r-xp 00000000 00:15 357016                     /home/kniehaus/R/x86_64-redhat-linux-gnu-library/3.1/lars/libs/lars.so
7f8181213000-7f8181412000 ---p 00001000 00:15 357016                     /home/kniehaus/R/x86_64-redhat-linux-gnu-library/3.1/lars/libs/lars.so
7f8181412000-7f8181413000 rw-p 00000000 00:15 357016                     /home/kniehaus/R/x86_64-redhat-linux-gnu-library/3.1/lars/libs/lars.so
7f8181413000-7f8181459000 r-xp 00000000 00:15 3181654                    /home/kniehaus/R/x86_64-redhat-linux-gnu-library/3.1/glmnet/libs/glmnet.so
7f8181459000-7f8181659000 ---p 00046000 00:15 3181654                    /home/kniehaus/R/x86_64-redhat-linux-gnu-library/3.1/glmnet/libs/glmnet.so
7f8181659000-7f818165a000 rw-p 00046000 00:15 3181654                    /home/kniehaus/R/x86_64-redhat-linux-gnu-library/3.1/glmnet/libs/glmnet.so
7f818165a000-7f818165c000 r-xp 00000000 00:15 1768206                    /home/kniehaus/R/x86_64-redhat-linux-gnu-library/3.1/caret/libs/caret.so
7f818165c000-7f818185b000 ---p 00002000 00:15 1768206                    /home/kniehaus/R/x86_64-redhat-linux-gnu-library/3.1/caret/libs/caret.so
7f818185b000-7f818185c000 rw-p 00001000 00:15 1768206                    /home/kniehaus/R/x86_64-redhat-linux-gnu-library/3.1/caret/libs/caret.so
7f818185c000-7f818187d000 r-xp 00000000 00:15 1465787                    /home/kniehaus/R/x86_64-redhat-linux-gnu-library/3.1/quantreg/libs/quantreg.so
7f818187d000-7f8181a7d000 ---p 00021000 00:15 1465787                    /home/kniehaus/R/x86_64-redhat-linux-gnu-library/3.1/quantreg/libs/quantreg.so
7f8181a7d000-7f8181a7e000 rw-p 00021000 00:15 1465787                    /home/kniehaus/R/x86_64-redhat-linux-gnu-library/3.1/quantreg/libs/quantreg.so
7f8181a7e000-7f8181a8d000 r-xp 00000000 00:15 3351135                    /home/kniehaus/R/x86_64-redhat-linux-gnu-library/3.1/SparseM/libs/SparseM.so
7f8181a8d000-7f8181c8c000 ---p 0000f000 00:15 3351135                    /home/kniehaus/R/x86_64-redhat-linux-gnu-library/3.1/SparseM/libs/SparseM.so
7f8181c8c000-7f8181c8d000 rw-p 0000e000 00:15 3351135                    /home/kniehaus/R/x86_64-redhat-linux-gnu-library/3.1/SparseM/libs/SparseM.so
7f8181c8d000-7f8181ccf000 r-xp 00000000 fd:00 538332                     /usr/lib64/R/library/mgcv/libs/mgcv.so
7f8181ccf000-7f8181ece000 ---p 00042000 fd:00 538332                     /usr/lib64/R/library/mgcv/libs/mgcv.so
7f8181ece000-7f8181ed0000 rw-p 00041000 fd:00 538332                     /usr/lib64/R/library/mgcv/libs/mgcv.so
7f8181ed0000-7f8181ed4000 r-xp 00000000 fd:00 533120                     /usr/lib64/R/library/parallel/libs/parallel.so
7f8181ed4000-7f81820d4000 ---p 00004000 fd:00 533120                     /usr/lib64/R/library/parallel/libs/parallel.so
7f81820d4000-7f81820d5000 rw-p 00004000 fd:00 533120                     /usr/lib64/R/library/parallel/libs/parallel.so
7f81820d5000-7f81820d9000 r-xp 00000000 fd:00 533061                     /usr/lib64/R/library/nnet/libs/nnet.so
7f81820d9000-7f81822d8000 ---p 00004000 fd:00 533061                     /usr/lib64/R/library/nnet/libs/nnet.so
7f81822d8000-7f81822d9000 rw-p 00003000 fd:00 533061                     /usr/lib64/R/library/nnet/libs/nnet.so
7f81822d9000-7f8182338000 r-xp 00000000 00:15 1823835                    /home/kniehaus/R/x86_64-redhat-linux-gnu-library/3.1/lme4/libs/lme4.so
7f8182338000-7f8182538000 ---p 0005f000 00:15 1823835                    /home/kniehaus/R/x86_64-redhat-linux-gnu-library/3.1/lme4/libs/lme4.so
7f8182538000-7f818253b000 rw-p 0005f000 00:15 1823835                    /home/kniehaus/R/x86_64-redhat-linux-gnu-library/3.1/lme4/libs/lme4.so
7f818253b000-7f818253c000 rw-p 00000000 00:00 0 
7f818253c000-7f81825a4000 r-xp 00000000 00:15 1532019                    /home/kniehaus/R/x86_64-redhat-linux-gnu-library/3.1/nloptr/libs/nloptr.so
7f81825a4000-7f81827a4000 ---p 00068000 00:15 1532019                    /home/kniehaus/R/x86_64-redhat-linux-gnu-library/3.1/nloptr/libs/nloptr.so
7f81827a4000-7f81827a5000 rw-p 00068000 00:15 1532019                    /home/kniehaus/R/x86_64-redhat-linux-gnu-library/3.1/nloptr/libs/nloptr.so
7f81827a5000-7f81827c7000 r-xp 00000000 00:15 1633618                    /home/kniehaus/R/x86_64-redhat-linux-gnu-library/3.1/minqa/libs/minqa.so
7f81827c7000-7f81829c6000 ---p 00022000 00:15 1633618                    /home/kniehaus/R/x86_64-redhat-linux-gnu-library/3.1/minqa/libs/minqa.so
7f81829c6000-7f81829c8000 rw-p 00021000 00:15 1633618                    /home/kniehaus/R/x86_64-redhat-linux-gnu-library/3.1/minqa/libs/minqa.so
7f81829c8000-7f8182a87000 r-xp 00000000 fd:00 417159                     /usr/lib64/R/library/Matrix/libs/Matrix.so
7f8182a87000-7f8182c86000 ---p 000bf000 fd:00 417159                     /usr/lib64/R/library/Matrix/libs/Matrix.so
7f8182c86000-7f8182c8a000 rw-p 000be000 fd:00 417159                     /usr/lib64/R/library/Matrix/libs/Matrix.so
7f8182c8a000-7f8182e7a000 rw-p 00000000 00:00 0 
7f8182e7a000-7f8182e7c000 r-xp 00000000 fd:00 533339                     /usr/lib64/R/library/splines/libs/splines.so
7f8182e7c000-7f818307b000 ---p 00002000 fd:00 533339                     /usr/lib64/R/library/splines/libs/splines.so
7f818307b000-7f818307c000 rw-p 00001000 fd:00 533339                     /usr/lib64/R/library/splines/libs/splines.so
7f818307c000-7f818307d000 r-xp 00000000 00:15 2268910                    /home/kniehaus/R/x86_64-redhat-linux-gnu-library/3.1/gtools/libs/gtools.so
7f818307d000-7f818327c000 ---p 00001000 00:15 2268910                    /home/kniehaus/R/x86_64-redhat-linux-gnu-library/3.1/gtools/libs/gtools.so
7f818327c000-7f818327d000 rw-p 00000000 00:15 2268910                    /home/kniehaus/R/x86_64-redhat-linux-gnu-library/3.1/gtools/libs/gtools.so
7f818327d000-7f818327e000 r-xp 00000000 00:15 3143848                    /home/kniehaus/R/x86_64-redhat-linux-gnu-library/3.1/brglm/libs/brglm.so
7f818327e000-7f818347d000 ---p 00001000 00:15 3143848                    /home/kniehaus/R/x86_64-redhat-linux-gnu-library/3.1/brglm/libs/brglm.so
7f818347d000-7f818347e000 rw-p 00000000 00:15 3143848                    /home/kniehaus/R/x86_64-redhat-linux-gnu-library/3.1/brglm/libs/brglm.so
7f818347e000-7f8183490000 r-xp 00000000 fd:00 532994                     /usr/lib64/R/library/nlme/libs/nlme.so
7f8183490000-7f818368f000 ---p 00012000 fd:00 532994                     /usr/lib64/R/library/nlme/libs/nlme.so
7f818368f000-7f8183690000 rw-p 00011000 fd:00 532994                     /usr/lib64/R/library/nlme/libs/nlme.so
7f8183690000-7f8183693000 r-xp 00000000 fd:00 418727                     /usr/lib64/R/library/lattice/libs/lattice.so
7f8183693000-7f8183892000 ---p 00003000 fd:00 418727                     /usr/lib64/R/library/lattice/libs/lattice.so
7f8183892000-7f8183893000 rw-p 00002000 fd:00 418727                     /usr/lib64/R/library/lattice/libs/lattice.so
7f8183893000-7f8183894000 r-xp 00000000 00:15 2396968                    /home/kniehaus/R/x86_64-redhat-linux-gnu-library/3.1/devtools/libs/devtools.so
7f8183894000-7f8183a93000 ---p 00001000 00:15 2396968                    /home/kniehaus/R/x86_64-redhat-linux-gnu-library/3.1/devtools/libs/devtools.so
7f8183a93000-7f8183a94000 rw-p 00000000 00:15 2396968                    /home/kniehaus/R/x86_64-redhat-linux-gnu-library/3.1/devtools/libs/devtools.so
7f8183a94000-7f8183b7f000 r-xp 00000000 00:15 3219665                    /home/kniehaus/R/x86_64-redhat-linux-gnu-library/3.1/git2r/libs/git2r.so
7f8183b7f000-7f8183d7f000 ---p 000eb000 00:15 3219665                    /home/kniehaus/R/x86_64-redhat-linux-gnu-library/3.1/git2r/libs/git2r.so
7f8183d7f000-7f8183d84000 rw-p 000eb000 00:15 3219665                    /home/kniehaus/R/x86_64-redhat-linux-gnu-library/3.1/git2r/libs/git2r.so
7f8183d84000-7f8183ecd000 r-xp 00000000 fd:00 396923                     /usr/lib64/libxml2.so.2.7.6
7f8183ecd000-7f81840cc000 ---p 00149000 fd:00 396923                     /usr/lib64/libxml2.so.2.7.6
7f81840cc000-7f81840d5000 rw-p 00148000 fd:00 396923                     /usr/lib64/libxml2.so.2.7.6
7f81840d5000-7f81840d7000 rw-p 00000000 00:00 0 
7f81840d7000-7f8184105000 r-xp 00000000 00:15 2391130                    /home/kniehaus/R/x86_64-redhat-linux-gnu-library/3.1/xml2/libs/xml2.so
7f8184105000-7f8184305000 ---p 0002e000 00:15 2391130                    /home/kniehaus/R/x86_64-redhat-linux-gnu-library/3.1/xml2/libs/xml2.so
7f8184305000-7f8184307000 rw-p 0002e000 00:15 2391130                    /home/kniehaus/R/x86_64-redhat-linux-gnu-library/3.1/xml2/libs/xml2.so
7f8184307000-7f8184308000 rw-p 00000000 00:00 0 
7f8184308000-7f81844c1000 r-xp 00000000 fd:00 396761                     /usr/lib64/libcrypto.so.1.0.1e
7f81844c1000-7f81846c0000 ---p 001b9000 fd:00 396761                     /usr/lib64/libcrypto.so.1.0.1e
7f81846c0000-7f81846db000 r--p 001b8000 fd:00 396761                     /usr/lib64/libcrypto.so.1.0.1e
7f81846db000-7f81846e7000 rw-p 001d3000 fd:00 396761                     /usr/lib64/libcrypto.so.1.0.1e
7f81846e7000-7f81846eb000 rw-p 00000000 00:00 0 
7f81846eb000-7f818474d000 r-xp 00000000 fd:00 400804                     /usr/lib64/libssl.so.1.0.1e
7f818474d000-7f818494c000 ---p 00062000 fd:00 400804                     /usr/lib64/libssl.so.1.0.1e
7f818494c000-7f8184950000 r--p 00061000 fd:00 400804                     /usr/lib64/libssl.so.1.0.1e
7f8184950000-7f8184957000 rw-p 00065000 fd:00 400804                     /usr/lib64/libssl.so.1.0.1e
7f8184957000-7f8184970000 r-xp 00000000 fd:00 397000                     /usr/lib64/libsasl2.so.2.0.23
7f8184970000-7f8184b6f000 ---p 00019000 fd:00 397000                     /usr/lib64/libsasl2.so.2.0.23
7f8184b6f000-7f8184b70000 r--p 00018000 fd:00 397000                     /usr/lib64/libsasl2.so.2.0.23
7f8184b70000-7f8184b71000 rw-p 00019000 fd:00 397000                     /usr/lib64/libsasl2.so.2.0.23
7f8184b71000-7f8184b7f000 r-xp 00000000 fd:00 131260                     /lib64/liblber-2.4.so.2.10.2
7f8184b7f000-7f8184d7e000 ---p 0000e000 fd:00 131260                     /lib64/liblber-2.4.so.2.10.2
7f8184d7e000-7f8184d7f000 r--p 0000d000 fd:00 131260                     /lib64/liblber-2.4.so.2.10.2
7f8184d7f000-7f8184d80000 rw-p 0000e000 fd:00 131260                     /lib64/liblber-2.4.so.2.10.2
7f8184d80000-7f8184da7000 r-xp 00000000 fd:00 401129                     /usr/lib64/libssh2.so.1.0.1
7f8184da7000-7f8184fa6000 ---p 00027000 fd:00 401129                     /usr/lib64/libssh2.so.1.0.1
7f8184fa6000-7f8184fa7000 rw-p 00026000 fd:00 401129                     /usr/lib64/libssh2.so.1.0.1
7f8184fa7000-7f8184fa8000 rw-p 00000000 00:00 0 
7f8184fa8000-7f8184fe1000 r-xp 00000000 fd:00 149689                     /lib64/libnspr4.so
7f8184fe1000-7f81851e1000 ---p 00039000 fd:00 149689                     /lib64/libnspr4.so
7f81851e1000-7f81851e2000 r--p 00039000 fd:00 149689                     /lib64/libnspr4.so
7f81851e2000-7f81851e4000 rw-p 0003a000 fd:00 149689                     /lib64/libnspr4.so
7f81851e4000-7f81851e6000 rw-p 00000000 00:00 0 
7f81851e6000-7f81851ea000 r-xp 00000000 fd:00 149690                     /lib64/libplc4.so
7f81851ea000-7f81853e9000 ---p 00004000 fd:00 149690                     /lib64/libplc4.so
7f81853e9000-7f81853ea000 r--p 00003000 fd:00 149690                     /lib64/libplc4.so
7f81853ea000-7f81853eb000 rw-p 00004000 fd:00 149690                     /lib64/libplc4.so
7f81853eb000-7f81853ee000 r-xp 00000000 fd:00 149691                     /lib64/libplds4.so
7f81853ee000-7f81855ed000 ---p 00003000 fd:00 149691                     /lib64/libplds4.so
7f81855ed000-7f81855ee000 r--p 00002000 fd:00 149691                     /lib64/libplds4.so
7f81855ee000-7f81855ef000 rw-p 00003000 fd:00 149691                     /lib64/libplds4.so
7f81855ef000-7f8185614000 r-xp 00000000 fd:00 400762                     /usr/lib64/libnssutil3.so
7f8185614000-7f8185814000 ---p 00025000 fd:00 400762                     /usr/lib64/libnssutil3.so
7f8185814000-7f818581a000 r--p 00025000 fd:00 400762                     /usr/lib64/libnssutil3.so
7f818581a000-7f818581b000 rw-p 0002b000 fd:00 400762                     /usr/lib64/libnssutil3.so
7f818581b000-7f8185952000 r-xp 00000000 fd:00 401117                     /usr/lib64/libnss3.so
7f8185952000-7f8185b51000 ---p 00137000 fd:00 401117                     /usr/lib64/libnss3.so
7f8185b51000-7f8185b56000 r--p 00136000 fd:00 401117                     /usr/lib64/libnss3.so
7f8185b56000-7f8185b58000 rw-p 0013b000 fd:00 401117                     /usr/lib64/libnss3.so
7f8185b58000-7f8185b5a000 rw-p 00000000 00:00 0 
7f8185b5a000-7f8185b82000 r-xp 00000000 fd:00 401119                     /usr/lib64/libsmime3.so
7f8185b82000-7f8185d81000 ---p 00028000 fd:00 401119                     /usr/lib64/libsmime3.so
7f8185d81000-7f8185d85000 r--p 00027000 fd:00 401119                     /usr/lib64/libsmime3.so
7f8185d85000-7f8185d86000 rw-p 0002b000 fd:00 401119                     /usr/lib64/libsmime3.so
7f8185d86000-7f8185dc1000 r-xp 00000000 fd:00 402971                     /usr/lib64/libssl3.so
7f8185dc1000-7f8185fc0000 ---p 0003b000 fd:00 402971                     /usr/lib64/libssl3.so
7f8185fc0000-7f8185fc3000 r--p 0003a000 fd:00 402971                     /usr/lib64/libssl3.so
7f8185fc3000-7f8185fc4000 rw-p 0003d000 fd:00 402971                     /usr/lib64/libssl3.so
7f8185fc4000-7f8185fc5000 rw-p 00000000 00:00 0 
7f8185fc5000-7f8186012000 r-xp 00000000 fd:00 131262                     /lib64/libldap-2.4.so.2.10.2
7f8186012000-7f8186211000 ---p 0004d000 fd:00 131262                     /lib64/libldap-2.4.so.2.10.2
7f8186211000-7f8186213000 r--p 0004c000 fd:00 131262                     /lib64/libldap-2.4.so.2.10.2
7f8186213000-7f8186215000 rw-p 0004e000 fd:00 131262                     /lib64/libldap-2.4.so.2.10.2
7f8186215000-7f8186247000 r-xp 00000000 fd:00 131166                     /lib64/libidn.so.11.6.1
7f8186247000-7f8186446000 ---p 00032000 fd:00 131166                     /lib64/libidn.so.11.6.1
7f8186446000-7f8186447000 rw-p 00031000 fd:00 131166                     /lib64/libidn.so.11.6.1
7f8186447000-7f8186499000 r-xp 00000000 fd:00 401130                     /usr/lib64/libcurl.so.4.1.1
7f8186499000-7f8186698000 ---p 00052000 fd:00 401130                     /usr/lib64/libcurl.so.4.1.1
7f8186698000-7f818669b000 rw-p 00051000 fd:00 401130                     /usr/lib64/libcurl.so.4.1.1
7f818669b000-7f81866a2000 r-xp 00000000 00:15 2201879                    /home/kniehaus/R/x86_64-redhat-linux-gnu-library/3.1/curl/libs/curl.so
7f81866a2000-7f81868a1000 ---p 00007000 00:15 2201879                    /home/kniehaus/R/x86_64-redhat-linux-gnu-library/3.1/curl/libs/curl.so
7f81868a1000-7f81868a4000 rw-p 00006000 00:15 2201879                    /home/kniehaus/R/x86_64-redhat-linux-gnu-library/3.1/curl/libs/curl.so
7f81868a4000-7f81868b1000 r-xp 00000000 00:15 3359147                    /home/kniehaus/R/x86_64-redhat-linux-gnu-library/3.1/pROC/libs/pROC.so
7f81868b1000-7f8186ab1000 ---p 0000d000 00:15 3359147                    /home/kniehaus/R/x86_64-redhat-linux-gnu-library/3.1/pROC/libs/pROC.so
7f8186ab1000-7f8186ab2000 rw-p 0000d000 00:15 3359147                    /home/kniehaus/R/x86_64-redhat-linux-gnu-library/3.1/pROC/libs/pROC.so
7f8186ab2000-7f8186ab3000 rw-p 00000000 00:00 0 
7f8186ab3000-7f8186ab5000 r-xp 00000000 00:15 2693971                    /home/kniehaus/R/x86_64-redhat-linux-gnu-library/3.1/ffbase/libs/ffbase.so
7f8186ab5000-7f8186cb4000 ---p 00002000 00:15 2693971                    /home/kniehaus/R/x86_64-redhat-linux-gnu-library/3.1/ffbase/libs/ffbase.so
7f8186cb4000-7f8186cb5000 rw-p 00001000 00:15 2693971                    /home/kniehaus/R/x86_64-redhat-linux-gnu-library/3.1/ffbase/libs/ffbase.so
7f8186cb5000-7f8186d46000 r-xp 00000000 00:15 2660037                    /home/kniehaus/R/x86_64-redhat-linux-gnu-library/3.1/ff/libs/ff.so
7f8186d46000-7f8186f45000 ---p 00091000 00:15 2660037                    /home/kniehaus/R/x86_64-redhat-linux-gnu-library/3.1/ff/libs/ff.so
7f8186f45000-7f8186f48000 rw-p 00090000 00:15 2660037                    /home/kniehaus/R/x86_64-redhat-linux-gnu-library/3.1/ff/libs/ff.so
7f8186f48000-7f8186f4a000 r-xp 00000000 00:15 2279246                    /home/kniehaus/R/x86_64-redhat-linux-gnu-library/3.1/fastmatch/libs/fastmatch.so
7f8186f4a000-7f8187149000 ---p 00002000 00:15 2279246                    /home/kniehaus/R/x86_64-redhat-linux-gnu-library/3.1/fastmatch/libs/fastmatch.so
7f8187149000-7f818714a000 rw-p 00001000 00:15 2279246                    /home/kniehaus/R/x86_64-redhat-linux-gnu-library/3.1/fastmatch/libs/fastmatch.so
7f818714a000-7f8187150000 r-xp 00000000 00:15 2405367                    /home/kniehaus/R/x86_64-redhat-linux-gnu-library/3.1/bit/libs/bit.so
7f8187150000-7f818734f000 ---p 00006000 00:15 2405367                    /home/kniehaus/R/x86_64-redhat-linux-gnu-library/3.1/bit/libs/bit.so
7f818734f000-7f8187350000 rw-p 00005000 00:15 2405367                    /home/kniehaus/R/x86_64-redhat-linux-gnu-library/3.1/bit/libs/bit.so
7f8187350000-7f8187ffe000 r-xp 00000000 fd:00 542236                     /opt/jdk1.8.0_45/jre/lib/amd64/server/libjvm.so
7f8187ffe000-7f81881fd000 ---p 00cae000 fd:00 542236                     /opt/jdk1.8.0_45/jre/lib/amd64/server/libjvm.so
7f81881fd000-7f81882d4000 rw-p 00cad000 fd:00 542236                     /opt/jdk1.8.0_45/jre/lib/amd64/server/libjvm.so
7f81882d4000-7f8188318000 rw-p 00000000 00:00 0 
7f8188318000-7f8188327000 r-xp 00000000 00:15 3221933                    /home/kniehaus/R/x86_64-redhat-linux-gnu-library/3.1/rJava/libs/rJava.so
7f8188327000-7f8188527000 ---p 0000f000 00:15 3221933                    /home/kniehaus/R/x86_64-redhat-linux-gnu-library/3.1/rJava/libs/rJava.so
7f8188527000-7f8188528000 rw-p 0000f000 00:15 3221933                    /home/kniehaus/R/x86_64-redhat-linux-gnu-library/3.1/rJava/libs/rJava.so
7f8188528000-7f818852d000 r-xp 00000000 fd:00 416938                     /usr/lib64/R/library/MASS/libs/MASS.so
7f818852d000-7f818872d000 ---p 00005000 fd:00 416938                     /usr/lib64/R/library/MASS/libs/MASS.so
7f818872d000-7f818872e000 rw-p 00005000 fd:00 416938                     /usr/lib64/R/library/MASS/libs/MASS.so
7f818872e000-7f8188739000 r-xp 00000000 00:15 1475343                    /home/kniehaus/R/x86_64-redhat-linux-gnu-library/3.1/scales/libs/scales.so
7f8188739000-7f8188938000 ---p 0000b000 00:15 1475343                    /home/kniehaus/R/x86_64-redhat-linux-gnu-library/3.1/scales/libs/scales.so
7f8188938000-7f8188939000 rw-p 0000a000 00:15 1475343                    /home/kniehaus/R/x86_64-redhat-linux-gnu-library/3.1/scales/libs/scales.so
7f8188939000-7f818893a000 rw-p 00000000 00:00 0 
7f818893a000-7f8188944000 r-xp 00000000 00:15 2226029                    /home/kniehaus/R/x86_64-redhat-linux-gnu-library/3.1/colorspace/libs/colorspace.so
7f8188944000-7f8188b44000 ---p 0000a000 00:15 2226029                    /home/kniehaus/R/x86_64-redhat-linux-gnu-library/3.1/colorspace/libs/colorspace.so
7f8188b44000-7f8188b45000 rw-p 0000a000 00:15 2226029                    /home/kniehaus/R/x86_64-redhat-linux-gnu-library/3.1/colorspace/libs/colorspace.so
7f8188b45000-7f8188b54000 r-xp 00000000 00:15 2495228                    /home/kniehaus/R/x86_64-redhat-linux-gnu-library/3.1/reshape2/libs/reshape2.so
7f8188b54000-7f8188d53000 ---p 0000f000 00:15 2495228                    /home/kniehaus/R/x86_64-redhat-linux-gnu-library/3.1/reshape2/libs/reshape2.so
7f8188d53000-7f8188d55000 rw-p 0000e000 00:15 2495228                    /home/kniehaus/R/x86_64-redhat-linux-gnu-library/3.1/reshape2/libs/reshape2.so
7f8188d55000-7f818a60b000 r--s 00000000 00:15 2868778                    /home/kniehaus/R/x86_64-redhat-linux-gnu-library/3.1/stringi/libs/icudt55l.dat
7f818a60b000-7f818c000000 rw-p 00000000 00:00 0 
7f818c000000-7f818c045000 rw-p 00000000 00:00 0 
7f818c045000-7f8190000000 ---p 00000000 00:00 0 
7f8190000000-7f8190021000 rw-p 00000000 00:00 0 
7f8190021000-7f8194000000 ---p 00000000 00:00 0 
7f8194000000-7f8194021000 rw-p 00000000 00:00 0 
7f8194021000-7f8198000000 ---p 00000000 00:00 0 
7f819809a000-7f81984e2000 r-xp 00000000 00:15 2868777                    /home/kniehaus/R/x86_64-redhat-linux-gnu-library/3.1/stringi/libs/stringi.so
7f81984e2000-7f81986e1000 ---p 00448000 00:15 2868777                    /home/kniehaus/R/x86_64-redhat-linux-gnu-library/3.1/stringi/libs/stringi.so
7f81986e1000-7f819870d000 rw-p 00447000 00:15 2868777                    /home/kniehaus/R/x86_64-redhat-linux-gnu-library/3.1/stringi/libs/stringi.so
7f819870d000-7f8198711000 rw-p 00000000 00:00 0 
7f8198711000-7f8198719000 r-xp 00000000 00:15 2986491                    /home/kniehaus/R/x86_64-redhat-linux-gnu-library/3.1/plyr/libs/plyr.so
7f8198719000-7f8198919000 ---p 00008000 00:15 2986491                    /home/kniehaus/R/x86_64-redhat-linux-gnu-library/3.1/plyr/libs/plyr.so
7f8198919000-7f819891a000 rw-p 00008000 00:15 2986491                    /home/kniehaus/R/x86_64-redhat-linux-gnu-library/3.1/plyr/libs/plyr.so
7f819891a000-7f8198968000 r-xp 00000000 00:15 1109730                    /home/kniehaus/R/x86_64-redhat-linux-gnu-library/3.1/Rcpp/libs/Rcpp.so
7f8198968000-7f8198b67000 ---p 0004e000 00:15 1109730                    /home/kniehaus/R/x86_64-redhat-linux-gnu-library/3.1/Rcpp/libs/Rcpp.so
7f8198b67000-7f8198b6a000 rw-p 0004d000 00:15 1109730                    /home/kniehaus/R/x86_64-redhat-linux-gnu-library/3.1/Rcpp/libs/Rcpp.so
7f8198b6a000-7f8198b71000 rw-p 00000000 00:00 0 
7f8198b71000-7f8198b8e000 r-xp 00000000 fd:00 418625                     /usr/lib64/R/library/grid/libs/grid.so
7f8198b8e000-7f8198d8e000 ---p 0001d000 fd:00 418625                     /usr/lib64/R/library/grid/libs/grid.so
7f8198d8e000-7f8198d8f000 rw-p 0001d000 fd:00 418625                     /usr/lib64/R/library/grid/libs/grid.so
7f8198d8f000-7f8198dab000 r-xp 00000000 00:15 1541281                    /home/kniehaus/R/x86_64-redhat-linux-gnu-library/3.1/digest/libs/digest.so
7f8198dab000-7f8198faa000 ---p 0001c000 00:15 1541281                    /home/kniehaus/R/x86_64-redhat-linux-gnu-library/3.1/digest/libs/digest.so
7f8198faa000-7f8198fab000 rw-p 0001b000 00:15 1541281                    /home/kniehaus/R/x86_64-redhat-linux-gnu-library/3.1/digest/libs/digest.so
7f8198fab000-7f8198fad000 rw-p 00000000 00:00 0 
7f8198fad000-7f8198fc1000 r-xp 00000000 fd:00 533991                     /usr/lib64/R/library/tools/libs/tools.so
7f8198fc1000-7f81991c1000 ---p 00014000 fd:00 533991                     /usr/lib64/R/library/tools/libs/tools.so
7f81991c1000-7f81991c3000 rw-p 00014000 fd:00 533991                     /usr/lib64/R/library/tools/libs/tools.so
7f81991c3000-7f81991c4000 ---p 00000000 00:00 0 
7f81991c4000-7f8199bc4000 rw-p 00000000 00:00 0 
7f8199bc4000-7f8199bc5000 ---p 00000000 00:00 0 
7f8199bc5000-7f819a5c5000 rw-p 00000000 00:00 0 
7f819a5c5000-7f819a78a000 r-xp 00000000 fd:00 416698                     /usr/lib64/R/lib/libRlapack.so
7f819a78a000-7f819a989000 ---p 001c5000 fd:00 416698                     /usr/lib64/R/lib/libRlapack.so
7f819a989000-7f819a98b000 rw-p 001c4000 fd:00 416698                     /usr/lib64/R/lib/libRlapack.so
7f819a98b000-7f819aa2b000 r-xp 00000000 fd:00 533679                     /usr/lib64/R/library/stats/libs/stats.so
7f819aa2b000-7f819ac2a000 ---p 000a0000 fd:00 533679                     /usr/lib64/R/library/stats/libs/stats.so
7f819ac2a000-7f819ac2e000 rw-p 0009f000 fd:00 533679                     /usr/lib64/R/library/stats/libs/stats.so
7f819ac2e000-7f819ac6b000 r-xp 00000000 fd:00 418353                     /usr/lib64/R/library/grDevices/libs/grDevices.so
7f819ac6b000-7f819ae6b000 ---p 0003d000 fd:00 418353                     /usr/lib64/R/library/grDevices/libs/grDevices.so
7f819ae6b000-7f819ae71000 rw-p 0003d000 fd:00 418353                     /usr/lib64/R/library/grDevices/libs/grDevices.so
7f819ae71000-7f819ae72000 rw-p 00000000 00:00 0 
7f819aea2000-7f819aee3000 r-xp 00000000 fd:00 418466                     /usr/lib64/R/library/graphics/libs/graphics.so
7f819aee3000-7f819b0e2000 ---p 00041000 fd:00 418466                     /usr/lib64/R/library/graphics/libs/graphics.so
7f819b0e2000-7f819b0e4000 rw-p 00040000 fd:00 418466                     /usr/lib64/R/library/graphics/libs/graphics.so
7f819b0e4000-7f819b1eb000 rw-p 00000000 00:00 0 
7f819b1eb000-7f819b1f3000 r-xp 00000000 fd:00 418843                     /usr/lib64/R/library/methods/libs/methods.so
7f819b1f3000-7f819b3f2000 ---p 00008000 fd:00 418843                     /usr/lib64/R/library/methods/libs/methods.so
7f819b3f2000-7f819b3f3000 rw-p 00007000 fd:00 418843                     /usr/lib64/R/library/methods/libs/methods.so
7f819b3f3000-7f819b3fd000 r-xp 00000000 fd:00 534474                     /usr/lib64/R/library/utils/libs/utils.so
7f819b3fd000-7f819b5fd000 ---p 0000a000 fd:00 534474                     /usr/lib64/R/library/utils/libs/utils.so
7f819b5fd000-7f819b5fe000 rw-p 0000a000 fd:00 534474                     /usr/lib64/R/library/utils/libs/utils.so
7f819b5fe000-7f819b5ff000 rw-p 00000000 00:00 0 
7f819b5ff000-7f819b600000 ---p 00000000 00:00 0 
7f819b600000-7f819c000000 rw-p 00000000 00:00 0 
7f819c000000-7f819c021000 rw-p 00000000 00:00 0 
7f819c021000-7f81a0000000 ---p 00000000 00:00 0 
7f81a006b000-7f81a0073000 rw-s 00000000 fd:00 15892                      /tmp/hsperfdata_kniehaus/16847
7f81a0073000-7f81a011a000 rw-p 00000000 00:00 0 
7f81a011a000-7f81a014f000 r--s 00000000 fd:03 1779                       /var/db/nscd/group
7f81a014f000-7f81a0200000 rw-p 00000000 00:00 0 
7f81a0200000-7f81a0201000 ---p 00000000 00:00 0 
7f81a0201000-7f81a0c01000 rw-p 00000000 00:00 0 
7f81a0c01000-7f81a6a91000 r--p 00000000 fd:00 431050                     /usr/lib/locale/locale-archive
7f81a6a91000-7f81a6aae000 r-xp 00000000 fd:00 131126                     /lib64/libselinux.so.1
7f81a6aae000-7f81a6cad000 ---p 0001d000 fd:00 131126                     /lib64/libselinux.so.1
7f81a6cad000-7f81a6cae000 r--p 0001c000 fd:00 131126                     /lib64/libselinux.so.1
7f81a6cae000-7f81a6caf000 rw-p 0001d000 fd:00 131126                     /lib64/libselinux.so.1
7f81a6caf000-7f81a6cb0000 rw-p 00000000 00:00 0 
7f81a6cb0000-7f81a6d23000 r-xp 00000000 fd:00 131081                     /lib64/libfreebl3.so
7f81a6d23000-7f81a6f22000 ---p 00073000 fd:00 131081                     /lib64/libfreebl3.so
7f81a6f22000-7f81a6f24000 r--p 00072000 fd:00 131081                     /lib64/libfreebl3.so
7f81a6f24000-7f81a6f25000 rw-p 00074000 fd:00 131081                     /lib64/libfreebl3.so
7f81a6f25000-7f81a6f29000 rw-p 00000000 00:00 0 
7f81a6f29000-7f81a6f3f000 r-xp 00000000 fd:00 131118                     /lib64/libresolv-2.12.so
7f81a6f3f000-7f81a713f000 ---p 00016000 fd:00 131118                     /lib64/libresolv-2.12.so
7f81a713f000-7f81a7140000 r--p 00016000 fd:00 131118                     /lib64/libresolv-2.12.so
7f81a7140000-7f81a7141000 rw-p 00017000 fd:00 131118                     /lib64/libresolv-2.12.so
7f81a7141000-7f81a7143000 rw-p 00000000 00:00 0 
7f81a7143000-7f81a7145000 r-xp 00000000 fd:00 131272                     /lib64/libkeyutils.so.1.3
7f81a7145000-7f81a7344000 ---p 00002000 fd:00 131272                     /lib64/libkeyutils.so.1.3
7f81a7344000-7f81a7345000 r--p 00001000 fd:00 131272                     /lib64/libkeyutils.so.1.3
7f81a7345000-7f81a7346000 rw-p 00002000 fd:00 131272                     /lib64/libkeyutils.so.1.3
7f81a7346000-7f81a7350000 r-xp 00000000 fd:00 131282                     /lib64/libkrb5support.so.0.1
7f81a7350000-7f81a754f000 ---p 0000a000 fd:00 131282                     /lib64/libkrb5support.so.0.1
7f81a754f000-7f81a7550000 r--p 00009000 fd:00 131282                     /lib64/libkrb5support.so.0.1
7f81a7550000-7f81a7551000 rw-p 0000a000 fd:00 131282                     /lib64/libkrb5support.so.0.1
7f81a7551000-7f81a8496000 r-xp 00000000 fd:00 412926                     /usr/lib64/libicudata.so.42.1
7f81a8496000-7f81a8695000 ---p 00f45000 fd:00 412926                     /usr/lib64/libicudata.so.42.1
7f81a8695000-7f81a8696000 rw-p 00f44000 fd:00 412926                     /usr/lib64/libicudata.so.42.1
7f81a8696000-7f81a86b3000 r-xp 00000000 fd:00 131132                     /lib64/libtinfo.so.5.7
7f81a86b3000-7f81a88b3000 ---p 0001d000 fd:00 131132                     /lib64/libtinfo.so.5.7
7f81a88b3000-7f81a88b7000 rw-p 0001d000 fd:00 131132                     /lib64/libtinfo.so.5.7
7f81a88b7000-7f81a88be000 r-xp 00000000 fd:00 131094                     /lib64/libcrypt-2.12.so
7f81a88be000-7f81a8abe000 ---p 00007000 fd:00 131094                     /lib64/libcrypt-2.12.so
7f81a8abe000-7f81a8abf000 r--p 00007000 fd:00 131094                     /lib64/libcrypt-2.12.so
7f81a8abf000-7f81a8ac0000 rw-p 00008000 fd:00 131094                     /lib64/libcrypt-2.12.so
7f81a8ac0000-7f81a8aee000 rw-p 00000000 00:00 0 
7f81a8aee000-7f81a8b05000 r-xp 00000000 fd:00 131141                     /lib64/libaudit.so.1.0.0
7f81a8b05000-7f81a8d05000 ---p 00017000 fd:00 131141                     /lib64/libaudit.so.1.0.0
7f81a8d05000-7f81a8d06000 r--p 00017000 fd:00 131141                     /lib64/libaudit.so.1.0.0
7f81a8d06000-7f81a8d11000 rw-p 00018000 fd:00 131141                     /lib64/libaudit.so.1.0.0
7f81a8d11000-7f81a8d3a000 r-xp 00000000 fd:00 131278                     /lib64/libk5crypto.so.3.1
7f81a8d3a000-7f81a8f3a000 ---p 00029000 fd:00 131278                     /lib64/libk5crypto.so.3.1
7f81a8f3a000-7f81a8f3b000 r--p 00029000 fd:00 131278                     /lib64/libk5crypto.so.3.1
7f81a8f3b000-7f81a8f3c000 rw-p 0002a000 fd:00 131278                     /lib64/libk5crypto.so.3.1
7f81a8f3c000-7f81a8f3d000 rw-p 00000000 00:00 0 
7f81a8f3d000-7f81a8f40000 r-xp 00000000 fd:00 149473                     /lib64/libcom_err.so.2.1
7f81a8f40000-7f81a913f000 ---p 00003000 fd:00 149473                     /lib64/libcom_err.so.2.1
7f81a913f000-7f81a9140000 r--p 00002000 fd:00 149473                     /lib64/libcom_err.so.2.1
7f81a9140000-7f81a9141000 rw-p 00003000 fd:00 149473                     /lib64/libcom_err.so.2.1
7f81a9141000-7f81a921c000 r-xp 00000000 fd:00 131280                     /lib64/libkrb5.so.3.3
7f81a921c000-7f81a941b000 ---p 000db000 fd:00 131280                     /lib64/libkrb5.so.3.3
7f81a941b000-7f81a9425000 r--p 000da000 fd:00 131280                     /lib64/libkrb5.so.3.3
7f81a9425000-7f81a9427000 rw-p 000e4000 fd:00 131280                     /lib64/libkrb5.so.3.3
7f81a9427000-7f81a9468000 r-xp 00000000 fd:00 131274                     /lib64/libgssapi_krb5.so.2.2
7f81a9468000-7f81a9668000 ---p 00041000 fd:00 131274                     /lib64/libgssapi_krb5.so.2.2
7f81a9668000-7f81a9669000 r--p 00041000 fd:00 131274                     /lib64/libgssapi_krb5.so.2.2
7f81a9669000-7f81a966b000 rw-p 00042000 fd:00 131274                     /lib64/libgssapi_krb5.so.2.2
7f81a966b000-7f81a9680000 r-xp 00000000 fd:00 398620                     /usr/lib64/libgomp.so.1.0.0
7f81a9680000-7f81a987f000 ---p 00015000 fd:00 398620                     /usr/lib64/libgomp.so.1.0.0
7f81a987f000-7f81a9880000 rw-p 00014000 fd:00 398620                     /usr/lib64/libgomp.so.1.0.0
7f81a9880000-7f81a9a08000 r-xp 00000000 fd:00 412928                     /usr/lib64/libicui18n.so.42.1
7f81a9a08000-7f81a9c08000 ---p 00188000 fd:00 412928                     /usr/lib64/libicui18n.so.42.1
7f81a9c08000-7f81a9c15000 rw-p 00188000 fd:00 412928                     /usr/lib64/libicui18n.so.42.1
7f81a9c15000-7f81a9c16000 rw-p 00000000 00:00 0 
7f81a9c16000-7f81a9d55000 r-xp 00000000 fd:00 412938                     /usr/lib64/libicuuc.so.42.1
7f81a9d55000-7f81a9f55000 ---p 0013f000 fd:00 412938                     /usr/lib64/libicuuc.so.42.1
7f81a9f55000-7f81a9f66000 rw-p 0013f000 fd:00 412938                     /usr/lib64/libicuuc.so.42.1
7f81a9f66000-7f81a9f68000 rw-p 00000000 00:00 0 
7f81a9f68000-7f81a9fa2000 r-xp 00000000 fd:00 131160                     /lib64/libreadline.so.6.0
7f81a9fa2000-7f81aa1a2000 ---p 0003a000 fd:00 131160                     /lib64/libreadline.so.6.0
7f81aa1a2000-7f81aa1aa000 rw-p 0003a000 fd:00 131160                     /lib64/libreadline.so.6.0
7f81aa1aa000-7f81aa1ab000 rw-p 00000000 00:00 0 
7f81aa1ab000-7f81aa29b000 r-xp 00000000 fd:00 412524                     /usr/lib64/libgfortran.so.3.0.0
7f81aa29b000-7f81aa49a000 ---p 000f0000 fd:00 412524                     /usr/lib64/libgfortran.so.3.0.0
7f81aa49a000-7f81aa49c000 rw-p 000ef000 fd:00 412524                     /usr/lib64/libgfortran.so.3.0.0
7f81aa49c000-7f81aa49d000 rw-p 00000000 00:00 0 
7f81aa49d000-7f81aa4c8000 r-xp 00000000 fd:00 416697                     /usr/lib64/R/lib/libRblas.so
7f81aa4c8000-7f81aa6c7000 ---p 0002b000 fd:00 416697                     /usr/lib64/R/lib/libRblas.so
7f81aa6c7000-7f81aa6c8000 rw-p 0002a000 fd:00 416697                     /usr/lib64/R/lib/libRblas.so
7f81aa6c8000-7f81aa852000 r-xp 00000000 fd:00 131086                     /lib64/libc-2.12.so
7f81aa852000-7f81aaa52000 ---p 0018a000 fd:00 131086                     /lib64/libc-2.12.so
7f81aaa52000-7f81aaa56000 r--p 0018a000 fd:00 131086                     /lib64/libc-2.12.so
7f81aaa56000-7f81aaa57000 rw-p 0018e000 fd:00 131086                     /lib64/libc-2.12.so
7f81aaa57000-7f81aaa5c000 rw-p 00000000 00:00 0 
7f81aaa5c000-7f81aaa72000 r-xp 00000000 fd:00 150489                     /lib64/libgcc_s-4.4.7-20120601.so.1
7f81aaa72000-7f81aac71000 ---p 00016000 fd:00 150489                     /lib64/libgcc_s-4.4.7-20120601.so.1
7f81aac71000-7f81aac72000 rw-p 00015000 fd:00 150489                     /lib64/libgcc_s-4.4.7-20120601.so.1
7f81aac72000-7f81aacf5000 r-xp 00000000 fd:00 131097                     /lib64/libm-2.12.so
7f81aacf5000-7f81aaef4000 ---p 00083000 fd:00 131097                     /lib64/libm-2.12.so
7f81aaef4000-7f81aaef5000 r--p 00082000 fd:00 131097                     /lib64/libm-2.12.so
7f81aaef5000-7f81aaef6000 rw-p 00083000 fd:00 131097                     /lib64/libm-2.12.so
7f81aaef6000-7f81aafde000 r-xp 00000000 fd:00 396928                     /usr/lib64/libstdc++.so.6.0.13
7f81aafde000-7f81ab1de000 ---p 000e8000 fd:00 396928                     /usr/lib64/libstdc++.so.6.0.13
7f81ab1de000-7f81ab1e5000 r--p 000e8000 fd:00 396928                     /usr/lib64/libstdc++.so.6.0.13
7f81ab1e5000-7f81ab1e7000 rw-p 000ef000 fd:00 396928                     /usr/lib64/libstdc++.so.6.0.13
7f81ab1e7000-7f81ab1fc000 rw-p 00000000 00:00 0 
7f81ab1fc000-7f81ab1fe000 r-xp 00000000 fd:00 131095                     /lib64/libdl-2.12.so
7f81ab1fe000-7f81ab3fe000 ---p 00002000 fd:00 131095                     /lib64/libdl-2.12.so
7f81ab3fe000-7f81ab3ff000 r--p 00002000 fd:00 131095                     /lib64/libdl-2.12.so
7f81ab3ff000-7f81ab400000 rw-p 00003000 fd:00 131095                     /lib64/libdl-2.12.so
7f81ab400000-7f81ab40c000 r-xp 00000000 fd:00 131198                     /lib64/libpam.so.0.82.2
7f81ab40c000-7f81ab60c000 ---p 0000c000 fd:00 131198                     /lib64/libpam.so.0.82.2
7f81ab60c000-7f81ab60d000 r--p 0000c000 fd:00 131198                     /lib64/libpam.so.0.82.2
7f81ab60d000-7f81ab60e000 rw-p 0000d000 fd:00 131198                     /lib64/libpam.so.0.82.2
7f81ab60e000-7f81ab746000 r-xp 00000000 fd:00 423446                     /usr/lib64/libcrypto.so.0.9.8e
7f81ab746000-7f81ab945000 ---p 00138000 fd:00 423446                     /usr/lib64/libcrypto.so.0.9.8e
7f81ab945000-7f81ab966000 rw-p 00137000 fd:00 423446                     /usr/lib64/libcrypto.so.0.9.8e
7f81ab966000-7f81ab96a000 rw-p 00000000 00:00 0 
7f81ab96a000-7f81ab9b3000 r-xp 00000000 fd:00 423448                     /usr/lib64/libssl.so.0.9.8e
7f81ab9b3000-7f81abbb3000 ---p 00049000 fd:00 423448                     /usr/lib64/libssl.so.0.9.8e
7f81abbb3000-7f81abbb9000 rw-p 00049000 fd:00 423448                     /usr/lib64/libssl.so.0.9.8e
7f81abbb9000-7f81abbce000 r-xp 00000000 fd:00 131140                     /lib64/libz.so.1.2.3
7f81abbce000-7f81abdcd000 ---p 00015000 fd:00 131140                     /lib64/libz.so.1.2.3
7f81abdcd000-7f81abdce000 r--p 00014000 fd:00 131140                     /lib64/libz.so.1.2.3
7f81abdce000-7f81abdcf000 rw-p 00015000 fd:00 131140                     /lib64/libz.so.1.2.3
7f81abdcf000-7f81abdd6000 r-xp 00000000 fd:00 131125                     /lib64/librt-2.12.so
7f81abdd6000-7f81abfd5000 ---p 00007000 fd:00 131125                     /lib64/librt-2.12.so
7f81abfd5000-7f81abfd6000 r--p 00006000 fd:00 131125                     /lib64/librt-2.12.so
7f81abfd6000-7f81abfd7000 rw-p 00007000 fd:00 131125                     /lib64/librt-2.12.so
7f81abfd7000-7f81abfdb000 r-xp 00000000 fd:00 131171                     /lib64/libuuid.so.1.3.0
7f81abfdb000-7f81ac1da000 ---p 00004000 fd:00 131171                     /lib64/libuuid.so.1.3.0
7f81ac1da000-7f81ac1db000 rw-p 00003000 fd:00 131171                     /lib64/libuuid.so.1.3.0
7f81ac1db000-7f81ac1dd000 r-xp 00000000 fd:00 131199                     /lib64/libutil-2.12.so
7f81ac1dd000-7f81ac3dc000 ---p 00002000 fd:00 131199                     /lib64/libutil-2.12.so
7f81ac3dc000-7f81ac3dd000 r--p 00001000 fd:00 131199                     /lib64/libutil-2.12.so
7f81ac3dd000-7f81ac3de000 rw-p 00002000 fd:00 131199                     /lib64/libutil-2.12.so
7f81ac3de000-7f81ac3f5000 r-xp 00000000 fd:00 131110                     /lib64/libpthread-2.12.so
7f81ac3f5000-7f81ac5f5000 ---p 00017000 fd:00 131110                     /lib64/libpthread-2.12.so
7f81ac5f5000-7f81ac5f6000 r--p 00017000 fd:00 131110                     /lib64/libpthread-2.12.so
7f81ac5f6000-7f81ac5f7000 rw-p 00018000 fd:00 131110                     /lib64/libpthread-2.12.so
7f81ac5f7000-7f81ac5fb000 rw-p 00000000 00:00 0 
7f81ac5fb000-7f81ac8c5000 r-xp 00000000 fd:00 416696                     /usr/lib64/R/lib/libR.so
7f81ac8c5000-7f81acac4000 ---p 002ca000 fd:00 416696                     /usr/lib64/R/lib/libR.so
7f81acac4000-7f81acad5000 rw-p 002c9000 fd:00 416696                     /usr/lib64/R/lib/libR.so
7f81acad5000-7f81acbc0000 rw-p 00000000 00:00 0 
7f81acbc0000-7f81acbe0000 r-xp 00000000 fd:00 152325                     /lib64/ld-2.12.so
7f81acbe2000-7f81acc17000 r--s 00000000 fd:03 1778                       /var/db/nscd/passwd
7f81acc17000-7f81acdd2000 rw-p 00000000 00:00 0 
7f81acdd4000-7f81acdd6000 rw-p 00000000 00:00 0 
7f81acdd6000-7f81acdd7000 r--p 00000000 00:00 0 
7f81acdd7000-7f81acdde000 r--s 00000000 fd:00 396542                     /usr/lib64/gconv/gconv-modules.cache
7f81acdde000-7f81acddf000 rw-p 00000000 00:00 0 
7f81acddf000-7f81acde0000 r--p 0001f000 fd:00 152325                     /lib64/ld-2.12.so
7f81acde0000-7f81acde1000 rw-p 00020000 fd:00 152325                     /lib64/ld-2.12.so
7f81acde1000-7f81acde2000 rw-p 00000000 00:00 0 
7ffff3f29000-7ffff3f2c000 ---p 00000000 00:00 0 
7ffff3f2d000-7ffff4029000 rw-p 00000000 00:00 0                          [stack]
7ffff4176000-7ffff4177000 r-xp 00000000 00:00 0                          [vdso]
ffffffffff600000-ffffffffff601000 r-xp 00000000 00:00 0                  [vsyscall]

VM Arguments:
jvm_args: -Xmx512m -Xrs vfprintf exit 
java_command: <unknown>
java_class_path (initial): /home/kniehaus/R/x86_64-redhat-linux-gnu-library/3.1/rJava/java/boot
Launcher Type: generic

Environment Variables:
PATH=/usr/local/sbin:/usr/local/bin:/usr/bin:/usr/sbin:/sbin:/bin
LD_LIBRARY_PATH=/usr/lib64/R/lib:/lib:/usr/local/lib64:/opt/jdk1.8.0_45/jre/lib/amd64/server:@JAVA_LD@:@JAVA_LD@:@JAVA_LD@:@JAVA_LD@:@JAVA_LD@:@JAVA_LD@:@JAVA_LD@:@JAVA_LD@:@JAVA_LD@:@JAVA_LD@:@JAVA_LD@:@JAVA_LD@:@JAVA_LD@:@JAVA_LD@:@JAVA_LD@:@JAVA_LD@:@JAVA_LD@:@JAVA_LD@:@JAVA_LD@:@JAVA_LD@:@JAVA_LD@:@JAVA_LD@:@JAVA_LD@:@JAVA_LD@:@JAVA_LD@:@JAVA_LD@:@JAVA_LD@:@JAVA_LD@:@JAVA_LD@:@JAVA_LD@:@JAVA_LD@:@JAVA_LD@:@JAVA_LD@:@JAVA_LD@:@JAVA_LD@:@JAVA_LD@:@JAVA_LD@:@JAVA_LD@:@JAVA_LD@:@JAVA_LD@:@JAVA_LD@:@JAVA_LD@:@JAVA_LD@:@JAVA_LD@:@JAVA_LD@:@JAVA_LD@:@JAVA_LD@:@JAVA_LD@:@JAVA_LD@:@JAVA_LD@:@JAVA_LD@:@JAVA_LD@:@JAVA_LD@:@JAVA_LD@:@JAVA_LD@:@JAVA_LD@:@JAVA_LD@:@JAVA_LD@
DISPLAY=:0

Signal Handlers:
SIGSEGV: [libjvm.so+0xaad1e0], sa_mask[0]=11111111011111111101111111111110, sa_flags=SA_RESTART|SA_SIGINFO
SIGBUS: [libjvm.so+0xaad1e0], sa_mask[0]=11111111011111111101111111111110, sa_flags=SA_RESTART|SA_SIGINFO
SIGFPE: [libjvm.so+0x90b450], sa_mask[0]=11111111011111111101111111111110, sa_flags=SA_RESTART|SA_SIGINFO
SIGPIPE: [libjvm.so+0x90b450], sa_mask[0]=11111111011111111101111111111110, sa_flags=SA_RESTART|SA_SIGINFO
SIGXFSZ: [libjvm.so+0x90b450], sa_mask[0]=11111111011111111101111111111110, sa_flags=SA_RESTART|SA_SIGINFO
SIGILL: [libjvm.so+0x90b450], sa_mask[0]=11111111011111111101111111111110, sa_flags=SA_RESTART|SA_SIGINFO
SIGUSR1: [rsession+0x288820], sa_mask[0]=00000000010000000000000000000000, sa_flags=SA_RESTART
SIGUSR2: [libjvm.so+0x90ca90], sa_mask[0]=01000000000000000000000000000000, sa_flags=SA_RESTART|SA_SIGINFO
SIGHUP: SIG_IGN, sa_mask[0]=00000000000000000000000000000000, sa_flags=none
SIGINT: SIG_DFL, sa_mask[0]=00000000000000000000000000000000, sa_flags=none
SIGTERM: SIG_DFL, sa_mask[0]=00000000000000000000000000000000, sa_flags=none
SIGQUIT: SIG_DFL, sa_mask[0]=00000000000000000000000000000000, sa_flags=none


---------------  S Y S T E M  ---------------

OS:Red Hat Enterprise Linux Server release 6.6 (Santiago)

uname:Linux 2.6.32-504.3.3.el6.x86_64 #1 SMP Fri Dec 12 16:05:43 EST 2014 x86_64
libc:glibc 2.12 NPTL 2.12 
rlimit: STACK 10240k, CORE 0k, NPROC 256705, NOFILE 4096, AS infinity
load average:0.56 0.23 0.11

/proc/meminfo:
MemTotal:       32877008 kB
MemFree:          259436 kB
Buffers:            3560 kB
Cached:           210584 kB
SwapCached:        13344 kB
Active:         29837208 kB
Inactive:        2403228 kB
Active(anon):   29833200 kB
Inactive(anon):  2332112 kB
Active(file):       4008 kB
Inactive(file):    71116 kB
Unevictable:           0 kB
Mlocked:               0 kB
SwapTotal:       2097148 kB
SwapFree:              0 kB
Dirty:                84 kB
Writeback:             0 kB
AnonPages:      32013312 kB
Mapped:           152956 kB
Shmem:            138720 kB
Slab:              83832 kB
SReclaimable:      13636 kB
SUnreclaim:        70196 kB
KernelStack:        2616 kB
PageTables:        79204 kB
NFS_Unstable:          0 kB
Bounce:                0 kB
WritebackTmp:          0 kB
CommitLimit:    18535652 kB
Committed_AS:   35664076 kB
VmallocTotal:   34359738367 kB
VmallocUsed:      199628 kB
VmallocChunk:   34359528256 kB
HardwareCorrupted:     0 kB
AnonHugePages:  12587008 kB
HugePages_Total:       0
HugePages_Free:        0
HugePages_Rsvd:        0
HugePages_Surp:        0
Hugepagesize:       2048 kB
DirectMap4k:       10240 kB
DirectMap2M:    33544192 kB


CPU:total 4 (1 cores per cpu, 1 threads per core) family 6 model 45 stepping 2, cmov, cx8, fxsr, mmx, sse, sse2, sse3, ssse3, sse4.1, sse4.2, popcnt, avx, aes, clmul, tsc, tscinvbit, tscinv

/proc/cpuinfo:
processor	: 0
vendor_id	: GenuineIntel
cpu family	: 6
model		: 45
model name	: Intel(R) Xeon(R) CPU E5-2680 v2 @ 2.80GHz
stepping	: 2
microcode	: 1063
cpu MHz		: 2800.000
cache size	: 25600 KB
physical id	: 0
siblings	: 1
core id		: 0
cpu cores	: 1
apicid		: 0
initial apicid	: 0
fpu		: yes
fpu_exception	: yes
cpuid level	: 13
wp		: yes
flags		: fpu vme de pse tsc msr pae mce cx8 apic sep mtrr pge mca cmov pat pse36 clflush dts mmx fxsr sse sse2 ss syscall nx rdtscp lm constant_tsc arch_perfmon pebs bts xtopology tsc_reliable nonstop_tsc aperfmperf unfair_spinlock pni pclmulqdq ssse3 cx16 sse4_1 sse4_2 popcnt aes xsave avx hypervisor lahf_lm ida arat pln pts dts
bogomips	: 5600.00
clflush size	: 64
cache_alignment	: 64
address sizes	: 40 bits physical, 48 bits virtual
power management:

processor	: 1
vendor_id	: GenuineIntel
cpu family	: 6
model		: 45
model name	: Intel(R) Xeon(R) CPU E5-2680 v2 @ 2.80GHz
stepping	: 2
microcode	: 1063
cpu MHz		: 2800.000
cache size	: 25600 KB
physical id	: 2
siblings	: 1
core id		: 0
cpu cores	: 1
apicid		: 2
initial apicid	: 2
fpu		: yes
fpu_exception	: yes
cpuid level	: 13
wp		: yes
flags		: fpu vme de pse tsc msr pae mce cx8 apic sep mtrr pge mca cmov pat pse36 clflush dts mmx fxsr sse sse2 ss syscall nx rdtscp lm constant_tsc arch_perfmon pebs bts xtopology tsc_reliable nonstop_tsc aperfmperf unfair_spinlock pni pclmulqdq ssse3 cx16 sse4_1 sse4_2 popcnt aes xsave avx hypervisor lahf_lm ida arat pln pts dts
bogomips	: 5600.00
clflush size	: 64
cache_alignment	: 64
address sizes	: 40 bits physical, 48 bits virtual
power management:

processor	: 2
vendor_id	: GenuineIntel
cpu family	: 6
model		: 45
model name	: Intel(R) Xeon(R) CPU E5-2680 v2 @ 2.80GHz
stepping	: 2
microcode	: 1063
cpu MHz		: 2800.000
cache size	: 25600 KB
physical id	: 4
siblings	: 1
core id		: 0
cpu cores	: 1
apicid		: 4
initial apicid	: 4
fpu		: yes
fpu_exception	: yes
cpuid level	: 13
wp		: yes
flags		: fpu vme de pse tsc msr pae mce cx8 apic sep mtrr pge mca cmov pat pse36 clflush dts mmx fxsr sse sse2 ss syscall nx rdtscp lm constant_tsc arch_perfmon pebs bts xtopology tsc_reliable nonstop_tsc aperfmperf unfair_spinlock pni pclmulqdq ssse3 cx16 sse4_1 sse4_2 popcnt aes xsave avx hypervisor lahf_lm ida arat pln pts dts
bogomips	: 5600.00
clflush size	: 64
cache_alignment	: 64
address sizes	: 40 bits physical, 48 bits virtual
power management:

processor	: 3
vendor_id	: GenuineIntel
cpu family	: 6
model		: 45
model name	: Intel(R) Xeon(R) CPU E5-2680 v2 @ 2.80GHz
stepping	: 2
microcode	: 1063
cpu MHz		: 2800.000
cache size	: 25600 KB
physical id	: 6
siblings	: 1
core id		: 0
cpu cores	: 1
apicid		: 6
initial apicid	: 6
fpu		: yes
fpu_exception	: yes
cpuid level	: 13
wp		: yes
flags		: fpu vme de pse tsc msr pae mce cx8 apic sep mtrr pge mca cmov pat pse36 clflush dts mmx fxsr sse sse2 ss syscall nx rdtscp lm constant_tsc arch_perfmon pebs bts xtopology tsc_reliable nonstop_tsc aperfmperf unfair_spinlock pni pclmulqdq ssse3 cx16 sse4_1 sse4_2 popcnt aes xsave avx hypervisor lahf_lm ida arat pln pts dts
bogomips	: 5600.00
clflush size	: 64
cache_alignment	: 64
address sizes	: 40 bits physical, 48 bits virtual
power management:



Memory: 4k page, physical 32877008k(259436k free), swap 2097148k(0k free)

vm_info: Java HotSpot(TM) 64-Bit Server VM (25.45-b02) for linux-amd64 JRE (1.8.0_45-b14), built on Apr 10 2015 10:07:45 by "java_re" with gcc 4.3.0 20080428 (Red Hat 4.3.0-8)

time: Wed Sep  9 18:31:58 2015
elapsed time: 0 seconds (0d 0h 0m 0s)

