#
# There is insufficient memory for the Java Runtime Environment to continue.
# Native memory allocation (mmap) failed to map 351272960 bytes for committing reserved memory.
# Possible reasons:
#   The system is out of physical RAM or swap space
#   In 32 bit mode, the process size limit was hit
# Possible solutions:
#   Reduce memory load on the system
#   Increase physical memory or swap space
#   Check if swap backing store is full
#   Use 64 bit Java on a 64 bit OS
#   Decrease Java heap size (-Xmx/-Xms)
#   Decrease number of Java threads
#   Decrease Java thread stack sizes (-Xss)
#   Set larger code cache with -XX:ReservedCodeCacheSize=
# This output file may be truncated or incomplete.
#
#  Out of Memory Error (os_linux.cpp:2673), pid=16889, tid=140538389031072
#
# JRE version:  (8.0_45-b14) (build )
# Java VM: Java HotSpot(TM) 64-Bit Server VM (25.45-b02 mixed mode linux-amd64 compressed oops)
# Failed to write core dump. Core dumps have been disabled. To enable core dumping, try "ulimit -c unlimited" before starting Java again
#

---------------  T H R E A D  ---------------

Current thread (0x000000003fb61000):  JavaThread "Unknown thread" [_thread_in_vm, id=16889, stack(0x00007fff57f3f000,0x00007fff5803f000)]

Stack: [0x00007fff57f3f000,0x00007fff5803f000],  sp=0x00007fff580232b0,  free space=912k
Native frames: (J=compiled Java code, j=interpreted, Vv=VM code, C=native code)
V  [libjvm.so+0xaac99a]  VMError::report_and_die()+0x2ba
V  [libjvm.so+0x4f333b]  report_vm_out_of_memory(char const*, int, unsigned long, VMErrorType, char const*)+0x8b
V  [libjvm.so+0x90e7c3]  os::Linux::commit_memory_impl(char*, unsigned long, bool)+0x103
V  [libjvm.so+0x90ed19]  os::pd_commit_memory(char*, unsigned long, unsigned long, bool)+0x29
V  [libjvm.so+0x90867a]  os::commit_memory(char*, unsigned long, unsigned long, bool)+0x2a
V  [libjvm.so+0x97bac3]  PSVirtualSpace::expand_by(unsigned long)+0x53
V  [libjvm.so+0x96bb77]  PSOldGen::initialize(ReservedSpace, unsigned long, char const*, int)+0xb7
V  [libjvm.so+0x2d4cda]  AdjoiningGenerations::AdjoiningGenerations(ReservedSpace, GenerationSizer*, unsigned long)+0x39a
V  [libjvm.so+0x931716]  ParallelScavengeHeap::initialize()+0x1d6
V  [libjvm.so+0xa75aab]  Universe::initialize_heap()+0xfb
V  [libjvm.so+0xa75e1e]  universe_init()+0x3e
V  [libjvm.so+0x62f635]  init_globals()+0x65
V  [libjvm.so+0xa5a02e]  Threads::create_vm(JavaVMInitArgs*, bool*)+0x23e
V  [libjvm.so+0x6c3244]  JNI_CreateJavaVM+0x74
C  [rJava.so+0xa240]  RinitJVM+0x420


---------------  P R O C E S S  ---------------

Java Threads: ( => current thread )

Other Threads:

=>0x000000003fb61000 (exited) JavaThread "Unknown thread" [_thread_in_vm, id=16889, stack(0x00007fff57f3f000,0x00007fff5803f000)]

VM state:not at safepoint (not fully initialized)

VM Mutex/Monitor currently owned by a thread: None

GC Heap History (0 events):
No events

Deoptimization events (0 events):
No events

Internal exceptions (0 events):
No events

Events (0 events):
No events


Dynamic libraries:
00400000-011cf000 r-xp 00000000 fd:00 5141                               /usr/lib/rstudio-server/bin/rsession
013cf000-013e9000 r--p 00dcf000 fd:00 5141                               /usr/lib/rstudio-server/bin/rsession
013e9000-013ee000 rw-p 00de9000 fd:00 5141                               /usr/lib/rstudio-server/bin/rsession
013ee000-013f3000 rw-p 00000000 00:00 0 
025e3000-3ff3d000 rw-p 00000000 00:00 0                                  [heap]
f4f00000-f5580000 ---p 00000000 00:00 0 
f5580000-ffc80000 rw-p 00000000 00:00 0 
ffc80000-100000000 ---p 00000000 00:00 0 
7fd168f72000-7fd169111000 rw-p 00000000 00:00 0 
7fd169111000-7fd1694c7000 ---p 00000000 00:00 0 
7fd1694c7000-7fd169737000 rwxp 00000000 00:00 0 
7fd169737000-7fd1784c7000 ---p 00000000 00:00 0 
7fd1784c7000-7fd1784e1000 r-xp 00000000 fd:00 542197                     /opt/jdk1.8.0_45/jre/lib/amd64/libzip.so
7fd1784e1000-7fd1786e1000 ---p 0001a000 fd:00 542197                     /opt/jdk1.8.0_45/jre/lib/amd64/libzip.so
7fd1786e1000-7fd1786e2000 rw-p 0001a000 fd:00 542197                     /opt/jdk1.8.0_45/jre/lib/amd64/libzip.so
7fd1786e2000-7fd17870c000 r-xp 00000000 fd:00 542190                     /opt/jdk1.8.0_45/jre/lib/amd64/libjava.so
7fd17870c000-7fd17890c000 ---p 0002a000 fd:00 542190                     /opt/jdk1.8.0_45/jre/lib/amd64/libjava.so
7fd17890c000-7fd17890e000 rw-p 0002a000 fd:00 542190                     /opt/jdk1.8.0_45/jre/lib/amd64/libjava.so
7fd17890e000-7fd17891b000 r-xp 00000000 fd:00 542231                     /opt/jdk1.8.0_45/jre/lib/amd64/libverify.so
7fd17891b000-7fd178b1b000 ---p 0000d000 fd:00 542231                     /opt/jdk1.8.0_45/jre/lib/amd64/libverify.so
7fd178b1b000-7fd178b1d000 rw-p 0000d000 fd:00 542231                     /opt/jdk1.8.0_45/jre/lib/amd64/libverify.so
7fd178b1d000-7fd178b4f000 r-xp 00000000 00:15 2397681                    /home/kniehaus/R/x86_64-redhat-linux-gnu-library/3.1/data.table/libs/datatable.so
7fd178b4f000-7fd178d4e000 ---p 00032000 00:15 2397681                    /home/kniehaus/R/x86_64-redhat-linux-gnu-library/3.1/data.table/libs/datatable.so
7fd178d4e000-7fd178d50000 rw-p 00031000 00:15 2397681                    /home/kniehaus/R/x86_64-redhat-linux-gnu-library/3.1/data.table/libs/datatable.so
7fd178d50000-7fd178db4000 rw-p 00000000 00:00 0 
7fd178db4000-7fd178db6000 r-xp 00000000 00:15 2669338                    /home/kniehaus/R/x86_64-redhat-linux-gnu-library/3.1/chron/libs/chron.so
7fd178db6000-7fd178fb5000 ---p 00002000 00:15 2669338                    /home/kniehaus/R/x86_64-redhat-linux-gnu-library/3.1/chron/libs/chron.so
7fd178fb5000-7fd178fb6000 rw-p 00001000 00:15 2669338                    /home/kniehaus/R/x86_64-redhat-linux-gnu-library/3.1/chron/libs/chron.so
7fd178fb6000-7fd178fb7000 r-xp 00000000 00:15 357016                     /home/kniehaus/R/x86_64-redhat-linux-gnu-library/3.1/lars/libs/lars.so
7fd178fb7000-7fd1791b6000 ---p 00001000 00:15 357016                     /home/kniehaus/R/x86_64-redhat-linux-gnu-library/3.1/lars/libs/lars.so
7fd1791b6000-7fd1791b7000 rw-p 00000000 00:15 357016                     /home/kniehaus/R/x86_64-redhat-linux-gnu-library/3.1/lars/libs/lars.so
7fd1791b7000-7fd1791fd000 r-xp 00000000 00:15 3181654                    /home/kniehaus/R/x86_64-redhat-linux-gnu-library/3.1/glmnet/libs/glmnet.so
7fd1791fd000-7fd1793fd000 ---p 00046000 00:15 3181654                    /home/kniehaus/R/x86_64-redhat-linux-gnu-library/3.1/glmnet/libs/glmnet.so
7fd1793fd000-7fd1793fe000 rw-p 00046000 00:15 3181654                    /home/kniehaus/R/x86_64-redhat-linux-gnu-library/3.1/glmnet/libs/glmnet.so
7fd1793fe000-7fd179400000 r-xp 00000000 00:15 1768206                    /home/kniehaus/R/x86_64-redhat-linux-gnu-library/3.1/caret/libs/caret.so
7fd179400000-7fd1795ff000 ---p 00002000 00:15 1768206                    /home/kniehaus/R/x86_64-redhat-linux-gnu-library/3.1/caret/libs/caret.so
7fd1795ff000-7fd179600000 rw-p 00001000 00:15 1768206                    /home/kniehaus/R/x86_64-redhat-linux-gnu-library/3.1/caret/libs/caret.so
7fd179600000-7fd179621000 r-xp 00000000 00:15 1465787                    /home/kniehaus/R/x86_64-redhat-linux-gnu-library/3.1/quantreg/libs/quantreg.so
7fd179621000-7fd179821000 ---p 00021000 00:15 1465787                    /home/kniehaus/R/x86_64-redhat-linux-gnu-library/3.1/quantreg/libs/quantreg.so
7fd179821000-7fd179822000 rw-p 00021000 00:15 1465787                    /home/kniehaus/R/x86_64-redhat-linux-gnu-library/3.1/quantreg/libs/quantreg.so
7fd179822000-7fd179831000 r-xp 00000000 00:15 3351135                    /home/kniehaus/R/x86_64-redhat-linux-gnu-library/3.1/SparseM/libs/SparseM.so
7fd179831000-7fd179a30000 ---p 0000f000 00:15 3351135                    /home/kniehaus/R/x86_64-redhat-linux-gnu-library/3.1/SparseM/libs/SparseM.so
7fd179a30000-7fd179a31000 rw-p 0000e000 00:15 3351135                    /home/kniehaus/R/x86_64-redhat-linux-gnu-library/3.1/SparseM/libs/SparseM.so
7fd179a31000-7fd179a73000 r-xp 00000000 fd:00 538332                     /usr/lib64/R/library/mgcv/libs/mgcv.so
7fd179a73000-7fd179c72000 ---p 00042000 fd:00 538332                     /usr/lib64/R/library/mgcv/libs/mgcv.so
7fd179c72000-7fd179c74000 rw-p 00041000 fd:00 538332                     /usr/lib64/R/library/mgcv/libs/mgcv.so
7fd179c74000-7fd179c78000 r-xp 00000000 fd:00 533120                     /usr/lib64/R/library/parallel/libs/parallel.so
7fd179c78000-7fd179e78000 ---p 00004000 fd:00 533120                     /usr/lib64/R/library/parallel/libs/parallel.so
7fd179e78000-7fd179e79000 rw-p 00004000 fd:00 533120                     /usr/lib64/R/library/parallel/libs/parallel.so
7fd179e79000-7fd179e7d000 r-xp 00000000 fd:00 533061                     /usr/lib64/R/library/nnet/libs/nnet.so
7fd179e7d000-7fd17a07c000 ---p 00004000 fd:00 533061                     /usr/lib64/R/library/nnet/libs/nnet.so
7fd17a07c000-7fd17a07d000 rw-p 00003000 fd:00 533061                     /usr/lib64/R/library/nnet/libs/nnet.so
7fd17a07d000-7fd17a0dc000 r-xp 00000000 00:15 1823835                    /home/kniehaus/R/x86_64-redhat-linux-gnu-library/3.1/lme4/libs/lme4.so
7fd17a0dc000-7fd17a2dc000 ---p 0005f000 00:15 1823835                    /home/kniehaus/R/x86_64-redhat-linux-gnu-library/3.1/lme4/libs/lme4.so
7fd17a2dc000-7fd17a2df000 rw-p 0005f000 00:15 1823835                    /home/kniehaus/R/x86_64-redhat-linux-gnu-library/3.1/lme4/libs/lme4.so
7fd17a2df000-7fd17a2e0000 rw-p 00000000 00:00 0 
7fd17a2e0000-7fd17a348000 r-xp 00000000 00:15 1532019                    /home/kniehaus/R/x86_64-redhat-linux-gnu-library/3.1/nloptr/libs/nloptr.so
7fd17a348000-7fd17a548000 ---p 00068000 00:15 1532019                    /home/kniehaus/R/x86_64-redhat-linux-gnu-library/3.1/nloptr/libs/nloptr.so
7fd17a548000-7fd17a549000 rw-p 00068000 00:15 1532019                    /home/kniehaus/R/x86_64-redhat-linux-gnu-library/3.1/nloptr/libs/nloptr.so
7fd17a549000-7fd17a56b000 r-xp 00000000 00:15 1633618                    /home/kniehaus/R/x86_64-redhat-linux-gnu-library/3.1/minqa/libs/minqa.so
7fd17a56b000-7fd17a76a000 ---p 00022000 00:15 1633618                    /home/kniehaus/R/x86_64-redhat-linux-gnu-library/3.1/minqa/libs/minqa.so
7fd17a76a000-7fd17a76c000 rw-p 00021000 00:15 1633618                    /home/kniehaus/R/x86_64-redhat-linux-gnu-library/3.1/minqa/libs/minqa.so
7fd17a76c000-7fd17a82b000 r-xp 00000000 fd:00 417159                     /usr/lib64/R/library/Matrix/libs/Matrix.so
7fd17a82b000-7fd17aa2a000 ---p 000bf000 fd:00 417159                     /usr/lib64/R/library/Matrix/libs/Matrix.so
7fd17aa2a000-7fd17aa2e000 rw-p 000be000 fd:00 417159                     /usr/lib64/R/library/Matrix/libs/Matrix.so
7fd17aa2e000-7fd17ac1e000 rw-p 00000000 00:00 0 
7fd17ac1e000-7fd17ac20000 r-xp 00000000 fd:00 533339                     /usr/lib64/R/library/splines/libs/splines.so
7fd17ac20000-7fd17ae1f000 ---p 00002000 fd:00 533339                     /usr/lib64/R/library/splines/libs/splines.so
7fd17ae1f000-7fd17ae20000 rw-p 00001000 fd:00 533339                     /usr/lib64/R/library/splines/libs/splines.so
7fd17ae20000-7fd17ae21000 r-xp 00000000 00:15 2268910                    /home/kniehaus/R/x86_64-redhat-linux-gnu-library/3.1/gtools/libs/gtools.so
7fd17ae21000-7fd17b020000 ---p 00001000 00:15 2268910                    /home/kniehaus/R/x86_64-redhat-linux-gnu-library/3.1/gtools/libs/gtools.so
7fd17b020000-7fd17b021000 rw-p 00000000 00:15 2268910                    /home/kniehaus/R/x86_64-redhat-linux-gnu-library/3.1/gtools/libs/gtools.so
7fd17b021000-7fd17b022000 r-xp 00000000 00:15 3143848                    /home/kniehaus/R/x86_64-redhat-linux-gnu-library/3.1/brglm/libs/brglm.so
7fd17b022000-7fd17b221000 ---p 00001000 00:15 3143848                    /home/kniehaus/R/x86_64-redhat-linux-gnu-library/3.1/brglm/libs/brglm.so
7fd17b221000-7fd17b222000 rw-p 00000000 00:15 3143848                    /home/kniehaus/R/x86_64-redhat-linux-gnu-library/3.1/brglm/libs/brglm.so
7fd17b222000-7fd17b234000 r-xp 00000000 fd:00 532994                     /usr/lib64/R/library/nlme/libs/nlme.so
7fd17b234000-7fd17b433000 ---p 00012000 fd:00 532994                     /usr/lib64/R/library/nlme/libs/nlme.so
7fd17b433000-7fd17b434000 rw-p 00011000 fd:00 532994                     /usr/lib64/R/library/nlme/libs/nlme.so
7fd17b434000-7fd17b437000 r-xp 00000000 fd:00 418727                     /usr/lib64/R/library/lattice/libs/lattice.so
7fd17b437000-7fd17b636000 ---p 00003000 fd:00 418727                     /usr/lib64/R/library/lattice/libs/lattice.so
7fd17b636000-7fd17b637000 rw-p 00002000 fd:00 418727                     /usr/lib64/R/library/lattice/libs/lattice.so
7fd17b637000-7fd17b638000 r-xp 00000000 00:15 2396968                    /home/kniehaus/R/x86_64-redhat-linux-gnu-library/3.1/devtools/libs/devtools.so
7fd17b638000-7fd17b837000 ---p 00001000 00:15 2396968                    /home/kniehaus/R/x86_64-redhat-linux-gnu-library/3.1/devtools/libs/devtools.so
7fd17b837000-7fd17b838000 rw-p 00000000 00:15 2396968                    /home/kniehaus/R/x86_64-redhat-linux-gnu-library/3.1/devtools/libs/devtools.so
7fd17b838000-7fd17b923000 r-xp 00000000 00:15 3219665                    /home/kniehaus/R/x86_64-redhat-linux-gnu-library/3.1/git2r/libs/git2r.so
7fd17b923000-7fd17bb23000 ---p 000eb000 00:15 3219665                    /home/kniehaus/R/x86_64-redhat-linux-gnu-library/3.1/git2r/libs/git2r.so
7fd17bb23000-7fd17bb28000 rw-p 000eb000 00:15 3219665                    /home/kniehaus/R/x86_64-redhat-linux-gnu-library/3.1/git2r/libs/git2r.so
7fd17bb28000-7fd17bc71000 r-xp 00000000 fd:00 396923                     /usr/lib64/libxml2.so.2.7.6
7fd17bc71000-7fd17be70000 ---p 00149000 fd:00 396923                     /usr/lib64/libxml2.so.2.7.6
7fd17be70000-7fd17be79000 rw-p 00148000 fd:00 396923                     /usr/lib64/libxml2.so.2.7.6
7fd17be79000-7fd17be7b000 rw-p 00000000 00:00 0 
7fd17be7b000-7fd17bea9000 r-xp 00000000 00:15 2391130                    /home/kniehaus/R/x86_64-redhat-linux-gnu-library/3.1/xml2/libs/xml2.so
7fd17bea9000-7fd17c0a9000 ---p 0002e000 00:15 2391130                    /home/kniehaus/R/x86_64-redhat-linux-gnu-library/3.1/xml2/libs/xml2.so
7fd17c0a9000-7fd17c0ab000 rw-p 0002e000 00:15 2391130                    /home/kniehaus/R/x86_64-redhat-linux-gnu-library/3.1/xml2/libs/xml2.so
7fd17c0ab000-7fd17c0ac000 rw-p 00000000 00:00 0 
7fd17c0ac000-7fd17c265000 r-xp 00000000 fd:00 396761                     /usr/lib64/libcrypto.so.1.0.1e
7fd17c265000-7fd17c464000 ---p 001b9000 fd:00 396761                     /usr/lib64/libcrypto.so.1.0.1e
7fd17c464000-7fd17c47f000 r--p 001b8000 fd:00 396761                     /usr/lib64/libcrypto.so.1.0.1e
7fd17c47f000-7fd17c48b000 rw-p 001d3000 fd:00 396761                     /usr/lib64/libcrypto.so.1.0.1e
7fd17c48b000-7fd17c48f000 rw-p 00000000 00:00 0 
7fd17c48f000-7fd17c4f1000 r-xp 00000000 fd:00 400804                     /usr/lib64/libssl.so.1.0.1e
7fd17c4f1000-7fd17c6f0000 ---p 00062000 fd:00 400804                     /usr/lib64/libssl.so.1.0.1e
7fd17c6f0000-7fd17c6f4000 r--p 00061000 fd:00 400804                     /usr/lib64/libssl.so.1.0.1e
7fd17c6f4000-7fd17c6fb000 rw-p 00065000 fd:00 400804                     /usr/lib64/libssl.so.1.0.1e
7fd17c6fb000-7fd17c714000 r-xp 00000000 fd:00 397000                     /usr/lib64/libsasl2.so.2.0.23
7fd17c714000-7fd17c913000 ---p 00019000 fd:00 397000                     /usr/lib64/libsasl2.so.2.0.23
7fd17c913000-7fd17c914000 r--p 00018000 fd:00 397000                     /usr/lib64/libsasl2.so.2.0.23
7fd17c914000-7fd17c915000 rw-p 00019000 fd:00 397000                     /usr/lib64/libsasl2.so.2.0.23
7fd17c915000-7fd17c923000 r-xp 00000000 fd:00 131260                     /lib64/liblber-2.4.so.2.10.2
7fd17c923000-7fd17cb22000 ---p 0000e000 fd:00 131260                     /lib64/liblber-2.4.so.2.10.2
7fd17cb22000-7fd17cb23000 r--p 0000d000 fd:00 131260                     /lib64/liblber-2.4.so.2.10.2
7fd17cb23000-7fd17cb24000 rw-p 0000e000 fd:00 131260                     /lib64/liblber-2.4.so.2.10.2
7fd17cb24000-7fd17cb4b000 r-xp 00000000 fd:00 401129                     /usr/lib64/libssh2.so.1.0.1
7fd17cb4b000-7fd17cd4a000 ---p 00027000 fd:00 401129                     /usr/lib64/libssh2.so.1.0.1
7fd17cd4a000-7fd17cd4b000 rw-p 00026000 fd:00 401129                     /usr/lib64/libssh2.so.1.0.1
7fd17cd4b000-7fd17cd4c000 rw-p 00000000 00:00 0 
7fd17cd4c000-7fd17cd85000 r-xp 00000000 fd:00 149689                     /lib64/libnspr4.so
7fd17cd85000-7fd17cf85000 ---p 00039000 fd:00 149689                     /lib64/libnspr4.so
7fd17cf85000-7fd17cf86000 r--p 00039000 fd:00 149689                     /lib64/libnspr4.so
7fd17cf86000-7fd17cf88000 rw-p 0003a000 fd:00 149689                     /lib64/libnspr4.so
7fd17cf88000-7fd17cf8a000 rw-p 00000000 00:00 0 
7fd17cf8a000-7fd17cf8e000 r-xp 00000000 fd:00 149690                     /lib64/libplc4.so
7fd17cf8e000-7fd17d18d000 ---p 00004000 fd:00 149690                     /lib64/libplc4.so
7fd17d18d000-7fd17d18e000 r--p 00003000 fd:00 149690                     /lib64/libplc4.so
7fd17d18e000-7fd17d18f000 rw-p 00004000 fd:00 149690                     /lib64/libplc4.so
7fd17d18f000-7fd17d192000 r-xp 00000000 fd:00 149691                     /lib64/libplds4.so
7fd17d192000-7fd17d391000 ---p 00003000 fd:00 149691                     /lib64/libplds4.so
7fd17d391000-7fd17d392000 r--p 00002000 fd:00 149691                     /lib64/libplds4.so
7fd17d392000-7fd17d393000 rw-p 00003000 fd:00 149691                     /lib64/libplds4.so
7fd17d393000-7fd17d3b8000 r-xp 00000000 fd:00 400762                     /usr/lib64/libnssutil3.so
7fd17d3b8000-7fd17d5b8000 ---p 00025000 fd:00 400762                     /usr/lib64/libnssutil3.so
7fd17d5b8000-7fd17d5be000 r--p 00025000 fd:00 400762                     /usr/lib64/libnssutil3.so
7fd17d5be000-7fd17d5bf000 rw-p 0002b000 fd:00 400762                     /usr/lib64/libnssutil3.so
7fd17d5bf000-7fd17d6f6000 r-xp 00000000 fd:00 401117                     /usr/lib64/libnss3.so
7fd17d6f6000-7fd17d8f5000 ---p 00137000 fd:00 401117                     /usr/lib64/libnss3.so
7fd17d8f5000-7fd17d8fa000 r--p 00136000 fd:00 401117                     /usr/lib64/libnss3.so
7fd17d8fa000-7fd17d8fc000 rw-p 0013b000 fd:00 401117                     /usr/lib64/libnss3.so
7fd17d8fc000-7fd17d8fe000 rw-p 00000000 00:00 0 
7fd17d8fe000-7fd17d926000 r-xp 00000000 fd:00 401119                     /usr/lib64/libsmime3.so
7fd17d926000-7fd17db25000 ---p 00028000 fd:00 401119                     /usr/lib64/libsmime3.so
7fd17db25000-7fd17db29000 r--p 00027000 fd:00 401119                     /usr/lib64/libsmime3.so
7fd17db29000-7fd17db2a000 rw-p 0002b000 fd:00 401119                     /usr/lib64/libsmime3.so
7fd17db2a000-7fd17db65000 r-xp 00000000 fd:00 402971                     /usr/lib64/libssl3.so
7fd17db65000-7fd17dd64000 ---p 0003b000 fd:00 402971                     /usr/lib64/libssl3.so
7fd17dd64000-7fd17dd67000 r--p 0003a000 fd:00 402971                     /usr/lib64/libssl3.so
7fd17dd67000-7fd17dd68000 rw-p 0003d000 fd:00 402971                     /usr/lib64/libssl3.so
7fd17dd68000-7fd17dd69000 rw-p 00000000 00:00 0 
7fd17dd69000-7fd17ddb6000 r-xp 00000000 fd:00 131262                     /lib64/libldap-2.4.so.2.10.2
7fd17ddb6000-7fd17dfb5000 ---p 0004d000 fd:00 131262                     /lib64/libldap-2.4.so.2.10.2
7fd17dfb5000-7fd17dfb7000 r--p 0004c000 fd:00 131262                     /lib64/libldap-2.4.so.2.10.2
7fd17dfb7000-7fd17dfb9000 rw-p 0004e000 fd:00 131262                     /lib64/libldap-2.4.so.2.10.2
7fd17dfb9000-7fd17dfeb000 r-xp 00000000 fd:00 131166                     /lib64/libidn.so.11.6.1
7fd17dfeb000-7fd17e1ea000 ---p 00032000 fd:00 131166                     /lib64/libidn.so.11.6.1
7fd17e1ea000-7fd17e1eb000 rw-p 00031000 fd:00 131166                     /lib64/libidn.so.11.6.1
7fd17e1eb000-7fd17e23d000 r-xp 00000000 fd:00 401130                     /usr/lib64/libcurl.so.4.1.1
7fd17e23d000-7fd17e43c000 ---p 00052000 fd:00 401130                     /usr/lib64/libcurl.so.4.1.1
7fd17e43c000-7fd17e43f000 rw-p 00051000 fd:00 401130                     /usr/lib64/libcurl.so.4.1.1
7fd17e43f000-7fd17e446000 r-xp 00000000 00:15 2201879                    /home/kniehaus/R/x86_64-redhat-linux-gnu-library/3.1/curl/libs/curl.so
7fd17e446000-7fd17e645000 ---p 00007000 00:15 2201879                    /home/kniehaus/R/x86_64-redhat-linux-gnu-library/3.1/curl/libs/curl.so
7fd17e645000-7fd17e648000 rw-p 00006000 00:15 2201879                    /home/kniehaus/R/x86_64-redhat-linux-gnu-library/3.1/curl/libs/curl.so
7fd17e648000-7fd17e655000 r-xp 00000000 00:15 3359147                    /home/kniehaus/R/x86_64-redhat-linux-gnu-library/3.1/pROC/libs/pROC.so
7fd17e655000-7fd17e855000 ---p 0000d000 00:15 3359147                    /home/kniehaus/R/x86_64-redhat-linux-gnu-library/3.1/pROC/libs/pROC.so
7fd17e855000-7fd17e856000 rw-p 0000d000 00:15 3359147                    /home/kniehaus/R/x86_64-redhat-linux-gnu-library/3.1/pROC/libs/pROC.so
7fd17e856000-7fd17e857000 rw-p 00000000 00:00 0 
7fd17e857000-7fd17e859000 r-xp 00000000 00:15 2693971                    /home/kniehaus/R/x86_64-redhat-linux-gnu-library/3.1/ffbase/libs/ffbase.so
7fd17e859000-7fd17ea58000 ---p 00002000 00:15 2693971                    /home/kniehaus/R/x86_64-redhat-linux-gnu-library/3.1/ffbase/libs/ffbase.so
7fd17ea58000-7fd17ea59000 rw-p 00001000 00:15 2693971                    /home/kniehaus/R/x86_64-redhat-linux-gnu-library/3.1/ffbase/libs/ffbase.so
7fd17ea59000-7fd17eaea000 r-xp 00000000 00:15 2660037                    /home/kniehaus/R/x86_64-redhat-linux-gnu-library/3.1/ff/libs/ff.so
7fd17eaea000-7fd17ece9000 ---p 00091000 00:15 2660037                    /home/kniehaus/R/x86_64-redhat-linux-gnu-library/3.1/ff/libs/ff.so
7fd17ece9000-7fd17ecec000 rw-p 00090000 00:15 2660037                    /home/kniehaus/R/x86_64-redhat-linux-gnu-library/3.1/ff/libs/ff.so
7fd17ecec000-7fd17ecee000 r-xp 00000000 00:15 2279246                    /home/kniehaus/R/x86_64-redhat-linux-gnu-library/3.1/fastmatch/libs/fastmatch.so
7fd17ecee000-7fd17eeed000 ---p 00002000 00:15 2279246                    /home/kniehaus/R/x86_64-redhat-linux-gnu-library/3.1/fastmatch/libs/fastmatch.so
7fd17eeed000-7fd17eeee000 rw-p 00001000 00:15 2279246                    /home/kniehaus/R/x86_64-redhat-linux-gnu-library/3.1/fastmatch/libs/fastmatch.so
7fd17eeee000-7fd17eef4000 r-xp 00000000 00:15 2405367                    /home/kniehaus/R/x86_64-redhat-linux-gnu-library/3.1/bit/libs/bit.so
7fd17eef4000-7fd17f0f3000 ---p 00006000 00:15 2405367                    /home/kniehaus/R/x86_64-redhat-linux-gnu-library/3.1/bit/libs/bit.so
7fd17f0f3000-7fd17f0f4000 rw-p 00005000 00:15 2405367                    /home/kniehaus/R/x86_64-redhat-linux-gnu-library/3.1/bit/libs/bit.so
7fd17f0f4000-7fd17fda2000 r-xp 00000000 fd:00 542236                     /opt/jdk1.8.0_45/jre/lib/amd64/server/libjvm.so
7fd17fda2000-7fd17ffa1000 ---p 00cae000 fd:00 542236                     /opt/jdk1.8.0_45/jre/lib/amd64/server/libjvm.so
7fd17ffa1000-7fd180078000 rw-p 00cad000 fd:00 542236                     /opt/jdk1.8.0_45/jre/lib/amd64/server/libjvm.so
7fd180078000-7fd1800bc000 rw-p 00000000 00:00 0 
7fd1800bc000-7fd1800cb000 r-xp 00000000 00:15 3221933                    /home/kniehaus/R/x86_64-redhat-linux-gnu-library/3.1/rJava/libs/rJava.so
7fd1800cb000-7fd1802cb000 ---p 0000f000 00:15 3221933                    /home/kniehaus/R/x86_64-redhat-linux-gnu-library/3.1/rJava/libs/rJava.so
7fd1802cb000-7fd1802cc000 rw-p 0000f000 00:15 3221933                    /home/kniehaus/R/x86_64-redhat-linux-gnu-library/3.1/rJava/libs/rJava.so
7fd1802cc000-7fd1802d1000 r-xp 00000000 fd:00 416938                     /usr/lib64/R/library/MASS/libs/MASS.so
7fd1802d1000-7fd1804d1000 ---p 00005000 fd:00 416938                     /usr/lib64/R/library/MASS/libs/MASS.so
7fd1804d1000-7fd1804d2000 rw-p 00005000 fd:00 416938                     /usr/lib64/R/library/MASS/libs/MASS.so
7fd1804d2000-7fd1804dd000 r-xp 00000000 00:15 1475343                    /home/kniehaus/R/x86_64-redhat-linux-gnu-library/3.1/scales/libs/scales.so
7fd1804dd000-7fd1806dc000 ---p 0000b000 00:15 1475343                    /home/kniehaus/R/x86_64-redhat-linux-gnu-library/3.1/scales/libs/scales.so
7fd1806dc000-7fd1806dd000 rw-p 0000a000 00:15 1475343                    /home/kniehaus/R/x86_64-redhat-linux-gnu-library/3.1/scales/libs/scales.so
7fd1806dd000-7fd1806de000 rw-p 00000000 00:00 0 
7fd1806de000-7fd181f94000 r--s 00000000 00:15 2868778                    /home/kniehaus/R/x86_64-redhat-linux-gnu-library/3.1/stringi/libs/icudt55l.dat
7fd181f94000-7fd1823dc000 r-xp 00000000 00:15 2868777                    /home/kniehaus/R/x86_64-redhat-linux-gnu-library/3.1/stringi/libs/stringi.so
7fd1823dc000-7fd1825db000 ---p 00448000 00:15 2868777                    /home/kniehaus/R/x86_64-redhat-linux-gnu-library/3.1/stringi/libs/stringi.so
7fd1825db000-7fd182607000 rw-p 00447000 00:15 2868777                    /home/kniehaus/R/x86_64-redhat-linux-gnu-library/3.1/stringi/libs/stringi.so
7fd182607000-7fd184000000 rw-p 00000000 00:00 0 
7fd184000000-7fd184048000 rw-p 00000000 00:00 0 
7fd184048000-7fd188000000 ---p 00000000 00:00 0 
7fd188000000-7fd188021000 rw-p 00000000 00:00 0 
7fd188021000-7fd18c000000 ---p 00000000 00:00 0 
7fd18c000000-7fd18c021000 rw-p 00000000 00:00 0 
7fd18c021000-7fd190000000 ---p 00000000 00:00 0 
7fd19009d000-7fd190147000 ---p 00000000 00:00 0 
7fd190147000-7fd19019c000 rw-p 00000000 00:00 0 
7fd19019c000-7fd19019d000 ---p 00000000 00:00 0 
7fd19019d000-7fd19019e000 rw-p 00000000 00:00 0 
7fd19019e000-7fd1901a8000 r-xp 00000000 00:15 2226029                    /home/kniehaus/R/x86_64-redhat-linux-gnu-library/3.1/colorspace/libs/colorspace.so
7fd1901a8000-7fd1903a8000 ---p 0000a000 00:15 2226029                    /home/kniehaus/R/x86_64-redhat-linux-gnu-library/3.1/colorspace/libs/colorspace.so
7fd1903a8000-7fd1903a9000 rw-p 0000a000 00:15 2226029                    /home/kniehaus/R/x86_64-redhat-linux-gnu-library/3.1/colorspace/libs/colorspace.so
7fd1903a9000-7fd1903b8000 r-xp 00000000 00:15 2495228                    /home/kniehaus/R/x86_64-redhat-linux-gnu-library/3.1/reshape2/libs/reshape2.so
7fd1903b8000-7fd1905b7000 ---p 0000f000 00:15 2495228                    /home/kniehaus/R/x86_64-redhat-linux-gnu-library/3.1/reshape2/libs/reshape2.so
7fd1905b7000-7fd1905b9000 rw-p 0000e000 00:15 2495228                    /home/kniehaus/R/x86_64-redhat-linux-gnu-library/3.1/reshape2/libs/reshape2.so
7fd1905b9000-7fd1905c1000 r-xp 00000000 00:15 2986491                    /home/kniehaus/R/x86_64-redhat-linux-gnu-library/3.1/plyr/libs/plyr.so
7fd1905c1000-7fd1907c1000 ---p 00008000 00:15 2986491                    /home/kniehaus/R/x86_64-redhat-linux-gnu-library/3.1/plyr/libs/plyr.so
7fd1907c1000-7fd1907c2000 rw-p 00008000 00:15 2986491                    /home/kniehaus/R/x86_64-redhat-linux-gnu-library/3.1/plyr/libs/plyr.so
7fd1907c2000-7fd190810000 r-xp 00000000 00:15 1109730                    /home/kniehaus/R/x86_64-redhat-linux-gnu-library/3.1/Rcpp/libs/Rcpp.so
7fd190810000-7fd190a0f000 ---p 0004e000 00:15 1109730                    /home/kniehaus/R/x86_64-redhat-linux-gnu-library/3.1/Rcpp/libs/Rcpp.so
7fd190a0f000-7fd190a12000 rw-p 0004d000 00:15 1109730                    /home/kniehaus/R/x86_64-redhat-linux-gnu-library/3.1/Rcpp/libs/Rcpp.so
7fd190a12000-7fd190a19000 rw-p 00000000 00:00 0 
7fd190a19000-7fd190a36000 r-xp 00000000 fd:00 418625                     /usr/lib64/R/library/grid/libs/grid.so
7fd190a36000-7fd190c36000 ---p 0001d000 fd:00 418625                     /usr/lib64/R/library/grid/libs/grid.so
7fd190c36000-7fd190c37000 rw-p 0001d000 fd:00 418625                     /usr/lib64/R/library/grid/libs/grid.so
7fd190c37000-7fd190c53000 r-xp 00000000 00:15 1541281                    /home/kniehaus/R/x86_64-redhat-linux-gnu-library/3.1/digest/libs/digest.so
7fd190c53000-7fd190e52000 ---p 0001c000 00:15 1541281                    /home/kniehaus/R/x86_64-redhat-linux-gnu-library/3.1/digest/libs/digest.so
7fd190e52000-7fd190e53000 rw-p 0001b000 00:15 1541281                    /home/kniehaus/R/x86_64-redhat-linux-gnu-library/3.1/digest/libs/digest.so
7fd190e53000-7fd190e55000 rw-p 00000000 00:00 0 
7fd190e55000-7fd190e69000 r-xp 00000000 fd:00 533991                     /usr/lib64/R/library/tools/libs/tools.so
7fd190e69000-7fd191069000 ---p 00014000 fd:00 533991                     /usr/lib64/R/library/tools/libs/tools.so
7fd191069000-7fd19106b000 rw-p 00014000 fd:00 533991                     /usr/lib64/R/library/tools/libs/tools.so
7fd19106b000-7fd19106c000 ---p 00000000 00:00 0 
7fd19106c000-7fd191a6c000 rw-p 00000000 00:00 0 
7fd191a6c000-7fd191a6d000 ---p 00000000 00:00 0 
7fd191a6d000-7fd19246d000 rw-p 00000000 00:00 0 
7fd19246d000-7fd192632000 r-xp 00000000 fd:00 416698                     /usr/lib64/R/lib/libRlapack.so
7fd192632000-7fd192831000 ---p 001c5000 fd:00 416698                     /usr/lib64/R/lib/libRlapack.so
7fd192831000-7fd192833000 rw-p 001c4000 fd:00 416698                     /usr/lib64/R/lib/libRlapack.so
7fd192833000-7fd1928d3000 r-xp 00000000 fd:00 533679                     /usr/lib64/R/library/stats/libs/stats.so
7fd1928d3000-7fd192ad2000 ---p 000a0000 fd:00 533679                     /usr/lib64/R/library/stats/libs/stats.so
7fd192ad2000-7fd192ad6000 rw-p 0009f000 fd:00 533679                     /usr/lib64/R/library/stats/libs/stats.so
7fd192ad6000-7fd192b13000 r-xp 00000000 fd:00 418353                     /usr/lib64/R/library/grDevices/libs/grDevices.so
7fd192b13000-7fd192d13000 ---p 0003d000 fd:00 418353                     /usr/lib64/R/library/grDevices/libs/grDevices.so
7fd192d13000-7fd192d19000 rw-p 0003d000 fd:00 418353                     /usr/lib64/R/library/grDevices/libs/grDevices.so
7fd192d19000-7fd192d1a000 rw-p 00000000 00:00 0 
7fd192d4a000-7fd192d8b000 r-xp 00000000 fd:00 418466                     /usr/lib64/R/library/graphics/libs/graphics.so
7fd192d8b000-7fd192f8a000 ---p 00041000 fd:00 418466                     /usr/lib64/R/library/graphics/libs/graphics.so
7fd192f8a000-7fd192f8c000 rw-p 00040000 fd:00 418466                     /usr/lib64/R/library/graphics/libs/graphics.so
7fd192f8c000-7fd193093000 rw-p 00000000 00:00 0 
7fd193093000-7fd19309b000 r-xp 00000000 fd:00 418843                     /usr/lib64/R/library/methods/libs/methods.so
7fd19309b000-7fd19329a000 ---p 00008000 fd:00 418843                     /usr/lib64/R/library/methods/libs/methods.so
7fd19329a000-7fd19329b000 rw-p 00007000 fd:00 418843                     /usr/lib64/R/library/methods/libs/methods.so
7fd19329b000-7fd1932a5000 r-xp 00000000 fd:00 534474                     /usr/lib64/R/library/utils/libs/utils.so
7fd1932a5000-7fd1934a5000 ---p 0000a000 fd:00 534474                     /usr/lib64/R/library/utils/libs/utils.so
7fd1934a5000-7fd1934a6000 rw-p 0000a000 fd:00 534474                     /usr/lib64/R/library/utils/libs/utils.so
7fd1934a6000-7fd1935ff000 rw-p 00000000 00:00 0 
7fd1935ff000-7fd193600000 ---p 00000000 00:00 0 
7fd193600000-7fd194000000 rw-p 00000000 00:00 0 
7fd194000000-7fd194021000 rw-p 00000000 00:00 0 
7fd194021000-7fd198000000 ---p 00000000 00:00 0 
7fd198018000-7fd198020000 rw-s 00000000 fd:00 16355                      /tmp/hsperfdata_kniehaus/16889
7fd198020000-7fd198055000 r--s 00000000 fd:03 1779                       /var/db/nscd/group
7fd198055000-7fd198056000 ---p 00000000 00:00 0 
7fd198056000-7fd198a56000 rw-p 00000000 00:00 0 
7fd198a56000-7fd19e8e6000 r--p 00000000 fd:00 431050                     /usr/lib/locale/locale-archive
7fd19e8e6000-7fd19e903000 r-xp 00000000 fd:00 131126                     /lib64/libselinux.so.1
7fd19e903000-7fd19eb02000 ---p 0001d000 fd:00 131126                     /lib64/libselinux.so.1
7fd19eb02000-7fd19eb03000 r--p 0001c000 fd:00 131126                     /lib64/libselinux.so.1
7fd19eb03000-7fd19eb04000 rw-p 0001d000 fd:00 131126                     /lib64/libselinux.so.1
7fd19eb04000-7fd19eb05000 rw-p 00000000 00:00 0 
7fd19eb05000-7fd19eb78000 r-xp 00000000 fd:00 131081                     /lib64/libfreebl3.so
7fd19eb78000-7fd19ed77000 ---p 00073000 fd:00 131081                     /lib64/libfreebl3.so
7fd19ed77000-7fd19ed79000 r--p 00072000 fd:00 131081                     /lib64/libfreebl3.so
7fd19ed79000-7fd19ed7a000 rw-p 00074000 fd:00 131081                     /lib64/libfreebl3.so
7fd19ed7a000-7fd19ed7e000 rw-p 00000000 00:00 0 
7fd19ed7e000-7fd19ed94000 r-xp 00000000 fd:00 131118                     /lib64/libresolv-2.12.so
7fd19ed94000-7fd19ef94000 ---p 00016000 fd:00 131118                     /lib64/libresolv-2.12.so
7fd19ef94000-7fd19ef95000 r--p 00016000 fd:00 131118                     /lib64/libresolv-2.12.so
7fd19ef95000-7fd19ef96000 rw-p 00017000 fd:00 131118                     /lib64/libresolv-2.12.so
7fd19ef96000-7fd19ef98000 rw-p 00000000 00:00 0 
7fd19ef98000-7fd19ef9a000 r-xp 00000000 fd:00 131272                     /lib64/libkeyutils.so.1.3
7fd19ef9a000-7fd19f199000 ---p 00002000 fd:00 131272                     /lib64/libkeyutils.so.1.3
7fd19f199000-7fd19f19a000 r--p 00001000 fd:00 131272                     /lib64/libkeyutils.so.1.3
7fd19f19a000-7fd19f19b000 rw-p 00002000 fd:00 131272                     /lib64/libkeyutils.so.1.3
7fd19f19b000-7fd19f1a5000 r-xp 00000000 fd:00 131282                     /lib64/libkrb5support.so.0.1
7fd19f1a5000-7fd19f3a4000 ---p 0000a000 fd:00 131282                     /lib64/libkrb5support.so.0.1
7fd19f3a4000-7fd19f3a5000 r--p 00009000 fd:00 131282                     /lib64/libkrb5support.so.0.1
7fd19f3a5000-7fd19f3a6000 rw-p 0000a000 fd:00 131282                     /lib64/libkrb5support.so.0.1
7fd19f3a6000-7fd1a02eb000 r-xp 00000000 fd:00 412926                     /usr/lib64/libicudata.so.42.1
7fd1a02eb000-7fd1a04ea000 ---p 00f45000 fd:00 412926                     /usr/lib64/libicudata.so.42.1
7fd1a04ea000-7fd1a04eb000 rw-p 00f44000 fd:00 412926                     /usr/lib64/libicudata.so.42.1
7fd1a04eb000-7fd1a0508000 r-xp 00000000 fd:00 131132                     /lib64/libtinfo.so.5.7
7fd1a0508000-7fd1a0708000 ---p 0001d000 fd:00 131132                     /lib64/libtinfo.so.5.7
7fd1a0708000-7fd1a070c000 rw-p 0001d000 fd:00 131132                     /lib64/libtinfo.so.5.7
7fd1a070c000-7fd1a0713000 r-xp 00000000 fd:00 131094                     /lib64/libcrypt-2.12.so
7fd1a0713000-7fd1a0913000 ---p 00007000 fd:00 131094                     /lib64/libcrypt-2.12.so
7fd1a0913000-7fd1a0914000 r--p 00007000 fd:00 131094                     /lib64/libcrypt-2.12.so
7fd1a0914000-7fd1a0915000 rw-p 00008000 fd:00 131094                     /lib64/libcrypt-2.12.so
7fd1a0915000-7fd1a0943000 rw-p 00000000 00:00 0 
7fd1a0943000-7fd1a095a000 r-xp 00000000 fd:00 131141                     /lib64/libaudit.so.1.0.0
7fd1a095a000-7fd1a0b5a000 ---p 00017000 fd:00 131141                     /lib64/libaudit.so.1.0.0
7fd1a0b5a000-7fd1a0b5b000 r--p 00017000 fd:00 131141                     /lib64/libaudit.so.1.0.0
7fd1a0b5b000-7fd1a0b66000 rw-p 00018000 fd:00 131141                     /lib64/libaudit.so.1.0.0
7fd1a0b66000-7fd1a0b8f000 r-xp 00000000 fd:00 131278                     /lib64/libk5crypto.so.3.1
7fd1a0b8f000-7fd1a0d8f000 ---p 00029000 fd:00 131278                     /lib64/libk5crypto.so.3.1
7fd1a0d8f000-7fd1a0d90000 r--p 00029000 fd:00 131278                     /lib64/libk5crypto.so.3.1
7fd1a0d90000-7fd1a0d91000 rw-p 0002a000 fd:00 131278                     /lib64/libk5crypto.so.3.1
7fd1a0d91000-7fd1a0d92000 rw-p 00000000 00:00 0 
7fd1a0d92000-7fd1a0d95000 r-xp 00000000 fd:00 149473                     /lib64/libcom_err.so.2.1
7fd1a0d95000-7fd1a0f94000 ---p 00003000 fd:00 149473                     /lib64/libcom_err.so.2.1
7fd1a0f94000-7fd1a0f95000 r--p 00002000 fd:00 149473                     /lib64/libcom_err.so.2.1
7fd1a0f95000-7fd1a0f96000 rw-p 00003000 fd:00 149473                     /lib64/libcom_err.so.2.1
7fd1a0f96000-7fd1a1071000 r-xp 00000000 fd:00 131280                     /lib64/libkrb5.so.3.3
7fd1a1071000-7fd1a1270000 ---p 000db000 fd:00 131280                     /lib64/libkrb5.so.3.3
7fd1a1270000-7fd1a127a000 r--p 000da000 fd:00 131280                     /lib64/libkrb5.so.3.3
7fd1a127a000-7fd1a127c000 rw-p 000e4000 fd:00 131280                     /lib64/libkrb5.so.3.3
7fd1a127c000-7fd1a12bd000 r-xp 00000000 fd:00 131274                     /lib64/libgssapi_krb5.so.2.2
7fd1a12bd000-7fd1a14bd000 ---p 00041000 fd:00 131274                     /lib64/libgssapi_krb5.so.2.2
7fd1a14bd000-7fd1a14be000 r--p 00041000 fd:00 131274                     /lib64/libgssapi_krb5.so.2.2
7fd1a14be000-7fd1a14c0000 rw-p 00042000 fd:00 131274                     /lib64/libgssapi_krb5.so.2.2
7fd1a14c0000-7fd1a14d5000 r-xp 00000000 fd:00 398620                     /usr/lib64/libgomp.so.1.0.0
7fd1a14d5000-7fd1a16d4000 ---p 00015000 fd:00 398620                     /usr/lib64/libgomp.so.1.0.0
7fd1a16d4000-7fd1a16d5000 rw-p 00014000 fd:00 398620                     /usr/lib64/libgomp.so.1.0.0
7fd1a16d5000-7fd1a185d000 r-xp 00000000 fd:00 412928                     /usr/lib64/libicui18n.so.42.1
7fd1a185d000-7fd1a1a5d000 ---p 00188000 fd:00 412928                     /usr/lib64/libicui18n.so.42.1
7fd1a1a5d000-7fd1a1a6a000 rw-p 00188000 fd:00 412928                     /usr/lib64/libicui18n.so.42.1
7fd1a1a6a000-7fd1a1a6b000 rw-p 00000000 00:00 0 
7fd1a1a6b000-7fd1a1baa000 r-xp 00000000 fd:00 412938                     /usr/lib64/libicuuc.so.42.1
7fd1a1baa000-7fd1a1daa000 ---p 0013f000 fd:00 412938                     /usr/lib64/libicuuc.so.42.1
7fd1a1daa000-7fd1a1dbb000 rw-p 0013f000 fd:00 412938                     /usr/lib64/libicuuc.so.42.1
7fd1a1dbb000-7fd1a1dbd000 rw-p 00000000 00:00 0 
7fd1a1dbd000-7fd1a1df7000 r-xp 00000000 fd:00 131160                     /lib64/libreadline.so.6.0
7fd1a1df7000-7fd1a1ff7000 ---p 0003a000 fd:00 131160                     /lib64/libreadline.so.6.0
7fd1a1ff7000-7fd1a1fff000 rw-p 0003a000 fd:00 131160                     /lib64/libreadline.so.6.0
7fd1a1fff000-7fd1a2000000 rw-p 00000000 00:00 0 
7fd1a2000000-7fd1a20f0000 r-xp 00000000 fd:00 412524                     /usr/lib64/libgfortran.so.3.0.0
7fd1a20f0000-7fd1a22ef000 ---p 000f0000 fd:00 412524                     /usr/lib64/libgfortran.so.3.0.0
7fd1a22ef000-7fd1a22f1000 rw-p 000ef000 fd:00 412524                     /usr/lib64/libgfortran.so.3.0.0
7fd1a22f1000-7fd1a22f2000 rw-p 00000000 00:00 0 
7fd1a22f2000-7fd1a231d000 r-xp 00000000 fd:00 416697                     /usr/lib64/R/lib/libRblas.so
7fd1a231d000-7fd1a251c000 ---p 0002b000 fd:00 416697                     /usr/lib64/R/lib/libRblas.so
7fd1a251c000-7fd1a251d000 rw-p 0002a000 fd:00 416697                     /usr/lib64/R/lib/libRblas.so
7fd1a251d000-7fd1a26a7000 r-xp 00000000 fd:00 131086                     /lib64/libc-2.12.so
7fd1a26a7000-7fd1a28a7000 ---p 0018a000 fd:00 131086                     /lib64/libc-2.12.so
7fd1a28a7000-7fd1a28ab000 r--p 0018a000 fd:00 131086                     /lib64/libc-2.12.so
7fd1a28ab000-7fd1a28ac000 rw-p 0018e000 fd:00 131086                     /lib64/libc-2.12.so
7fd1a28ac000-7fd1a28b1000 rw-p 00000000 00:00 0 
7fd1a28b1000-7fd1a28c7000 r-xp 00000000 fd:00 150489                     /lib64/libgcc_s-4.4.7-20120601.so.1
7fd1a28c7000-7fd1a2ac6000 ---p 00016000 fd:00 150489                     /lib64/libgcc_s-4.4.7-20120601.so.1
7fd1a2ac6000-7fd1a2ac7000 rw-p 00015000 fd:00 150489                     /lib64/libgcc_s-4.4.7-20120601.so.1
7fd1a2ac7000-7fd1a2b4a000 r-xp 00000000 fd:00 131097                     /lib64/libm-2.12.so
7fd1a2b4a000-7fd1a2d49000 ---p 00083000 fd:00 131097                     /lib64/libm-2.12.so
7fd1a2d49000-7fd1a2d4a000 r--p 00082000 fd:00 131097                     /lib64/libm-2.12.so
7fd1a2d4a000-7fd1a2d4b000 rw-p 00083000 fd:00 131097                     /lib64/libm-2.12.so
7fd1a2d4b000-7fd1a2e33000 r-xp 00000000 fd:00 396928                     /usr/lib64/libstdc++.so.6.0.13
7fd1a2e33000-7fd1a3033000 ---p 000e8000 fd:00 396928                     /usr/lib64/libstdc++.so.6.0.13
7fd1a3033000-7fd1a303a000 r--p 000e8000 fd:00 396928                     /usr/lib64/libstdc++.so.6.0.13
7fd1a303a000-7fd1a303c000 rw-p 000ef000 fd:00 396928                     /usr/lib64/libstdc++.so.6.0.13
7fd1a303c000-7fd1a3051000 rw-p 00000000 00:00 0 
7fd1a3051000-7fd1a3053000 r-xp 00000000 fd:00 131095                     /lib64/libdl-2.12.so
7fd1a3053000-7fd1a3253000 ---p 00002000 fd:00 131095                     /lib64/libdl-2.12.so
7fd1a3253000-7fd1a3254000 r--p 00002000 fd:00 131095                     /lib64/libdl-2.12.so
7fd1a3254000-7fd1a3255000 rw-p 00003000 fd:00 131095                     /lib64/libdl-2.12.so
7fd1a3255000-7fd1a3261000 r-xp 00000000 fd:00 131198                     /lib64/libpam.so.0.82.2
7fd1a3261000-7fd1a3461000 ---p 0000c000 fd:00 131198                     /lib64/libpam.so.0.82.2
7fd1a3461000-7fd1a3462000 r--p 0000c000 fd:00 131198                     /lib64/libpam.so.0.82.2
7fd1a3462000-7fd1a3463000 rw-p 0000d000 fd:00 131198                     /lib64/libpam.so.0.82.2
7fd1a3463000-7fd1a359b000 r-xp 00000000 fd:00 423446                     /usr/lib64/libcrypto.so.0.9.8e
7fd1a359b000-7fd1a379a000 ---p 00138000 fd:00 423446                     /usr/lib64/libcrypto.so.0.9.8e
7fd1a379a000-7fd1a37bb000 rw-p 00137000 fd:00 423446                     /usr/lib64/libcrypto.so.0.9.8e
7fd1a37bb000-7fd1a37bf000 rw-p 00000000 00:00 0 
7fd1a37bf000-7fd1a3808000 r-xp 00000000 fd:00 423448                     /usr/lib64/libssl.so.0.9.8e
7fd1a3808000-7fd1a3a08000 ---p 00049000 fd:00 423448                     /usr/lib64/libssl.so.0.9.8e
7fd1a3a08000-7fd1a3a0e000 rw-p 00049000 fd:00 423448                     /usr/lib64/libssl.so.0.9.8e
7fd1a3a0e000-7fd1a3a23000 r-xp 00000000 fd:00 131140                     /lib64/libz.so.1.2.3
7fd1a3a23000-7fd1a3c22000 ---p 00015000 fd:00 131140                     /lib64/libz.so.1.2.3
7fd1a3c22000-7fd1a3c23000 r--p 00014000 fd:00 131140                     /lib64/libz.so.1.2.3
7fd1a3c23000-7fd1a3c24000 rw-p 00015000 fd:00 131140                     /lib64/libz.so.1.2.3
7fd1a3c24000-7fd1a3c2b000 r-xp 00000000 fd:00 131125                     /lib64/librt-2.12.so
7fd1a3c2b000-7fd1a3e2a000 ---p 00007000 fd:00 131125                     /lib64/librt-2.12.so
7fd1a3e2a000-7fd1a3e2b000 r--p 00006000 fd:00 131125                     /lib64/librt-2.12.so
7fd1a3e2b000-7fd1a3e2c000 rw-p 00007000 fd:00 131125                     /lib64/librt-2.12.so
7fd1a3e2c000-7fd1a3e30000 r-xp 00000000 fd:00 131171                     /lib64/libuuid.so.1.3.0
7fd1a3e30000-7fd1a402f000 ---p 00004000 fd:00 131171                     /lib64/libuuid.so.1.3.0
7fd1a402f000-7fd1a4030000 rw-p 00003000 fd:00 131171                     /lib64/libuuid.so.1.3.0
7fd1a4030000-7fd1a4032000 r-xp 00000000 fd:00 131199                     /lib64/libutil-2.12.so
7fd1a4032000-7fd1a4231000 ---p 00002000 fd:00 131199                     /lib64/libutil-2.12.so
7fd1a4231000-7fd1a4232000 r--p 00001000 fd:00 131199                     /lib64/libutil-2.12.so
7fd1a4232000-7fd1a4233000 rw-p 00002000 fd:00 131199                     /lib64/libutil-2.12.so
7fd1a4233000-7fd1a424a000 r-xp 00000000 fd:00 131110                     /lib64/libpthread-2.12.so
7fd1a424a000-7fd1a444a000 ---p 00017000 fd:00 131110                     /lib64/libpthread-2.12.so
7fd1a444a000-7fd1a444b000 r--p 00017000 fd:00 131110                     /lib64/libpthread-2.12.so
7fd1a444b000-7fd1a444c000 rw-p 00018000 fd:00 131110                     /lib64/libpthread-2.12.so
7fd1a444c000-7fd1a4450000 rw-p 00000000 00:00 0 
7fd1a4450000-7fd1a471a000 r-xp 00000000 fd:00 416696                     /usr/lib64/R/lib/libR.so
7fd1a471a000-7fd1a4919000 ---p 002ca000 fd:00 416696                     /usr/lib64/R/lib/libR.so
7fd1a4919000-7fd1a492a000 rw-p 002c9000 fd:00 416696                     /usr/lib64/R/lib/libR.so
7fd1a492a000-7fd1a4a15000 rw-p 00000000 00:00 0 
7fd1a4a15000-7fd1a4a35000 r-xp 00000000 fd:00 152325                     /lib64/ld-2.12.so
7fd1a4a37000-7fd1a4a6c000 r--s 00000000 fd:03 1778                       /var/db/nscd/passwd
7fd1a4a6c000-7fd1a4c27000 rw-p 00000000 00:00 0 
7fd1a4c29000-7fd1a4c2b000 rw-p 00000000 00:00 0 
7fd1a4c2b000-7fd1a4c2c000 r--p 00000000 00:00 0 
7fd1a4c2c000-7fd1a4c33000 r--s 00000000 fd:00 396542                     /usr/lib64/gconv/gconv-modules.cache
7fd1a4c33000-7fd1a4c34000 rw-p 00000000 00:00 0 
7fd1a4c34000-7fd1a4c35000 r--p 0001f000 fd:00 152325                     /lib64/ld-2.12.so
7fd1a4c35000-7fd1a4c36000 rw-p 00020000 fd:00 152325                     /lib64/ld-2.12.so
7fd1a4c36000-7fd1a4c37000 rw-p 00000000 00:00 0 
7fff57f3f000-7fff57f42000 ---p 00000000 00:00 0 
7fff57f43000-7fff5803f000 rw-p 00000000 00:00 0                          [stack]
7fff5804b000-7fff5804c000 r-xp 00000000 00:00 0                          [vdso]
ffffffffff600000-ffffffffff601000 r-xp 00000000 00:00 0                  [vsyscall]

VM Arguments:
jvm_args: -Xmx512m -Xrs vfprintf exit 
java_command: <unknown>
java_class_path (initial): /home/kniehaus/R/x86_64-redhat-linux-gnu-library/3.1/rJava/java/boot
Launcher Type: generic

Environment Variables:
PATH=/usr/local/sbin:/usr/local/bin:/usr/bin:/usr/sbin:/sbin:/bin
LD_LIBRARY_PATH=/usr/lib64/R/lib:/lib:/usr/local/lib64:/opt/jdk1.8.0_45/jre/lib/amd64/server:@JAVA_LD@:@JAVA_LD@:@JAVA_LD@:@JAVA_LD@:@JAVA_LD@:@JAVA_LD@:@JAVA_LD@:@JAVA_LD@:@JAVA_LD@:@JAVA_LD@:@JAVA_LD@:@JAVA_LD@:@JAVA_LD@:@JAVA_LD@:@JAVA_LD@:@JAVA_LD@:@JAVA_LD@:@JAVA_LD@:@JAVA_LD@:@JAVA_LD@:@JAVA_LD@:@JAVA_LD@:@JAVA_LD@:@JAVA_LD@:@JAVA_LD@:@JAVA_LD@:@JAVA_LD@:@JAVA_LD@:@JAVA_LD@:@JAVA_LD@:@JAVA_LD@:@JAVA_LD@:@JAVA_LD@:@JAVA_LD@:@JAVA_LD@:@JAVA_LD@:@JAVA_LD@:@JAVA_LD@:@JAVA_LD@:@JAVA_LD@:@JAVA_LD@:@JAVA_LD@:@JAVA_LD@:@JAVA_LD@:@JAVA_LD@:@JAVA_LD@:@JAVA_LD@:@JAVA_LD@:@JAVA_LD@:@JAVA_LD@:@JAVA_LD@:@JAVA_LD@:@JAVA_LD@:@JAVA_LD@:@JAVA_LD@:@JAVA_LD@:@JAVA_LD@:@JAVA_LD@
DISPLAY=:0

Signal Handlers:
SIGSEGV: [libjvm.so+0xaad1e0], sa_mask[0]=11111111011111111101111111111110, sa_flags=SA_RESTART|SA_SIGINFO
SIGBUS: [libjvm.so+0xaad1e0], sa_mask[0]=11111111011111111101111111111110, sa_flags=SA_RESTART|SA_SIGINFO
SIGFPE: [libjvm.so+0x90b450], sa_mask[0]=11111111011111111101111111111110, sa_flags=SA_RESTART|SA_SIGINFO
SIGPIPE: [libjvm.so+0x90b450], sa_mask[0]=11111111011111111101111111111110, sa_flags=SA_RESTART|SA_SIGINFO
SIGXFSZ: [libjvm.so+0x90b450], sa_mask[0]=11111111011111111101111111111110, sa_flags=SA_RESTART|SA_SIGINFO
SIGILL: [libjvm.so+0x90b450], sa_mask[0]=11111111011111111101111111111110, sa_flags=SA_RESTART|SA_SIGINFO
SIGUSR1: [rsession+0x288820], sa_mask[0]=00000000010000000000000000000000, sa_flags=SA_RESTART
SIGUSR2: [libjvm.so+0x90ca90], sa_mask[0]=01000000000000000000000000000000, sa_flags=SA_RESTART|SA_SIGINFO
SIGHUP: SIG_IGN, sa_mask[0]=00000000000000000000000000000000, sa_flags=none
SIGINT: SIG_DFL, sa_mask[0]=00000000000000000000000000000000, sa_flags=none
SIGTERM: SIG_DFL, sa_mask[0]=00000000000000000000000000000000, sa_flags=none
SIGQUIT: SIG_DFL, sa_mask[0]=00000000000000000000000000000000, sa_flags=none


---------------  S Y S T E M  ---------------

OS:Red Hat Enterprise Linux Server release 6.6 (Santiago)

uname:Linux 2.6.32-504.3.3.el6.x86_64 #1 SMP Fri Dec 12 16:05:43 EST 2014 x86_64
libc:glibc 2.12 NPTL 2.12 
rlimit: STACK 10240k, CORE 0k, NPROC 256705, NOFILE 4096, AS infinity
load average:0.72 0.36 0.17

/proc/meminfo:
MemTotal:       32877008 kB
MemFree:          226048 kB
Buffers:            2164 kB
Cached:           242660 kB
SwapCached:        13888 kB
Active:         29851572 kB
Inactive:        2422588 kB
Active(anon):   29836388 kB
Inactive(anon):  2331784 kB
Active(file):      15184 kB
Inactive(file):    90804 kB
Unevictable:           0 kB
Mlocked:               0 kB
SwapTotal:       2097148 kB
SwapFree:              0 kB
Dirty:                92 kB
Writeback:             0 kB
AnonPages:      32015664 kB
Mapped:           155152 kB
Shmem:            138720 kB
Slab:              83380 kB
SReclaimable:      13552 kB
SUnreclaim:        69828 kB
KernelStack:        2616 kB
PageTables:        79204 kB
NFS_Unstable:          0 kB
Bounce:                0 kB
WritebackTmp:          0 kB
CommitLimit:    18535652 kB
Committed_AS:   35666380 kB
VmallocTotal:   34359738367 kB
VmallocUsed:      199628 kB
VmallocChunk:   34359528256 kB
HardwareCorrupted:     0 kB
AnonHugePages:  12619776 kB
HugePages_Total:       0
HugePages_Free:        0
HugePages_Rsvd:        0
HugePages_Surp:        0
Hugepagesize:       2048 kB
DirectMap4k:       10240 kB
DirectMap2M:    33544192 kB


CPU:total 4 (1 cores per cpu, 1 threads per core) family 6 model 45 stepping 2, cmov, cx8, fxsr, mmx, sse, sse2, sse3, ssse3, sse4.1, sse4.2, popcnt, avx, aes, clmul, tsc, tscinvbit, tscinv

/proc/cpuinfo:
processor	: 0
vendor_id	: GenuineIntel
cpu family	: 6
model		: 45
model name	: Intel(R) Xeon(R) CPU E5-2680 v2 @ 2.80GHz
stepping	: 2
microcode	: 1063
cpu MHz		: 2800.000
cache size	: 25600 KB
physical id	: 0
siblings	: 1
core id		: 0
cpu cores	: 1
apicid		: 0
initial apicid	: 0
fpu		: yes
fpu_exception	: yes
cpuid level	: 13
wp		: yes
flags		: fpu vme de pse tsc msr pae mce cx8 apic sep mtrr pge mca cmov pat pse36 clflush dts mmx fxsr sse sse2 ss syscall nx rdtscp lm constant_tsc arch_perfmon pebs bts xtopology tsc_reliable nonstop_tsc aperfmperf unfair_spinlock pni pclmulqdq ssse3 cx16 sse4_1 sse4_2 popcnt aes xsave avx hypervisor lahf_lm ida arat pln pts dts
bogomips	: 5600.00
clflush size	: 64
cache_alignment	: 64
address sizes	: 40 bits physical, 48 bits virtual
power management:

processor	: 1
vendor_id	: GenuineIntel
cpu family	: 6
model		: 45
model name	: Intel(R) Xeon(R) CPU E5-2680 v2 @ 2.80GHz
stepping	: 2
microcode	: 1063
cpu MHz		: 2800.000
cache size	: 25600 KB
physical id	: 2
siblings	: 1
core id		: 0
cpu cores	: 1
apicid		: 2
initial apicid	: 2
fpu		: yes
fpu_exception	: yes
cpuid level	: 13
wp		: yes
flags		: fpu vme de pse tsc msr pae mce cx8 apic sep mtrr pge mca cmov pat pse36 clflush dts mmx fxsr sse sse2 ss syscall nx rdtscp lm constant_tsc arch_perfmon pebs bts xtopology tsc_reliable nonstop_tsc aperfmperf unfair_spinlock pni pclmulqdq ssse3 cx16 sse4_1 sse4_2 popcnt aes xsave avx hypervisor lahf_lm ida arat pln pts dts
bogomips	: 5600.00
clflush size	: 64
cache_alignment	: 64
address sizes	: 40 bits physical, 48 bits virtual
power management:

processor	: 2
vendor_id	: GenuineIntel
cpu family	: 6
model		: 45
model name	: Intel(R) Xeon(R) CPU E5-2680 v2 @ 2.80GHz
stepping	: 2
microcode	: 1063
cpu MHz		: 2800.000
cache size	: 25600 KB
physical id	: 4
siblings	: 1
core id		: 0
cpu cores	: 1
apicid		: 4
initial apicid	: 4
fpu		: yes
fpu_exception	: yes
cpuid level	: 13
wp		: yes
flags		: fpu vme de pse tsc msr pae mce cx8 apic sep mtrr pge mca cmov pat pse36 clflush dts mmx fxsr sse sse2 ss syscall nx rdtscp lm constant_tsc arch_perfmon pebs bts xtopology tsc_reliable nonstop_tsc aperfmperf unfair_spinlock pni pclmulqdq ssse3 cx16 sse4_1 sse4_2 popcnt aes xsave avx hypervisor lahf_lm ida arat pln pts dts
bogomips	: 5600.00
clflush size	: 64
cache_alignment	: 64
address sizes	: 40 bits physical, 48 bits virtual
power management:

processor	: 3
vendor_id	: GenuineIntel
cpu family	: 6
model		: 45
model name	: Intel(R) Xeon(R) CPU E5-2680 v2 @ 2.80GHz
stepping	: 2
microcode	: 1063
cpu MHz		: 2800.000
cache size	: 25600 KB
physical id	: 6
siblings	: 1
core id		: 0
cpu cores	: 1
apicid		: 6
initial apicid	: 6
fpu		: yes
fpu_exception	: yes
cpuid level	: 13
wp		: yes
flags		: fpu vme de pse tsc msr pae mce cx8 apic sep mtrr pge mca cmov pat pse36 clflush dts mmx fxsr sse sse2 ss syscall nx rdtscp lm constant_tsc arch_perfmon pebs bts xtopology tsc_reliable nonstop_tsc aperfmperf unfair_spinlock pni pclmulqdq ssse3 cx16 sse4_1 sse4_2 popcnt aes xsave avx hypervisor lahf_lm ida arat pln pts dts
bogomips	: 5600.00
clflush size	: 64
cache_alignment	: 64
address sizes	: 40 bits physical, 48 bits virtual
power management:



Memory: 4k page, physical 32877008k(226048k free), swap 2097148k(0k free)

vm_info: Java HotSpot(TM) 64-Bit Server VM (25.45-b02) for linux-amd64 JRE (1.8.0_45-b14), built on Apr 10 2015 10:07:45 by "java_re" with gcc 4.3.0 20080428 (Red Hat 4.3.0-8)

time: Wed Sep  9 18:33:23 2015
elapsed time: 0 seconds (0d 0h 0m 0s)

