#
# There is insufficient memory for the Java Runtime Environment to continue.
# Native memory allocation (mmap) failed to map 351272960 bytes for committing reserved memory.
# Possible reasons:
#   The system is out of physical RAM or swap space
#   In 32 bit mode, the process size limit was hit
# Possible solutions:
#   Reduce memory load on the system
#   Increase physical memory or swap space
#   Check if swap backing store is full
#   Use 64 bit Java on a 64 bit OS
#   Decrease Java heap size (-Xmx/-Xms)
#   Decrease number of Java threads
#   Decrease Java thread stack sizes (-Xss)
#   Set larger code cache with -XX:ReservedCodeCacheSize=
# This output file may be truncated or incomplete.
#
#  Out of Memory Error (os_linux.cpp:2673), pid=16983, tid=140244776904864
#
# JRE version:  (8.0_45-b14) (build )
# Java VM: Java HotSpot(TM) 64-Bit Server VM (25.45-b02 mixed mode linux-amd64 compressed oops)
# Failed to write core dump. Core dumps have been disabled. To enable core dumping, try "ulimit -c unlimited" before starting Java again
#

---------------  T H R E A D  ---------------

Current thread (0x000000003e16d800):  JavaThread "Unknown thread" [_thread_in_vm, id=16983, stack(0x00007fffd2ea1000,0x00007fffd2fa1000)]

Stack: [0x00007fffd2ea1000,0x00007fffd2fa1000],  sp=0x00007fffd2f863b0,  free space=916k
Native frames: (J=compiled Java code, j=interpreted, Vv=VM code, C=native code)
V  [libjvm.so+0xaac99a]  VMError::report_and_die()+0x2ba
V  [libjvm.so+0x4f333b]  report_vm_out_of_memory(char const*, int, unsigned long, VMErrorType, char const*)+0x8b
V  [libjvm.so+0x90e7c3]  os::Linux::commit_memory_impl(char*, unsigned long, bool)+0x103
V  [libjvm.so+0x90ed19]  os::pd_commit_memory(char*, unsigned long, unsigned long, bool)+0x29
V  [libjvm.so+0x90867a]  os::commit_memory(char*, unsigned long, unsigned long, bool)+0x2a
V  [libjvm.so+0x97bac3]  PSVirtualSpace::expand_by(unsigned long)+0x53
V  [libjvm.so+0x96bb77]  PSOldGen::initialize(ReservedSpace, unsigned long, char const*, int)+0xb7
V  [libjvm.so+0x2d4cda]  AdjoiningGenerations::AdjoiningGenerations(ReservedSpace, GenerationSizer*, unsigned long)+0x39a
V  [libjvm.so+0x931716]  ParallelScavengeHeap::initialize()+0x1d6
V  [libjvm.so+0xa75aab]  Universe::initialize_heap()+0xfb
V  [libjvm.so+0xa75e1e]  universe_init()+0x3e
V  [libjvm.so+0x62f635]  init_globals()+0x65
V  [libjvm.so+0xa5a02e]  Threads::create_vm(JavaVMInitArgs*, bool*)+0x23e
V  [libjvm.so+0x6c3244]  JNI_CreateJavaVM+0x74
C  [rJava.so+0xa240]  RinitJVM+0x420


---------------  P R O C E S S  ---------------

Java Threads: ( => current thread )

Other Threads:

=>0x000000003e16d800 (exited) JavaThread "Unknown thread" [_thread_in_vm, id=16983, stack(0x00007fffd2ea1000,0x00007fffd2fa1000)]

VM state:not at safepoint (not fully initialized)

VM Mutex/Monitor currently owned by a thread: None

GC Heap History (0 events):
No events

Deoptimization events (0 events):
No events

Internal exceptions (0 events):
No events

Events (0 events):
No events


Dynamic libraries:
00400000-011cf000 r-xp 00000000 fd:00 5141                               /usr/lib/rstudio-server/bin/rsession
013cf000-013e9000 r--p 00dcf000 fd:00 5141                               /usr/lib/rstudio-server/bin/rsession
013e9000-013ee000 rw-p 00de9000 fd:00 5141                               /usr/lib/rstudio-server/bin/rsession
013ee000-013f3000 rw-p 00000000 00:00 0 
03322000-40c83000 rw-p 00000000 00:00 0                                  [heap]
f4f00000-f5580000 ---p 00000000 00:00 0 
f5580000-ffc80000 rw-p 00000000 00:00 0 
ffc80000-100000000 ---p 00000000 00:00 0 
7f8d0c567000-7f8d0c6fc000 rw-p 00000000 00:00 0 
7f8d0c6fc000-7f8d0c7a6000 ---p 00000000 00:00 0 
7f8d0c7a6000-7f8d0c7fb000 rw-p 00000000 00:00 0 
7f8d0c7fb000-7f8d0c7fc000 ---p 00000000 00:00 0 
7f8d0c7fc000-7f8d0c807000 rw-p 00000000 00:00 0 
7f8d0c807000-7f8d0cbbd000 ---p 00000000 00:00 0 
7f8d0cbbd000-7f8d0ce2d000 rwxp 00000000 00:00 0 
7f8d0ce2d000-7f8d1bbbd000 ---p 00000000 00:00 0 
7f8d1bbbd000-7f8d1bbd7000 r-xp 00000000 fd:00 542197                     /opt/jdk1.8.0_45/jre/lib/amd64/libzip.so
7f8d1bbd7000-7f8d1bdd7000 ---p 0001a000 fd:00 542197                     /opt/jdk1.8.0_45/jre/lib/amd64/libzip.so
7f8d1bdd7000-7f8d1bdd8000 rw-p 0001a000 fd:00 542197                     /opt/jdk1.8.0_45/jre/lib/amd64/libzip.so
7f8d1bdd8000-7f8d1be02000 r-xp 00000000 fd:00 542190                     /opt/jdk1.8.0_45/jre/lib/amd64/libjava.so
7f8d1be02000-7f8d1c002000 ---p 0002a000 fd:00 542190                     /opt/jdk1.8.0_45/jre/lib/amd64/libjava.so
7f8d1c002000-7f8d1c004000 rw-p 0002a000 fd:00 542190                     /opt/jdk1.8.0_45/jre/lib/amd64/libjava.so
7f8d1c004000-7f8d1c011000 r-xp 00000000 fd:00 542231                     /opt/jdk1.8.0_45/jre/lib/amd64/libverify.so
7f8d1c011000-7f8d1c211000 ---p 0000d000 fd:00 542231                     /opt/jdk1.8.0_45/jre/lib/amd64/libverify.so
7f8d1c211000-7f8d1c213000 rw-p 0000d000 fd:00 542231                     /opt/jdk1.8.0_45/jre/lib/amd64/libverify.so
7f8d1c213000-7f8d1c245000 r-xp 00000000 00:15 2397681                    /home/kniehaus/R/x86_64-redhat-linux-gnu-library/3.1/data.table/libs/datatable.so
7f8d1c245000-7f8d1c444000 ---p 00032000 00:15 2397681                    /home/kniehaus/R/x86_64-redhat-linux-gnu-library/3.1/data.table/libs/datatable.so
7f8d1c444000-7f8d1c446000 rw-p 00031000 00:15 2397681                    /home/kniehaus/R/x86_64-redhat-linux-gnu-library/3.1/data.table/libs/datatable.so
7f8d1c446000-7f8d1c4aa000 rw-p 00000000 00:00 0 
7f8d1c4aa000-7f8d1c4ac000 r-xp 00000000 00:15 2669338                    /home/kniehaus/R/x86_64-redhat-linux-gnu-library/3.1/chron/libs/chron.so
7f8d1c4ac000-7f8d1c6ab000 ---p 00002000 00:15 2669338                    /home/kniehaus/R/x86_64-redhat-linux-gnu-library/3.1/chron/libs/chron.so
7f8d1c6ab000-7f8d1c6ac000 rw-p 00001000 00:15 2669338                    /home/kniehaus/R/x86_64-redhat-linux-gnu-library/3.1/chron/libs/chron.so
7f8d1c6ac000-7f8d1c6ad000 r-xp 00000000 00:15 357016                     /home/kniehaus/R/x86_64-redhat-linux-gnu-library/3.1/lars/libs/lars.so
7f8d1c6ad000-7f8d1c8ac000 ---p 00001000 00:15 357016                     /home/kniehaus/R/x86_64-redhat-linux-gnu-library/3.1/lars/libs/lars.so
7f8d1c8ac000-7f8d1c8ad000 rw-p 00000000 00:15 357016                     /home/kniehaus/R/x86_64-redhat-linux-gnu-library/3.1/lars/libs/lars.so
7f8d1c8ad000-7f8d1c8f3000 r-xp 00000000 00:15 3181654                    /home/kniehaus/R/x86_64-redhat-linux-gnu-library/3.1/glmnet/libs/glmnet.so
7f8d1c8f3000-7f8d1caf3000 ---p 00046000 00:15 3181654                    /home/kniehaus/R/x86_64-redhat-linux-gnu-library/3.1/glmnet/libs/glmnet.so
7f8d1caf3000-7f8d1caf4000 rw-p 00046000 00:15 3181654                    /home/kniehaus/R/x86_64-redhat-linux-gnu-library/3.1/glmnet/libs/glmnet.so
7f8d1caf4000-7f8d1caf6000 r-xp 00000000 00:15 1768206                    /home/kniehaus/R/x86_64-redhat-linux-gnu-library/3.1/caret/libs/caret.so
7f8d1caf6000-7f8d1ccf5000 ---p 00002000 00:15 1768206                    /home/kniehaus/R/x86_64-redhat-linux-gnu-library/3.1/caret/libs/caret.so
7f8d1ccf5000-7f8d1ccf6000 rw-p 00001000 00:15 1768206                    /home/kniehaus/R/x86_64-redhat-linux-gnu-library/3.1/caret/libs/caret.so
7f8d1ccf6000-7f8d1cd17000 r-xp 00000000 00:15 1465787                    /home/kniehaus/R/x86_64-redhat-linux-gnu-library/3.1/quantreg/libs/quantreg.so
7f8d1cd17000-7f8d1cf17000 ---p 00021000 00:15 1465787                    /home/kniehaus/R/x86_64-redhat-linux-gnu-library/3.1/quantreg/libs/quantreg.so
7f8d1cf17000-7f8d1cf18000 rw-p 00021000 00:15 1465787                    /home/kniehaus/R/x86_64-redhat-linux-gnu-library/3.1/quantreg/libs/quantreg.so
7f8d1cf18000-7f8d1cf27000 r-xp 00000000 00:15 3351135                    /home/kniehaus/R/x86_64-redhat-linux-gnu-library/3.1/SparseM/libs/SparseM.so
7f8d1cf27000-7f8d1d126000 ---p 0000f000 00:15 3351135                    /home/kniehaus/R/x86_64-redhat-linux-gnu-library/3.1/SparseM/libs/SparseM.so
7f8d1d126000-7f8d1d127000 rw-p 0000e000 00:15 3351135                    /home/kniehaus/R/x86_64-redhat-linux-gnu-library/3.1/SparseM/libs/SparseM.so
7f8d1d127000-7f8d1d169000 r-xp 00000000 fd:00 538332                     /usr/lib64/R/library/mgcv/libs/mgcv.so
7f8d1d169000-7f8d1d368000 ---p 00042000 fd:00 538332                     /usr/lib64/R/library/mgcv/libs/mgcv.so
7f8d1d368000-7f8d1d36a000 rw-p 00041000 fd:00 538332                     /usr/lib64/R/library/mgcv/libs/mgcv.so
7f8d1d36a000-7f8d1d36e000 r-xp 00000000 fd:00 533120                     /usr/lib64/R/library/parallel/libs/parallel.so
7f8d1d36e000-7f8d1d56e000 ---p 00004000 fd:00 533120                     /usr/lib64/R/library/parallel/libs/parallel.so
7f8d1d56e000-7f8d1d56f000 rw-p 00004000 fd:00 533120                     /usr/lib64/R/library/parallel/libs/parallel.so
7f8d1d56f000-7f8d1d573000 r-xp 00000000 fd:00 533061                     /usr/lib64/R/library/nnet/libs/nnet.so
7f8d1d573000-7f8d1d772000 ---p 00004000 fd:00 533061                     /usr/lib64/R/library/nnet/libs/nnet.so
7f8d1d772000-7f8d1d773000 rw-p 00003000 fd:00 533061                     /usr/lib64/R/library/nnet/libs/nnet.so
7f8d1d773000-7f8d1d7d2000 r-xp 00000000 00:15 1823835                    /home/kniehaus/R/x86_64-redhat-linux-gnu-library/3.1/lme4/libs/lme4.so
7f8d1d7d2000-7f8d1d9d2000 ---p 0005f000 00:15 1823835                    /home/kniehaus/R/x86_64-redhat-linux-gnu-library/3.1/lme4/libs/lme4.so
7f8d1d9d2000-7f8d1d9d5000 rw-p 0005f000 00:15 1823835                    /home/kniehaus/R/x86_64-redhat-linux-gnu-library/3.1/lme4/libs/lme4.so
7f8d1d9d5000-7f8d1d9d6000 rw-p 00000000 00:00 0 
7f8d1d9d6000-7f8d1da3e000 r-xp 00000000 00:15 1532019                    /home/kniehaus/R/x86_64-redhat-linux-gnu-library/3.1/nloptr/libs/nloptr.so
7f8d1da3e000-7f8d1dc3e000 ---p 00068000 00:15 1532019                    /home/kniehaus/R/x86_64-redhat-linux-gnu-library/3.1/nloptr/libs/nloptr.so
7f8d1dc3e000-7f8d1dc3f000 rw-p 00068000 00:15 1532019                    /home/kniehaus/R/x86_64-redhat-linux-gnu-library/3.1/nloptr/libs/nloptr.so
7f8d1dc3f000-7f8d1dc61000 r-xp 00000000 00:15 1633618                    /home/kniehaus/R/x86_64-redhat-linux-gnu-library/3.1/minqa/libs/minqa.so
7f8d1dc61000-7f8d1de60000 ---p 00022000 00:15 1633618                    /home/kniehaus/R/x86_64-redhat-linux-gnu-library/3.1/minqa/libs/minqa.so
7f8d1de60000-7f8d1de62000 rw-p 00021000 00:15 1633618                    /home/kniehaus/R/x86_64-redhat-linux-gnu-library/3.1/minqa/libs/minqa.so
7f8d1de62000-7f8d1df21000 r-xp 00000000 fd:00 417159                     /usr/lib64/R/library/Matrix/libs/Matrix.so
7f8d1df21000-7f8d1e120000 ---p 000bf000 fd:00 417159                     /usr/lib64/R/library/Matrix/libs/Matrix.so
7f8d1e120000-7f8d1e124000 rw-p 000be000 fd:00 417159                     /usr/lib64/R/library/Matrix/libs/Matrix.so
7f8d1e124000-7f8d1e125000 rw-p 00000000 00:00 0 
7f8d1e125000-7f8d1e127000 r-xp 00000000 fd:00 533339                     /usr/lib64/R/library/splines/libs/splines.so
7f8d1e127000-7f8d1e326000 ---p 00002000 fd:00 533339                     /usr/lib64/R/library/splines/libs/splines.so
7f8d1e326000-7f8d1e327000 rw-p 00001000 fd:00 533339                     /usr/lib64/R/library/splines/libs/splines.so
7f8d1e327000-7f8d1e328000 r-xp 00000000 00:15 2268910                    /home/kniehaus/R/x86_64-redhat-linux-gnu-library/3.1/gtools/libs/gtools.so
7f8d1e328000-7f8d1e527000 ---p 00001000 00:15 2268910                    /home/kniehaus/R/x86_64-redhat-linux-gnu-library/3.1/gtools/libs/gtools.so
7f8d1e527000-7f8d1e528000 rw-p 00000000 00:15 2268910                    /home/kniehaus/R/x86_64-redhat-linux-gnu-library/3.1/gtools/libs/gtools.so
7f8d1e528000-7f8d1e529000 r-xp 00000000 00:15 3143848                    /home/kniehaus/R/x86_64-redhat-linux-gnu-library/3.1/brglm/libs/brglm.so
7f8d1e529000-7f8d1e728000 ---p 00001000 00:15 3143848                    /home/kniehaus/R/x86_64-redhat-linux-gnu-library/3.1/brglm/libs/brglm.so
7f8d1e728000-7f8d1e729000 rw-p 00000000 00:15 3143848                    /home/kniehaus/R/x86_64-redhat-linux-gnu-library/3.1/brglm/libs/brglm.so
7f8d1e729000-7f8d1e73b000 r-xp 00000000 fd:00 532994                     /usr/lib64/R/library/nlme/libs/nlme.so
7f8d1e73b000-7f8d1e93a000 ---p 00012000 fd:00 532994                     /usr/lib64/R/library/nlme/libs/nlme.so
7f8d1e93a000-7f8d1e93b000 rw-p 00011000 fd:00 532994                     /usr/lib64/R/library/nlme/libs/nlme.so
7f8d1e93b000-7f8d1e93e000 r-xp 00000000 fd:00 418727                     /usr/lib64/R/library/lattice/libs/lattice.so
7f8d1e93e000-7f8d1eb3d000 ---p 00003000 fd:00 418727                     /usr/lib64/R/library/lattice/libs/lattice.so
7f8d1eb3d000-7f8d1eb3e000 rw-p 00002000 fd:00 418727                     /usr/lib64/R/library/lattice/libs/lattice.so
7f8d1eb3e000-7f8d1eb3f000 r-xp 00000000 00:15 2396968                    /home/kniehaus/R/x86_64-redhat-linux-gnu-library/3.1/devtools/libs/devtools.so
7f8d1eb3f000-7f8d1ed3e000 ---p 00001000 00:15 2396968                    /home/kniehaus/R/x86_64-redhat-linux-gnu-library/3.1/devtools/libs/devtools.so
7f8d1ed3e000-7f8d1ed3f000 rw-p 00000000 00:15 2396968                    /home/kniehaus/R/x86_64-redhat-linux-gnu-library/3.1/devtools/libs/devtools.so
7f8d1ed3f000-7f8d1ee2a000 r-xp 00000000 00:15 3219665                    /home/kniehaus/R/x86_64-redhat-linux-gnu-library/3.1/git2r/libs/git2r.so
7f8d1ee2a000-7f8d1f02a000 ---p 000eb000 00:15 3219665                    /home/kniehaus/R/x86_64-redhat-linux-gnu-library/3.1/git2r/libs/git2r.so
7f8d1f02a000-7f8d1f02f000 rw-p 000eb000 00:15 3219665                    /home/kniehaus/R/x86_64-redhat-linux-gnu-library/3.1/git2r/libs/git2r.so
7f8d1f02f000-7f8d1f178000 r-xp 00000000 fd:00 396923                     /usr/lib64/libxml2.so.2.7.6
7f8d1f178000-7f8d1f377000 ---p 00149000 fd:00 396923                     /usr/lib64/libxml2.so.2.7.6
7f8d1f377000-7f8d1f380000 rw-p 00148000 fd:00 396923                     /usr/lib64/libxml2.so.2.7.6
7f8d1f380000-7f8d1f382000 rw-p 00000000 00:00 0 
7f8d1f382000-7f8d1f3b0000 r-xp 00000000 00:15 2391130                    /home/kniehaus/R/x86_64-redhat-linux-gnu-library/3.1/xml2/libs/xml2.so
7f8d1f3b0000-7f8d1f5b0000 ---p 0002e000 00:15 2391130                    /home/kniehaus/R/x86_64-redhat-linux-gnu-library/3.1/xml2/libs/xml2.so
7f8d1f5b0000-7f8d1f5b2000 rw-p 0002e000 00:15 2391130                    /home/kniehaus/R/x86_64-redhat-linux-gnu-library/3.1/xml2/libs/xml2.so
7f8d1f5b2000-7f8d1f5b3000 rw-p 00000000 00:00 0 
7f8d1f5b3000-7f8d1f76c000 r-xp 00000000 fd:00 396761                     /usr/lib64/libcrypto.so.1.0.1e
7f8d1f76c000-7f8d1f96b000 ---p 001b9000 fd:00 396761                     /usr/lib64/libcrypto.so.1.0.1e
7f8d1f96b000-7f8d1f986000 r--p 001b8000 fd:00 396761                     /usr/lib64/libcrypto.so.1.0.1e
7f8d1f986000-7f8d1f992000 rw-p 001d3000 fd:00 396761                     /usr/lib64/libcrypto.so.1.0.1e
7f8d1f992000-7f8d1f996000 rw-p 00000000 00:00 0 
7f8d1f996000-7f8d1f9f8000 r-xp 00000000 fd:00 400804                     /usr/lib64/libssl.so.1.0.1e
7f8d1f9f8000-7f8d1fbf7000 ---p 00062000 fd:00 400804                     /usr/lib64/libssl.so.1.0.1e
7f8d1fbf7000-7f8d1fbfb000 r--p 00061000 fd:00 400804                     /usr/lib64/libssl.so.1.0.1e
7f8d1fbfb000-7f8d1fc02000 rw-p 00065000 fd:00 400804                     /usr/lib64/libssl.so.1.0.1e
7f8d1fc02000-7f8d1fc1b000 r-xp 00000000 fd:00 397000                     /usr/lib64/libsasl2.so.2.0.23
7f8d1fc1b000-7f8d1fe1a000 ---p 00019000 fd:00 397000                     /usr/lib64/libsasl2.so.2.0.23
7f8d1fe1a000-7f8d1fe1b000 r--p 00018000 fd:00 397000                     /usr/lib64/libsasl2.so.2.0.23
7f8d1fe1b000-7f8d1fe1c000 rw-p 00019000 fd:00 397000                     /usr/lib64/libsasl2.so.2.0.23
7f8d1fe1c000-7f8d1fe2a000 r-xp 00000000 fd:00 131260                     /lib64/liblber-2.4.so.2.10.2
7f8d1fe2a000-7f8d20029000 ---p 0000e000 fd:00 131260                     /lib64/liblber-2.4.so.2.10.2
7f8d20029000-7f8d2002a000 r--p 0000d000 fd:00 131260                     /lib64/liblber-2.4.so.2.10.2
7f8d2002a000-7f8d2002b000 rw-p 0000e000 fd:00 131260                     /lib64/liblber-2.4.so.2.10.2
7f8d2002b000-7f8d20052000 r-xp 00000000 fd:00 401129                     /usr/lib64/libssh2.so.1.0.1
7f8d20052000-7f8d20251000 ---p 00027000 fd:00 401129                     /usr/lib64/libssh2.so.1.0.1
7f8d20251000-7f8d20252000 rw-p 00026000 fd:00 401129                     /usr/lib64/libssh2.so.1.0.1
7f8d20252000-7f8d20253000 rw-p 00000000 00:00 0 
7f8d20253000-7f8d2028c000 r-xp 00000000 fd:00 149689                     /lib64/libnspr4.so
7f8d2028c000-7f8d2048c000 ---p 00039000 fd:00 149689                     /lib64/libnspr4.so
7f8d2048c000-7f8d2048d000 r--p 00039000 fd:00 149689                     /lib64/libnspr4.so
7f8d2048d000-7f8d2048f000 rw-p 0003a000 fd:00 149689                     /lib64/libnspr4.so
7f8d2048f000-7f8d20491000 rw-p 00000000 00:00 0 
7f8d20491000-7f8d20495000 r-xp 00000000 fd:00 149690                     /lib64/libplc4.so
7f8d20495000-7f8d20694000 ---p 00004000 fd:00 149690                     /lib64/libplc4.so
7f8d20694000-7f8d20695000 r--p 00003000 fd:00 149690                     /lib64/libplc4.so
7f8d20695000-7f8d20696000 rw-p 00004000 fd:00 149690                     /lib64/libplc4.so
7f8d20696000-7f8d20699000 r-xp 00000000 fd:00 149691                     /lib64/libplds4.so
7f8d20699000-7f8d20898000 ---p 00003000 fd:00 149691                     /lib64/libplds4.so
7f8d20898000-7f8d20899000 r--p 00002000 fd:00 149691                     /lib64/libplds4.so
7f8d20899000-7f8d2089a000 rw-p 00003000 fd:00 149691                     /lib64/libplds4.so
7f8d2089a000-7f8d208bf000 r-xp 00000000 fd:00 400762                     /usr/lib64/libnssutil3.so
7f8d208bf000-7f8d20abf000 ---p 00025000 fd:00 400762                     /usr/lib64/libnssutil3.so
7f8d20abf000-7f8d20ac5000 r--p 00025000 fd:00 400762                     /usr/lib64/libnssutil3.so
7f8d20ac5000-7f8d20ac6000 rw-p 0002b000 fd:00 400762                     /usr/lib64/libnssutil3.so
7f8d20ac6000-7f8d20bfd000 r-xp 00000000 fd:00 401117                     /usr/lib64/libnss3.so
7f8d20bfd000-7f8d20dfc000 ---p 00137000 fd:00 401117                     /usr/lib64/libnss3.so
7f8d20dfc000-7f8d20e01000 r--p 00136000 fd:00 401117                     /usr/lib64/libnss3.so
7f8d20e01000-7f8d20e03000 rw-p 0013b000 fd:00 401117                     /usr/lib64/libnss3.so
7f8d20e03000-7f8d20e05000 rw-p 00000000 00:00 0 
7f8d20e05000-7f8d20e2d000 r-xp 00000000 fd:00 401119                     /usr/lib64/libsmime3.so
7f8d20e2d000-7f8d2102c000 ---p 00028000 fd:00 401119                     /usr/lib64/libsmime3.so
7f8d2102c000-7f8d21030000 r--p 00027000 fd:00 401119                     /usr/lib64/libsmime3.so
7f8d21030000-7f8d21031000 rw-p 0002b000 fd:00 401119                     /usr/lib64/libsmime3.so
7f8d21031000-7f8d2106c000 r-xp 00000000 fd:00 402971                     /usr/lib64/libssl3.so
7f8d2106c000-7f8d2126b000 ---p 0003b000 fd:00 402971                     /usr/lib64/libssl3.so
7f8d2126b000-7f8d2126e000 r--p 0003a000 fd:00 402971                     /usr/lib64/libssl3.so
7f8d2126e000-7f8d2126f000 rw-p 0003d000 fd:00 402971                     /usr/lib64/libssl3.so
7f8d2126f000-7f8d21270000 rw-p 00000000 00:00 0 
7f8d21270000-7f8d212bd000 r-xp 00000000 fd:00 131262                     /lib64/libldap-2.4.so.2.10.2
7f8d212bd000-7f8d214bc000 ---p 0004d000 fd:00 131262                     /lib64/libldap-2.4.so.2.10.2
7f8d214bc000-7f8d214be000 r--p 0004c000 fd:00 131262                     /lib64/libldap-2.4.so.2.10.2
7f8d214be000-7f8d214c0000 rw-p 0004e000 fd:00 131262                     /lib64/libldap-2.4.so.2.10.2
7f8d214c0000-7f8d214f2000 r-xp 00000000 fd:00 131166                     /lib64/libidn.so.11.6.1
7f8d214f2000-7f8d216f1000 ---p 00032000 fd:00 131166                     /lib64/libidn.so.11.6.1
7f8d216f1000-7f8d216f2000 rw-p 00031000 fd:00 131166                     /lib64/libidn.so.11.6.1
7f8d216f2000-7f8d21744000 r-xp 00000000 fd:00 401130                     /usr/lib64/libcurl.so.4.1.1
7f8d21744000-7f8d21943000 ---p 00052000 fd:00 401130                     /usr/lib64/libcurl.so.4.1.1
7f8d21943000-7f8d21946000 rw-p 00051000 fd:00 401130                     /usr/lib64/libcurl.so.4.1.1
7f8d21946000-7f8d2194d000 r-xp 00000000 00:15 2201879                    /home/kniehaus/R/x86_64-redhat-linux-gnu-library/3.1/curl/libs/curl.so
7f8d2194d000-7f8d21b4c000 ---p 00007000 00:15 2201879                    /home/kniehaus/R/x86_64-redhat-linux-gnu-library/3.1/curl/libs/curl.so
7f8d21b4c000-7f8d21b4f000 rw-p 00006000 00:15 2201879                    /home/kniehaus/R/x86_64-redhat-linux-gnu-library/3.1/curl/libs/curl.so
7f8d21b4f000-7f8d21b5c000 r-xp 00000000 00:15 3359147                    /home/kniehaus/R/x86_64-redhat-linux-gnu-library/3.1/pROC/libs/pROC.so
7f8d21b5c000-7f8d21d5c000 ---p 0000d000 00:15 3359147                    /home/kniehaus/R/x86_64-redhat-linux-gnu-library/3.1/pROC/libs/pROC.so
7f8d21d5c000-7f8d21d5d000 rw-p 0000d000 00:15 3359147                    /home/kniehaus/R/x86_64-redhat-linux-gnu-library/3.1/pROC/libs/pROC.so
7f8d21d5d000-7f8d21d5e000 rw-p 00000000 00:00 0 
7f8d21d5e000-7f8d21d60000 r-xp 00000000 00:15 2693971                    /home/kniehaus/R/x86_64-redhat-linux-gnu-library/3.1/ffbase/libs/ffbase.so
7f8d21d60000-7f8d21f5f000 ---p 00002000 00:15 2693971                    /home/kniehaus/R/x86_64-redhat-linux-gnu-library/3.1/ffbase/libs/ffbase.so
7f8d21f5f000-7f8d21f60000 rw-p 00001000 00:15 2693971                    /home/kniehaus/R/x86_64-redhat-linux-gnu-library/3.1/ffbase/libs/ffbase.so
7f8d21f60000-7f8d21ff1000 r-xp 00000000 00:15 2660037                    /home/kniehaus/R/x86_64-redhat-linux-gnu-library/3.1/ff/libs/ff.so
7f8d21ff1000-7f8d221f0000 ---p 00091000 00:15 2660037                    /home/kniehaus/R/x86_64-redhat-linux-gnu-library/3.1/ff/libs/ff.so
7f8d221f0000-7f8d221f3000 rw-p 00090000 00:15 2660037                    /home/kniehaus/R/x86_64-redhat-linux-gnu-library/3.1/ff/libs/ff.so
7f8d221f3000-7f8d221f5000 r-xp 00000000 00:15 2279246                    /home/kniehaus/R/x86_64-redhat-linux-gnu-library/3.1/fastmatch/libs/fastmatch.so
7f8d221f5000-7f8d223f4000 ---p 00002000 00:15 2279246                    /home/kniehaus/R/x86_64-redhat-linux-gnu-library/3.1/fastmatch/libs/fastmatch.so
7f8d223f4000-7f8d223f5000 rw-p 00001000 00:15 2279246                    /home/kniehaus/R/x86_64-redhat-linux-gnu-library/3.1/fastmatch/libs/fastmatch.so
7f8d223f5000-7f8d223fb000 r-xp 00000000 00:15 2405367                    /home/kniehaus/R/x86_64-redhat-linux-gnu-library/3.1/bit/libs/bit.so
7f8d223fb000-7f8d225fa000 ---p 00006000 00:15 2405367                    /home/kniehaus/R/x86_64-redhat-linux-gnu-library/3.1/bit/libs/bit.so
7f8d225fa000-7f8d225fb000 rw-p 00005000 00:15 2405367                    /home/kniehaus/R/x86_64-redhat-linux-gnu-library/3.1/bit/libs/bit.so
7f8d225fb000-7f8d232a9000 r-xp 00000000 fd:00 542236                     /opt/jdk1.8.0_45/jre/lib/amd64/server/libjvm.so
7f8d232a9000-7f8d234a8000 ---p 00cae000 fd:00 542236                     /opt/jdk1.8.0_45/jre/lib/amd64/server/libjvm.so
7f8d234a8000-7f8d2357f000 rw-p 00cad000 fd:00 542236                     /opt/jdk1.8.0_45/jre/lib/amd64/server/libjvm.so
7f8d2357f000-7f8d235c3000 rw-p 00000000 00:00 0 
7f8d235c3000-7f8d235d2000 r-xp 00000000 00:15 3221933                    /home/kniehaus/R/x86_64-redhat-linux-gnu-library/3.1/rJava/libs/rJava.so
7f8d235d2000-7f8d237d2000 ---p 0000f000 00:15 3221933                    /home/kniehaus/R/x86_64-redhat-linux-gnu-library/3.1/rJava/libs/rJava.so
7f8d237d2000-7f8d237d3000 rw-p 0000f000 00:15 3221933                    /home/kniehaus/R/x86_64-redhat-linux-gnu-library/3.1/rJava/libs/rJava.so
7f8d237d3000-7f8d237d8000 r-xp 00000000 fd:00 416938                     /usr/lib64/R/library/MASS/libs/MASS.so
7f8d237d8000-7f8d239d8000 ---p 00005000 fd:00 416938                     /usr/lib64/R/library/MASS/libs/MASS.so
7f8d239d8000-7f8d239d9000 rw-p 00005000 fd:00 416938                     /usr/lib64/R/library/MASS/libs/MASS.so
7f8d239d9000-7f8d239e4000 r-xp 00000000 00:15 1475343                    /home/kniehaus/R/x86_64-redhat-linux-gnu-library/3.1/scales/libs/scales.so
7f8d239e4000-7f8d23be3000 ---p 0000b000 00:15 1475343                    /home/kniehaus/R/x86_64-redhat-linux-gnu-library/3.1/scales/libs/scales.so
7f8d23be3000-7f8d23be4000 rw-p 0000a000 00:15 1475343                    /home/kniehaus/R/x86_64-redhat-linux-gnu-library/3.1/scales/libs/scales.so
7f8d23be4000-7f8d23be5000 rw-p 00000000 00:00 0 
7f8d23be5000-7f8d23bef000 r-xp 00000000 00:15 2226029                    /home/kniehaus/R/x86_64-redhat-linux-gnu-library/3.1/colorspace/libs/colorspace.so
7f8d23bef000-7f8d23def000 ---p 0000a000 00:15 2226029                    /home/kniehaus/R/x86_64-redhat-linux-gnu-library/3.1/colorspace/libs/colorspace.so
7f8d23def000-7f8d23df0000 rw-p 0000a000 00:15 2226029                    /home/kniehaus/R/x86_64-redhat-linux-gnu-library/3.1/colorspace/libs/colorspace.so
7f8d23df0000-7f8d23dff000 r-xp 00000000 00:15 2495228                    /home/kniehaus/R/x86_64-redhat-linux-gnu-library/3.1/reshape2/libs/reshape2.so
7f8d23dff000-7f8d23ffe000 ---p 0000f000 00:15 2495228                    /home/kniehaus/R/x86_64-redhat-linux-gnu-library/3.1/reshape2/libs/reshape2.so
7f8d23ffe000-7f8d24000000 rw-p 0000e000 00:15 2495228                    /home/kniehaus/R/x86_64-redhat-linux-gnu-library/3.1/reshape2/libs/reshape2.so
7f8d24000000-7f8d24021000 rw-p 00000000 00:00 0 
7f8d24021000-7f8d28000000 ---p 00000000 00:00 0 
7f8d28060000-7f8d29916000 r--s 00000000 00:15 2868778                    /home/kniehaus/R/x86_64-redhat-linux-gnu-library/3.1/stringi/libs/icudt55l.dat
7f8d29916000-7f8d29d5e000 r-xp 00000000 00:15 2868777                    /home/kniehaus/R/x86_64-redhat-linux-gnu-library/3.1/stringi/libs/stringi.so
7f8d29d5e000-7f8d29f5d000 ---p 00448000 00:15 2868777                    /home/kniehaus/R/x86_64-redhat-linux-gnu-library/3.1/stringi/libs/stringi.so
7f8d29f5d000-7f8d29f89000 rw-p 00447000 00:15 2868777                    /home/kniehaus/R/x86_64-redhat-linux-gnu-library/3.1/stringi/libs/stringi.so
7f8d29f89000-7f8d29f8d000 rw-p 00000000 00:00 0 
7f8d29f8d000-7f8d29f95000 r-xp 00000000 00:15 2986491                    /home/kniehaus/R/x86_64-redhat-linux-gnu-library/3.1/plyr/libs/plyr.so
7f8d29f95000-7f8d2a195000 ---p 00008000 00:15 2986491                    /home/kniehaus/R/x86_64-redhat-linux-gnu-library/3.1/plyr/libs/plyr.so
7f8d2a195000-7f8d2a196000 rw-p 00008000 00:15 2986491                    /home/kniehaus/R/x86_64-redhat-linux-gnu-library/3.1/plyr/libs/plyr.so
7f8d2a196000-7f8d2a1e4000 r-xp 00000000 00:15 1109730                    /home/kniehaus/R/x86_64-redhat-linux-gnu-library/3.1/Rcpp/libs/Rcpp.so
7f8d2a1e4000-7f8d2a3e3000 ---p 0004e000 00:15 1109730                    /home/kniehaus/R/x86_64-redhat-linux-gnu-library/3.1/Rcpp/libs/Rcpp.so
7f8d2a3e3000-7f8d2a3e6000 rw-p 0004d000 00:15 1109730                    /home/kniehaus/R/x86_64-redhat-linux-gnu-library/3.1/Rcpp/libs/Rcpp.so
7f8d2a3e6000-7f8d2a3ed000 rw-p 00000000 00:00 0 
7f8d2a3ed000-7f8d2a40a000 r-xp 00000000 fd:00 418625                     /usr/lib64/R/library/grid/libs/grid.so
7f8d2a40a000-7f8d2a60a000 ---p 0001d000 fd:00 418625                     /usr/lib64/R/library/grid/libs/grid.so
7f8d2a60a000-7f8d2a60b000 rw-p 0001d000 fd:00 418625                     /usr/lib64/R/library/grid/libs/grid.so
7f8d2a60b000-7f8d2c000000 rw-p 00000000 00:00 0 
7f8d2c000000-7f8d2c021000 rw-p 00000000 00:00 0 
7f8d2c021000-7f8d30000000 ---p 00000000 00:00 0 
7f8d30000000-7f8d30045000 rw-p 00000000 00:00 0 
7f8d30045000-7f8d34000000 ---p 00000000 00:00 0 
7f8d34000000-7f8d34021000 rw-p 00000000 00:00 0 
7f8d34021000-7f8d38000000 ---p 00000000 00:00 0 
7f8d38010000-7f8d381ff000 rw-p 00000000 00:00 0 
7f8d381ff000-7f8d3821b000 r-xp 00000000 00:15 1541281                    /home/kniehaus/R/x86_64-redhat-linux-gnu-library/3.1/digest/libs/digest.so
7f8d3821b000-7f8d3841a000 ---p 0001c000 00:15 1541281                    /home/kniehaus/R/x86_64-redhat-linux-gnu-library/3.1/digest/libs/digest.so
7f8d3841a000-7f8d3841b000 rw-p 0001b000 00:15 1541281                    /home/kniehaus/R/x86_64-redhat-linux-gnu-library/3.1/digest/libs/digest.so
7f8d3841b000-7f8d3841d000 rw-p 00000000 00:00 0 
7f8d3841d000-7f8d38431000 r-xp 00000000 fd:00 533991                     /usr/lib64/R/library/tools/libs/tools.so
7f8d38431000-7f8d38631000 ---p 00014000 fd:00 533991                     /usr/lib64/R/library/tools/libs/tools.so
7f8d38631000-7f8d38633000 rw-p 00014000 fd:00 533991                     /usr/lib64/R/library/tools/libs/tools.so
7f8d38633000-7f8d38634000 ---p 00000000 00:00 0 
7f8d38634000-7f8d39034000 rw-p 00000000 00:00 0 
7f8d39034000-7f8d39035000 ---p 00000000 00:00 0 
7f8d39035000-7f8d39a35000 rw-p 00000000 00:00 0 
7f8d39a35000-7f8d39bfa000 r-xp 00000000 fd:00 416698                     /usr/lib64/R/lib/libRlapack.so
7f8d39bfa000-7f8d39df9000 ---p 001c5000 fd:00 416698                     /usr/lib64/R/lib/libRlapack.so
7f8d39df9000-7f8d39dfb000 rw-p 001c4000 fd:00 416698                     /usr/lib64/R/lib/libRlapack.so
7f8d39dfb000-7f8d39e9b000 r-xp 00000000 fd:00 533679                     /usr/lib64/R/library/stats/libs/stats.so
7f8d39e9b000-7f8d3a09a000 ---p 000a0000 fd:00 533679                     /usr/lib64/R/library/stats/libs/stats.so
7f8d3a09a000-7f8d3a09e000 rw-p 0009f000 fd:00 533679                     /usr/lib64/R/library/stats/libs/stats.so
7f8d3a09e000-7f8d3a0db000 r-xp 00000000 fd:00 418353                     /usr/lib64/R/library/grDevices/libs/grDevices.so
7f8d3a0db000-7f8d3a2db000 ---p 0003d000 fd:00 418353                     /usr/lib64/R/library/grDevices/libs/grDevices.so
7f8d3a2db000-7f8d3a2e1000 rw-p 0003d000 fd:00 418353                     /usr/lib64/R/library/grDevices/libs/grDevices.so
7f8d3a2e1000-7f8d3a2e2000 rw-p 00000000 00:00 0 
7f8d3a30a000-7f8d3a312000 rw-s 00000000 fd:00 16360                      /tmp/hsperfdata_kniehaus/16983
7f8d3a312000-7f8d3a353000 r-xp 00000000 fd:00 418466                     /usr/lib64/R/library/graphics/libs/graphics.so
7f8d3a353000-7f8d3a552000 ---p 00041000 fd:00 418466                     /usr/lib64/R/library/graphics/libs/graphics.so
7f8d3a552000-7f8d3a554000 rw-p 00040000 fd:00 418466                     /usr/lib64/R/library/graphics/libs/graphics.so
7f8d3a554000-7f8d3a65b000 rw-p 00000000 00:00 0 
7f8d3a65b000-7f8d3a663000 r-xp 00000000 fd:00 418843                     /usr/lib64/R/library/methods/libs/methods.so
7f8d3a663000-7f8d3a862000 ---p 00008000 fd:00 418843                     /usr/lib64/R/library/methods/libs/methods.so
7f8d3a862000-7f8d3a863000 rw-p 00007000 fd:00 418843                     /usr/lib64/R/library/methods/libs/methods.so
7f8d3a863000-7f8d3a86d000 r-xp 00000000 fd:00 534474                     /usr/lib64/R/library/utils/libs/utils.so
7f8d3a86d000-7f8d3aa6d000 ---p 0000a000 fd:00 534474                     /usr/lib64/R/library/utils/libs/utils.so
7f8d3aa6d000-7f8d3aa6e000 rw-p 0000a000 fd:00 534474                     /usr/lib64/R/library/utils/libs/utils.so
7f8d3aa6e000-7f8d3ab16000 rw-p 00000000 00:00 0 
7f8d3ab16000-7f8d3ab4b000 r--s 00000000 fd:03 1779                       /var/db/nscd/group
7f8d3ab4b000-7f8d3abfc000 rw-p 00000000 00:00 0 
7f8d3abfc000-7f8d3abfd000 ---p 00000000 00:00 0 
7f8d3abfd000-7f8d3b5fd000 rw-p 00000000 00:00 0 
7f8d3b5fd000-7f8d3b5fe000 ---p 00000000 00:00 0 
7f8d3b5fe000-7f8d3bffe000 rw-p 00000000 00:00 0 
7f8d3bffe000-7f8d41e8e000 r--p 00000000 fd:00 431050                     /usr/lib/locale/locale-archive
7f8d41e8e000-7f8d41eab000 r-xp 00000000 fd:00 131126                     /lib64/libselinux.so.1
7f8d41eab000-7f8d420aa000 ---p 0001d000 fd:00 131126                     /lib64/libselinux.so.1
7f8d420aa000-7f8d420ab000 r--p 0001c000 fd:00 131126                     /lib64/libselinux.so.1
7f8d420ab000-7f8d420ac000 rw-p 0001d000 fd:00 131126                     /lib64/libselinux.so.1
7f8d420ac000-7f8d420ad000 rw-p 00000000 00:00 0 
7f8d420ad000-7f8d42120000 r-xp 00000000 fd:00 131081                     /lib64/libfreebl3.so
7f8d42120000-7f8d4231f000 ---p 00073000 fd:00 131081                     /lib64/libfreebl3.so
7f8d4231f000-7f8d42321000 r--p 00072000 fd:00 131081                     /lib64/libfreebl3.so
7f8d42321000-7f8d42322000 rw-p 00074000 fd:00 131081                     /lib64/libfreebl3.so
7f8d42322000-7f8d42326000 rw-p 00000000 00:00 0 
7f8d42326000-7f8d4233c000 r-xp 00000000 fd:00 131118                     /lib64/libresolv-2.12.so
7f8d4233c000-7f8d4253c000 ---p 00016000 fd:00 131118                     /lib64/libresolv-2.12.so
7f8d4253c000-7f8d4253d000 r--p 00016000 fd:00 131118                     /lib64/libresolv-2.12.so
7f8d4253d000-7f8d4253e000 rw-p 00017000 fd:00 131118                     /lib64/libresolv-2.12.so
7f8d4253e000-7f8d42540000 rw-p 00000000 00:00 0 
7f8d42540000-7f8d42542000 r-xp 00000000 fd:00 131272                     /lib64/libkeyutils.so.1.3
7f8d42542000-7f8d42741000 ---p 00002000 fd:00 131272                     /lib64/libkeyutils.so.1.3
7f8d42741000-7f8d42742000 r--p 00001000 fd:00 131272                     /lib64/libkeyutils.so.1.3
7f8d42742000-7f8d42743000 rw-p 00002000 fd:00 131272                     /lib64/libkeyutils.so.1.3
7f8d42743000-7f8d4274d000 r-xp 00000000 fd:00 131282                     /lib64/libkrb5support.so.0.1
7f8d4274d000-7f8d4294c000 ---p 0000a000 fd:00 131282                     /lib64/libkrb5support.so.0.1
7f8d4294c000-7f8d4294d000 r--p 00009000 fd:00 131282                     /lib64/libkrb5support.so.0.1
7f8d4294d000-7f8d4294e000 rw-p 0000a000 fd:00 131282                     /lib64/libkrb5support.so.0.1
7f8d4294e000-7f8d43893000 r-xp 00000000 fd:00 412926                     /usr/lib64/libicudata.so.42.1
7f8d43893000-7f8d43a92000 ---p 00f45000 fd:00 412926                     /usr/lib64/libicudata.so.42.1
7f8d43a92000-7f8d43a93000 rw-p 00f44000 fd:00 412926                     /usr/lib64/libicudata.so.42.1
7f8d43a93000-7f8d43ab0000 r-xp 00000000 fd:00 131132                     /lib64/libtinfo.so.5.7
7f8d43ab0000-7f8d43cb0000 ---p 0001d000 fd:00 131132                     /lib64/libtinfo.so.5.7
7f8d43cb0000-7f8d43cb4000 rw-p 0001d000 fd:00 131132                     /lib64/libtinfo.so.5.7
7f8d43cb4000-7f8d43cbb000 r-xp 00000000 fd:00 131094                     /lib64/libcrypt-2.12.so
7f8d43cbb000-7f8d43ebb000 ---p 00007000 fd:00 131094                     /lib64/libcrypt-2.12.so
7f8d43ebb000-7f8d43ebc000 r--p 00007000 fd:00 131094                     /lib64/libcrypt-2.12.so
7f8d43ebc000-7f8d43ebd000 rw-p 00008000 fd:00 131094                     /lib64/libcrypt-2.12.so
7f8d43ebd000-7f8d43eeb000 rw-p 00000000 00:00 0 
7f8d43eeb000-7f8d43f02000 r-xp 00000000 fd:00 131141                     /lib64/libaudit.so.1.0.0
7f8d43f02000-7f8d44102000 ---p 00017000 fd:00 131141                     /lib64/libaudit.so.1.0.0
7f8d44102000-7f8d44103000 r--p 00017000 fd:00 131141                     /lib64/libaudit.so.1.0.0
7f8d44103000-7f8d4410e000 rw-p 00018000 fd:00 131141                     /lib64/libaudit.so.1.0.0
7f8d4410e000-7f8d44137000 r-xp 00000000 fd:00 131278                     /lib64/libk5crypto.so.3.1
7f8d44137000-7f8d44337000 ---p 00029000 fd:00 131278                     /lib64/libk5crypto.so.3.1
7f8d44337000-7f8d44338000 r--p 00029000 fd:00 131278                     /lib64/libk5crypto.so.3.1
7f8d44338000-7f8d44339000 rw-p 0002a000 fd:00 131278                     /lib64/libk5crypto.so.3.1
7f8d44339000-7f8d4433a000 rw-p 00000000 00:00 0 
7f8d4433a000-7f8d4433d000 r-xp 00000000 fd:00 149473                     /lib64/libcom_err.so.2.1
7f8d4433d000-7f8d4453c000 ---p 00003000 fd:00 149473                     /lib64/libcom_err.so.2.1
7f8d4453c000-7f8d4453d000 r--p 00002000 fd:00 149473                     /lib64/libcom_err.so.2.1
7f8d4453d000-7f8d4453e000 rw-p 00003000 fd:00 149473                     /lib64/libcom_err.so.2.1
7f8d4453e000-7f8d44619000 r-xp 00000000 fd:00 131280                     /lib64/libkrb5.so.3.3
7f8d44619000-7f8d44818000 ---p 000db000 fd:00 131280                     /lib64/libkrb5.so.3.3
7f8d44818000-7f8d44822000 r--p 000da000 fd:00 131280                     /lib64/libkrb5.so.3.3
7f8d44822000-7f8d44824000 rw-p 000e4000 fd:00 131280                     /lib64/libkrb5.so.3.3
7f8d44824000-7f8d44865000 r-xp 00000000 fd:00 131274                     /lib64/libgssapi_krb5.so.2.2
7f8d44865000-7f8d44a65000 ---p 00041000 fd:00 131274                     /lib64/libgssapi_krb5.so.2.2
7f8d44a65000-7f8d44a66000 r--p 00041000 fd:00 131274                     /lib64/libgssapi_krb5.so.2.2
7f8d44a66000-7f8d44a68000 rw-p 00042000 fd:00 131274                     /lib64/libgssapi_krb5.so.2.2
7f8d44a68000-7f8d44a7d000 r-xp 00000000 fd:00 398620                     /usr/lib64/libgomp.so.1.0.0
7f8d44a7d000-7f8d44c7c000 ---p 00015000 fd:00 398620                     /usr/lib64/libgomp.so.1.0.0
7f8d44c7c000-7f8d44c7d000 rw-p 00014000 fd:00 398620                     /usr/lib64/libgomp.so.1.0.0
7f8d44c7d000-7f8d44e05000 r-xp 00000000 fd:00 412928                     /usr/lib64/libicui18n.so.42.1
7f8d44e05000-7f8d45005000 ---p 00188000 fd:00 412928                     /usr/lib64/libicui18n.so.42.1
7f8d45005000-7f8d45012000 rw-p 00188000 fd:00 412928                     /usr/lib64/libicui18n.so.42.1
7f8d45012000-7f8d45013000 rw-p 00000000 00:00 0 
7f8d45013000-7f8d45152000 r-xp 00000000 fd:00 412938                     /usr/lib64/libicuuc.so.42.1
7f8d45152000-7f8d45352000 ---p 0013f000 fd:00 412938                     /usr/lib64/libicuuc.so.42.1
7f8d45352000-7f8d45363000 rw-p 0013f000 fd:00 412938                     /usr/lib64/libicuuc.so.42.1
7f8d45363000-7f8d45365000 rw-p 00000000 00:00 0 
7f8d45365000-7f8d4539f000 r-xp 00000000 fd:00 131160                     /lib64/libreadline.so.6.0
7f8d4539f000-7f8d4559f000 ---p 0003a000 fd:00 131160                     /lib64/libreadline.so.6.0
7f8d4559f000-7f8d455a7000 rw-p 0003a000 fd:00 131160                     /lib64/libreadline.so.6.0
7f8d455a7000-7f8d455a8000 rw-p 00000000 00:00 0 
7f8d455a8000-7f8d45698000 r-xp 00000000 fd:00 412524                     /usr/lib64/libgfortran.so.3.0.0
7f8d45698000-7f8d45897000 ---p 000f0000 fd:00 412524                     /usr/lib64/libgfortran.so.3.0.0
7f8d45897000-7f8d45899000 rw-p 000ef000 fd:00 412524                     /usr/lib64/libgfortran.so.3.0.0
7f8d45899000-7f8d4589a000 rw-p 00000000 00:00 0 
7f8d4589a000-7f8d458c5000 r-xp 00000000 fd:00 416697                     /usr/lib64/R/lib/libRblas.so
7f8d458c5000-7f8d45ac4000 ---p 0002b000 fd:00 416697                     /usr/lib64/R/lib/libRblas.so
7f8d45ac4000-7f8d45ac5000 rw-p 0002a000 fd:00 416697                     /usr/lib64/R/lib/libRblas.so
7f8d45ac5000-7f8d45c4f000 r-xp 00000000 fd:00 131086                     /lib64/libc-2.12.so
7f8d45c4f000-7f8d45e4f000 ---p 0018a000 fd:00 131086                     /lib64/libc-2.12.so
7f8d45e4f000-7f8d45e53000 r--p 0018a000 fd:00 131086                     /lib64/libc-2.12.so
7f8d45e53000-7f8d45e54000 rw-p 0018e000 fd:00 131086                     /lib64/libc-2.12.so
7f8d45e54000-7f8d45e59000 rw-p 00000000 00:00 0 
7f8d45e59000-7f8d45e6f000 r-xp 00000000 fd:00 150489                     /lib64/libgcc_s-4.4.7-20120601.so.1
7f8d45e6f000-7f8d4606e000 ---p 00016000 fd:00 150489                     /lib64/libgcc_s-4.4.7-20120601.so.1
7f8d4606e000-7f8d4606f000 rw-p 00015000 fd:00 150489                     /lib64/libgcc_s-4.4.7-20120601.so.1
7f8d4606f000-7f8d460f2000 r-xp 00000000 fd:00 131097                     /lib64/libm-2.12.so
7f8d460f2000-7f8d462f1000 ---p 00083000 fd:00 131097                     /lib64/libm-2.12.so
7f8d462f1000-7f8d462f2000 r--p 00082000 fd:00 131097                     /lib64/libm-2.12.so
7f8d462f2000-7f8d462f3000 rw-p 00083000 fd:00 131097                     /lib64/libm-2.12.so
7f8d462f3000-7f8d463db000 r-xp 00000000 fd:00 396928                     /usr/lib64/libstdc++.so.6.0.13
7f8d463db000-7f8d465db000 ---p 000e8000 fd:00 396928                     /usr/lib64/libstdc++.so.6.0.13
7f8d465db000-7f8d465e2000 r--p 000e8000 fd:00 396928                     /usr/lib64/libstdc++.so.6.0.13
7f8d465e2000-7f8d465e4000 rw-p 000ef000 fd:00 396928                     /usr/lib64/libstdc++.so.6.0.13
7f8d465e4000-7f8d465f9000 rw-p 00000000 00:00 0 
7f8d465f9000-7f8d465fb000 r-xp 00000000 fd:00 131095                     /lib64/libdl-2.12.so
7f8d465fb000-7f8d467fb000 ---p 00002000 fd:00 131095                     /lib64/libdl-2.12.so
7f8d467fb000-7f8d467fc000 r--p 00002000 fd:00 131095                     /lib64/libdl-2.12.so
7f8d467fc000-7f8d467fd000 rw-p 00003000 fd:00 131095                     /lib64/libdl-2.12.so
7f8d467fd000-7f8d46809000 r-xp 00000000 fd:00 131198                     /lib64/libpam.so.0.82.2
7f8d46809000-7f8d46a09000 ---p 0000c000 fd:00 131198                     /lib64/libpam.so.0.82.2
7f8d46a09000-7f8d46a0a000 r--p 0000c000 fd:00 131198                     /lib64/libpam.so.0.82.2
7f8d46a0a000-7f8d46a0b000 rw-p 0000d000 fd:00 131198                     /lib64/libpam.so.0.82.2
7f8d46a0b000-7f8d46b43000 r-xp 00000000 fd:00 423446                     /usr/lib64/libcrypto.so.0.9.8e
7f8d46b43000-7f8d46d42000 ---p 00138000 fd:00 423446                     /usr/lib64/libcrypto.so.0.9.8e
7f8d46d42000-7f8d46d63000 rw-p 00137000 fd:00 423446                     /usr/lib64/libcrypto.so.0.9.8e
7f8d46d63000-7f8d46d67000 rw-p 00000000 00:00 0 
7f8d46d67000-7f8d46db0000 r-xp 00000000 fd:00 423448                     /usr/lib64/libssl.so.0.9.8e
7f8d46db0000-7f8d46fb0000 ---p 00049000 fd:00 423448                     /usr/lib64/libssl.so.0.9.8e
7f8d46fb0000-7f8d46fb6000 rw-p 00049000 fd:00 423448                     /usr/lib64/libssl.so.0.9.8e
7f8d46fb6000-7f8d46fcb000 r-xp 00000000 fd:00 131140                     /lib64/libz.so.1.2.3
7f8d46fcb000-7f8d471ca000 ---p 00015000 fd:00 131140                     /lib64/libz.so.1.2.3
7f8d471ca000-7f8d471cb000 r--p 00014000 fd:00 131140                     /lib64/libz.so.1.2.3
7f8d471cb000-7f8d471cc000 rw-p 00015000 fd:00 131140                     /lib64/libz.so.1.2.3
7f8d471cc000-7f8d471d3000 r-xp 00000000 fd:00 131125                     /lib64/librt-2.12.so
7f8d471d3000-7f8d473d2000 ---p 00007000 fd:00 131125                     /lib64/librt-2.12.so
7f8d473d2000-7f8d473d3000 r--p 00006000 fd:00 131125                     /lib64/librt-2.12.so
7f8d473d3000-7f8d473d4000 rw-p 00007000 fd:00 131125                     /lib64/librt-2.12.so
7f8d473d4000-7f8d473d8000 r-xp 00000000 fd:00 131171                     /lib64/libuuid.so.1.3.0
7f8d473d8000-7f8d475d7000 ---p 00004000 fd:00 131171                     /lib64/libuuid.so.1.3.0
7f8d475d7000-7f8d475d8000 rw-p 00003000 fd:00 131171                     /lib64/libuuid.so.1.3.0
7f8d475d8000-7f8d475da000 r-xp 00000000 fd:00 131199                     /lib64/libutil-2.12.so
7f8d475da000-7f8d477d9000 ---p 00002000 fd:00 131199                     /lib64/libutil-2.12.so
7f8d477d9000-7f8d477da000 r--p 00001000 fd:00 131199                     /lib64/libutil-2.12.so
7f8d477da000-7f8d477db000 rw-p 00002000 fd:00 131199                     /lib64/libutil-2.12.so
7f8d477db000-7f8d477f2000 r-xp 00000000 fd:00 131110                     /lib64/libpthread-2.12.so
7f8d477f2000-7f8d479f2000 ---p 00017000 fd:00 131110                     /lib64/libpthread-2.12.so
7f8d479f2000-7f8d479f3000 r--p 00017000 fd:00 131110                     /lib64/libpthread-2.12.so
7f8d479f3000-7f8d479f4000 rw-p 00018000 fd:00 131110                     /lib64/libpthread-2.12.so
7f8d479f4000-7f8d479f8000 rw-p 00000000 00:00 0 
7f8d479f8000-7f8d47cc2000 r-xp 00000000 fd:00 416696                     /usr/lib64/R/lib/libR.so
7f8d47cc2000-7f8d47ec1000 ---p 002ca000 fd:00 416696                     /usr/lib64/R/lib/libR.so
7f8d47ec1000-7f8d47ed2000 rw-p 002c9000 fd:00 416696                     /usr/lib64/R/lib/libR.so
7f8d47ed2000-7f8d47fbd000 rw-p 00000000 00:00 0 
7f8d47fbd000-7f8d47fdd000 r-xp 00000000 fd:00 152325                     /lib64/ld-2.12.so
7f8d47fdf000-7f8d48014000 r--s 00000000 fd:03 1778                       /var/db/nscd/passwd
7f8d48014000-7f8d481cf000 rw-p 00000000 00:00 0 
7f8d481d1000-7f8d481d3000 rw-p 00000000 00:00 0 
7f8d481d3000-7f8d481d4000 r--p 00000000 00:00 0 
7f8d481d4000-7f8d481db000 r--s 00000000 fd:00 396542                     /usr/lib64/gconv/gconv-modules.cache
7f8d481db000-7f8d481dc000 rw-p 00000000 00:00 0 
7f8d481dc000-7f8d481dd000 r--p 0001f000 fd:00 152325                     /lib64/ld-2.12.so
7f8d481dd000-7f8d481de000 rw-p 00020000 fd:00 152325                     /lib64/ld-2.12.so
7f8d481de000-7f8d481df000 rw-p 00000000 00:00 0 
7fffd2ea1000-7fffd2ea4000 ---p 00000000 00:00 0 
7fffd2ea5000-7fffd2fa1000 rw-p 00000000 00:00 0                          [stack]
7fffd2fe9000-7fffd2fea000 r-xp 00000000 00:00 0                          [vdso]
ffffffffff600000-ffffffffff601000 r-xp 00000000 00:00 0                  [vsyscall]

VM Arguments:
jvm_args: -Xmx512m -Xrs vfprintf exit 
java_command: <unknown>
java_class_path (initial): /home/kniehaus/R/x86_64-redhat-linux-gnu-library/3.1/rJava/java/boot
Launcher Type: generic

Environment Variables:
PATH=/usr/local/sbin:/usr/local/bin:/usr/bin:/usr/sbin:/sbin:/bin
LD_LIBRARY_PATH=/usr/lib64/R/lib:/lib:/usr/local/lib64:/opt/jdk1.8.0_45/jre/lib/amd64/server:@JAVA_LD@:@JAVA_LD@:@JAVA_LD@:@JAVA_LD@:@JAVA_LD@:@JAVA_LD@:@JAVA_LD@:@JAVA_LD@:@JAVA_LD@:@JAVA_LD@:@JAVA_LD@:@JAVA_LD@:@JAVA_LD@:@JAVA_LD@:@JAVA_LD@:@JAVA_LD@:@JAVA_LD@:@JAVA_LD@:@JAVA_LD@:@JAVA_LD@:@JAVA_LD@:@JAVA_LD@:@JAVA_LD@:@JAVA_LD@:@JAVA_LD@:@JAVA_LD@:@JAVA_LD@:@JAVA_LD@:@JAVA_LD@:@JAVA_LD@:@JAVA_LD@:@JAVA_LD@:@JAVA_LD@:@JAVA_LD@:@JAVA_LD@:@JAVA_LD@:@JAVA_LD@:@JAVA_LD@:@JAVA_LD@:@JAVA_LD@:@JAVA_LD@:@JAVA_LD@:@JAVA_LD@:@JAVA_LD@:@JAVA_LD@:@JAVA_LD@:@JAVA_LD@:@JAVA_LD@:@JAVA_LD@:@JAVA_LD@:@JAVA_LD@:@JAVA_LD@:@JAVA_LD@:@JAVA_LD@:@JAVA_LD@:@JAVA_LD@:@JAVA_LD@:@JAVA_LD@
DISPLAY=:0

Signal Handlers:
SIGSEGV: [libjvm.so+0xaad1e0], sa_mask[0]=11111111011111111101111111111110, sa_flags=SA_RESTART|SA_SIGINFO
SIGBUS: [libjvm.so+0xaad1e0], sa_mask[0]=11111111011111111101111111111110, sa_flags=SA_RESTART|SA_SIGINFO
SIGFPE: [libjvm.so+0x90b450], sa_mask[0]=11111111011111111101111111111110, sa_flags=SA_RESTART|SA_SIGINFO
SIGPIPE: [libjvm.so+0x90b450], sa_mask[0]=11111111011111111101111111111110, sa_flags=SA_RESTART|SA_SIGINFO
SIGXFSZ: [libjvm.so+0x90b450], sa_mask[0]=11111111011111111101111111111110, sa_flags=SA_RESTART|SA_SIGINFO
SIGILL: [libjvm.so+0x90b450], sa_mask[0]=11111111011111111101111111111110, sa_flags=SA_RESTART|SA_SIGINFO
SIGUSR1: [rsession+0x288820], sa_mask[0]=00000000010000000000000000000000, sa_flags=SA_RESTART
SIGUSR2: [libjvm.so+0x90ca90], sa_mask[0]=01000000000000000000000000000000, sa_flags=SA_RESTART|SA_SIGINFO
SIGHUP: SIG_IGN, sa_mask[0]=00000000000000000000000000000000, sa_flags=none
SIGINT: SIG_DFL, sa_mask[0]=00000000000000000000000000000000, sa_flags=none
SIGTERM: SIG_DFL, sa_mask[0]=00000000000000000000000000000000, sa_flags=none
SIGQUIT: SIG_DFL, sa_mask[0]=00000000000000000000000000000000, sa_flags=none


---------------  S Y S T E M  ---------------

OS:Red Hat Enterprise Linux Server release 6.6 (Santiago)

uname:Linux 2.6.32-504.3.3.el6.x86_64 #1 SMP Fri Dec 12 16:05:43 EST 2014 x86_64
libc:glibc 2.12 NPTL 2.12 
rlimit: STACK 10240k, CORE 0k, NPROC 256705, NOFILE 4096, AS infinity
load average:0.65 0.46 0.23

/proc/meminfo:
MemTotal:       32877008 kB
MemFree:          225848 kB
Buffers:            2128 kB
Cached:           246244 kB
SwapCached:        14016 kB
Active:         29850020 kB
Inactive:        2424632 kB
Active(anon):   29833108 kB
Inactive(anon):  2331912 kB
Active(file):      16912 kB
Inactive(file):    92720 kB
Unevictable:           0 kB
Mlocked:               0 kB
SwapTotal:       2097148 kB
SwapFree:              0 kB
Dirty:                64 kB
Writeback:             0 kB
AnonPages:      32012488 kB
Mapped:           156300 kB
Shmem:            138720 kB
Slab:              83056 kB
SReclaimable:      13416 kB
SUnreclaim:        69640 kB
KernelStack:        2616 kB
PageTables:        79192 kB
NFS_Unstable:          0 kB
Bounce:                0 kB
WritebackTmp:          0 kB
CommitLimit:    18535652 kB
Committed_AS:   35665020 kB
VmallocTotal:   34359738367 kB
VmallocUsed:      199628 kB
VmallocChunk:   34359528256 kB
HardwareCorrupted:     0 kB
AnonHugePages:  12617728 kB
HugePages_Total:       0
HugePages_Free:        0
HugePages_Rsvd:        0
HugePages_Surp:        0
Hugepagesize:       2048 kB
DirectMap4k:       10240 kB
DirectMap2M:    33544192 kB


CPU:total 4 (1 cores per cpu, 1 threads per core) family 6 model 45 stepping 2, cmov, cx8, fxsr, mmx, sse, sse2, sse3, ssse3, sse4.1, sse4.2, popcnt, avx, aes, clmul, tsc, tscinvbit, tscinv

/proc/cpuinfo:
processor	: 0
vendor_id	: GenuineIntel
cpu family	: 6
model		: 45
model name	: Intel(R) Xeon(R) CPU E5-2680 v2 @ 2.80GHz
stepping	: 2
microcode	: 1063
cpu MHz		: 2800.000
cache size	: 25600 KB
physical id	: 0
siblings	: 1
core id		: 0
cpu cores	: 1
apicid		: 0
initial apicid	: 0
fpu		: yes
fpu_exception	: yes
cpuid level	: 13
wp		: yes
flags		: fpu vme de pse tsc msr pae mce cx8 apic sep mtrr pge mca cmov pat pse36 clflush dts mmx fxsr sse sse2 ss syscall nx rdtscp lm constant_tsc arch_perfmon pebs bts xtopology tsc_reliable nonstop_tsc aperfmperf unfair_spinlock pni pclmulqdq ssse3 cx16 sse4_1 sse4_2 popcnt aes xsave avx hypervisor lahf_lm ida arat pln pts dts
bogomips	: 5600.00
clflush size	: 64
cache_alignment	: 64
address sizes	: 40 bits physical, 48 bits virtual
power management:

processor	: 1
vendor_id	: GenuineIntel
cpu family	: 6
model		: 45
model name	: Intel(R) Xeon(R) CPU E5-2680 v2 @ 2.80GHz
stepping	: 2
microcode	: 1063
cpu MHz		: 2800.000
cache size	: 25600 KB
physical id	: 2
siblings	: 1
core id		: 0
cpu cores	: 1
apicid		: 2
initial apicid	: 2
fpu		: yes
fpu_exception	: yes
cpuid level	: 13
wp		: yes
flags		: fpu vme de pse tsc msr pae mce cx8 apic sep mtrr pge mca cmov pat pse36 clflush dts mmx fxsr sse sse2 ss syscall nx rdtscp lm constant_tsc arch_perfmon pebs bts xtopology tsc_reliable nonstop_tsc aperfmperf unfair_spinlock pni pclmulqdq ssse3 cx16 sse4_1 sse4_2 popcnt aes xsave avx hypervisor lahf_lm ida arat pln pts dts
bogomips	: 5600.00
clflush size	: 64
cache_alignment	: 64
address sizes	: 40 bits physical, 48 bits virtual
power management:

processor	: 2
vendor_id	: GenuineIntel
cpu family	: 6
model		: 45
model name	: Intel(R) Xeon(R) CPU E5-2680 v2 @ 2.80GHz
stepping	: 2
microcode	: 1063
cpu MHz		: 2800.000
cache size	: 25600 KB
physical id	: 4
siblings	: 1
core id		: 0
cpu cores	: 1
apicid		: 4
initial apicid	: 4
fpu		: yes
fpu_exception	: yes
cpuid level	: 13
wp		: yes
flags		: fpu vme de pse tsc msr pae mce cx8 apic sep mtrr pge mca cmov pat pse36 clflush dts mmx fxsr sse sse2 ss syscall nx rdtscp lm constant_tsc arch_perfmon pebs bts xtopology tsc_reliable nonstop_tsc aperfmperf unfair_spinlock pni pclmulqdq ssse3 cx16 sse4_1 sse4_2 popcnt aes xsave avx hypervisor lahf_lm ida arat pln pts dts
bogomips	: 5600.00
clflush size	: 64
cache_alignment	: 64
address sizes	: 40 bits physical, 48 bits virtual
power management:

processor	: 3
vendor_id	: GenuineIntel
cpu family	: 6
model		: 45
model name	: Intel(R) Xeon(R) CPU E5-2680 v2 @ 2.80GHz
stepping	: 2
microcode	: 1063
cpu MHz		: 2800.000
cache size	: 25600 KB
physical id	: 6
siblings	: 1
core id		: 0
cpu cores	: 1
apicid		: 6
initial apicid	: 6
fpu		: yes
fpu_exception	: yes
cpuid level	: 13
wp		: yes
flags		: fpu vme de pse tsc msr pae mce cx8 apic sep mtrr pge mca cmov pat pse36 clflush dts mmx fxsr sse sse2 ss syscall nx rdtscp lm constant_tsc arch_perfmon pebs bts xtopology tsc_reliable nonstop_tsc aperfmperf unfair_spinlock pni pclmulqdq ssse3 cx16 sse4_1 sse4_2 popcnt aes xsave avx hypervisor lahf_lm ida arat pln pts dts
bogomips	: 5600.00
clflush size	: 64
cache_alignment	: 64
address sizes	: 40 bits physical, 48 bits virtual
power management:



Memory: 4k page, physical 32877008k(225848k free), swap 2097148k(0k free)

vm_info: Java HotSpot(TM) 64-Bit Server VM (25.45-b02) for linux-amd64 JRE (1.8.0_45-b14), built on Apr 10 2015 10:07:45 by "java_re" with gcc 4.3.0 20080428 (Red Hat 4.3.0-8)

time: Wed Sep  9 18:36:01 2015
elapsed time: 0 seconds (0d 0h 0m 0s)

