#
# There is insufficient memory for the Java Runtime Environment to continue.
# Native memory allocation (mmap) failed to map 351272960 bytes for committing reserved memory.
# Possible reasons:
#   The system is out of physical RAM or swap space
#   In 32 bit mode, the process size limit was hit
# Possible solutions:
#   Reduce memory load on the system
#   Increase physical memory or swap space
#   Check if swap backing store is full
#   Use 64 bit Java on a 64 bit OS
#   Decrease Java heap size (-Xmx/-Xms)
#   Decrease number of Java threads
#   Decrease Java thread stack sizes (-Xss)
#   Set larger code cache with -XX:ReservedCodeCacheSize=
# This output file may be truncated or incomplete.
#
#  Out of Memory Error (os_linux.cpp:2673), pid=17005, tid=139642097367200
#
# JRE version:  (8.0_45-b14) (build )
# Java VM: Java HotSpot(TM) 64-Bit Server VM (25.45-b02 mixed mode linux-amd64 compressed oops)
# Failed to write core dump. Core dumps have been disabled. To enable core dumping, try "ulimit -c unlimited" before starting Java again
#

---------------  T H R E A D  ---------------

Current thread (0x000000003f7a1000):  JavaThread "Unknown thread" [_thread_in_vm, id=17005, stack(0x00007fffd7852000,0x00007fffd7952000)]

Stack: [0x00007fffd7852000,0x00007fffd7952000],  sp=0x00007fffd79383f0,  free space=920k
Native frames: (J=compiled Java code, j=interpreted, Vv=VM code, C=native code)
V  [libjvm.so+0xaac99a]  VMError::report_and_die()+0x2ba
V  [libjvm.so+0x4f333b]  report_vm_out_of_memory(char const*, int, unsigned long, VMErrorType, char const*)+0x8b
V  [libjvm.so+0x90e7c3]  os::Linux::commit_memory_impl(char*, unsigned long, bool)+0x103
V  [libjvm.so+0x90ed19]  os::pd_commit_memory(char*, unsigned long, unsigned long, bool)+0x29
V  [libjvm.so+0x90867a]  os::commit_memory(char*, unsigned long, unsigned long, bool)+0x2a
V  [libjvm.so+0x97bac3]  PSVirtualSpace::expand_by(unsigned long)+0x53
V  [libjvm.so+0x96bb77]  PSOldGen::initialize(ReservedSpace, unsigned long, char const*, int)+0xb7
V  [libjvm.so+0x2d4cda]  AdjoiningGenerations::AdjoiningGenerations(ReservedSpace, GenerationSizer*, unsigned long)+0x39a
V  [libjvm.so+0x931716]  ParallelScavengeHeap::initialize()+0x1d6
V  [libjvm.so+0xa75aab]  Universe::initialize_heap()+0xfb
V  [libjvm.so+0xa75e1e]  universe_init()+0x3e
V  [libjvm.so+0x62f635]  init_globals()+0x65
V  [libjvm.so+0xa5a02e]  Threads::create_vm(JavaVMInitArgs*, bool*)+0x23e
V  [libjvm.so+0x6c3244]  JNI_CreateJavaVM+0x74
C  [rJava.so+0xa240]  RinitJVM+0x420


---------------  P R O C E S S  ---------------

Java Threads: ( => current thread )

Other Threads:

=>0x000000003f7a1000 (exited) JavaThread "Unknown thread" [_thread_in_vm, id=17005, stack(0x00007fffd7852000,0x00007fffd7952000)]

VM state:not at safepoint (not fully initialized)

VM Mutex/Monitor currently owned by a thread: None

GC Heap History (0 events):
No events

Deoptimization events (0 events):
No events

Internal exceptions (0 events):
No events

Events (0 events):
No events


Dynamic libraries:
00400000-011cf000 r-xp 00000000 fd:00 5141                               /usr/lib/rstudio-server/bin/rsession
013cf000-013e9000 r--p 00dcf000 fd:00 5141                               /usr/lib/rstudio-server/bin/rsession
013e9000-013ee000 rw-p 00de9000 fd:00 5141                               /usr/lib/rstudio-server/bin/rsession
013ee000-013f3000 rw-p 00000000 00:00 0 
0337f000-40c32000 rw-p 00000000 00:00 0                                  [heap]
f4f00000-f5580000 ---p 00000000 00:00 0 
f5580000-ffc80000 rw-p 00000000 00:00 0 
ffc80000-100000000 ---p 00000000 00:00 0 
7f00b9b6b000-7f00b9d0a000 rw-p 00000000 00:00 0 
7f00b9d0a000-7f00ba0c0000 ---p 00000000 00:00 0 
7f00ba0c0000-7f00ba330000 rwxp 00000000 00:00 0 
7f00ba330000-7f00c90c0000 ---p 00000000 00:00 0 
7f00c90c0000-7f00c90da000 r-xp 00000000 fd:00 542197                     /opt/jdk1.8.0_45/jre/lib/amd64/libzip.so
7f00c90da000-7f00c92da000 ---p 0001a000 fd:00 542197                     /opt/jdk1.8.0_45/jre/lib/amd64/libzip.so
7f00c92da000-7f00c92db000 rw-p 0001a000 fd:00 542197                     /opt/jdk1.8.0_45/jre/lib/amd64/libzip.so
7f00c92db000-7f00c9305000 r-xp 00000000 fd:00 542190                     /opt/jdk1.8.0_45/jre/lib/amd64/libjava.so
7f00c9305000-7f00c9505000 ---p 0002a000 fd:00 542190                     /opt/jdk1.8.0_45/jre/lib/amd64/libjava.so
7f00c9505000-7f00c9507000 rw-p 0002a000 fd:00 542190                     /opt/jdk1.8.0_45/jre/lib/amd64/libjava.so
7f00c9507000-7f00c9514000 r-xp 00000000 fd:00 542231                     /opt/jdk1.8.0_45/jre/lib/amd64/libverify.so
7f00c9514000-7f00c9714000 ---p 0000d000 fd:00 542231                     /opt/jdk1.8.0_45/jre/lib/amd64/libverify.so
7f00c9714000-7f00c9716000 rw-p 0000d000 fd:00 542231                     /opt/jdk1.8.0_45/jre/lib/amd64/libverify.so
7f00c9716000-7f00c9748000 r-xp 00000000 00:15 2397681                    /home/kniehaus/R/x86_64-redhat-linux-gnu-library/3.1/data.table/libs/datatable.so
7f00c9748000-7f00c9947000 ---p 00032000 00:15 2397681                    /home/kniehaus/R/x86_64-redhat-linux-gnu-library/3.1/data.table/libs/datatable.so
7f00c9947000-7f00c9949000 rw-p 00031000 00:15 2397681                    /home/kniehaus/R/x86_64-redhat-linux-gnu-library/3.1/data.table/libs/datatable.so
7f00c9949000-7f00c99ad000 rw-p 00000000 00:00 0 
7f00c99ad000-7f00c99af000 r-xp 00000000 00:15 2669338                    /home/kniehaus/R/x86_64-redhat-linux-gnu-library/3.1/chron/libs/chron.so
7f00c99af000-7f00c9bae000 ---p 00002000 00:15 2669338                    /home/kniehaus/R/x86_64-redhat-linux-gnu-library/3.1/chron/libs/chron.so
7f00c9bae000-7f00c9baf000 rw-p 00001000 00:15 2669338                    /home/kniehaus/R/x86_64-redhat-linux-gnu-library/3.1/chron/libs/chron.so
7f00c9baf000-7f00c9bb0000 r-xp 00000000 00:15 357016                     /home/kniehaus/R/x86_64-redhat-linux-gnu-library/3.1/lars/libs/lars.so
7f00c9bb0000-7f00c9daf000 ---p 00001000 00:15 357016                     /home/kniehaus/R/x86_64-redhat-linux-gnu-library/3.1/lars/libs/lars.so
7f00c9daf000-7f00c9db0000 rw-p 00000000 00:15 357016                     /home/kniehaus/R/x86_64-redhat-linux-gnu-library/3.1/lars/libs/lars.so
7f00c9db0000-7f00c9df6000 r-xp 00000000 00:15 3181654                    /home/kniehaus/R/x86_64-redhat-linux-gnu-library/3.1/glmnet/libs/glmnet.so
7f00c9df6000-7f00c9ff6000 ---p 00046000 00:15 3181654                    /home/kniehaus/R/x86_64-redhat-linux-gnu-library/3.1/glmnet/libs/glmnet.so
7f00c9ff6000-7f00c9ff7000 rw-p 00046000 00:15 3181654                    /home/kniehaus/R/x86_64-redhat-linux-gnu-library/3.1/glmnet/libs/glmnet.so
7f00c9ff7000-7f00c9ff9000 r-xp 00000000 00:15 1768206                    /home/kniehaus/R/x86_64-redhat-linux-gnu-library/3.1/caret/libs/caret.so
7f00c9ff9000-7f00ca1f8000 ---p 00002000 00:15 1768206                    /home/kniehaus/R/x86_64-redhat-linux-gnu-library/3.1/caret/libs/caret.so
7f00ca1f8000-7f00ca1f9000 rw-p 00001000 00:15 1768206                    /home/kniehaus/R/x86_64-redhat-linux-gnu-library/3.1/caret/libs/caret.so
7f00ca1f9000-7f00ca21a000 r-xp 00000000 00:15 1465787                    /home/kniehaus/R/x86_64-redhat-linux-gnu-library/3.1/quantreg/libs/quantreg.so
7f00ca21a000-7f00ca41a000 ---p 00021000 00:15 1465787                    /home/kniehaus/R/x86_64-redhat-linux-gnu-library/3.1/quantreg/libs/quantreg.so
7f00ca41a000-7f00ca41b000 rw-p 00021000 00:15 1465787                    /home/kniehaus/R/x86_64-redhat-linux-gnu-library/3.1/quantreg/libs/quantreg.so
7f00ca41b000-7f00ca42a000 r-xp 00000000 00:15 3351135                    /home/kniehaus/R/x86_64-redhat-linux-gnu-library/3.1/SparseM/libs/SparseM.so
7f00ca42a000-7f00ca629000 ---p 0000f000 00:15 3351135                    /home/kniehaus/R/x86_64-redhat-linux-gnu-library/3.1/SparseM/libs/SparseM.so
7f00ca629000-7f00ca62a000 rw-p 0000e000 00:15 3351135                    /home/kniehaus/R/x86_64-redhat-linux-gnu-library/3.1/SparseM/libs/SparseM.so
7f00ca62a000-7f00ca66c000 r-xp 00000000 fd:00 538332                     /usr/lib64/R/library/mgcv/libs/mgcv.so
7f00ca66c000-7f00ca86b000 ---p 00042000 fd:00 538332                     /usr/lib64/R/library/mgcv/libs/mgcv.so
7f00ca86b000-7f00ca86d000 rw-p 00041000 fd:00 538332                     /usr/lib64/R/library/mgcv/libs/mgcv.so
7f00ca86d000-7f00ca871000 r-xp 00000000 fd:00 533120                     /usr/lib64/R/library/parallel/libs/parallel.so
7f00ca871000-7f00caa71000 ---p 00004000 fd:00 533120                     /usr/lib64/R/library/parallel/libs/parallel.so
7f00caa71000-7f00caa72000 rw-p 00004000 fd:00 533120                     /usr/lib64/R/library/parallel/libs/parallel.so
7f00caa72000-7f00caa76000 r-xp 00000000 fd:00 533061                     /usr/lib64/R/library/nnet/libs/nnet.so
7f00caa76000-7f00cac75000 ---p 00004000 fd:00 533061                     /usr/lib64/R/library/nnet/libs/nnet.so
7f00cac75000-7f00cac76000 rw-p 00003000 fd:00 533061                     /usr/lib64/R/library/nnet/libs/nnet.so
7f00cac76000-7f00cacd5000 r-xp 00000000 00:15 1823835                    /home/kniehaus/R/x86_64-redhat-linux-gnu-library/3.1/lme4/libs/lme4.so
7f00cacd5000-7f00caed5000 ---p 0005f000 00:15 1823835                    /home/kniehaus/R/x86_64-redhat-linux-gnu-library/3.1/lme4/libs/lme4.so
7f00caed5000-7f00caed8000 rw-p 0005f000 00:15 1823835                    /home/kniehaus/R/x86_64-redhat-linux-gnu-library/3.1/lme4/libs/lme4.so
7f00caed8000-7f00caed9000 rw-p 00000000 00:00 0 
7f00caed9000-7f00caf41000 r-xp 00000000 00:15 1532019                    /home/kniehaus/R/x86_64-redhat-linux-gnu-library/3.1/nloptr/libs/nloptr.so
7f00caf41000-7f00cb141000 ---p 00068000 00:15 1532019                    /home/kniehaus/R/x86_64-redhat-linux-gnu-library/3.1/nloptr/libs/nloptr.so
7f00cb141000-7f00cb142000 rw-p 00068000 00:15 1532019                    /home/kniehaus/R/x86_64-redhat-linux-gnu-library/3.1/nloptr/libs/nloptr.so
7f00cb142000-7f00cb164000 r-xp 00000000 00:15 1633618                    /home/kniehaus/R/x86_64-redhat-linux-gnu-library/3.1/minqa/libs/minqa.so
7f00cb164000-7f00cb363000 ---p 00022000 00:15 1633618                    /home/kniehaus/R/x86_64-redhat-linux-gnu-library/3.1/minqa/libs/minqa.so
7f00cb363000-7f00cb365000 rw-p 00021000 00:15 1633618                    /home/kniehaus/R/x86_64-redhat-linux-gnu-library/3.1/minqa/libs/minqa.so
7f00cb365000-7f00cb424000 r-xp 00000000 fd:00 417159                     /usr/lib64/R/library/Matrix/libs/Matrix.so
7f00cb424000-7f00cb623000 ---p 000bf000 fd:00 417159                     /usr/lib64/R/library/Matrix/libs/Matrix.so
7f00cb623000-7f00cb627000 rw-p 000be000 fd:00 417159                     /usr/lib64/R/library/Matrix/libs/Matrix.so
7f00cb627000-7f00cb817000 rw-p 00000000 00:00 0 
7f00cb817000-7f00cb819000 r-xp 00000000 fd:00 533339                     /usr/lib64/R/library/splines/libs/splines.so
7f00cb819000-7f00cba18000 ---p 00002000 fd:00 533339                     /usr/lib64/R/library/splines/libs/splines.so
7f00cba18000-7f00cba19000 rw-p 00001000 fd:00 533339                     /usr/lib64/R/library/splines/libs/splines.so
7f00cba19000-7f00cba1a000 r-xp 00000000 00:15 2268910                    /home/kniehaus/R/x86_64-redhat-linux-gnu-library/3.1/gtools/libs/gtools.so
7f00cba1a000-7f00cbc19000 ---p 00001000 00:15 2268910                    /home/kniehaus/R/x86_64-redhat-linux-gnu-library/3.1/gtools/libs/gtools.so
7f00cbc19000-7f00cbc1a000 rw-p 00000000 00:15 2268910                    /home/kniehaus/R/x86_64-redhat-linux-gnu-library/3.1/gtools/libs/gtools.so
7f00cbc1a000-7f00cbc1b000 r-xp 00000000 00:15 3143848                    /home/kniehaus/R/x86_64-redhat-linux-gnu-library/3.1/brglm/libs/brglm.so
7f00cbc1b000-7f00cbe1a000 ---p 00001000 00:15 3143848                    /home/kniehaus/R/x86_64-redhat-linux-gnu-library/3.1/brglm/libs/brglm.so
7f00cbe1a000-7f00cbe1b000 rw-p 00000000 00:15 3143848                    /home/kniehaus/R/x86_64-redhat-linux-gnu-library/3.1/brglm/libs/brglm.so
7f00cbe1b000-7f00cbe2d000 r-xp 00000000 fd:00 532994                     /usr/lib64/R/library/nlme/libs/nlme.so
7f00cbe2d000-7f00cc02c000 ---p 00012000 fd:00 532994                     /usr/lib64/R/library/nlme/libs/nlme.so
7f00cc02c000-7f00cc02d000 rw-p 00011000 fd:00 532994                     /usr/lib64/R/library/nlme/libs/nlme.so
7f00cc02d000-7f00cc030000 r-xp 00000000 fd:00 418727                     /usr/lib64/R/library/lattice/libs/lattice.so
7f00cc030000-7f00cc22f000 ---p 00003000 fd:00 418727                     /usr/lib64/R/library/lattice/libs/lattice.so
7f00cc22f000-7f00cc230000 rw-p 00002000 fd:00 418727                     /usr/lib64/R/library/lattice/libs/lattice.so
7f00cc230000-7f00cc231000 r-xp 00000000 00:15 2396968                    /home/kniehaus/R/x86_64-redhat-linux-gnu-library/3.1/devtools/libs/devtools.so
7f00cc231000-7f00cc430000 ---p 00001000 00:15 2396968                    /home/kniehaus/R/x86_64-redhat-linux-gnu-library/3.1/devtools/libs/devtools.so
7f00cc430000-7f00cc431000 rw-p 00000000 00:15 2396968                    /home/kniehaus/R/x86_64-redhat-linux-gnu-library/3.1/devtools/libs/devtools.so
7f00cc431000-7f00cc51c000 r-xp 00000000 00:15 3219665                    /home/kniehaus/R/x86_64-redhat-linux-gnu-library/3.1/git2r/libs/git2r.so
7f00cc51c000-7f00cc71c000 ---p 000eb000 00:15 3219665                    /home/kniehaus/R/x86_64-redhat-linux-gnu-library/3.1/git2r/libs/git2r.so
7f00cc71c000-7f00cc721000 rw-p 000eb000 00:15 3219665                    /home/kniehaus/R/x86_64-redhat-linux-gnu-library/3.1/git2r/libs/git2r.so
7f00cc721000-7f00cc86a000 r-xp 00000000 fd:00 396923                     /usr/lib64/libxml2.so.2.7.6
7f00cc86a000-7f00cca69000 ---p 00149000 fd:00 396923                     /usr/lib64/libxml2.so.2.7.6
7f00cca69000-7f00cca72000 rw-p 00148000 fd:00 396923                     /usr/lib64/libxml2.so.2.7.6
7f00cca72000-7f00cca74000 rw-p 00000000 00:00 0 
7f00cca74000-7f00ccaa2000 r-xp 00000000 00:15 2391130                    /home/kniehaus/R/x86_64-redhat-linux-gnu-library/3.1/xml2/libs/xml2.so
7f00ccaa2000-7f00ccca2000 ---p 0002e000 00:15 2391130                    /home/kniehaus/R/x86_64-redhat-linux-gnu-library/3.1/xml2/libs/xml2.so
7f00ccca2000-7f00ccca4000 rw-p 0002e000 00:15 2391130                    /home/kniehaus/R/x86_64-redhat-linux-gnu-library/3.1/xml2/libs/xml2.so
7f00ccca4000-7f00ccca5000 rw-p 00000000 00:00 0 
7f00ccca5000-7f00cce5e000 r-xp 00000000 fd:00 396761                     /usr/lib64/libcrypto.so.1.0.1e
7f00cce5e000-7f00cd05d000 ---p 001b9000 fd:00 396761                     /usr/lib64/libcrypto.so.1.0.1e
7f00cd05d000-7f00cd078000 r--p 001b8000 fd:00 396761                     /usr/lib64/libcrypto.so.1.0.1e
7f00cd078000-7f00cd084000 rw-p 001d3000 fd:00 396761                     /usr/lib64/libcrypto.so.1.0.1e
7f00cd084000-7f00cd088000 rw-p 00000000 00:00 0 
7f00cd088000-7f00cd0ea000 r-xp 00000000 fd:00 400804                     /usr/lib64/libssl.so.1.0.1e
7f00cd0ea000-7f00cd2e9000 ---p 00062000 fd:00 400804                     /usr/lib64/libssl.so.1.0.1e
7f00cd2e9000-7f00cd2ed000 r--p 00061000 fd:00 400804                     /usr/lib64/libssl.so.1.0.1e
7f00cd2ed000-7f00cd2f4000 rw-p 00065000 fd:00 400804                     /usr/lib64/libssl.so.1.0.1e
7f00cd2f4000-7f00cd30d000 r-xp 00000000 fd:00 397000                     /usr/lib64/libsasl2.so.2.0.23
7f00cd30d000-7f00cd50c000 ---p 00019000 fd:00 397000                     /usr/lib64/libsasl2.so.2.0.23
7f00cd50c000-7f00cd50d000 r--p 00018000 fd:00 397000                     /usr/lib64/libsasl2.so.2.0.23
7f00cd50d000-7f00cd50e000 rw-p 00019000 fd:00 397000                     /usr/lib64/libsasl2.so.2.0.23
7f00cd50e000-7f00cd51c000 r-xp 00000000 fd:00 131260                     /lib64/liblber-2.4.so.2.10.2
7f00cd51c000-7f00cd71b000 ---p 0000e000 fd:00 131260                     /lib64/liblber-2.4.so.2.10.2
7f00cd71b000-7f00cd71c000 r--p 0000d000 fd:00 131260                     /lib64/liblber-2.4.so.2.10.2
7f00cd71c000-7f00cd71d000 rw-p 0000e000 fd:00 131260                     /lib64/liblber-2.4.so.2.10.2
7f00cd71d000-7f00cd744000 r-xp 00000000 fd:00 401129                     /usr/lib64/libssh2.so.1.0.1
7f00cd744000-7f00cd943000 ---p 00027000 fd:00 401129                     /usr/lib64/libssh2.so.1.0.1
7f00cd943000-7f00cd944000 rw-p 00026000 fd:00 401129                     /usr/lib64/libssh2.so.1.0.1
7f00cd944000-7f00cd945000 rw-p 00000000 00:00 0 
7f00cd945000-7f00cd97e000 r-xp 00000000 fd:00 149689                     /lib64/libnspr4.so
7f00cd97e000-7f00cdb7e000 ---p 00039000 fd:00 149689                     /lib64/libnspr4.so
7f00cdb7e000-7f00cdb7f000 r--p 00039000 fd:00 149689                     /lib64/libnspr4.so
7f00cdb7f000-7f00cdb81000 rw-p 0003a000 fd:00 149689                     /lib64/libnspr4.so
7f00cdb81000-7f00cdb83000 rw-p 00000000 00:00 0 
7f00cdb83000-7f00cdb87000 r-xp 00000000 fd:00 149690                     /lib64/libplc4.so
7f00cdb87000-7f00cdd86000 ---p 00004000 fd:00 149690                     /lib64/libplc4.so
7f00cdd86000-7f00cdd87000 r--p 00003000 fd:00 149690                     /lib64/libplc4.so
7f00cdd87000-7f00cdd88000 rw-p 00004000 fd:00 149690                     /lib64/libplc4.so
7f00cdd88000-7f00cdd8b000 r-xp 00000000 fd:00 149691                     /lib64/libplds4.so
7f00cdd8b000-7f00cdf8a000 ---p 00003000 fd:00 149691                     /lib64/libplds4.so
7f00cdf8a000-7f00cdf8b000 r--p 00002000 fd:00 149691                     /lib64/libplds4.so
7f00cdf8b000-7f00cdf8c000 rw-p 00003000 fd:00 149691                     /lib64/libplds4.so
7f00cdf8c000-7f00cdfb1000 r-xp 00000000 fd:00 400762                     /usr/lib64/libnssutil3.so
7f00cdfb1000-7f00ce1b1000 ---p 00025000 fd:00 400762                     /usr/lib64/libnssutil3.so
7f00ce1b1000-7f00ce1b7000 r--p 00025000 fd:00 400762                     /usr/lib64/libnssutil3.so
7f00ce1b7000-7f00ce1b8000 rw-p 0002b000 fd:00 400762                     /usr/lib64/libnssutil3.so
7f00ce1b8000-7f00ce2ef000 r-xp 00000000 fd:00 401117                     /usr/lib64/libnss3.so
7f00ce2ef000-7f00ce4ee000 ---p 00137000 fd:00 401117                     /usr/lib64/libnss3.so
7f00ce4ee000-7f00ce4f3000 r--p 00136000 fd:00 401117                     /usr/lib64/libnss3.so
7f00ce4f3000-7f00ce4f5000 rw-p 0013b000 fd:00 401117                     /usr/lib64/libnss3.so
7f00ce4f5000-7f00ce4f7000 rw-p 00000000 00:00 0 
7f00ce4f7000-7f00ce51f000 r-xp 00000000 fd:00 401119                     /usr/lib64/libsmime3.so
7f00ce51f000-7f00ce71e000 ---p 00028000 fd:00 401119                     /usr/lib64/libsmime3.so
7f00ce71e000-7f00ce722000 r--p 00027000 fd:00 401119                     /usr/lib64/libsmime3.so
7f00ce722000-7f00ce723000 rw-p 0002b000 fd:00 401119                     /usr/lib64/libsmime3.so
7f00ce723000-7f00ce75e000 r-xp 00000000 fd:00 402971                     /usr/lib64/libssl3.so
7f00ce75e000-7f00ce95d000 ---p 0003b000 fd:00 402971                     /usr/lib64/libssl3.so
7f00ce95d000-7f00ce960000 r--p 0003a000 fd:00 402971                     /usr/lib64/libssl3.so
7f00ce960000-7f00ce961000 rw-p 0003d000 fd:00 402971                     /usr/lib64/libssl3.so
7f00ce961000-7f00ce962000 rw-p 00000000 00:00 0 
7f00ce962000-7f00ce9af000 r-xp 00000000 fd:00 131262                     /lib64/libldap-2.4.so.2.10.2
7f00ce9af000-7f00cebae000 ---p 0004d000 fd:00 131262                     /lib64/libldap-2.4.so.2.10.2
7f00cebae000-7f00cebb0000 r--p 0004c000 fd:00 131262                     /lib64/libldap-2.4.so.2.10.2
7f00cebb0000-7f00cebb2000 rw-p 0004e000 fd:00 131262                     /lib64/libldap-2.4.so.2.10.2
7f00cebb2000-7f00cebe4000 r-xp 00000000 fd:00 131166                     /lib64/libidn.so.11.6.1
7f00cebe4000-7f00cede3000 ---p 00032000 fd:00 131166                     /lib64/libidn.so.11.6.1
7f00cede3000-7f00cede4000 rw-p 00031000 fd:00 131166                     /lib64/libidn.so.11.6.1
7f00cede4000-7f00cee36000 r-xp 00000000 fd:00 401130                     /usr/lib64/libcurl.so.4.1.1
7f00cee36000-7f00cf035000 ---p 00052000 fd:00 401130                     /usr/lib64/libcurl.so.4.1.1
7f00cf035000-7f00cf038000 rw-p 00051000 fd:00 401130                     /usr/lib64/libcurl.so.4.1.1
7f00cf038000-7f00cfce6000 r-xp 00000000 fd:00 542236                     /opt/jdk1.8.0_45/jre/lib/amd64/server/libjvm.so
7f00cfce6000-7f00cfee5000 ---p 00cae000 fd:00 542236                     /opt/jdk1.8.0_45/jre/lib/amd64/server/libjvm.so
7f00cfee5000-7f00cffbc000 rw-p 00cad000 fd:00 542236                     /opt/jdk1.8.0_45/jre/lib/amd64/server/libjvm.so
7f00cffbc000-7f00d0000000 rw-p 00000000 00:00 0 
7f00d0000000-7f00d0021000 rw-p 00000000 00:00 0 
7f00d0021000-7f00d4000000 ---p 00000000 00:00 0 
7f00d4145000-7f00d414c000 r-xp 00000000 00:15 2201879                    /home/kniehaus/R/x86_64-redhat-linux-gnu-library/3.1/curl/libs/curl.so
7f00d414c000-7f00d434b000 ---p 00007000 00:15 2201879                    /home/kniehaus/R/x86_64-redhat-linux-gnu-library/3.1/curl/libs/curl.so
7f00d434b000-7f00d434e000 rw-p 00006000 00:15 2201879                    /home/kniehaus/R/x86_64-redhat-linux-gnu-library/3.1/curl/libs/curl.so
7f00d434e000-7f00d435b000 r-xp 00000000 00:15 3359147                    /home/kniehaus/R/x86_64-redhat-linux-gnu-library/3.1/pROC/libs/pROC.so
7f00d435b000-7f00d455b000 ---p 0000d000 00:15 3359147                    /home/kniehaus/R/x86_64-redhat-linux-gnu-library/3.1/pROC/libs/pROC.so
7f00d455b000-7f00d455c000 rw-p 0000d000 00:15 3359147                    /home/kniehaus/R/x86_64-redhat-linux-gnu-library/3.1/pROC/libs/pROC.so
7f00d455c000-7f00d455d000 rw-p 00000000 00:00 0 
7f00d455d000-7f00d455f000 r-xp 00000000 00:15 2693971                    /home/kniehaus/R/x86_64-redhat-linux-gnu-library/3.1/ffbase/libs/ffbase.so
7f00d455f000-7f00d475e000 ---p 00002000 00:15 2693971                    /home/kniehaus/R/x86_64-redhat-linux-gnu-library/3.1/ffbase/libs/ffbase.so
7f00d475e000-7f00d475f000 rw-p 00001000 00:15 2693971                    /home/kniehaus/R/x86_64-redhat-linux-gnu-library/3.1/ffbase/libs/ffbase.so
7f00d475f000-7f00d47f0000 r-xp 00000000 00:15 2660037                    /home/kniehaus/R/x86_64-redhat-linux-gnu-library/3.1/ff/libs/ff.so
7f00d47f0000-7f00d49ef000 ---p 00091000 00:15 2660037                    /home/kniehaus/R/x86_64-redhat-linux-gnu-library/3.1/ff/libs/ff.so
7f00d49ef000-7f00d49f2000 rw-p 00090000 00:15 2660037                    /home/kniehaus/R/x86_64-redhat-linux-gnu-library/3.1/ff/libs/ff.so
7f00d49f2000-7f00d49f4000 r-xp 00000000 00:15 2279246                    /home/kniehaus/R/x86_64-redhat-linux-gnu-library/3.1/fastmatch/libs/fastmatch.so
7f00d49f4000-7f00d4bf3000 ---p 00002000 00:15 2279246                    /home/kniehaus/R/x86_64-redhat-linux-gnu-library/3.1/fastmatch/libs/fastmatch.so
7f00d4bf3000-7f00d4bf4000 rw-p 00001000 00:15 2279246                    /home/kniehaus/R/x86_64-redhat-linux-gnu-library/3.1/fastmatch/libs/fastmatch.so
7f00d4bf4000-7f00d4bfa000 r-xp 00000000 00:15 2405367                    /home/kniehaus/R/x86_64-redhat-linux-gnu-library/3.1/bit/libs/bit.so
7f00d4bfa000-7f00d4df9000 ---p 00006000 00:15 2405367                    /home/kniehaus/R/x86_64-redhat-linux-gnu-library/3.1/bit/libs/bit.so
7f00d4df9000-7f00d4dfa000 rw-p 00005000 00:15 2405367                    /home/kniehaus/R/x86_64-redhat-linux-gnu-library/3.1/bit/libs/bit.so
7f00d4dfa000-7f00d4e09000 r-xp 00000000 00:15 3221933                    /home/kniehaus/R/x86_64-redhat-linux-gnu-library/3.1/rJava/libs/rJava.so
7f00d4e09000-7f00d5009000 ---p 0000f000 00:15 3221933                    /home/kniehaus/R/x86_64-redhat-linux-gnu-library/3.1/rJava/libs/rJava.so
7f00d5009000-7f00d500a000 rw-p 0000f000 00:15 3221933                    /home/kniehaus/R/x86_64-redhat-linux-gnu-library/3.1/rJava/libs/rJava.so
7f00d500a000-7f00d500f000 r-xp 00000000 fd:00 416938                     /usr/lib64/R/library/MASS/libs/MASS.so
7f00d500f000-7f00d520f000 ---p 00005000 fd:00 416938                     /usr/lib64/R/library/MASS/libs/MASS.so
7f00d520f000-7f00d5210000 rw-p 00005000 fd:00 416938                     /usr/lib64/R/library/MASS/libs/MASS.so
7f00d5210000-7f00d521b000 r-xp 00000000 00:15 1475343                    /home/kniehaus/R/x86_64-redhat-linux-gnu-library/3.1/scales/libs/scales.so
7f00d521b000-7f00d541a000 ---p 0000b000 00:15 1475343                    /home/kniehaus/R/x86_64-redhat-linux-gnu-library/3.1/scales/libs/scales.so
7f00d541a000-7f00d541b000 rw-p 0000a000 00:15 1475343                    /home/kniehaus/R/x86_64-redhat-linux-gnu-library/3.1/scales/libs/scales.so
7f00d541b000-7f00d541c000 rw-p 00000000 00:00 0 
7f00d541c000-7f00d5426000 r-xp 00000000 00:15 2226029                    /home/kniehaus/R/x86_64-redhat-linux-gnu-library/3.1/colorspace/libs/colorspace.so
7f00d5426000-7f00d5626000 ---p 0000a000 00:15 2226029                    /home/kniehaus/R/x86_64-redhat-linux-gnu-library/3.1/colorspace/libs/colorspace.so
7f00d5626000-7f00d5627000 rw-p 0000a000 00:15 2226029                    /home/kniehaus/R/x86_64-redhat-linux-gnu-library/3.1/colorspace/libs/colorspace.so
7f00d5627000-7f00d5636000 r-xp 00000000 00:15 2495228                    /home/kniehaus/R/x86_64-redhat-linux-gnu-library/3.1/reshape2/libs/reshape2.so
7f00d5636000-7f00d5835000 ---p 0000f000 00:15 2495228                    /home/kniehaus/R/x86_64-redhat-linux-gnu-library/3.1/reshape2/libs/reshape2.so
7f00d5835000-7f00d5837000 rw-p 0000e000 00:15 2495228                    /home/kniehaus/R/x86_64-redhat-linux-gnu-library/3.1/reshape2/libs/reshape2.so
7f00d5837000-7f00d70ed000 r--s 00000000 00:15 2868778                    /home/kniehaus/R/x86_64-redhat-linux-gnu-library/3.1/stringi/libs/icudt55l.dat
7f00d70ed000-7f00d7535000 r-xp 00000000 00:15 2868777                    /home/kniehaus/R/x86_64-redhat-linux-gnu-library/3.1/stringi/libs/stringi.so
7f00d7535000-7f00d7734000 ---p 00448000 00:15 2868777                    /home/kniehaus/R/x86_64-redhat-linux-gnu-library/3.1/stringi/libs/stringi.so
7f00d7734000-7f00d7760000 rw-p 00447000 00:15 2868777                    /home/kniehaus/R/x86_64-redhat-linux-gnu-library/3.1/stringi/libs/stringi.so
7f00d7760000-7f00d7764000 rw-p 00000000 00:00 0 
7f00d7764000-7f00d776c000 r-xp 00000000 00:15 2986491                    /home/kniehaus/R/x86_64-redhat-linux-gnu-library/3.1/plyr/libs/plyr.so
7f00d776c000-7f00d796c000 ---p 00008000 00:15 2986491                    /home/kniehaus/R/x86_64-redhat-linux-gnu-library/3.1/plyr/libs/plyr.so
7f00d796c000-7f00d796d000 rw-p 00008000 00:15 2986491                    /home/kniehaus/R/x86_64-redhat-linux-gnu-library/3.1/plyr/libs/plyr.so
7f00d796d000-7f00d79bb000 r-xp 00000000 00:15 1109730                    /home/kniehaus/R/x86_64-redhat-linux-gnu-library/3.1/Rcpp/libs/Rcpp.so
7f00d79bb000-7f00d7bba000 ---p 0004e000 00:15 1109730                    /home/kniehaus/R/x86_64-redhat-linux-gnu-library/3.1/Rcpp/libs/Rcpp.so
7f00d7bba000-7f00d7bbd000 rw-p 0004d000 00:15 1109730                    /home/kniehaus/R/x86_64-redhat-linux-gnu-library/3.1/Rcpp/libs/Rcpp.so
7f00d7bbd000-7f00d7bc4000 rw-p 00000000 00:00 0 
7f00d7bc4000-7f00d7be1000 r-xp 00000000 fd:00 418625                     /usr/lib64/R/library/grid/libs/grid.so
7f00d7be1000-7f00d7de1000 ---p 0001d000 fd:00 418625                     /usr/lib64/R/library/grid/libs/grid.so
7f00d7de1000-7f00d7de2000 rw-p 0001d000 fd:00 418625                     /usr/lib64/R/library/grid/libs/grid.so
7f00d7de2000-7f00d7dfe000 r-xp 00000000 00:15 1541281                    /home/kniehaus/R/x86_64-redhat-linux-gnu-library/3.1/digest/libs/digest.so
7f00d7dfe000-7f00d7ffd000 ---p 0001c000 00:15 1541281                    /home/kniehaus/R/x86_64-redhat-linux-gnu-library/3.1/digest/libs/digest.so
7f00d7ffd000-7f00d7ffe000 rw-p 0001b000 00:15 1541281                    /home/kniehaus/R/x86_64-redhat-linux-gnu-library/3.1/digest/libs/digest.so
7f00d7ffe000-7f00d8000000 rw-p 00000000 00:00 0 
7f00d8000000-7f00d8047000 rw-p 00000000 00:00 0 
7f00d8047000-7f00dc000000 ---p 00000000 00:00 0 
7f00dc000000-7f00dc021000 rw-p 00000000 00:00 0 
7f00dc021000-7f00e0000000 ---p 00000000 00:00 0 
7f00e00c4000-7f00e016e000 ---p 00000000 00:00 0 
7f00e016e000-7f00e01c3000 rw-p 00000000 00:00 0 
7f00e01c3000-7f00e01c4000 ---p 00000000 00:00 0 
7f00e01c4000-7f00e1bba000 rw-p 00000000 00:00 0 
7f00e1bba000-7f00e1bce000 r-xp 00000000 fd:00 533991                     /usr/lib64/R/library/tools/libs/tools.so
7f00e1bce000-7f00e1dce000 ---p 00014000 fd:00 533991                     /usr/lib64/R/library/tools/libs/tools.so
7f00e1dce000-7f00e1dd0000 rw-p 00014000 fd:00 533991                     /usr/lib64/R/library/tools/libs/tools.so
7f00e1dd0000-7f00e1dd1000 ---p 00000000 00:00 0 
7f00e1dd1000-7f00e27d1000 rw-p 00000000 00:00 0 
7f00e27d1000-7f00e27d2000 ---p 00000000 00:00 0 
7f00e27d2000-7f00e31d2000 rw-p 00000000 00:00 0 
7f00e31d2000-7f00e3397000 r-xp 00000000 fd:00 416698                     /usr/lib64/R/lib/libRlapack.so
7f00e3397000-7f00e3596000 ---p 001c5000 fd:00 416698                     /usr/lib64/R/lib/libRlapack.so
7f00e3596000-7f00e3598000 rw-p 001c4000 fd:00 416698                     /usr/lib64/R/lib/libRlapack.so
7f00e3598000-7f00e3638000 r-xp 00000000 fd:00 533679                     /usr/lib64/R/library/stats/libs/stats.so
7f00e3638000-7f00e3837000 ---p 000a0000 fd:00 533679                     /usr/lib64/R/library/stats/libs/stats.so
7f00e3837000-7f00e383b000 rw-p 0009f000 fd:00 533679                     /usr/lib64/R/library/stats/libs/stats.so
7f00e383b000-7f00e3878000 r-xp 00000000 fd:00 418353                     /usr/lib64/R/library/grDevices/libs/grDevices.so
7f00e3878000-7f00e3a78000 ---p 0003d000 fd:00 418353                     /usr/lib64/R/library/grDevices/libs/grDevices.so
7f00e3a78000-7f00e3a7e000 rw-p 0003d000 fd:00 418353                     /usr/lib64/R/library/grDevices/libs/grDevices.so
7f00e3a7e000-7f00e3a7f000 rw-p 00000000 00:00 0 
7f00e3aaf000-7f00e3af0000 r-xp 00000000 fd:00 418466                     /usr/lib64/R/library/graphics/libs/graphics.so
7f00e3af0000-7f00e3cef000 ---p 00041000 fd:00 418466                     /usr/lib64/R/library/graphics/libs/graphics.so
7f00e3cef000-7f00e3cf1000 rw-p 00040000 fd:00 418466                     /usr/lib64/R/library/graphics/libs/graphics.so
7f00e3cf1000-7f00e3df8000 rw-p 00000000 00:00 0 
7f00e3df8000-7f00e3e00000 r-xp 00000000 fd:00 418843                     /usr/lib64/R/library/methods/libs/methods.so
7f00e3e00000-7f00e3fff000 ---p 00008000 fd:00 418843                     /usr/lib64/R/library/methods/libs/methods.so
7f00e3fff000-7f00e4000000 rw-p 00007000 fd:00 418843                     /usr/lib64/R/library/methods/libs/methods.so
7f00e4000000-7f00e4021000 rw-p 00000000 00:00 0 
7f00e4021000-7f00e8000000 ---p 00000000 00:00 0 
7f00e805c000-7f00e8064000 rw-s 00000000 fd:00 16362                      /tmp/hsperfdata_kniehaus/17005
7f00e8064000-7f00e806e000 r-xp 00000000 fd:00 534474                     /usr/lib64/R/library/utils/libs/utils.so
7f00e806e000-7f00e826e000 ---p 0000a000 fd:00 534474                     /usr/lib64/R/library/utils/libs/utils.so
7f00e826e000-7f00e826f000 rw-p 0000a000 fd:00 534474                     /usr/lib64/R/library/utils/libs/utils.so
7f00e826f000-7f00e8317000 rw-p 00000000 00:00 0 
7f00e8317000-7f00e834c000 r--s 00000000 fd:03 1779                       /var/db/nscd/group
7f00e834c000-7f00e83fd000 rw-p 00000000 00:00 0 
7f00e83fd000-7f00e83fe000 ---p 00000000 00:00 0 
7f00e83fe000-7f00e8dfe000 rw-p 00000000 00:00 0 
7f00e8dfe000-7f00e8dff000 ---p 00000000 00:00 0 
7f00e8dff000-7f00e97ff000 rw-p 00000000 00:00 0 
7f00e97ff000-7f00ef68f000 r--p 00000000 fd:00 431050                     /usr/lib/locale/locale-archive
7f00ef68f000-7f00ef6ac000 r-xp 00000000 fd:00 131126                     /lib64/libselinux.so.1
7f00ef6ac000-7f00ef8ab000 ---p 0001d000 fd:00 131126                     /lib64/libselinux.so.1
7f00ef8ab000-7f00ef8ac000 r--p 0001c000 fd:00 131126                     /lib64/libselinux.so.1
7f00ef8ac000-7f00ef8ad000 rw-p 0001d000 fd:00 131126                     /lib64/libselinux.so.1
7f00ef8ad000-7f00ef8ae000 rw-p 00000000 00:00 0 
7f00ef8ae000-7f00ef921000 r-xp 00000000 fd:00 131081                     /lib64/libfreebl3.so
7f00ef921000-7f00efb20000 ---p 00073000 fd:00 131081                     /lib64/libfreebl3.so
7f00efb20000-7f00efb22000 r--p 00072000 fd:00 131081                     /lib64/libfreebl3.so
7f00efb22000-7f00efb23000 rw-p 00074000 fd:00 131081                     /lib64/libfreebl3.so
7f00efb23000-7f00efb27000 rw-p 00000000 00:00 0 
7f00efb27000-7f00efb3d000 r-xp 00000000 fd:00 131118                     /lib64/libresolv-2.12.so
7f00efb3d000-7f00efd3d000 ---p 00016000 fd:00 131118                     /lib64/libresolv-2.12.so
7f00efd3d000-7f00efd3e000 r--p 00016000 fd:00 131118                     /lib64/libresolv-2.12.so
7f00efd3e000-7f00efd3f000 rw-p 00017000 fd:00 131118                     /lib64/libresolv-2.12.so
7f00efd3f000-7f00efd41000 rw-p 00000000 00:00 0 
7f00efd41000-7f00efd43000 r-xp 00000000 fd:00 131272                     /lib64/libkeyutils.so.1.3
7f00efd43000-7f00eff42000 ---p 00002000 fd:00 131272                     /lib64/libkeyutils.so.1.3
7f00eff42000-7f00eff43000 r--p 00001000 fd:00 131272                     /lib64/libkeyutils.so.1.3
7f00eff43000-7f00eff44000 rw-p 00002000 fd:00 131272                     /lib64/libkeyutils.so.1.3
7f00eff44000-7f00eff4e000 r-xp 00000000 fd:00 131282                     /lib64/libkrb5support.so.0.1
7f00eff4e000-7f00f014d000 ---p 0000a000 fd:00 131282                     /lib64/libkrb5support.so.0.1
7f00f014d000-7f00f014e000 r--p 00009000 fd:00 131282                     /lib64/libkrb5support.so.0.1
7f00f014e000-7f00f014f000 rw-p 0000a000 fd:00 131282                     /lib64/libkrb5support.so.0.1
7f00f014f000-7f00f1094000 r-xp 00000000 fd:00 412926                     /usr/lib64/libicudata.so.42.1
7f00f1094000-7f00f1293000 ---p 00f45000 fd:00 412926                     /usr/lib64/libicudata.so.42.1
7f00f1293000-7f00f1294000 rw-p 00f44000 fd:00 412926                     /usr/lib64/libicudata.so.42.1
7f00f1294000-7f00f12b1000 r-xp 00000000 fd:00 131132                     /lib64/libtinfo.so.5.7
7f00f12b1000-7f00f14b1000 ---p 0001d000 fd:00 131132                     /lib64/libtinfo.so.5.7
7f00f14b1000-7f00f14b5000 rw-p 0001d000 fd:00 131132                     /lib64/libtinfo.so.5.7
7f00f14b5000-7f00f14bc000 r-xp 00000000 fd:00 131094                     /lib64/libcrypt-2.12.so
7f00f14bc000-7f00f16bc000 ---p 00007000 fd:00 131094                     /lib64/libcrypt-2.12.so
7f00f16bc000-7f00f16bd000 r--p 00007000 fd:00 131094                     /lib64/libcrypt-2.12.so
7f00f16bd000-7f00f16be000 rw-p 00008000 fd:00 131094                     /lib64/libcrypt-2.12.so
7f00f16be000-7f00f16ec000 rw-p 00000000 00:00 0 
7f00f16ec000-7f00f1703000 r-xp 00000000 fd:00 131141                     /lib64/libaudit.so.1.0.0
7f00f1703000-7f00f1903000 ---p 00017000 fd:00 131141                     /lib64/libaudit.so.1.0.0
7f00f1903000-7f00f1904000 r--p 00017000 fd:00 131141                     /lib64/libaudit.so.1.0.0
7f00f1904000-7f00f190f000 rw-p 00018000 fd:00 131141                     /lib64/libaudit.so.1.0.0
7f00f190f000-7f00f1938000 r-xp 00000000 fd:00 131278                     /lib64/libk5crypto.so.3.1
7f00f1938000-7f00f1b38000 ---p 00029000 fd:00 131278                     /lib64/libk5crypto.so.3.1
7f00f1b38000-7f00f1b39000 r--p 00029000 fd:00 131278                     /lib64/libk5crypto.so.3.1
7f00f1b39000-7f00f1b3a000 rw-p 0002a000 fd:00 131278                     /lib64/libk5crypto.so.3.1
7f00f1b3a000-7f00f1b3b000 rw-p 00000000 00:00 0 
7f00f1b3b000-7f00f1b3e000 r-xp 00000000 fd:00 149473                     /lib64/libcom_err.so.2.1
7f00f1b3e000-7f00f1d3d000 ---p 00003000 fd:00 149473                     /lib64/libcom_err.so.2.1
7f00f1d3d000-7f00f1d3e000 r--p 00002000 fd:00 149473                     /lib64/libcom_err.so.2.1
7f00f1d3e000-7f00f1d3f000 rw-p 00003000 fd:00 149473                     /lib64/libcom_err.so.2.1
7f00f1d3f000-7f00f1e1a000 r-xp 00000000 fd:00 131280                     /lib64/libkrb5.so.3.3
7f00f1e1a000-7f00f2019000 ---p 000db000 fd:00 131280                     /lib64/libkrb5.so.3.3
7f00f2019000-7f00f2023000 r--p 000da000 fd:00 131280                     /lib64/libkrb5.so.3.3
7f00f2023000-7f00f2025000 rw-p 000e4000 fd:00 131280                     /lib64/libkrb5.so.3.3
7f00f2025000-7f00f2066000 r-xp 00000000 fd:00 131274                     /lib64/libgssapi_krb5.so.2.2
7f00f2066000-7f00f2266000 ---p 00041000 fd:00 131274                     /lib64/libgssapi_krb5.so.2.2
7f00f2266000-7f00f2267000 r--p 00041000 fd:00 131274                     /lib64/libgssapi_krb5.so.2.2
7f00f2267000-7f00f2269000 rw-p 00042000 fd:00 131274                     /lib64/libgssapi_krb5.so.2.2
7f00f2269000-7f00f227e000 r-xp 00000000 fd:00 398620                     /usr/lib64/libgomp.so.1.0.0
7f00f227e000-7f00f247d000 ---p 00015000 fd:00 398620                     /usr/lib64/libgomp.so.1.0.0
7f00f247d000-7f00f247e000 rw-p 00014000 fd:00 398620                     /usr/lib64/libgomp.so.1.0.0
7f00f247e000-7f00f2606000 r-xp 00000000 fd:00 412928                     /usr/lib64/libicui18n.so.42.1
7f00f2606000-7f00f2806000 ---p 00188000 fd:00 412928                     /usr/lib64/libicui18n.so.42.1
7f00f2806000-7f00f2813000 rw-p 00188000 fd:00 412928                     /usr/lib64/libicui18n.so.42.1
7f00f2813000-7f00f2814000 rw-p 00000000 00:00 0 
7f00f2814000-7f00f2953000 r-xp 00000000 fd:00 412938                     /usr/lib64/libicuuc.so.42.1
7f00f2953000-7f00f2b53000 ---p 0013f000 fd:00 412938                     /usr/lib64/libicuuc.so.42.1
7f00f2b53000-7f00f2b64000 rw-p 0013f000 fd:00 412938                     /usr/lib64/libicuuc.so.42.1
7f00f2b64000-7f00f2b66000 rw-p 00000000 00:00 0 
7f00f2b66000-7f00f2ba0000 r-xp 00000000 fd:00 131160                     /lib64/libreadline.so.6.0
7f00f2ba0000-7f00f2da0000 ---p 0003a000 fd:00 131160                     /lib64/libreadline.so.6.0
7f00f2da0000-7f00f2da8000 rw-p 0003a000 fd:00 131160                     /lib64/libreadline.so.6.0
7f00f2da8000-7f00f2da9000 rw-p 00000000 00:00 0 
7f00f2da9000-7f00f2e99000 r-xp 00000000 fd:00 412524                     /usr/lib64/libgfortran.so.3.0.0
7f00f2e99000-7f00f3098000 ---p 000f0000 fd:00 412524                     /usr/lib64/libgfortran.so.3.0.0
7f00f3098000-7f00f309a000 rw-p 000ef000 fd:00 412524                     /usr/lib64/libgfortran.so.3.0.0
7f00f309a000-7f00f309b000 rw-p 00000000 00:00 0 
7f00f309b000-7f00f30c6000 r-xp 00000000 fd:00 416697                     /usr/lib64/R/lib/libRblas.so
7f00f30c6000-7f00f32c5000 ---p 0002b000 fd:00 416697                     /usr/lib64/R/lib/libRblas.so
7f00f32c5000-7f00f32c6000 rw-p 0002a000 fd:00 416697                     /usr/lib64/R/lib/libRblas.so
7f00f32c6000-7f00f3450000 r-xp 00000000 fd:00 131086                     /lib64/libc-2.12.so
7f00f3450000-7f00f3650000 ---p 0018a000 fd:00 131086                     /lib64/libc-2.12.so
7f00f3650000-7f00f3654000 r--p 0018a000 fd:00 131086                     /lib64/libc-2.12.so
7f00f3654000-7f00f3655000 rw-p 0018e000 fd:00 131086                     /lib64/libc-2.12.so
7f00f3655000-7f00f365a000 rw-p 00000000 00:00 0 
7f00f365a000-7f00f3670000 r-xp 00000000 fd:00 150489                     /lib64/libgcc_s-4.4.7-20120601.so.1
7f00f3670000-7f00f386f000 ---p 00016000 fd:00 150489                     /lib64/libgcc_s-4.4.7-20120601.so.1
7f00f386f000-7f00f3870000 rw-p 00015000 fd:00 150489                     /lib64/libgcc_s-4.4.7-20120601.so.1
7f00f3870000-7f00f38f3000 r-xp 00000000 fd:00 131097                     /lib64/libm-2.12.so
7f00f38f3000-7f00f3af2000 ---p 00083000 fd:00 131097                     /lib64/libm-2.12.so
7f00f3af2000-7f00f3af3000 r--p 00082000 fd:00 131097                     /lib64/libm-2.12.so
7f00f3af3000-7f00f3af4000 rw-p 00083000 fd:00 131097                     /lib64/libm-2.12.so
7f00f3af4000-7f00f3bdc000 r-xp 00000000 fd:00 396928                     /usr/lib64/libstdc++.so.6.0.13
7f00f3bdc000-7f00f3ddc000 ---p 000e8000 fd:00 396928                     /usr/lib64/libstdc++.so.6.0.13
7f00f3ddc000-7f00f3de3000 r--p 000e8000 fd:00 396928                     /usr/lib64/libstdc++.so.6.0.13
7f00f3de3000-7f00f3de5000 rw-p 000ef000 fd:00 396928                     /usr/lib64/libstdc++.so.6.0.13
7f00f3de5000-7f00f3dfa000 rw-p 00000000 00:00 0 
7f00f3dfa000-7f00f3dfc000 r-xp 00000000 fd:00 131095                     /lib64/libdl-2.12.so
7f00f3dfc000-7f00f3ffc000 ---p 00002000 fd:00 131095                     /lib64/libdl-2.12.so
7f00f3ffc000-7f00f3ffd000 r--p 00002000 fd:00 131095                     /lib64/libdl-2.12.so
7f00f3ffd000-7f00f3ffe000 rw-p 00003000 fd:00 131095                     /lib64/libdl-2.12.so
7f00f3ffe000-7f00f400a000 r-xp 00000000 fd:00 131198                     /lib64/libpam.so.0.82.2
7f00f400a000-7f00f420a000 ---p 0000c000 fd:00 131198                     /lib64/libpam.so.0.82.2
7f00f420a000-7f00f420b000 r--p 0000c000 fd:00 131198                     /lib64/libpam.so.0.82.2
7f00f420b000-7f00f420c000 rw-p 0000d000 fd:00 131198                     /lib64/libpam.so.0.82.2
7f00f420c000-7f00f4344000 r-xp 00000000 fd:00 423446                     /usr/lib64/libcrypto.so.0.9.8e
7f00f4344000-7f00f4543000 ---p 00138000 fd:00 423446                     /usr/lib64/libcrypto.so.0.9.8e
7f00f4543000-7f00f4564000 rw-p 00137000 fd:00 423446                     /usr/lib64/libcrypto.so.0.9.8e
7f00f4564000-7f00f4568000 rw-p 00000000 00:00 0 
7f00f4568000-7f00f45b1000 r-xp 00000000 fd:00 423448                     /usr/lib64/libssl.so.0.9.8e
7f00f45b1000-7f00f47b1000 ---p 00049000 fd:00 423448                     /usr/lib64/libssl.so.0.9.8e
7f00f47b1000-7f00f47b7000 rw-p 00049000 fd:00 423448                     /usr/lib64/libssl.so.0.9.8e
7f00f47b7000-7f00f47cc000 r-xp 00000000 fd:00 131140                     /lib64/libz.so.1.2.3
7f00f47cc000-7f00f49cb000 ---p 00015000 fd:00 131140                     /lib64/libz.so.1.2.3
7f00f49cb000-7f00f49cc000 r--p 00014000 fd:00 131140                     /lib64/libz.so.1.2.3
7f00f49cc000-7f00f49cd000 rw-p 00015000 fd:00 131140                     /lib64/libz.so.1.2.3
7f00f49cd000-7f00f49d4000 r-xp 00000000 fd:00 131125                     /lib64/librt-2.12.so
7f00f49d4000-7f00f4bd3000 ---p 00007000 fd:00 131125                     /lib64/librt-2.12.so
7f00f4bd3000-7f00f4bd4000 r--p 00006000 fd:00 131125                     /lib64/librt-2.12.so
7f00f4bd4000-7f00f4bd5000 rw-p 00007000 fd:00 131125                     /lib64/librt-2.12.so
7f00f4bd5000-7f00f4bd9000 r-xp 00000000 fd:00 131171                     /lib64/libuuid.so.1.3.0
7f00f4bd9000-7f00f4dd8000 ---p 00004000 fd:00 131171                     /lib64/libuuid.so.1.3.0
7f00f4dd8000-7f00f4dd9000 rw-p 00003000 fd:00 131171                     /lib64/libuuid.so.1.3.0
7f00f4dd9000-7f00f4ddb000 r-xp 00000000 fd:00 131199                     /lib64/libutil-2.12.so
7f00f4ddb000-7f00f4fda000 ---p 00002000 fd:00 131199                     /lib64/libutil-2.12.so
7f00f4fda000-7f00f4fdb000 r--p 00001000 fd:00 131199                     /lib64/libutil-2.12.so
7f00f4fdb000-7f00f4fdc000 rw-p 00002000 fd:00 131199                     /lib64/libutil-2.12.so
7f00f4fdc000-7f00f4ff3000 r-xp 00000000 fd:00 131110                     /lib64/libpthread-2.12.so
7f00f4ff3000-7f00f51f3000 ---p 00017000 fd:00 131110                     /lib64/libpthread-2.12.so
7f00f51f3000-7f00f51f4000 r--p 00017000 fd:00 131110                     /lib64/libpthread-2.12.so
7f00f51f4000-7f00f51f5000 rw-p 00018000 fd:00 131110                     /lib64/libpthread-2.12.so
7f00f51f5000-7f00f51f9000 rw-p 00000000 00:00 0 
7f00f51f9000-7f00f54c3000 r-xp 00000000 fd:00 416696                     /usr/lib64/R/lib/libR.so
7f00f54c3000-7f00f56c2000 ---p 002ca000 fd:00 416696                     /usr/lib64/R/lib/libR.so
7f00f56c2000-7f00f56d3000 rw-p 002c9000 fd:00 416696                     /usr/lib64/R/lib/libR.so
7f00f56d3000-7f00f57be000 rw-p 00000000 00:00 0 
7f00f57be000-7f00f57de000 r-xp 00000000 fd:00 152325                     /lib64/ld-2.12.so
7f00f57e0000-7f00f5815000 r--s 00000000 fd:03 1778                       /var/db/nscd/passwd
7f00f5815000-7f00f59d0000 rw-p 00000000 00:00 0 
7f00f59d2000-7f00f59d4000 rw-p 00000000 00:00 0 
7f00f59d4000-7f00f59d5000 r--p 00000000 00:00 0 
7f00f59d5000-7f00f59dc000 r--s 00000000 fd:00 396542                     /usr/lib64/gconv/gconv-modules.cache
7f00f59dc000-7f00f59dd000 rw-p 00000000 00:00 0 
7f00f59dd000-7f00f59de000 r--p 0001f000 fd:00 152325                     /lib64/ld-2.12.so
7f00f59de000-7f00f59df000 rw-p 00020000 fd:00 152325                     /lib64/ld-2.12.so
7f00f59df000-7f00f59e0000 rw-p 00000000 00:00 0 
7fffd7852000-7fffd7855000 ---p 00000000 00:00 0 
7fffd7856000-7fffd7952000 rw-p 00000000 00:00 0                          [stack]
7fffd79ff000-7fffd7a00000 r-xp 00000000 00:00 0                          [vdso]
ffffffffff600000-ffffffffff601000 r-xp 00000000 00:00 0                  [vsyscall]

VM Arguments:
jvm_args: -Xmx512m -Xrs vfprintf exit 
java_command: <unknown>
java_class_path (initial): /home/kniehaus/R/x86_64-redhat-linux-gnu-library/3.1/rJava/java/boot
Launcher Type: generic

Environment Variables:
PATH=/usr/local/sbin:/usr/local/bin:/usr/bin:/usr/sbin:/sbin:/bin
LD_LIBRARY_PATH=/usr/lib64/R/lib:/lib:/usr/local/lib64:/opt/jdk1.8.0_45/jre/lib/amd64/server:@JAVA_LD@:@JAVA_LD@:@JAVA_LD@:@JAVA_LD@:@JAVA_LD@:@JAVA_LD@:@JAVA_LD@:@JAVA_LD@:@JAVA_LD@:@JAVA_LD@:@JAVA_LD@:@JAVA_LD@:@JAVA_LD@:@JAVA_LD@:@JAVA_LD@:@JAVA_LD@:@JAVA_LD@:@JAVA_LD@:@JAVA_LD@:@JAVA_LD@:@JAVA_LD@:@JAVA_LD@:@JAVA_LD@:@JAVA_LD@:@JAVA_LD@:@JAVA_LD@:@JAVA_LD@:@JAVA_LD@:@JAVA_LD@:@JAVA_LD@:@JAVA_LD@:@JAVA_LD@:@JAVA_LD@:@JAVA_LD@:@JAVA_LD@:@JAVA_LD@:@JAVA_LD@:@JAVA_LD@:@JAVA_LD@:@JAVA_LD@:@JAVA_LD@:@JAVA_LD@:@JAVA_LD@:@JAVA_LD@:@JAVA_LD@:@JAVA_LD@:@JAVA_LD@:@JAVA_LD@:@JAVA_LD@:@JAVA_LD@:@JAVA_LD@:@JAVA_LD@:@JAVA_LD@:@JAVA_LD@:@JAVA_LD@:@JAVA_LD@:@JAVA_LD@:@JAVA_LD@
DISPLAY=:0

Signal Handlers:
SIGSEGV: [libjvm.so+0xaad1e0], sa_mask[0]=11111111011111111101111111111110, sa_flags=SA_RESTART|SA_SIGINFO
SIGBUS: [libjvm.so+0xaad1e0], sa_mask[0]=11111111011111111101111111111110, sa_flags=SA_RESTART|SA_SIGINFO
SIGFPE: [libjvm.so+0x90b450], sa_mask[0]=11111111011111111101111111111110, sa_flags=SA_RESTART|SA_SIGINFO
SIGPIPE: [libjvm.so+0x90b450], sa_mask[0]=11111111011111111101111111111110, sa_flags=SA_RESTART|SA_SIGINFO
SIGXFSZ: [libjvm.so+0x90b450], sa_mask[0]=11111111011111111101111111111110, sa_flags=SA_RESTART|SA_SIGINFO
SIGILL: [libjvm.so+0x90b450], sa_mask[0]=11111111011111111101111111111110, sa_flags=SA_RESTART|SA_SIGINFO
SIGUSR1: [rsession+0x288820], sa_mask[0]=00000000010000000000000000000000, sa_flags=SA_RESTART
SIGUSR2: [libjvm.so+0x90ca90], sa_mask[0]=01000000000000000000000000000000, sa_flags=SA_RESTART|SA_SIGINFO
SIGHUP: SIG_IGN, sa_mask[0]=00000000000000000000000000000000, sa_flags=none
SIGINT: SIG_DFL, sa_mask[0]=00000000000000000000000000000000, sa_flags=none
SIGTERM: SIG_DFL, sa_mask[0]=00000000000000000000000000000000, sa_flags=none
SIGQUIT: SIG_DFL, sa_mask[0]=00000000000000000000000000000000, sa_flags=none


---------------  S Y S T E M  ---------------

OS:Red Hat Enterprise Linux Server release 6.6 (Santiago)

uname:Linux 2.6.32-504.3.3.el6.x86_64 #1 SMP Fri Dec 12 16:05:43 EST 2014 x86_64
libc:glibc 2.12 NPTL 2.12 
rlimit: STACK 10240k, CORE 0k, NPROC 256705, NOFILE 4096, AS infinity
load average:0.75 0.50 0.25

/proc/meminfo:
MemTotal:       32877008 kB
MemFree:          225724 kB
Buffers:            2144 kB
Cached:           246984 kB
SwapCached:        14016 kB
Active:         29849244 kB
Inactive:        2425136 kB
Active(anon):   29832404 kB
Inactive(anon):  2331912 kB
Active(file):      16840 kB
Inactive(file):    93224 kB
Unevictable:           0 kB
Mlocked:               0 kB
SwapTotal:       2097148 kB
SwapFree:              0 kB
Dirty:               108 kB
Writeback:             0 kB
AnonPages:      32011912 kB
Mapped:           156420 kB
Shmem:            138720 kB
Slab:              83112 kB
SReclaimable:      13396 kB
SUnreclaim:        69716 kB
KernelStack:        2616 kB
PageTables:        79168 kB
NFS_Unstable:          0 kB
Bounce:                0 kB
WritebackTmp:          0 kB
CommitLimit:    18535652 kB
Committed_AS:   35664308 kB
VmallocTotal:   34359738367 kB
VmallocUsed:      199628 kB
VmallocChunk:   34359528256 kB
HardwareCorrupted:     0 kB
AnonHugePages:  12617728 kB
HugePages_Total:       0
HugePages_Free:        0
HugePages_Rsvd:        0
HugePages_Surp:        0
Hugepagesize:       2048 kB
DirectMap4k:       10240 kB
DirectMap2M:    33544192 kB


CPU:total 4 (1 cores per cpu, 1 threads per core) family 6 model 45 stepping 2, cmov, cx8, fxsr, mmx, sse, sse2, sse3, ssse3, sse4.1, sse4.2, popcnt, avx, aes, clmul, tsc, tscinvbit, tscinv

/proc/cpuinfo:
processor	: 0
vendor_id	: GenuineIntel
cpu family	: 6
model		: 45
model name	: Intel(R) Xeon(R) CPU E5-2680 v2 @ 2.80GHz
stepping	: 2
microcode	: 1063
cpu MHz		: 2800.000
cache size	: 25600 KB
physical id	: 0
siblings	: 1
core id		: 0
cpu cores	: 1
apicid		: 0
initial apicid	: 0
fpu		: yes
fpu_exception	: yes
cpuid level	: 13
wp		: yes
flags		: fpu vme de pse tsc msr pae mce cx8 apic sep mtrr pge mca cmov pat pse36 clflush dts mmx fxsr sse sse2 ss syscall nx rdtscp lm constant_tsc arch_perfmon pebs bts xtopology tsc_reliable nonstop_tsc aperfmperf unfair_spinlock pni pclmulqdq ssse3 cx16 sse4_1 sse4_2 popcnt aes xsave avx hypervisor lahf_lm ida arat pln pts dts
bogomips	: 5600.00
clflush size	: 64
cache_alignment	: 64
address sizes	: 40 bits physical, 48 bits virtual
power management:

processor	: 1
vendor_id	: GenuineIntel
cpu family	: 6
model		: 45
model name	: Intel(R) Xeon(R) CPU E5-2680 v2 @ 2.80GHz
stepping	: 2
microcode	: 1063
cpu MHz		: 2800.000
cache size	: 25600 KB
physical id	: 2
siblings	: 1
core id		: 0
cpu cores	: 1
apicid		: 2
initial apicid	: 2
fpu		: yes
fpu_exception	: yes
cpuid level	: 13
wp		: yes
flags		: fpu vme de pse tsc msr pae mce cx8 apic sep mtrr pge mca cmov pat pse36 clflush dts mmx fxsr sse sse2 ss syscall nx rdtscp lm constant_tsc arch_perfmon pebs bts xtopology tsc_reliable nonstop_tsc aperfmperf unfair_spinlock pni pclmulqdq ssse3 cx16 sse4_1 sse4_2 popcnt aes xsave avx hypervisor lahf_lm ida arat pln pts dts
bogomips	: 5600.00
clflush size	: 64
cache_alignment	: 64
address sizes	: 40 bits physical, 48 bits virtual
power management:

processor	: 2
vendor_id	: GenuineIntel
cpu family	: 6
model		: 45
model name	: Intel(R) Xeon(R) CPU E5-2680 v2 @ 2.80GHz
stepping	: 2
microcode	: 1063
cpu MHz		: 2800.000
cache size	: 25600 KB
physical id	: 4
siblings	: 1
core id		: 0
cpu cores	: 1
apicid		: 4
initial apicid	: 4
fpu		: yes
fpu_exception	: yes
cpuid level	: 13
wp		: yes
flags		: fpu vme de pse tsc msr pae mce cx8 apic sep mtrr pge mca cmov pat pse36 clflush dts mmx fxsr sse sse2 ss syscall nx rdtscp lm constant_tsc arch_perfmon pebs bts xtopology tsc_reliable nonstop_tsc aperfmperf unfair_spinlock pni pclmulqdq ssse3 cx16 sse4_1 sse4_2 popcnt aes xsave avx hypervisor lahf_lm ida arat pln pts dts
bogomips	: 5600.00
clflush size	: 64
cache_alignment	: 64
address sizes	: 40 bits physical, 48 bits virtual
power management:

processor	: 3
vendor_id	: GenuineIntel
cpu family	: 6
model		: 45
model name	: Intel(R) Xeon(R) CPU E5-2680 v2 @ 2.80GHz
stepping	: 2
microcode	: 1063
cpu MHz		: 2800.000
cache size	: 25600 KB
physical id	: 6
siblings	: 1
core id		: 0
cpu cores	: 1
apicid		: 6
initial apicid	: 6
fpu		: yes
fpu_exception	: yes
cpuid level	: 13
wp		: yes
flags		: fpu vme de pse tsc msr pae mce cx8 apic sep mtrr pge mca cmov pat pse36 clflush dts mmx fxsr sse sse2 ss syscall nx rdtscp lm constant_tsc arch_perfmon pebs bts xtopology tsc_reliable nonstop_tsc aperfmperf unfair_spinlock pni pclmulqdq ssse3 cx16 sse4_1 sse4_2 popcnt aes xsave avx hypervisor lahf_lm ida arat pln pts dts
bogomips	: 5600.00
clflush size	: 64
cache_alignment	: 64
address sizes	: 40 bits physical, 48 bits virtual
power management:



Memory: 4k page, physical 32877008k(225724k free), swap 2097148k(0k free)

vm_info: Java HotSpot(TM) 64-Bit Server VM (25.45-b02) for linux-amd64 JRE (1.8.0_45-b14), built on Apr 10 2015 10:07:45 by "java_re" with gcc 4.3.0 20080428 (Red Hat 4.3.0-8)

time: Wed Sep  9 18:36:39 2015
elapsed time: 0 seconds (0d 0h 0m 0s)

