#
# There is insufficient memory for the Java Runtime Environment to continue.
# Native memory allocation (mmap) failed to map 351272960 bytes for committing reserved memory.
# Possible reasons:
#   The system is out of physical RAM or swap space
#   In 32 bit mode, the process size limit was hit
# Possible solutions:
#   Reduce memory load on the system
#   Increase physical memory or swap space
#   Check if swap backing store is full
#   Use 64 bit Java on a 64 bit OS
#   Decrease Java heap size (-Xmx/-Xms)
#   Decrease number of Java threads
#   Decrease Java thread stack sizes (-Xss)
#   Set larger code cache with -XX:ReservedCodeCacheSize=
# This output file may be truncated or incomplete.
#
#  Out of Memory Error (os_linux.cpp:2673), pid=17035, tid=139683194370208
#
# JRE version:  (8.0_45-b14) (build )
# Java VM: Java HotSpot(TM) 64-Bit Server VM (25.45-b02 mixed mode linux-amd64 compressed oops)
# Failed to write core dump. Core dumps have been disabled. To enable core dumping, try "ulimit -c unlimited" before starting Java again
#

---------------  T H R E A D  ---------------

Current thread (0x000000003f72f800):  JavaThread "Unknown thread" [_thread_in_vm, id=17035, stack(0x00007fff97c53000,0x00007fff97d53000)]

Stack: [0x00007fff97c53000,0x00007fff97d53000],  sp=0x00007fff97d37d10,  free space=915k
Native frames: (J=compiled Java code, j=interpreted, Vv=VM code, C=native code)
V  [libjvm.so+0xaac99a]  VMError::report_and_die()+0x2ba
V  [libjvm.so+0x4f333b]  report_vm_out_of_memory(char const*, int, unsigned long, VMErrorType, char const*)+0x8b
V  [libjvm.so+0x90e7c3]  os::Linux::commit_memory_impl(char*, unsigned long, bool)+0x103
V  [libjvm.so+0x90ed19]  os::pd_commit_memory(char*, unsigned long, unsigned long, bool)+0x29
V  [libjvm.so+0x90867a]  os::commit_memory(char*, unsigned long, unsigned long, bool)+0x2a
V  [libjvm.so+0x97bac3]  PSVirtualSpace::expand_by(unsigned long)+0x53
V  [libjvm.so+0x96bb77]  PSOldGen::initialize(ReservedSpace, unsigned long, char const*, int)+0xb7
V  [libjvm.so+0x2d4cda]  AdjoiningGenerations::AdjoiningGenerations(ReservedSpace, GenerationSizer*, unsigned long)+0x39a
V  [libjvm.so+0x931716]  ParallelScavengeHeap::initialize()+0x1d6
V  [libjvm.so+0xa75aab]  Universe::initialize_heap()+0xfb
V  [libjvm.so+0xa75e1e]  universe_init()+0x3e
V  [libjvm.so+0x62f635]  init_globals()+0x65
V  [libjvm.so+0xa5a02e]  Threads::create_vm(JavaVMInitArgs*, bool*)+0x23e
V  [libjvm.so+0x6c3244]  JNI_CreateJavaVM+0x74
C  [rJava.so+0xa240]  RinitJVM+0x420


---------------  P R O C E S S  ---------------

Java Threads: ( => current thread )

Other Threads:

=>0x000000003f72f800 (exited) JavaThread "Unknown thread" [_thread_in_vm, id=17035, stack(0x00007fff97c53000,0x00007fff97d53000)]

VM state:not at safepoint (not fully initialized)

VM Mutex/Monitor currently owned by a thread: None

GC Heap History (0 events):
No events

Deoptimization events (0 events):
No events

Internal exceptions (0 events):
No events

Events (0 events):
No events


Dynamic libraries:
00400000-011cf000 r-xp 00000000 fd:00 5141                               /usr/lib/rstudio-server/bin/rsession
013cf000-013e9000 r--p 00dcf000 fd:00 5141                               /usr/lib/rstudio-server/bin/rsession
013e9000-013ee000 rw-p 00de9000 fd:00 5141                               /usr/lib/rstudio-server/bin/rsession
013ee000-013f3000 rw-p 00000000 00:00 0 
021af000-3fb0c000 rw-p 00000000 00:00 0                                  [heap]
f4f00000-f5580000 ---p 00000000 00:00 0 
f5580000-ffc80000 rw-p 00000000 00:00 0 
ffc80000-100000000 ---p 00000000 00:00 0 
7f0a4b600000-7f0a4b79f000 rw-p 00000000 00:00 0 
7f0a4b79f000-7f0a4bb55000 ---p 00000000 00:00 0 
7f0a4bb55000-7f0a4bdc5000 rwxp 00000000 00:00 0 
7f0a4bdc5000-7f0a5ab55000 ---p 00000000 00:00 0 
7f0a5ab55000-7f0a5ab6f000 r-xp 00000000 fd:00 542197                     /opt/jdk1.8.0_45/jre/lib/amd64/libzip.so
7f0a5ab6f000-7f0a5ad6f000 ---p 0001a000 fd:00 542197                     /opt/jdk1.8.0_45/jre/lib/amd64/libzip.so
7f0a5ad6f000-7f0a5ad70000 rw-p 0001a000 fd:00 542197                     /opt/jdk1.8.0_45/jre/lib/amd64/libzip.so
7f0a5ad70000-7f0a5ad9a000 r-xp 00000000 fd:00 542190                     /opt/jdk1.8.0_45/jre/lib/amd64/libjava.so
7f0a5ad9a000-7f0a5af9a000 ---p 0002a000 fd:00 542190                     /opt/jdk1.8.0_45/jre/lib/amd64/libjava.so
7f0a5af9a000-7f0a5af9c000 rw-p 0002a000 fd:00 542190                     /opt/jdk1.8.0_45/jre/lib/amd64/libjava.so
7f0a5af9c000-7f0a5afa9000 r-xp 00000000 fd:00 542231                     /opt/jdk1.8.0_45/jre/lib/amd64/libverify.so
7f0a5afa9000-7f0a5b1a9000 ---p 0000d000 fd:00 542231                     /opt/jdk1.8.0_45/jre/lib/amd64/libverify.so
7f0a5b1a9000-7f0a5b1ab000 rw-p 0000d000 fd:00 542231                     /opt/jdk1.8.0_45/jre/lib/amd64/libverify.so
7f0a5b1ab000-7f0a5b1dd000 r-xp 00000000 00:15 2397681                    /home/kniehaus/R/x86_64-redhat-linux-gnu-library/3.1/data.table/libs/datatable.so
7f0a5b1dd000-7f0a5b3dc000 ---p 00032000 00:15 2397681                    /home/kniehaus/R/x86_64-redhat-linux-gnu-library/3.1/data.table/libs/datatable.so
7f0a5b3dc000-7f0a5b3de000 rw-p 00031000 00:15 2397681                    /home/kniehaus/R/x86_64-redhat-linux-gnu-library/3.1/data.table/libs/datatable.so
7f0a5b3de000-7f0a5b442000 rw-p 00000000 00:00 0 
7f0a5b442000-7f0a5b444000 r-xp 00000000 00:15 2669338                    /home/kniehaus/R/x86_64-redhat-linux-gnu-library/3.1/chron/libs/chron.so
7f0a5b444000-7f0a5b643000 ---p 00002000 00:15 2669338                    /home/kniehaus/R/x86_64-redhat-linux-gnu-library/3.1/chron/libs/chron.so
7f0a5b643000-7f0a5b644000 rw-p 00001000 00:15 2669338                    /home/kniehaus/R/x86_64-redhat-linux-gnu-library/3.1/chron/libs/chron.so
7f0a5b644000-7f0a5b645000 r-xp 00000000 00:15 357016                     /home/kniehaus/R/x86_64-redhat-linux-gnu-library/3.1/lars/libs/lars.so
7f0a5b645000-7f0a5b844000 ---p 00001000 00:15 357016                     /home/kniehaus/R/x86_64-redhat-linux-gnu-library/3.1/lars/libs/lars.so
7f0a5b844000-7f0a5b845000 rw-p 00000000 00:15 357016                     /home/kniehaus/R/x86_64-redhat-linux-gnu-library/3.1/lars/libs/lars.so
7f0a5b845000-7f0a5b88b000 r-xp 00000000 00:15 3181654                    /home/kniehaus/R/x86_64-redhat-linux-gnu-library/3.1/glmnet/libs/glmnet.so
7f0a5b88b000-7f0a5ba8b000 ---p 00046000 00:15 3181654                    /home/kniehaus/R/x86_64-redhat-linux-gnu-library/3.1/glmnet/libs/glmnet.so
7f0a5ba8b000-7f0a5ba8c000 rw-p 00046000 00:15 3181654                    /home/kniehaus/R/x86_64-redhat-linux-gnu-library/3.1/glmnet/libs/glmnet.so
7f0a5ba8c000-7f0a5ba8e000 r-xp 00000000 00:15 1768206                    /home/kniehaus/R/x86_64-redhat-linux-gnu-library/3.1/caret/libs/caret.so
7f0a5ba8e000-7f0a5bc8d000 ---p 00002000 00:15 1768206                    /home/kniehaus/R/x86_64-redhat-linux-gnu-library/3.1/caret/libs/caret.so
7f0a5bc8d000-7f0a5bc8e000 rw-p 00001000 00:15 1768206                    /home/kniehaus/R/x86_64-redhat-linux-gnu-library/3.1/caret/libs/caret.so
7f0a5bc8e000-7f0a5bcaf000 r-xp 00000000 00:15 1465787                    /home/kniehaus/R/x86_64-redhat-linux-gnu-library/3.1/quantreg/libs/quantreg.so
7f0a5bcaf000-7f0a5beaf000 ---p 00021000 00:15 1465787                    /home/kniehaus/R/x86_64-redhat-linux-gnu-library/3.1/quantreg/libs/quantreg.so
7f0a5beaf000-7f0a5beb0000 rw-p 00021000 00:15 1465787                    /home/kniehaus/R/x86_64-redhat-linux-gnu-library/3.1/quantreg/libs/quantreg.so
7f0a5beb0000-7f0a5bebf000 r-xp 00000000 00:15 3351135                    /home/kniehaus/R/x86_64-redhat-linux-gnu-library/3.1/SparseM/libs/SparseM.so
7f0a5bebf000-7f0a5c0be000 ---p 0000f000 00:15 3351135                    /home/kniehaus/R/x86_64-redhat-linux-gnu-library/3.1/SparseM/libs/SparseM.so
7f0a5c0be000-7f0a5c0bf000 rw-p 0000e000 00:15 3351135                    /home/kniehaus/R/x86_64-redhat-linux-gnu-library/3.1/SparseM/libs/SparseM.so
7f0a5c0bf000-7f0a5c101000 r-xp 00000000 fd:00 538332                     /usr/lib64/R/library/mgcv/libs/mgcv.so
7f0a5c101000-7f0a5c300000 ---p 00042000 fd:00 538332                     /usr/lib64/R/library/mgcv/libs/mgcv.so
7f0a5c300000-7f0a5c302000 rw-p 00041000 fd:00 538332                     /usr/lib64/R/library/mgcv/libs/mgcv.so
7f0a5c302000-7f0a5c306000 r-xp 00000000 fd:00 533120                     /usr/lib64/R/library/parallel/libs/parallel.so
7f0a5c306000-7f0a5c506000 ---p 00004000 fd:00 533120                     /usr/lib64/R/library/parallel/libs/parallel.so
7f0a5c506000-7f0a5c507000 rw-p 00004000 fd:00 533120                     /usr/lib64/R/library/parallel/libs/parallel.so
7f0a5c507000-7f0a5c50b000 r-xp 00000000 fd:00 533061                     /usr/lib64/R/library/nnet/libs/nnet.so
7f0a5c50b000-7f0a5c70a000 ---p 00004000 fd:00 533061                     /usr/lib64/R/library/nnet/libs/nnet.so
7f0a5c70a000-7f0a5c70b000 rw-p 00003000 fd:00 533061                     /usr/lib64/R/library/nnet/libs/nnet.so
7f0a5c70b000-7f0a5c76a000 r-xp 00000000 00:15 1823835                    /home/kniehaus/R/x86_64-redhat-linux-gnu-library/3.1/lme4/libs/lme4.so
7f0a5c76a000-7f0a5c96a000 ---p 0005f000 00:15 1823835                    /home/kniehaus/R/x86_64-redhat-linux-gnu-library/3.1/lme4/libs/lme4.so
7f0a5c96a000-7f0a5c96d000 rw-p 0005f000 00:15 1823835                    /home/kniehaus/R/x86_64-redhat-linux-gnu-library/3.1/lme4/libs/lme4.so
7f0a5c96d000-7f0a5c96e000 rw-p 00000000 00:00 0 
7f0a5c96e000-7f0a5c9d6000 r-xp 00000000 00:15 1532019                    /home/kniehaus/R/x86_64-redhat-linux-gnu-library/3.1/nloptr/libs/nloptr.so
7f0a5c9d6000-7f0a5cbd6000 ---p 00068000 00:15 1532019                    /home/kniehaus/R/x86_64-redhat-linux-gnu-library/3.1/nloptr/libs/nloptr.so
7f0a5cbd6000-7f0a5cbd7000 rw-p 00068000 00:15 1532019                    /home/kniehaus/R/x86_64-redhat-linux-gnu-library/3.1/nloptr/libs/nloptr.so
7f0a5cbd7000-7f0a5cbf9000 r-xp 00000000 00:15 1633618                    /home/kniehaus/R/x86_64-redhat-linux-gnu-library/3.1/minqa/libs/minqa.so
7f0a5cbf9000-7f0a5cdf8000 ---p 00022000 00:15 1633618                    /home/kniehaus/R/x86_64-redhat-linux-gnu-library/3.1/minqa/libs/minqa.so
7f0a5cdf8000-7f0a5cdfa000 rw-p 00021000 00:15 1633618                    /home/kniehaus/R/x86_64-redhat-linux-gnu-library/3.1/minqa/libs/minqa.so
7f0a5cdfa000-7f0a5ceb9000 r-xp 00000000 fd:00 417159                     /usr/lib64/R/library/Matrix/libs/Matrix.so
7f0a5ceb9000-7f0a5d0b8000 ---p 000bf000 fd:00 417159                     /usr/lib64/R/library/Matrix/libs/Matrix.so
7f0a5d0b8000-7f0a5d0bc000 rw-p 000be000 fd:00 417159                     /usr/lib64/R/library/Matrix/libs/Matrix.so
7f0a5d0bc000-7f0a5d2ac000 rw-p 00000000 00:00 0 
7f0a5d2ac000-7f0a5d2ae000 r-xp 00000000 fd:00 533339                     /usr/lib64/R/library/splines/libs/splines.so
7f0a5d2ae000-7f0a5d4ad000 ---p 00002000 fd:00 533339                     /usr/lib64/R/library/splines/libs/splines.so
7f0a5d4ad000-7f0a5d4ae000 rw-p 00001000 fd:00 533339                     /usr/lib64/R/library/splines/libs/splines.so
7f0a5d4ae000-7f0a5d4af000 r-xp 00000000 00:15 2268910                    /home/kniehaus/R/x86_64-redhat-linux-gnu-library/3.1/gtools/libs/gtools.so
7f0a5d4af000-7f0a5d6ae000 ---p 00001000 00:15 2268910                    /home/kniehaus/R/x86_64-redhat-linux-gnu-library/3.1/gtools/libs/gtools.so
7f0a5d6ae000-7f0a5d6af000 rw-p 00000000 00:15 2268910                    /home/kniehaus/R/x86_64-redhat-linux-gnu-library/3.1/gtools/libs/gtools.so
7f0a5d6af000-7f0a5d6b0000 r-xp 00000000 00:15 3143848                    /home/kniehaus/R/x86_64-redhat-linux-gnu-library/3.1/brglm/libs/brglm.so
7f0a5d6b0000-7f0a5d8af000 ---p 00001000 00:15 3143848                    /home/kniehaus/R/x86_64-redhat-linux-gnu-library/3.1/brglm/libs/brglm.so
7f0a5d8af000-7f0a5d8b0000 rw-p 00000000 00:15 3143848                    /home/kniehaus/R/x86_64-redhat-linux-gnu-library/3.1/brglm/libs/brglm.so
7f0a5d8b0000-7f0a5d8c2000 r-xp 00000000 fd:00 532994                     /usr/lib64/R/library/nlme/libs/nlme.so
7f0a5d8c2000-7f0a5dac1000 ---p 00012000 fd:00 532994                     /usr/lib64/R/library/nlme/libs/nlme.so
7f0a5dac1000-7f0a5dac2000 rw-p 00011000 fd:00 532994                     /usr/lib64/R/library/nlme/libs/nlme.so
7f0a5dac2000-7f0a5dac5000 r-xp 00000000 fd:00 418727                     /usr/lib64/R/library/lattice/libs/lattice.so
7f0a5dac5000-7f0a5dcc4000 ---p 00003000 fd:00 418727                     /usr/lib64/R/library/lattice/libs/lattice.so
7f0a5dcc4000-7f0a5dcc5000 rw-p 00002000 fd:00 418727                     /usr/lib64/R/library/lattice/libs/lattice.so
7f0a5dcc5000-7f0a5dcc6000 r-xp 00000000 00:15 2396968                    /home/kniehaus/R/x86_64-redhat-linux-gnu-library/3.1/devtools/libs/devtools.so
7f0a5dcc6000-7f0a5dec5000 ---p 00001000 00:15 2396968                    /home/kniehaus/R/x86_64-redhat-linux-gnu-library/3.1/devtools/libs/devtools.so
7f0a5dec5000-7f0a5dec6000 rw-p 00000000 00:15 2396968                    /home/kniehaus/R/x86_64-redhat-linux-gnu-library/3.1/devtools/libs/devtools.so
7f0a5dec6000-7f0a5dfb1000 r-xp 00000000 00:15 3219665                    /home/kniehaus/R/x86_64-redhat-linux-gnu-library/3.1/git2r/libs/git2r.so
7f0a5dfb1000-7f0a5e1b1000 ---p 000eb000 00:15 3219665                    /home/kniehaus/R/x86_64-redhat-linux-gnu-library/3.1/git2r/libs/git2r.so
7f0a5e1b1000-7f0a5e1b6000 rw-p 000eb000 00:15 3219665                    /home/kniehaus/R/x86_64-redhat-linux-gnu-library/3.1/git2r/libs/git2r.so
7f0a5e1b6000-7f0a5e2ff000 r-xp 00000000 fd:00 396923                     /usr/lib64/libxml2.so.2.7.6
7f0a5e2ff000-7f0a5e4fe000 ---p 00149000 fd:00 396923                     /usr/lib64/libxml2.so.2.7.6
7f0a5e4fe000-7f0a5e507000 rw-p 00148000 fd:00 396923                     /usr/lib64/libxml2.so.2.7.6
7f0a5e507000-7f0a5e509000 rw-p 00000000 00:00 0 
7f0a5e509000-7f0a5e537000 r-xp 00000000 00:15 2391130                    /home/kniehaus/R/x86_64-redhat-linux-gnu-library/3.1/xml2/libs/xml2.so
7f0a5e537000-7f0a5e737000 ---p 0002e000 00:15 2391130                    /home/kniehaus/R/x86_64-redhat-linux-gnu-library/3.1/xml2/libs/xml2.so
7f0a5e737000-7f0a5e739000 rw-p 0002e000 00:15 2391130                    /home/kniehaus/R/x86_64-redhat-linux-gnu-library/3.1/xml2/libs/xml2.so
7f0a5e739000-7f0a5e73a000 rw-p 00000000 00:00 0 
7f0a5e73a000-7f0a5e8f3000 r-xp 00000000 fd:00 396761                     /usr/lib64/libcrypto.so.1.0.1e
7f0a5e8f3000-7f0a5eaf2000 ---p 001b9000 fd:00 396761                     /usr/lib64/libcrypto.so.1.0.1e
7f0a5eaf2000-7f0a5eb0d000 r--p 001b8000 fd:00 396761                     /usr/lib64/libcrypto.so.1.0.1e
7f0a5eb0d000-7f0a5eb19000 rw-p 001d3000 fd:00 396761                     /usr/lib64/libcrypto.so.1.0.1e
7f0a5eb19000-7f0a5eb1d000 rw-p 00000000 00:00 0 
7f0a5eb1d000-7f0a5eb7f000 r-xp 00000000 fd:00 400804                     /usr/lib64/libssl.so.1.0.1e
7f0a5eb7f000-7f0a5ed7e000 ---p 00062000 fd:00 400804                     /usr/lib64/libssl.so.1.0.1e
7f0a5ed7e000-7f0a5ed82000 r--p 00061000 fd:00 400804                     /usr/lib64/libssl.so.1.0.1e
7f0a5ed82000-7f0a5ed89000 rw-p 00065000 fd:00 400804                     /usr/lib64/libssl.so.1.0.1e
7f0a5ed89000-7f0a5eda2000 r-xp 00000000 fd:00 397000                     /usr/lib64/libsasl2.so.2.0.23
7f0a5eda2000-7f0a5efa1000 ---p 00019000 fd:00 397000                     /usr/lib64/libsasl2.so.2.0.23
7f0a5efa1000-7f0a5efa2000 r--p 00018000 fd:00 397000                     /usr/lib64/libsasl2.so.2.0.23
7f0a5efa2000-7f0a5efa3000 rw-p 00019000 fd:00 397000                     /usr/lib64/libsasl2.so.2.0.23
7f0a5efa3000-7f0a5efb1000 r-xp 00000000 fd:00 131260                     /lib64/liblber-2.4.so.2.10.2
7f0a5efb1000-7f0a5f1b0000 ---p 0000e000 fd:00 131260                     /lib64/liblber-2.4.so.2.10.2
7f0a5f1b0000-7f0a5f1b1000 r--p 0000d000 fd:00 131260                     /lib64/liblber-2.4.so.2.10.2
7f0a5f1b1000-7f0a5f1b2000 rw-p 0000e000 fd:00 131260                     /lib64/liblber-2.4.so.2.10.2
7f0a5f1b2000-7f0a5f1d9000 r-xp 00000000 fd:00 401129                     /usr/lib64/libssh2.so.1.0.1
7f0a5f1d9000-7f0a5f3d8000 ---p 00027000 fd:00 401129                     /usr/lib64/libssh2.so.1.0.1
7f0a5f3d8000-7f0a5f3d9000 rw-p 00026000 fd:00 401129                     /usr/lib64/libssh2.so.1.0.1
7f0a5f3d9000-7f0a5f3da000 rw-p 00000000 00:00 0 
7f0a5f3da000-7f0a5f413000 r-xp 00000000 fd:00 149689                     /lib64/libnspr4.so
7f0a5f413000-7f0a5f613000 ---p 00039000 fd:00 149689                     /lib64/libnspr4.so
7f0a5f613000-7f0a5f614000 r--p 00039000 fd:00 149689                     /lib64/libnspr4.so
7f0a5f614000-7f0a5f616000 rw-p 0003a000 fd:00 149689                     /lib64/libnspr4.so
7f0a5f616000-7f0a5f618000 rw-p 00000000 00:00 0 
7f0a5f618000-7f0a5f61c000 r-xp 00000000 fd:00 149690                     /lib64/libplc4.so
7f0a5f61c000-7f0a5f81b000 ---p 00004000 fd:00 149690                     /lib64/libplc4.so
7f0a5f81b000-7f0a5f81c000 r--p 00003000 fd:00 149690                     /lib64/libplc4.so
7f0a5f81c000-7f0a5f81d000 rw-p 00004000 fd:00 149690                     /lib64/libplc4.so
7f0a5f81d000-7f0a5f820000 r-xp 00000000 fd:00 149691                     /lib64/libplds4.so
7f0a5f820000-7f0a5fa1f000 ---p 00003000 fd:00 149691                     /lib64/libplds4.so
7f0a5fa1f000-7f0a5fa20000 r--p 00002000 fd:00 149691                     /lib64/libplds4.so
7f0a5fa20000-7f0a5fa21000 rw-p 00003000 fd:00 149691                     /lib64/libplds4.so
7f0a5fa21000-7f0a5fa46000 r-xp 00000000 fd:00 400762                     /usr/lib64/libnssutil3.so
7f0a5fa46000-7f0a5fc46000 ---p 00025000 fd:00 400762                     /usr/lib64/libnssutil3.so
7f0a5fc46000-7f0a5fc4c000 r--p 00025000 fd:00 400762                     /usr/lib64/libnssutil3.so
7f0a5fc4c000-7f0a5fc4d000 rw-p 0002b000 fd:00 400762                     /usr/lib64/libnssutil3.so
7f0a5fc4d000-7f0a5fd84000 r-xp 00000000 fd:00 401117                     /usr/lib64/libnss3.so
7f0a5fd84000-7f0a5ff83000 ---p 00137000 fd:00 401117                     /usr/lib64/libnss3.so
7f0a5ff83000-7f0a5ff88000 r--p 00136000 fd:00 401117                     /usr/lib64/libnss3.so
7f0a5ff88000-7f0a5ff8a000 rw-p 0013b000 fd:00 401117                     /usr/lib64/libnss3.so
7f0a5ff8a000-7f0a5ff8c000 rw-p 00000000 00:00 0 
7f0a5ff8c000-7f0a5ffb4000 r-xp 00000000 fd:00 401119                     /usr/lib64/libsmime3.so
7f0a5ffb4000-7f0a601b3000 ---p 00028000 fd:00 401119                     /usr/lib64/libsmime3.so
7f0a601b3000-7f0a601b7000 r--p 00027000 fd:00 401119                     /usr/lib64/libsmime3.so
7f0a601b7000-7f0a601b8000 rw-p 0002b000 fd:00 401119                     /usr/lib64/libsmime3.so
7f0a601b8000-7f0a601f3000 r-xp 00000000 fd:00 402971                     /usr/lib64/libssl3.so
7f0a601f3000-7f0a603f2000 ---p 0003b000 fd:00 402971                     /usr/lib64/libssl3.so
7f0a603f2000-7f0a603f5000 r--p 0003a000 fd:00 402971                     /usr/lib64/libssl3.so
7f0a603f5000-7f0a603f6000 rw-p 0003d000 fd:00 402971                     /usr/lib64/libssl3.so
7f0a603f6000-7f0a603f7000 rw-p 00000000 00:00 0 
7f0a603f7000-7f0a60444000 r-xp 00000000 fd:00 131262                     /lib64/libldap-2.4.so.2.10.2
7f0a60444000-7f0a60643000 ---p 0004d000 fd:00 131262                     /lib64/libldap-2.4.so.2.10.2
7f0a60643000-7f0a60645000 r--p 0004c000 fd:00 131262                     /lib64/libldap-2.4.so.2.10.2
7f0a60645000-7f0a60647000 rw-p 0004e000 fd:00 131262                     /lib64/libldap-2.4.so.2.10.2
7f0a60647000-7f0a60679000 r-xp 00000000 fd:00 131166                     /lib64/libidn.so.11.6.1
7f0a60679000-7f0a60878000 ---p 00032000 fd:00 131166                     /lib64/libidn.so.11.6.1
7f0a60878000-7f0a60879000 rw-p 00031000 fd:00 131166                     /lib64/libidn.so.11.6.1
7f0a60879000-7f0a608cb000 r-xp 00000000 fd:00 401130                     /usr/lib64/libcurl.so.4.1.1
7f0a608cb000-7f0a60aca000 ---p 00052000 fd:00 401130                     /usr/lib64/libcurl.so.4.1.1
7f0a60aca000-7f0a60acd000 rw-p 00051000 fd:00 401130                     /usr/lib64/libcurl.so.4.1.1
7f0a60acd000-7f0a60ad4000 r-xp 00000000 00:15 2201879                    /home/kniehaus/R/x86_64-redhat-linux-gnu-library/3.1/curl/libs/curl.so
7f0a60ad4000-7f0a60cd3000 ---p 00007000 00:15 2201879                    /home/kniehaus/R/x86_64-redhat-linux-gnu-library/3.1/curl/libs/curl.so
7f0a60cd3000-7f0a60cd6000 rw-p 00006000 00:15 2201879                    /home/kniehaus/R/x86_64-redhat-linux-gnu-library/3.1/curl/libs/curl.so
7f0a60cd6000-7f0a60ce3000 r-xp 00000000 00:15 3359147                    /home/kniehaus/R/x86_64-redhat-linux-gnu-library/3.1/pROC/libs/pROC.so
7f0a60ce3000-7f0a60ee3000 ---p 0000d000 00:15 3359147                    /home/kniehaus/R/x86_64-redhat-linux-gnu-library/3.1/pROC/libs/pROC.so
7f0a60ee3000-7f0a60ee4000 rw-p 0000d000 00:15 3359147                    /home/kniehaus/R/x86_64-redhat-linux-gnu-library/3.1/pROC/libs/pROC.so
7f0a60ee4000-7f0a60ee5000 rw-p 00000000 00:00 0 
7f0a60ee5000-7f0a60ee7000 r-xp 00000000 00:15 2693971                    /home/kniehaus/R/x86_64-redhat-linux-gnu-library/3.1/ffbase/libs/ffbase.so
7f0a60ee7000-7f0a610e6000 ---p 00002000 00:15 2693971                    /home/kniehaus/R/x86_64-redhat-linux-gnu-library/3.1/ffbase/libs/ffbase.so
7f0a610e6000-7f0a610e7000 rw-p 00001000 00:15 2693971                    /home/kniehaus/R/x86_64-redhat-linux-gnu-library/3.1/ffbase/libs/ffbase.so
7f0a610e7000-7f0a61178000 r-xp 00000000 00:15 2660037                    /home/kniehaus/R/x86_64-redhat-linux-gnu-library/3.1/ff/libs/ff.so
7f0a61178000-7f0a61377000 ---p 00091000 00:15 2660037                    /home/kniehaus/R/x86_64-redhat-linux-gnu-library/3.1/ff/libs/ff.so
7f0a61377000-7f0a6137a000 rw-p 00090000 00:15 2660037                    /home/kniehaus/R/x86_64-redhat-linux-gnu-library/3.1/ff/libs/ff.so
7f0a6137a000-7f0a6137c000 r-xp 00000000 00:15 2279246                    /home/kniehaus/R/x86_64-redhat-linux-gnu-library/3.1/fastmatch/libs/fastmatch.so
7f0a6137c000-7f0a6157b000 ---p 00002000 00:15 2279246                    /home/kniehaus/R/x86_64-redhat-linux-gnu-library/3.1/fastmatch/libs/fastmatch.so
7f0a6157b000-7f0a6157c000 rw-p 00001000 00:15 2279246                    /home/kniehaus/R/x86_64-redhat-linux-gnu-library/3.1/fastmatch/libs/fastmatch.so
7f0a6157c000-7f0a61582000 r-xp 00000000 00:15 2405367                    /home/kniehaus/R/x86_64-redhat-linux-gnu-library/3.1/bit/libs/bit.so
7f0a61582000-7f0a61781000 ---p 00006000 00:15 2405367                    /home/kniehaus/R/x86_64-redhat-linux-gnu-library/3.1/bit/libs/bit.so
7f0a61781000-7f0a61782000 rw-p 00005000 00:15 2405367                    /home/kniehaus/R/x86_64-redhat-linux-gnu-library/3.1/bit/libs/bit.so
7f0a61782000-7f0a62430000 r-xp 00000000 fd:00 542236                     /opt/jdk1.8.0_45/jre/lib/amd64/server/libjvm.so
7f0a62430000-7f0a6262f000 ---p 00cae000 fd:00 542236                     /opt/jdk1.8.0_45/jre/lib/amd64/server/libjvm.so
7f0a6262f000-7f0a62706000 rw-p 00cad000 fd:00 542236                     /opt/jdk1.8.0_45/jre/lib/amd64/server/libjvm.so
7f0a62706000-7f0a6274a000 rw-p 00000000 00:00 0 
7f0a6274a000-7f0a64000000 r--s 00000000 00:15 2868778                    /home/kniehaus/R/x86_64-redhat-linux-gnu-library/3.1/stringi/libs/icudt55l.dat
7f0a64000000-7f0a64021000 rw-p 00000000 00:00 0 
7f0a64021000-7f0a68000000 ---p 00000000 00:00 0 
7f0a680a4000-7f0a680b3000 r-xp 00000000 00:15 3221933                    /home/kniehaus/R/x86_64-redhat-linux-gnu-library/3.1/rJava/libs/rJava.so
7f0a680b3000-7f0a682b3000 ---p 0000f000 00:15 3221933                    /home/kniehaus/R/x86_64-redhat-linux-gnu-library/3.1/rJava/libs/rJava.so
7f0a682b3000-7f0a682b4000 rw-p 0000f000 00:15 3221933                    /home/kniehaus/R/x86_64-redhat-linux-gnu-library/3.1/rJava/libs/rJava.so
7f0a682b4000-7f0a682b9000 r-xp 00000000 fd:00 416938                     /usr/lib64/R/library/MASS/libs/MASS.so
7f0a682b9000-7f0a684b9000 ---p 00005000 fd:00 416938                     /usr/lib64/R/library/MASS/libs/MASS.so
7f0a684b9000-7f0a684ba000 rw-p 00005000 fd:00 416938                     /usr/lib64/R/library/MASS/libs/MASS.so
7f0a684ba000-7f0a684c5000 r-xp 00000000 00:15 1475343                    /home/kniehaus/R/x86_64-redhat-linux-gnu-library/3.1/scales/libs/scales.so
7f0a684c5000-7f0a686c4000 ---p 0000b000 00:15 1475343                    /home/kniehaus/R/x86_64-redhat-linux-gnu-library/3.1/scales/libs/scales.so
7f0a686c4000-7f0a686c5000 rw-p 0000a000 00:15 1475343                    /home/kniehaus/R/x86_64-redhat-linux-gnu-library/3.1/scales/libs/scales.so
7f0a686c5000-7f0a686c6000 rw-p 00000000 00:00 0 
7f0a686c6000-7f0a686d0000 r-xp 00000000 00:15 2226029                    /home/kniehaus/R/x86_64-redhat-linux-gnu-library/3.1/colorspace/libs/colorspace.so
7f0a686d0000-7f0a688d0000 ---p 0000a000 00:15 2226029                    /home/kniehaus/R/x86_64-redhat-linux-gnu-library/3.1/colorspace/libs/colorspace.so
7f0a688d0000-7f0a688d1000 rw-p 0000a000 00:15 2226029                    /home/kniehaus/R/x86_64-redhat-linux-gnu-library/3.1/colorspace/libs/colorspace.so
7f0a688d1000-7f0a688e0000 r-xp 00000000 00:15 2495228                    /home/kniehaus/R/x86_64-redhat-linux-gnu-library/3.1/reshape2/libs/reshape2.so
7f0a688e0000-7f0a68adf000 ---p 0000f000 00:15 2495228                    /home/kniehaus/R/x86_64-redhat-linux-gnu-library/3.1/reshape2/libs/reshape2.so
7f0a68adf000-7f0a68ae1000 rw-p 0000e000 00:15 2495228                    /home/kniehaus/R/x86_64-redhat-linux-gnu-library/3.1/reshape2/libs/reshape2.so
7f0a68ae1000-7f0a68f29000 r-xp 00000000 00:15 2868777                    /home/kniehaus/R/x86_64-redhat-linux-gnu-library/3.1/stringi/libs/stringi.so
7f0a68f29000-7f0a69128000 ---p 00448000 00:15 2868777                    /home/kniehaus/R/x86_64-redhat-linux-gnu-library/3.1/stringi/libs/stringi.so
7f0a69128000-7f0a69154000 rw-p 00447000 00:15 2868777                    /home/kniehaus/R/x86_64-redhat-linux-gnu-library/3.1/stringi/libs/stringi.so
7f0a69154000-7f0a69158000 rw-p 00000000 00:00 0 
7f0a69158000-7f0a69160000 r-xp 00000000 00:15 2986491                    /home/kniehaus/R/x86_64-redhat-linux-gnu-library/3.1/plyr/libs/plyr.so
7f0a69160000-7f0a69360000 ---p 00008000 00:15 2986491                    /home/kniehaus/R/x86_64-redhat-linux-gnu-library/3.1/plyr/libs/plyr.so
7f0a69360000-7f0a69361000 rw-p 00008000 00:15 2986491                    /home/kniehaus/R/x86_64-redhat-linux-gnu-library/3.1/plyr/libs/plyr.so
7f0a69361000-7f0a693af000 r-xp 00000000 00:15 1109730                    /home/kniehaus/R/x86_64-redhat-linux-gnu-library/3.1/Rcpp/libs/Rcpp.so
7f0a693af000-7f0a695ae000 ---p 0004e000 00:15 1109730                    /home/kniehaus/R/x86_64-redhat-linux-gnu-library/3.1/Rcpp/libs/Rcpp.so
7f0a695ae000-7f0a695b1000 rw-p 0004d000 00:15 1109730                    /home/kniehaus/R/x86_64-redhat-linux-gnu-library/3.1/Rcpp/libs/Rcpp.so
7f0a695b1000-7f0a695b8000 rw-p 00000000 00:00 0 
7f0a695b8000-7f0a695d5000 r-xp 00000000 fd:00 418625                     /usr/lib64/R/library/grid/libs/grid.so
7f0a695d5000-7f0a697d5000 ---p 0001d000 fd:00 418625                     /usr/lib64/R/library/grid/libs/grid.so
7f0a697d5000-7f0a697d6000 rw-p 0001d000 fd:00 418625                     /usr/lib64/R/library/grid/libs/grid.so
7f0a697d6000-7f0a697f2000 r-xp 00000000 00:15 1541281                    /home/kniehaus/R/x86_64-redhat-linux-gnu-library/3.1/digest/libs/digest.so
7f0a697f2000-7f0a699f1000 ---p 0001c000 00:15 1541281                    /home/kniehaus/R/x86_64-redhat-linux-gnu-library/3.1/digest/libs/digest.so
7f0a699f1000-7f0a699f2000 rw-p 0001b000 00:15 1541281                    /home/kniehaus/R/x86_64-redhat-linux-gnu-library/3.1/digest/libs/digest.so
7f0a699f2000-7f0a6b3e9000 rw-p 00000000 00:00 0 
7f0a6b3e9000-7f0a6b3fd000 r-xp 00000000 fd:00 533991                     /usr/lib64/R/library/tools/libs/tools.so
7f0a6b3fd000-7f0a6b5fd000 ---p 00014000 fd:00 533991                     /usr/lib64/R/library/tools/libs/tools.so
7f0a6b5fd000-7f0a6b5ff000 rw-p 00014000 fd:00 533991                     /usr/lib64/R/library/tools/libs/tools.so
7f0a6b5ff000-7f0a6b600000 ---p 00000000 00:00 0 
7f0a6b600000-7f0a6c000000 rw-p 00000000 00:00 0 
7f0a6c000000-7f0a6c021000 rw-p 00000000 00:00 0 
7f0a6c021000-7f0a70000000 ---p 00000000 00:00 0 
7f0a70000000-7f0a70045000 rw-p 00000000 00:00 0 
7f0a70045000-7f0a74000000 ---p 00000000 00:00 0 
7f0a74000000-7f0a74021000 rw-p 00000000 00:00 0 
7f0a74021000-7f0a78000000 ---p 00000000 00:00 0 
7f0a7805c000-7f0a78106000 ---p 00000000 00:00 0 
7f0a78106000-7f0a7815b000 rw-p 00000000 00:00 0 
7f0a7815b000-7f0a7815c000 ---p 00000000 00:00 0 
7f0a7815c000-7f0a7815d000 rw-p 00000000 00:00 0 
7f0a7815d000-7f0a7815e000 ---p 00000000 00:00 0 
7f0a7815e000-7f0a78b5e000 rw-p 00000000 00:00 0 
7f0a78b5e000-7f0a78d23000 r-xp 00000000 fd:00 416698                     /usr/lib64/R/lib/libRlapack.so
7f0a78d23000-7f0a78f22000 ---p 001c5000 fd:00 416698                     /usr/lib64/R/lib/libRlapack.so
7f0a78f22000-7f0a78f24000 rw-p 001c4000 fd:00 416698                     /usr/lib64/R/lib/libRlapack.so
7f0a78f24000-7f0a78fc4000 r-xp 00000000 fd:00 533679                     /usr/lib64/R/library/stats/libs/stats.so
7f0a78fc4000-7f0a791c3000 ---p 000a0000 fd:00 533679                     /usr/lib64/R/library/stats/libs/stats.so
7f0a791c3000-7f0a791c7000 rw-p 0009f000 fd:00 533679                     /usr/lib64/R/library/stats/libs/stats.so
7f0a791c7000-7f0a79204000 r-xp 00000000 fd:00 418353                     /usr/lib64/R/library/grDevices/libs/grDevices.so
7f0a79204000-7f0a79404000 ---p 0003d000 fd:00 418353                     /usr/lib64/R/library/grDevices/libs/grDevices.so
7f0a79404000-7f0a7940a000 rw-p 0003d000 fd:00 418353                     /usr/lib64/R/library/grDevices/libs/grDevices.so
7f0a7940a000-7f0a7940b000 rw-p 00000000 00:00 0 
7f0a79433000-7f0a7943b000 rw-s 00000000 fd:00 16364                      /tmp/hsperfdata_kniehaus/17035
7f0a7943b000-7f0a7947c000 r-xp 00000000 fd:00 418466                     /usr/lib64/R/library/graphics/libs/graphics.so
7f0a7947c000-7f0a7967b000 ---p 00041000 fd:00 418466                     /usr/lib64/R/library/graphics/libs/graphics.so
7f0a7967b000-7f0a7967d000 rw-p 00040000 fd:00 418466                     /usr/lib64/R/library/graphics/libs/graphics.so
7f0a7967d000-7f0a79784000 rw-p 00000000 00:00 0 
7f0a79784000-7f0a7978c000 r-xp 00000000 fd:00 418843                     /usr/lib64/R/library/methods/libs/methods.so
7f0a7978c000-7f0a7998b000 ---p 00008000 fd:00 418843                     /usr/lib64/R/library/methods/libs/methods.so
7f0a7998b000-7f0a7998c000 rw-p 00007000 fd:00 418843                     /usr/lib64/R/library/methods/libs/methods.so
7f0a7998c000-7f0a79996000 r-xp 00000000 fd:00 534474                     /usr/lib64/R/library/utils/libs/utils.so
7f0a79996000-7f0a79b96000 ---p 0000a000 fd:00 534474                     /usr/lib64/R/library/utils/libs/utils.so
7f0a79b96000-7f0a79b97000 rw-p 0000a000 fd:00 534474                     /usr/lib64/R/library/utils/libs/utils.so
7f0a79b97000-7f0a79c3f000 rw-p 00000000 00:00 0 
7f0a79c3f000-7f0a79c74000 r--s 00000000 fd:03 1779                       /var/db/nscd/group
7f0a79c74000-7f0a79d25000 rw-p 00000000 00:00 0 
7f0a79d25000-7f0a79d26000 ---p 00000000 00:00 0 
7f0a79d26000-7f0a7a726000 rw-p 00000000 00:00 0 
7f0a7a726000-7f0a7a727000 ---p 00000000 00:00 0 
7f0a7a727000-7f0a7b127000 rw-p 00000000 00:00 0 
7f0a7b127000-7f0a80fb7000 r--p 00000000 fd:00 431050                     /usr/lib/locale/locale-archive
7f0a80fb7000-7f0a80fd4000 r-xp 00000000 fd:00 131126                     /lib64/libselinux.so.1
7f0a80fd4000-7f0a811d3000 ---p 0001d000 fd:00 131126                     /lib64/libselinux.so.1
7f0a811d3000-7f0a811d4000 r--p 0001c000 fd:00 131126                     /lib64/libselinux.so.1
7f0a811d4000-7f0a811d5000 rw-p 0001d000 fd:00 131126                     /lib64/libselinux.so.1
7f0a811d5000-7f0a811d6000 rw-p 00000000 00:00 0 
7f0a811d6000-7f0a81249000 r-xp 00000000 fd:00 131081                     /lib64/libfreebl3.so
7f0a81249000-7f0a81448000 ---p 00073000 fd:00 131081                     /lib64/libfreebl3.so
7f0a81448000-7f0a8144a000 r--p 00072000 fd:00 131081                     /lib64/libfreebl3.so
7f0a8144a000-7f0a8144b000 rw-p 00074000 fd:00 131081                     /lib64/libfreebl3.so
7f0a8144b000-7f0a8144f000 rw-p 00000000 00:00 0 
7f0a8144f000-7f0a81465000 r-xp 00000000 fd:00 131118                     /lib64/libresolv-2.12.so
7f0a81465000-7f0a81665000 ---p 00016000 fd:00 131118                     /lib64/libresolv-2.12.so
7f0a81665000-7f0a81666000 r--p 00016000 fd:00 131118                     /lib64/libresolv-2.12.so
7f0a81666000-7f0a81667000 rw-p 00017000 fd:00 131118                     /lib64/libresolv-2.12.so
7f0a81667000-7f0a81669000 rw-p 00000000 00:00 0 
7f0a81669000-7f0a8166b000 r-xp 00000000 fd:00 131272                     /lib64/libkeyutils.so.1.3
7f0a8166b000-7f0a8186a000 ---p 00002000 fd:00 131272                     /lib64/libkeyutils.so.1.3
7f0a8186a000-7f0a8186b000 r--p 00001000 fd:00 131272                     /lib64/libkeyutils.so.1.3
7f0a8186b000-7f0a8186c000 rw-p 00002000 fd:00 131272                     /lib64/libkeyutils.so.1.3
7f0a8186c000-7f0a81876000 r-xp 00000000 fd:00 131282                     /lib64/libkrb5support.so.0.1
7f0a81876000-7f0a81a75000 ---p 0000a000 fd:00 131282                     /lib64/libkrb5support.so.0.1
7f0a81a75000-7f0a81a76000 r--p 00009000 fd:00 131282                     /lib64/libkrb5support.so.0.1
7f0a81a76000-7f0a81a77000 rw-p 0000a000 fd:00 131282                     /lib64/libkrb5support.so.0.1
7f0a81a77000-7f0a829bc000 r-xp 00000000 fd:00 412926                     /usr/lib64/libicudata.so.42.1
7f0a829bc000-7f0a82bbb000 ---p 00f45000 fd:00 412926                     /usr/lib64/libicudata.so.42.1
7f0a82bbb000-7f0a82bbc000 rw-p 00f44000 fd:00 412926                     /usr/lib64/libicudata.so.42.1
7f0a82bbc000-7f0a82bd9000 r-xp 00000000 fd:00 131132                     /lib64/libtinfo.so.5.7
7f0a82bd9000-7f0a82dd9000 ---p 0001d000 fd:00 131132                     /lib64/libtinfo.so.5.7
7f0a82dd9000-7f0a82ddd000 rw-p 0001d000 fd:00 131132                     /lib64/libtinfo.so.5.7
7f0a82ddd000-7f0a82de4000 r-xp 00000000 fd:00 131094                     /lib64/libcrypt-2.12.so
7f0a82de4000-7f0a82fe4000 ---p 00007000 fd:00 131094                     /lib64/libcrypt-2.12.so
7f0a82fe4000-7f0a82fe5000 r--p 00007000 fd:00 131094                     /lib64/libcrypt-2.12.so
7f0a82fe5000-7f0a82fe6000 rw-p 00008000 fd:00 131094                     /lib64/libcrypt-2.12.so
7f0a82fe6000-7f0a83014000 rw-p 00000000 00:00 0 
7f0a83014000-7f0a8302b000 r-xp 00000000 fd:00 131141                     /lib64/libaudit.so.1.0.0
7f0a8302b000-7f0a8322b000 ---p 00017000 fd:00 131141                     /lib64/libaudit.so.1.0.0
7f0a8322b000-7f0a8322c000 r--p 00017000 fd:00 131141                     /lib64/libaudit.so.1.0.0
7f0a8322c000-7f0a83237000 rw-p 00018000 fd:00 131141                     /lib64/libaudit.so.1.0.0
7f0a83237000-7f0a83260000 r-xp 00000000 fd:00 131278                     /lib64/libk5crypto.so.3.1
7f0a83260000-7f0a83460000 ---p 00029000 fd:00 131278                     /lib64/libk5crypto.so.3.1
7f0a83460000-7f0a83461000 r--p 00029000 fd:00 131278                     /lib64/libk5crypto.so.3.1
7f0a83461000-7f0a83462000 rw-p 0002a000 fd:00 131278                     /lib64/libk5crypto.so.3.1
7f0a83462000-7f0a83463000 rw-p 00000000 00:00 0 
7f0a83463000-7f0a83466000 r-xp 00000000 fd:00 149473                     /lib64/libcom_err.so.2.1
7f0a83466000-7f0a83665000 ---p 00003000 fd:00 149473                     /lib64/libcom_err.so.2.1
7f0a83665000-7f0a83666000 r--p 00002000 fd:00 149473                     /lib64/libcom_err.so.2.1
7f0a83666000-7f0a83667000 rw-p 00003000 fd:00 149473                     /lib64/libcom_err.so.2.1
7f0a83667000-7f0a83742000 r-xp 00000000 fd:00 131280                     /lib64/libkrb5.so.3.3
7f0a83742000-7f0a83941000 ---p 000db000 fd:00 131280                     /lib64/libkrb5.so.3.3
7f0a83941000-7f0a8394b000 r--p 000da000 fd:00 131280                     /lib64/libkrb5.so.3.3
7f0a8394b000-7f0a8394d000 rw-p 000e4000 fd:00 131280                     /lib64/libkrb5.so.3.3
7f0a8394d000-7f0a8398e000 r-xp 00000000 fd:00 131274                     /lib64/libgssapi_krb5.so.2.2
7f0a8398e000-7f0a83b8e000 ---p 00041000 fd:00 131274                     /lib64/libgssapi_krb5.so.2.2
7f0a83b8e000-7f0a83b8f000 r--p 00041000 fd:00 131274                     /lib64/libgssapi_krb5.so.2.2
7f0a83b8f000-7f0a83b91000 rw-p 00042000 fd:00 131274                     /lib64/libgssapi_krb5.so.2.2
7f0a83b91000-7f0a83ba6000 r-xp 00000000 fd:00 398620                     /usr/lib64/libgomp.so.1.0.0
7f0a83ba6000-7f0a83da5000 ---p 00015000 fd:00 398620                     /usr/lib64/libgomp.so.1.0.0
7f0a83da5000-7f0a83da6000 rw-p 00014000 fd:00 398620                     /usr/lib64/libgomp.so.1.0.0
7f0a83da6000-7f0a83f2e000 r-xp 00000000 fd:00 412928                     /usr/lib64/libicui18n.so.42.1
7f0a83f2e000-7f0a8412e000 ---p 00188000 fd:00 412928                     /usr/lib64/libicui18n.so.42.1
7f0a8412e000-7f0a8413b000 rw-p 00188000 fd:00 412928                     /usr/lib64/libicui18n.so.42.1
7f0a8413b000-7f0a8413c000 rw-p 00000000 00:00 0 
7f0a8413c000-7f0a8427b000 r-xp 00000000 fd:00 412938                     /usr/lib64/libicuuc.so.42.1
7f0a8427b000-7f0a8447b000 ---p 0013f000 fd:00 412938                     /usr/lib64/libicuuc.so.42.1
7f0a8447b000-7f0a8448c000 rw-p 0013f000 fd:00 412938                     /usr/lib64/libicuuc.so.42.1
7f0a8448c000-7f0a8448e000 rw-p 00000000 00:00 0 
7f0a8448e000-7f0a844c8000 r-xp 00000000 fd:00 131160                     /lib64/libreadline.so.6.0
7f0a844c8000-7f0a846c8000 ---p 0003a000 fd:00 131160                     /lib64/libreadline.so.6.0
7f0a846c8000-7f0a846d0000 rw-p 0003a000 fd:00 131160                     /lib64/libreadline.so.6.0
7f0a846d0000-7f0a846d1000 rw-p 00000000 00:00 0 
7f0a846d1000-7f0a847c1000 r-xp 00000000 fd:00 412524                     /usr/lib64/libgfortran.so.3.0.0
7f0a847c1000-7f0a849c0000 ---p 000f0000 fd:00 412524                     /usr/lib64/libgfortran.so.3.0.0
7f0a849c0000-7f0a849c2000 rw-p 000ef000 fd:00 412524                     /usr/lib64/libgfortran.so.3.0.0
7f0a849c2000-7f0a849c3000 rw-p 00000000 00:00 0 
7f0a849c3000-7f0a849ee000 r-xp 00000000 fd:00 416697                     /usr/lib64/R/lib/libRblas.so
7f0a849ee000-7f0a84bed000 ---p 0002b000 fd:00 416697                     /usr/lib64/R/lib/libRblas.so
7f0a84bed000-7f0a84bee000 rw-p 0002a000 fd:00 416697                     /usr/lib64/R/lib/libRblas.so
7f0a84bee000-7f0a84d78000 r-xp 00000000 fd:00 131086                     /lib64/libc-2.12.so
7f0a84d78000-7f0a84f78000 ---p 0018a000 fd:00 131086                     /lib64/libc-2.12.so
7f0a84f78000-7f0a84f7c000 r--p 0018a000 fd:00 131086                     /lib64/libc-2.12.so
7f0a84f7c000-7f0a84f7d000 rw-p 0018e000 fd:00 131086                     /lib64/libc-2.12.so
7f0a84f7d000-7f0a84f82000 rw-p 00000000 00:00 0 
7f0a84f82000-7f0a84f98000 r-xp 00000000 fd:00 150489                     /lib64/libgcc_s-4.4.7-20120601.so.1
7f0a84f98000-7f0a85197000 ---p 00016000 fd:00 150489                     /lib64/libgcc_s-4.4.7-20120601.so.1
7f0a85197000-7f0a85198000 rw-p 00015000 fd:00 150489                     /lib64/libgcc_s-4.4.7-20120601.so.1
7f0a85198000-7f0a8521b000 r-xp 00000000 fd:00 131097                     /lib64/libm-2.12.so
7f0a8521b000-7f0a8541a000 ---p 00083000 fd:00 131097                     /lib64/libm-2.12.so
7f0a8541a000-7f0a8541b000 r--p 00082000 fd:00 131097                     /lib64/libm-2.12.so
7f0a8541b000-7f0a8541c000 rw-p 00083000 fd:00 131097                     /lib64/libm-2.12.so
7f0a8541c000-7f0a85504000 r-xp 00000000 fd:00 396928                     /usr/lib64/libstdc++.so.6.0.13
7f0a85504000-7f0a85704000 ---p 000e8000 fd:00 396928                     /usr/lib64/libstdc++.so.6.0.13
7f0a85704000-7f0a8570b000 r--p 000e8000 fd:00 396928                     /usr/lib64/libstdc++.so.6.0.13
7f0a8570b000-7f0a8570d000 rw-p 000ef000 fd:00 396928                     /usr/lib64/libstdc++.so.6.0.13
7f0a8570d000-7f0a85722000 rw-p 00000000 00:00 0 
7f0a85722000-7f0a85724000 r-xp 00000000 fd:00 131095                     /lib64/libdl-2.12.so
7f0a85724000-7f0a85924000 ---p 00002000 fd:00 131095                     /lib64/libdl-2.12.so
7f0a85924000-7f0a85925000 r--p 00002000 fd:00 131095                     /lib64/libdl-2.12.so
7f0a85925000-7f0a85926000 rw-p 00003000 fd:00 131095                     /lib64/libdl-2.12.so
7f0a85926000-7f0a85932000 r-xp 00000000 fd:00 131198                     /lib64/libpam.so.0.82.2
7f0a85932000-7f0a85b32000 ---p 0000c000 fd:00 131198                     /lib64/libpam.so.0.82.2
7f0a85b32000-7f0a85b33000 r--p 0000c000 fd:00 131198                     /lib64/libpam.so.0.82.2
7f0a85b33000-7f0a85b34000 rw-p 0000d000 fd:00 131198                     /lib64/libpam.so.0.82.2
7f0a85b34000-7f0a85c6c000 r-xp 00000000 fd:00 423446                     /usr/lib64/libcrypto.so.0.9.8e
7f0a85c6c000-7f0a85e6b000 ---p 00138000 fd:00 423446                     /usr/lib64/libcrypto.so.0.9.8e
7f0a85e6b000-7f0a85e8c000 rw-p 00137000 fd:00 423446                     /usr/lib64/libcrypto.so.0.9.8e
7f0a85e8c000-7f0a85e90000 rw-p 00000000 00:00 0 
7f0a85e90000-7f0a85ed9000 r-xp 00000000 fd:00 423448                     /usr/lib64/libssl.so.0.9.8e
7f0a85ed9000-7f0a860d9000 ---p 00049000 fd:00 423448                     /usr/lib64/libssl.so.0.9.8e
7f0a860d9000-7f0a860df000 rw-p 00049000 fd:00 423448                     /usr/lib64/libssl.so.0.9.8e
7f0a860df000-7f0a860f4000 r-xp 00000000 fd:00 131140                     /lib64/libz.so.1.2.3
7f0a860f4000-7f0a862f3000 ---p 00015000 fd:00 131140                     /lib64/libz.so.1.2.3
7f0a862f3000-7f0a862f4000 r--p 00014000 fd:00 131140                     /lib64/libz.so.1.2.3
7f0a862f4000-7f0a862f5000 rw-p 00015000 fd:00 131140                     /lib64/libz.so.1.2.3
7f0a862f5000-7f0a862fc000 r-xp 00000000 fd:00 131125                     /lib64/librt-2.12.so
7f0a862fc000-7f0a864fb000 ---p 00007000 fd:00 131125                     /lib64/librt-2.12.so
7f0a864fb000-7f0a864fc000 r--p 00006000 fd:00 131125                     /lib64/librt-2.12.so
7f0a864fc000-7f0a864fd000 rw-p 00007000 fd:00 131125                     /lib64/librt-2.12.so
7f0a864fd000-7f0a86501000 r-xp 00000000 fd:00 131171                     /lib64/libuuid.so.1.3.0
7f0a86501000-7f0a86700000 ---p 00004000 fd:00 131171                     /lib64/libuuid.so.1.3.0
7f0a86700000-7f0a86701000 rw-p 00003000 fd:00 131171                     /lib64/libuuid.so.1.3.0
7f0a86701000-7f0a86703000 r-xp 00000000 fd:00 131199                     /lib64/libutil-2.12.so
7f0a86703000-7f0a86902000 ---p 00002000 fd:00 131199                     /lib64/libutil-2.12.so
7f0a86902000-7f0a86903000 r--p 00001000 fd:00 131199                     /lib64/libutil-2.12.so
7f0a86903000-7f0a86904000 rw-p 00002000 fd:00 131199                     /lib64/libutil-2.12.so
7f0a86904000-7f0a8691b000 r-xp 00000000 fd:00 131110                     /lib64/libpthread-2.12.so
7f0a8691b000-7f0a86b1b000 ---p 00017000 fd:00 131110                     /lib64/libpthread-2.12.so
7f0a86b1b000-7f0a86b1c000 r--p 00017000 fd:00 131110                     /lib64/libpthread-2.12.so
7f0a86b1c000-7f0a86b1d000 rw-p 00018000 fd:00 131110                     /lib64/libpthread-2.12.so
7f0a86b1d000-7f0a86b21000 rw-p 00000000 00:00 0 
7f0a86b21000-7f0a86deb000 r-xp 00000000 fd:00 416696                     /usr/lib64/R/lib/libR.so
7f0a86deb000-7f0a86fea000 ---p 002ca000 fd:00 416696                     /usr/lib64/R/lib/libR.so
7f0a86fea000-7f0a86ffb000 rw-p 002c9000 fd:00 416696                     /usr/lib64/R/lib/libR.so
7f0a86ffb000-7f0a870e6000 rw-p 00000000 00:00 0 
7f0a870e6000-7f0a87106000 r-xp 00000000 fd:00 152325                     /lib64/ld-2.12.so
7f0a87108000-7f0a8713d000 r--s 00000000 fd:03 1778                       /var/db/nscd/passwd
7f0a8713d000-7f0a872f8000 rw-p 00000000 00:00 0 
7f0a872fa000-7f0a872fc000 rw-p 00000000 00:00 0 
7f0a872fc000-7f0a872fd000 r--p 00000000 00:00 0 
7f0a872fd000-7f0a87304000 r--s 00000000 fd:00 396542                     /usr/lib64/gconv/gconv-modules.cache
7f0a87304000-7f0a87305000 rw-p 00000000 00:00 0 
7f0a87305000-7f0a87306000 r--p 0001f000 fd:00 152325                     /lib64/ld-2.12.so
7f0a87306000-7f0a87307000 rw-p 00020000 fd:00 152325                     /lib64/ld-2.12.so
7f0a87307000-7f0a87308000 rw-p 00000000 00:00 0 
7fff97c53000-7fff97c56000 ---p 00000000 00:00 0 
7fff97c57000-7fff97d53000 rw-p 00000000 00:00 0                          [stack]
7fff97db3000-7fff97db4000 r-xp 00000000 00:00 0                          [vdso]
ffffffffff600000-ffffffffff601000 r-xp 00000000 00:00 0                  [vsyscall]

VM Arguments:
jvm_args: -Xmx512m -Xrs vfprintf exit 
java_command: <unknown>
java_class_path (initial): /home/kniehaus/R/x86_64-redhat-linux-gnu-library/3.1/rJava/java/boot
Launcher Type: generic

Environment Variables:
PATH=/usr/local/sbin:/usr/local/bin:/usr/bin:/usr/sbin:/sbin:/bin
LD_LIBRARY_PATH=/usr/lib64/R/lib:/lib:/usr/local/lib64:/opt/jdk1.8.0_45/jre/lib/amd64/server:@JAVA_LD@:@JAVA_LD@:@JAVA_LD@:@JAVA_LD@:@JAVA_LD@:@JAVA_LD@:@JAVA_LD@:@JAVA_LD@:@JAVA_LD@:@JAVA_LD@:@JAVA_LD@:@JAVA_LD@:@JAVA_LD@:@JAVA_LD@:@JAVA_LD@:@JAVA_LD@:@JAVA_LD@:@JAVA_LD@:@JAVA_LD@:@JAVA_LD@:@JAVA_LD@:@JAVA_LD@:@JAVA_LD@:@JAVA_LD@:@JAVA_LD@:@JAVA_LD@:@JAVA_LD@:@JAVA_LD@:@JAVA_LD@:@JAVA_LD@:@JAVA_LD@:@JAVA_LD@:@JAVA_LD@:@JAVA_LD@:@JAVA_LD@:@JAVA_LD@:@JAVA_LD@:@JAVA_LD@:@JAVA_LD@:@JAVA_LD@:@JAVA_LD@:@JAVA_LD@:@JAVA_LD@:@JAVA_LD@:@JAVA_LD@:@JAVA_LD@:@JAVA_LD@:@JAVA_LD@:@JAVA_LD@:@JAVA_LD@:@JAVA_LD@:@JAVA_LD@:@JAVA_LD@:@JAVA_LD@:@JAVA_LD@:@JAVA_LD@:@JAVA_LD@:@JAVA_LD@
DISPLAY=:0

Signal Handlers:
SIGSEGV: [libjvm.so+0xaad1e0], sa_mask[0]=11111111011111111101111111111110, sa_flags=SA_RESTART|SA_SIGINFO
SIGBUS: [libjvm.so+0xaad1e0], sa_mask[0]=11111111011111111101111111111110, sa_flags=SA_RESTART|SA_SIGINFO
SIGFPE: [libjvm.so+0x90b450], sa_mask[0]=11111111011111111101111111111110, sa_flags=SA_RESTART|SA_SIGINFO
SIGPIPE: [libjvm.so+0x90b450], sa_mask[0]=11111111011111111101111111111110, sa_flags=SA_RESTART|SA_SIGINFO
SIGXFSZ: [libjvm.so+0x90b450], sa_mask[0]=11111111011111111101111111111110, sa_flags=SA_RESTART|SA_SIGINFO
SIGILL: [libjvm.so+0x90b450], sa_mask[0]=11111111011111111101111111111110, sa_flags=SA_RESTART|SA_SIGINFO
SIGUSR1: [rsession+0x288820], sa_mask[0]=00000000010000000000000000000000, sa_flags=SA_RESTART
SIGUSR2: [libjvm.so+0x90ca90], sa_mask[0]=01000000000000000000000000000000, sa_flags=SA_RESTART|SA_SIGINFO
SIGHUP: SIG_IGN, sa_mask[0]=00000000000000000000000000000000, sa_flags=none
SIGINT: SIG_DFL, sa_mask[0]=00000000000000000000000000000000, sa_flags=none
SIGTERM: SIG_DFL, sa_mask[0]=00000000000000000000000000000000, sa_flags=none
SIGQUIT: SIG_DFL, sa_mask[0]=00000000000000000000000000000000, sa_flags=none


---------------  S Y S T E M  ---------------

OS:Red Hat Enterprise Linux Server release 6.6 (Santiago)

uname:Linux 2.6.32-504.3.3.el6.x86_64 #1 SMP Fri Dec 12 16:05:43 EST 2014 x86_64
libc:glibc 2.12 NPTL 2.12 
rlimit: STACK 10240k, CORE 0k, NPROC 256705, NOFILE 4096, AS infinity
load average:0.62 0.49 0.26

/proc/meminfo:
MemTotal:       32877008 kB
MemFree:          225892 kB
Buffers:            2332 kB
Cached:           242952 kB
SwapCached:        14016 kB
Active:         29853588 kB
Inactive:        2420952 kB
Active(anon):   29836360 kB
Inactive(anon):  2331912 kB
Active(file):      17228 kB
Inactive(file):    89040 kB
Unevictable:           0 kB
Mlocked:               0 kB
SwapTotal:       2097148 kB
SwapFree:              0 kB
Dirty:               236 kB
Writeback:             0 kB
AnonPages:      32015656 kB
Mapped:           156824 kB
Shmem:            138720 kB
Slab:              82964 kB
SReclaimable:      13256 kB
SUnreclaim:        69708 kB
KernelStack:        2616 kB
PageTables:        79236 kB
NFS_Unstable:          0 kB
Bounce:                0 kB
WritebackTmp:          0 kB
CommitLimit:    18535652 kB
Committed_AS:   35666232 kB
VmallocTotal:   34359738367 kB
VmallocUsed:      199628 kB
VmallocChunk:   34359528256 kB
HardwareCorrupted:     0 kB
AnonHugePages:  12619776 kB
HugePages_Total:       0
HugePages_Free:        0
HugePages_Rsvd:        0
HugePages_Surp:        0
Hugepagesize:       2048 kB
DirectMap4k:       10240 kB
DirectMap2M:    33544192 kB


CPU:total 4 (1 cores per cpu, 1 threads per core) family 6 model 45 stepping 2, cmov, cx8, fxsr, mmx, sse, sse2, sse3, ssse3, sse4.1, sse4.2, popcnt, avx, aes, clmul, tsc, tscinvbit, tscinv

/proc/cpuinfo:
processor	: 0
vendor_id	: GenuineIntel
cpu family	: 6
model		: 45
model name	: Intel(R) Xeon(R) CPU E5-2680 v2 @ 2.80GHz
stepping	: 2
microcode	: 1063
cpu MHz		: 2800.000
cache size	: 25600 KB
physical id	: 0
siblings	: 1
core id		: 0
cpu cores	: 1
apicid		: 0
initial apicid	: 0
fpu		: yes
fpu_exception	: yes
cpuid level	: 13
wp		: yes
flags		: fpu vme de pse tsc msr pae mce cx8 apic sep mtrr pge mca cmov pat pse36 clflush dts mmx fxsr sse sse2 ss syscall nx rdtscp lm constant_tsc arch_perfmon pebs bts xtopology tsc_reliable nonstop_tsc aperfmperf unfair_spinlock pni pclmulqdq ssse3 cx16 sse4_1 sse4_2 popcnt aes xsave avx hypervisor lahf_lm ida arat pln pts dts
bogomips	: 5600.00
clflush size	: 64
cache_alignment	: 64
address sizes	: 40 bits physical, 48 bits virtual
power management:

processor	: 1
vendor_id	: GenuineIntel
cpu family	: 6
model		: 45
model name	: Intel(R) Xeon(R) CPU E5-2680 v2 @ 2.80GHz
stepping	: 2
microcode	: 1063
cpu MHz		: 2800.000
cache size	: 25600 KB
physical id	: 2
siblings	: 1
core id		: 0
cpu cores	: 1
apicid		: 2
initial apicid	: 2
fpu		: yes
fpu_exception	: yes
cpuid level	: 13
wp		: yes
flags		: fpu vme de pse tsc msr pae mce cx8 apic sep mtrr pge mca cmov pat pse36 clflush dts mmx fxsr sse sse2 ss syscall nx rdtscp lm constant_tsc arch_perfmon pebs bts xtopology tsc_reliable nonstop_tsc aperfmperf unfair_spinlock pni pclmulqdq ssse3 cx16 sse4_1 sse4_2 popcnt aes xsave avx hypervisor lahf_lm ida arat pln pts dts
bogomips	: 5600.00
clflush size	: 64
cache_alignment	: 64
address sizes	: 40 bits physical, 48 bits virtual
power management:

processor	: 2
vendor_id	: GenuineIntel
cpu family	: 6
model		: 45
model name	: Intel(R) Xeon(R) CPU E5-2680 v2 @ 2.80GHz
stepping	: 2
microcode	: 1063
cpu MHz		: 2800.000
cache size	: 25600 KB
physical id	: 4
siblings	: 1
core id		: 0
cpu cores	: 1
apicid		: 4
initial apicid	: 4
fpu		: yes
fpu_exception	: yes
cpuid level	: 13
wp		: yes
flags		: fpu vme de pse tsc msr pae mce cx8 apic sep mtrr pge mca cmov pat pse36 clflush dts mmx fxsr sse sse2 ss syscall nx rdtscp lm constant_tsc arch_perfmon pebs bts xtopology tsc_reliable nonstop_tsc aperfmperf unfair_spinlock pni pclmulqdq ssse3 cx16 sse4_1 sse4_2 popcnt aes xsave avx hypervisor lahf_lm ida arat pln pts dts
bogomips	: 5600.00
clflush size	: 64
cache_alignment	: 64
address sizes	: 40 bits physical, 48 bits virtual
power management:

processor	: 3
vendor_id	: GenuineIntel
cpu family	: 6
model		: 45
model name	: Intel(R) Xeon(R) CPU E5-2680 v2 @ 2.80GHz
stepping	: 2
microcode	: 1063
cpu MHz		: 2800.000
cache size	: 25600 KB
physical id	: 6
siblings	: 1
core id		: 0
cpu cores	: 1
apicid		: 6
initial apicid	: 6
fpu		: yes
fpu_exception	: yes
cpuid level	: 13
wp		: yes
flags		: fpu vme de pse tsc msr pae mce cx8 apic sep mtrr pge mca cmov pat pse36 clflush dts mmx fxsr sse sse2 ss syscall nx rdtscp lm constant_tsc arch_perfmon pebs bts xtopology tsc_reliable nonstop_tsc aperfmperf unfair_spinlock pni pclmulqdq ssse3 cx16 sse4_1 sse4_2 popcnt aes xsave avx hypervisor lahf_lm ida arat pln pts dts
bogomips	: 5600.00
clflush size	: 64
cache_alignment	: 64
address sizes	: 40 bits physical, 48 bits virtual
power management:



Memory: 4k page, physical 32877008k(225892k free), swap 2097148k(0k free)

vm_info: Java HotSpot(TM) 64-Bit Server VM (25.45-b02) for linux-amd64 JRE (1.8.0_45-b14), built on Apr 10 2015 10:07:45 by "java_re" with gcc 4.3.0 20080428 (Red Hat 4.3.0-8)

time: Wed Sep  9 18:37:41 2015
elapsed time: 0 seconds (0d 0h 0m 0s)

