#
# There is insufficient memory for the Java Runtime Environment to continue.
# Native memory allocation (mmap) failed to map 351272960 bytes for committing reserved memory.
# Possible reasons:
#   The system is out of physical RAM or swap space
#   In 32 bit mode, the process size limit was hit
# Possible solutions:
#   Reduce memory load on the system
#   Increase physical memory or swap space
#   Check if swap backing store is full
#   Use 64 bit Java on a 64 bit OS
#   Decrease Java heap size (-Xmx/-Xms)
#   Decrease number of Java threads
#   Decrease Java thread stack sizes (-Xss)
#   Set larger code cache with -XX:ReservedCodeCacheSize=
# This output file may be truncated or incomplete.
#
#  Out of Memory Error (os_linux.cpp:2673), pid=16864, tid=140215306266784
#
# JRE version:  (8.0_45-b14) (build )
# Java VM: Java HotSpot(TM) 64-Bit Server VM (25.45-b02 mixed mode linux-amd64 compressed oops)
# Failed to write core dump. Core dumps have been disabled. To enable core dumping, try "ulimit -c unlimited" before starting Java again
#

---------------  T H R E A D  ---------------

Current thread (0x000000003e4ee000):  JavaThread "Unknown thread" [_thread_in_vm, id=16864, stack(0x00007fff58f2d000,0x00007fff5902d000)]

Stack: [0x00007fff58f2d000,0x00007fff5902d000],  sp=0x00007fff59012fd0,  free space=919k
Native frames: (J=compiled Java code, j=interpreted, Vv=VM code, C=native code)
V  [libjvm.so+0xaac99a]  VMError::report_and_die()+0x2ba
V  [libjvm.so+0x4f333b]  report_vm_out_of_memory(char const*, int, unsigned long, VMErrorType, char const*)+0x8b
V  [libjvm.so+0x90e7c3]  os::Linux::commit_memory_impl(char*, unsigned long, bool)+0x103
V  [libjvm.so+0x90ed19]  os::pd_commit_memory(char*, unsigned long, unsigned long, bool)+0x29
V  [libjvm.so+0x90867a]  os::commit_memory(char*, unsigned long, unsigned long, bool)+0x2a
V  [libjvm.so+0x97bac3]  PSVirtualSpace::expand_by(unsigned long)+0x53
V  [libjvm.so+0x96bb77]  PSOldGen::initialize(ReservedSpace, unsigned long, char const*, int)+0xb7
V  [libjvm.so+0x2d4cda]  AdjoiningGenerations::AdjoiningGenerations(ReservedSpace, GenerationSizer*, unsigned long)+0x39a
V  [libjvm.so+0x931716]  ParallelScavengeHeap::initialize()+0x1d6
V  [libjvm.so+0xa75aab]  Universe::initialize_heap()+0xfb
V  [libjvm.so+0xa75e1e]  universe_init()+0x3e
V  [libjvm.so+0x62f635]  init_globals()+0x65
V  [libjvm.so+0xa5a02e]  Threads::create_vm(JavaVMInitArgs*, bool*)+0x23e
V  [libjvm.so+0x6c3244]  JNI_CreateJavaVM+0x74
C  [rJava.so+0xa240]  RinitJVM+0x420


---------------  P R O C E S S  ---------------

Java Threads: ( => current thread )

Other Threads:

=>0x000000003e4ee000 (exited) JavaThread "Unknown thread" [_thread_in_vm, id=16864, stack(0x00007fff58f2d000,0x00007fff5902d000)]

VM state:not at safepoint (not fully initialized)

VM Mutex/Monitor currently owned by a thread: None

GC Heap History (0 events):
No events

Deoptimization events (0 events):
No events

Internal exceptions (0 events):
No events

Events (0 events):
No events


Dynamic libraries:
00400000-011cf000 r-xp 00000000 fd:00 5141                               /usr/lib/rstudio-server/bin/rsession
013cf000-013e9000 r--p 00dcf000 fd:00 5141                               /usr/lib/rstudio-server/bin/rsession
013e9000-013ee000 rw-p 00de9000 fd:00 5141                               /usr/lib/rstudio-server/bin/rsession
013ee000-013f3000 rw-p 00000000 00:00 0 
025bf000-3fe75000 rw-p 00000000 00:00 0                                  [heap]
f4f00000-f5580000 ---p 00000000 00:00 0 
f5580000-ffc80000 rw-p 00000000 00:00 0 
ffc80000-100000000 ---p 00000000 00:00 0 
7f862fb9a000-7f862fd2f000 rw-p 00000000 00:00 0 
7f862fd2f000-7f862fdd9000 ---p 00000000 00:00 0 
7f862fdd9000-7f862fe2e000 rw-p 00000000 00:00 0 
7f862fe2e000-7f862fe2f000 ---p 00000000 00:00 0 
7f862fe2f000-7f862fe3a000 rw-p 00000000 00:00 0 
7f862fe3a000-7f86301f0000 ---p 00000000 00:00 0 
7f86301f0000-7f8630460000 rwxp 00000000 00:00 0 
7f8630460000-7f863f1f0000 ---p 00000000 00:00 0 
7f863f1f0000-7f863f20a000 r-xp 00000000 fd:00 542197                     /opt/jdk1.8.0_45/jre/lib/amd64/libzip.so
7f863f20a000-7f863f40a000 ---p 0001a000 fd:00 542197                     /opt/jdk1.8.0_45/jre/lib/amd64/libzip.so
7f863f40a000-7f863f40b000 rw-p 0001a000 fd:00 542197                     /opt/jdk1.8.0_45/jre/lib/amd64/libzip.so
7f863f40b000-7f863f435000 r-xp 00000000 fd:00 542190                     /opt/jdk1.8.0_45/jre/lib/amd64/libjava.so
7f863f435000-7f863f635000 ---p 0002a000 fd:00 542190                     /opt/jdk1.8.0_45/jre/lib/amd64/libjava.so
7f863f635000-7f863f637000 rw-p 0002a000 fd:00 542190                     /opt/jdk1.8.0_45/jre/lib/amd64/libjava.so
7f863f637000-7f863f644000 r-xp 00000000 fd:00 542231                     /opt/jdk1.8.0_45/jre/lib/amd64/libverify.so
7f863f644000-7f863f844000 ---p 0000d000 fd:00 542231                     /opt/jdk1.8.0_45/jre/lib/amd64/libverify.so
7f863f844000-7f863f846000 rw-p 0000d000 fd:00 542231                     /opt/jdk1.8.0_45/jre/lib/amd64/libverify.so
7f863f846000-7f863f878000 r-xp 00000000 00:15 2397681                    /home/kniehaus/R/x86_64-redhat-linux-gnu-library/3.1/data.table/libs/datatable.so
7f863f878000-7f863fa77000 ---p 00032000 00:15 2397681                    /home/kniehaus/R/x86_64-redhat-linux-gnu-library/3.1/data.table/libs/datatable.so
7f863fa77000-7f863fa79000 rw-p 00031000 00:15 2397681                    /home/kniehaus/R/x86_64-redhat-linux-gnu-library/3.1/data.table/libs/datatable.so
7f863fa79000-7f863fadd000 rw-p 00000000 00:00 0 
7f863fadd000-7f863fadf000 r-xp 00000000 00:15 2669338                    /home/kniehaus/R/x86_64-redhat-linux-gnu-library/3.1/chron/libs/chron.so
7f863fadf000-7f863fcde000 ---p 00002000 00:15 2669338                    /home/kniehaus/R/x86_64-redhat-linux-gnu-library/3.1/chron/libs/chron.so
7f863fcde000-7f863fcdf000 rw-p 00001000 00:15 2669338                    /home/kniehaus/R/x86_64-redhat-linux-gnu-library/3.1/chron/libs/chron.so
7f863fcdf000-7f863fce0000 r-xp 00000000 00:15 357016                     /home/kniehaus/R/x86_64-redhat-linux-gnu-library/3.1/lars/libs/lars.so
7f863fce0000-7f863fedf000 ---p 00001000 00:15 357016                     /home/kniehaus/R/x86_64-redhat-linux-gnu-library/3.1/lars/libs/lars.so
7f863fedf000-7f863fee0000 rw-p 00000000 00:15 357016                     /home/kniehaus/R/x86_64-redhat-linux-gnu-library/3.1/lars/libs/lars.so
7f863fee0000-7f863ff26000 r-xp 00000000 00:15 3181654                    /home/kniehaus/R/x86_64-redhat-linux-gnu-library/3.1/glmnet/libs/glmnet.so
7f863ff26000-7f8640126000 ---p 00046000 00:15 3181654                    /home/kniehaus/R/x86_64-redhat-linux-gnu-library/3.1/glmnet/libs/glmnet.so
7f8640126000-7f8640127000 rw-p 00046000 00:15 3181654                    /home/kniehaus/R/x86_64-redhat-linux-gnu-library/3.1/glmnet/libs/glmnet.so
7f8640127000-7f8640129000 r-xp 00000000 00:15 1768206                    /home/kniehaus/R/x86_64-redhat-linux-gnu-library/3.1/caret/libs/caret.so
7f8640129000-7f8640328000 ---p 00002000 00:15 1768206                    /home/kniehaus/R/x86_64-redhat-linux-gnu-library/3.1/caret/libs/caret.so
7f8640328000-7f8640329000 rw-p 00001000 00:15 1768206                    /home/kniehaus/R/x86_64-redhat-linux-gnu-library/3.1/caret/libs/caret.so
7f8640329000-7f864034a000 r-xp 00000000 00:15 1465787                    /home/kniehaus/R/x86_64-redhat-linux-gnu-library/3.1/quantreg/libs/quantreg.so
7f864034a000-7f864054a000 ---p 00021000 00:15 1465787                    /home/kniehaus/R/x86_64-redhat-linux-gnu-library/3.1/quantreg/libs/quantreg.so
7f864054a000-7f864054b000 rw-p 00021000 00:15 1465787                    /home/kniehaus/R/x86_64-redhat-linux-gnu-library/3.1/quantreg/libs/quantreg.so
7f864054b000-7f864055a000 r-xp 00000000 00:15 3351135                    /home/kniehaus/R/x86_64-redhat-linux-gnu-library/3.1/SparseM/libs/SparseM.so
7f864055a000-7f8640759000 ---p 0000f000 00:15 3351135                    /home/kniehaus/R/x86_64-redhat-linux-gnu-library/3.1/SparseM/libs/SparseM.so
7f8640759000-7f864075a000 rw-p 0000e000 00:15 3351135                    /home/kniehaus/R/x86_64-redhat-linux-gnu-library/3.1/SparseM/libs/SparseM.so
7f864075a000-7f864079c000 r-xp 00000000 fd:00 538332                     /usr/lib64/R/library/mgcv/libs/mgcv.so
7f864079c000-7f864099b000 ---p 00042000 fd:00 538332                     /usr/lib64/R/library/mgcv/libs/mgcv.so
7f864099b000-7f864099d000 rw-p 00041000 fd:00 538332                     /usr/lib64/R/library/mgcv/libs/mgcv.so
7f864099d000-7f86409a1000 r-xp 00000000 fd:00 533120                     /usr/lib64/R/library/parallel/libs/parallel.so
7f86409a1000-7f8640ba1000 ---p 00004000 fd:00 533120                     /usr/lib64/R/library/parallel/libs/parallel.so
7f8640ba1000-7f8640ba2000 rw-p 00004000 fd:00 533120                     /usr/lib64/R/library/parallel/libs/parallel.so
7f8640ba2000-7f8640ba6000 r-xp 00000000 fd:00 533061                     /usr/lib64/R/library/nnet/libs/nnet.so
7f8640ba6000-7f8640da5000 ---p 00004000 fd:00 533061                     /usr/lib64/R/library/nnet/libs/nnet.so
7f8640da5000-7f8640da6000 rw-p 00003000 fd:00 533061                     /usr/lib64/R/library/nnet/libs/nnet.so
7f8640da6000-7f8640e05000 r-xp 00000000 00:15 1823835                    /home/kniehaus/R/x86_64-redhat-linux-gnu-library/3.1/lme4/libs/lme4.so
7f8640e05000-7f8641005000 ---p 0005f000 00:15 1823835                    /home/kniehaus/R/x86_64-redhat-linux-gnu-library/3.1/lme4/libs/lme4.so
7f8641005000-7f8641008000 rw-p 0005f000 00:15 1823835                    /home/kniehaus/R/x86_64-redhat-linux-gnu-library/3.1/lme4/libs/lme4.so
7f8641008000-7f8641009000 rw-p 00000000 00:00 0 
7f8641009000-7f8641071000 r-xp 00000000 00:15 1532019                    /home/kniehaus/R/x86_64-redhat-linux-gnu-library/3.1/nloptr/libs/nloptr.so
7f8641071000-7f8641271000 ---p 00068000 00:15 1532019                    /home/kniehaus/R/x86_64-redhat-linux-gnu-library/3.1/nloptr/libs/nloptr.so
7f8641271000-7f8641272000 rw-p 00068000 00:15 1532019                    /home/kniehaus/R/x86_64-redhat-linux-gnu-library/3.1/nloptr/libs/nloptr.so
7f8641272000-7f8641294000 r-xp 00000000 00:15 1633618                    /home/kniehaus/R/x86_64-redhat-linux-gnu-library/3.1/minqa/libs/minqa.so
7f8641294000-7f8641493000 ---p 00022000 00:15 1633618                    /home/kniehaus/R/x86_64-redhat-linux-gnu-library/3.1/minqa/libs/minqa.so
7f8641493000-7f8641495000 rw-p 00021000 00:15 1633618                    /home/kniehaus/R/x86_64-redhat-linux-gnu-library/3.1/minqa/libs/minqa.so
7f8641495000-7f8641554000 r-xp 00000000 fd:00 417159                     /usr/lib64/R/library/Matrix/libs/Matrix.so
7f8641554000-7f8641753000 ---p 000bf000 fd:00 417159                     /usr/lib64/R/library/Matrix/libs/Matrix.so
7f8641753000-7f8641757000 rw-p 000be000 fd:00 417159                     /usr/lib64/R/library/Matrix/libs/Matrix.so
7f8641757000-7f8641947000 rw-p 00000000 00:00 0 
7f8641947000-7f8641949000 r-xp 00000000 fd:00 533339                     /usr/lib64/R/library/splines/libs/splines.so
7f8641949000-7f8641b48000 ---p 00002000 fd:00 533339                     /usr/lib64/R/library/splines/libs/splines.so
7f8641b48000-7f8641b49000 rw-p 00001000 fd:00 533339                     /usr/lib64/R/library/splines/libs/splines.so
7f8641b49000-7f8641b4a000 r-xp 00000000 00:15 2268910                    /home/kniehaus/R/x86_64-redhat-linux-gnu-library/3.1/gtools/libs/gtools.so
7f8641b4a000-7f8641d49000 ---p 00001000 00:15 2268910                    /home/kniehaus/R/x86_64-redhat-linux-gnu-library/3.1/gtools/libs/gtools.so
7f8641d49000-7f8641d4a000 rw-p 00000000 00:15 2268910                    /home/kniehaus/R/x86_64-redhat-linux-gnu-library/3.1/gtools/libs/gtools.so
7f8641d4a000-7f8641d4b000 r-xp 00000000 00:15 3143848                    /home/kniehaus/R/x86_64-redhat-linux-gnu-library/3.1/brglm/libs/brglm.so
7f8641d4b000-7f8641f4a000 ---p 00001000 00:15 3143848                    /home/kniehaus/R/x86_64-redhat-linux-gnu-library/3.1/brglm/libs/brglm.so
7f8641f4a000-7f8641f4b000 rw-p 00000000 00:15 3143848                    /home/kniehaus/R/x86_64-redhat-linux-gnu-library/3.1/brglm/libs/brglm.so
7f8641f4b000-7f8641f5d000 r-xp 00000000 fd:00 532994                     /usr/lib64/R/library/nlme/libs/nlme.so
7f8641f5d000-7f864215c000 ---p 00012000 fd:00 532994                     /usr/lib64/R/library/nlme/libs/nlme.so
7f864215c000-7f864215d000 rw-p 00011000 fd:00 532994                     /usr/lib64/R/library/nlme/libs/nlme.so
7f864215d000-7f8642160000 r-xp 00000000 fd:00 418727                     /usr/lib64/R/library/lattice/libs/lattice.so
7f8642160000-7f864235f000 ---p 00003000 fd:00 418727                     /usr/lib64/R/library/lattice/libs/lattice.so
7f864235f000-7f8642360000 rw-p 00002000 fd:00 418727                     /usr/lib64/R/library/lattice/libs/lattice.so
7f8642360000-7f8642361000 r-xp 00000000 00:15 2396968                    /home/kniehaus/R/x86_64-redhat-linux-gnu-library/3.1/devtools/libs/devtools.so
7f8642361000-7f8642560000 ---p 00001000 00:15 2396968                    /home/kniehaus/R/x86_64-redhat-linux-gnu-library/3.1/devtools/libs/devtools.so
7f8642560000-7f8642561000 rw-p 00000000 00:15 2396968                    /home/kniehaus/R/x86_64-redhat-linux-gnu-library/3.1/devtools/libs/devtools.so
7f8642561000-7f864264c000 r-xp 00000000 00:15 3219665                    /home/kniehaus/R/x86_64-redhat-linux-gnu-library/3.1/git2r/libs/git2r.so
7f864264c000-7f864284c000 ---p 000eb000 00:15 3219665                    /home/kniehaus/R/x86_64-redhat-linux-gnu-library/3.1/git2r/libs/git2r.so
7f864284c000-7f8642851000 rw-p 000eb000 00:15 3219665                    /home/kniehaus/R/x86_64-redhat-linux-gnu-library/3.1/git2r/libs/git2r.so
7f8642851000-7f864299a000 r-xp 00000000 fd:00 396923                     /usr/lib64/libxml2.so.2.7.6
7f864299a000-7f8642b99000 ---p 00149000 fd:00 396923                     /usr/lib64/libxml2.so.2.7.6
7f8642b99000-7f8642ba2000 rw-p 00148000 fd:00 396923                     /usr/lib64/libxml2.so.2.7.6
7f8642ba2000-7f8642ba4000 rw-p 00000000 00:00 0 
7f8642ba4000-7f8642bd2000 r-xp 00000000 00:15 2391130                    /home/kniehaus/R/x86_64-redhat-linux-gnu-library/3.1/xml2/libs/xml2.so
7f8642bd2000-7f8642dd2000 ---p 0002e000 00:15 2391130                    /home/kniehaus/R/x86_64-redhat-linux-gnu-library/3.1/xml2/libs/xml2.so
7f8642dd2000-7f8642dd4000 rw-p 0002e000 00:15 2391130                    /home/kniehaus/R/x86_64-redhat-linux-gnu-library/3.1/xml2/libs/xml2.so
7f8642dd4000-7f8642dd5000 rw-p 00000000 00:00 0 
7f8642dd5000-7f8642f8e000 r-xp 00000000 fd:00 396761                     /usr/lib64/libcrypto.so.1.0.1e
7f8642f8e000-7f864318d000 ---p 001b9000 fd:00 396761                     /usr/lib64/libcrypto.so.1.0.1e
7f864318d000-7f86431a8000 r--p 001b8000 fd:00 396761                     /usr/lib64/libcrypto.so.1.0.1e
7f86431a8000-7f86431b4000 rw-p 001d3000 fd:00 396761                     /usr/lib64/libcrypto.so.1.0.1e
7f86431b4000-7f86431b8000 rw-p 00000000 00:00 0 
7f86431b8000-7f864321a000 r-xp 00000000 fd:00 400804                     /usr/lib64/libssl.so.1.0.1e
7f864321a000-7f8643419000 ---p 00062000 fd:00 400804                     /usr/lib64/libssl.so.1.0.1e
7f8643419000-7f864341d000 r--p 00061000 fd:00 400804                     /usr/lib64/libssl.so.1.0.1e
7f864341d000-7f8643424000 rw-p 00065000 fd:00 400804                     /usr/lib64/libssl.so.1.0.1e
7f8643424000-7f864343d000 r-xp 00000000 fd:00 397000                     /usr/lib64/libsasl2.so.2.0.23
7f864343d000-7f864363c000 ---p 00019000 fd:00 397000                     /usr/lib64/libsasl2.so.2.0.23
7f864363c000-7f864363d000 r--p 00018000 fd:00 397000                     /usr/lib64/libsasl2.so.2.0.23
7f864363d000-7f864363e000 rw-p 00019000 fd:00 397000                     /usr/lib64/libsasl2.so.2.0.23
7f864363e000-7f864364c000 r-xp 00000000 fd:00 131260                     /lib64/liblber-2.4.so.2.10.2
7f864364c000-7f864384b000 ---p 0000e000 fd:00 131260                     /lib64/liblber-2.4.so.2.10.2
7f864384b000-7f864384c000 r--p 0000d000 fd:00 131260                     /lib64/liblber-2.4.so.2.10.2
7f864384c000-7f864384d000 rw-p 0000e000 fd:00 131260                     /lib64/liblber-2.4.so.2.10.2
7f864384d000-7f8643874000 r-xp 00000000 fd:00 401129                     /usr/lib64/libssh2.so.1.0.1
7f8643874000-7f8643a73000 ---p 00027000 fd:00 401129                     /usr/lib64/libssh2.so.1.0.1
7f8643a73000-7f8643a74000 rw-p 00026000 fd:00 401129                     /usr/lib64/libssh2.so.1.0.1
7f8643a74000-7f8643a75000 rw-p 00000000 00:00 0 
7f8643a75000-7f8643aae000 r-xp 00000000 fd:00 149689                     /lib64/libnspr4.so
7f8643aae000-7f8643cae000 ---p 00039000 fd:00 149689                     /lib64/libnspr4.so
7f8643cae000-7f8643caf000 r--p 00039000 fd:00 149689                     /lib64/libnspr4.so
7f8643caf000-7f8643cb1000 rw-p 0003a000 fd:00 149689                     /lib64/libnspr4.so
7f8643cb1000-7f8643cb3000 rw-p 00000000 00:00 0 
7f8643cb3000-7f8643cb7000 r-xp 00000000 fd:00 149690                     /lib64/libplc4.so
7f8643cb7000-7f8643eb6000 ---p 00004000 fd:00 149690                     /lib64/libplc4.so
7f8643eb6000-7f8643eb7000 r--p 00003000 fd:00 149690                     /lib64/libplc4.so
7f8643eb7000-7f8643eb8000 rw-p 00004000 fd:00 149690                     /lib64/libplc4.so
7f8643eb8000-7f8643ebb000 r-xp 00000000 fd:00 149691                     /lib64/libplds4.so
7f8643ebb000-7f86440ba000 ---p 00003000 fd:00 149691                     /lib64/libplds4.so
7f86440ba000-7f86440bb000 r--p 00002000 fd:00 149691                     /lib64/libplds4.so
7f86440bb000-7f86440bc000 rw-p 00003000 fd:00 149691                     /lib64/libplds4.so
7f86440bc000-7f86440e1000 r-xp 00000000 fd:00 400762                     /usr/lib64/libnssutil3.so
7f86440e1000-7f86442e1000 ---p 00025000 fd:00 400762                     /usr/lib64/libnssutil3.so
7f86442e1000-7f86442e7000 r--p 00025000 fd:00 400762                     /usr/lib64/libnssutil3.so
7f86442e7000-7f86442e8000 rw-p 0002b000 fd:00 400762                     /usr/lib64/libnssutil3.so
7f86442e8000-7f864441f000 r-xp 00000000 fd:00 401117                     /usr/lib64/libnss3.so
7f864441f000-7f864461e000 ---p 00137000 fd:00 401117                     /usr/lib64/libnss3.so
7f864461e000-7f8644623000 r--p 00136000 fd:00 401117                     /usr/lib64/libnss3.so
7f8644623000-7f8644625000 rw-p 0013b000 fd:00 401117                     /usr/lib64/libnss3.so
7f8644625000-7f8644627000 rw-p 00000000 00:00 0 
7f8644627000-7f864464f000 r-xp 00000000 fd:00 401119                     /usr/lib64/libsmime3.so
7f864464f000-7f864484e000 ---p 00028000 fd:00 401119                     /usr/lib64/libsmime3.so
7f864484e000-7f8644852000 r--p 00027000 fd:00 401119                     /usr/lib64/libsmime3.so
7f8644852000-7f8644853000 rw-p 0002b000 fd:00 401119                     /usr/lib64/libsmime3.so
7f8644853000-7f864488e000 r-xp 00000000 fd:00 402971                     /usr/lib64/libssl3.so
7f864488e000-7f8644a8d000 ---p 0003b000 fd:00 402971                     /usr/lib64/libssl3.so
7f8644a8d000-7f8644a90000 r--p 0003a000 fd:00 402971                     /usr/lib64/libssl3.so
7f8644a90000-7f8644a91000 rw-p 0003d000 fd:00 402971                     /usr/lib64/libssl3.so
7f8644a91000-7f8644a92000 rw-p 00000000 00:00 0 
7f8644a92000-7f8644adf000 r-xp 00000000 fd:00 131262                     /lib64/libldap-2.4.so.2.10.2
7f8644adf000-7f8644cde000 ---p 0004d000 fd:00 131262                     /lib64/libldap-2.4.so.2.10.2
7f8644cde000-7f8644ce0000 r--p 0004c000 fd:00 131262                     /lib64/libldap-2.4.so.2.10.2
7f8644ce0000-7f8644ce2000 rw-p 0004e000 fd:00 131262                     /lib64/libldap-2.4.so.2.10.2
7f8644ce2000-7f8644d14000 r-xp 00000000 fd:00 131166                     /lib64/libidn.so.11.6.1
7f8644d14000-7f8644f13000 ---p 00032000 fd:00 131166                     /lib64/libidn.so.11.6.1
7f8644f13000-7f8644f14000 rw-p 00031000 fd:00 131166                     /lib64/libidn.so.11.6.1
7f8644f14000-7f8644f66000 r-xp 00000000 fd:00 401130                     /usr/lib64/libcurl.so.4.1.1
7f8644f66000-7f8645165000 ---p 00052000 fd:00 401130                     /usr/lib64/libcurl.so.4.1.1
7f8645165000-7f8645168000 rw-p 00051000 fd:00 401130                     /usr/lib64/libcurl.so.4.1.1
7f8645168000-7f864516f000 r-xp 00000000 00:15 2201879                    /home/kniehaus/R/x86_64-redhat-linux-gnu-library/3.1/curl/libs/curl.so
7f864516f000-7f864536e000 ---p 00007000 00:15 2201879                    /home/kniehaus/R/x86_64-redhat-linux-gnu-library/3.1/curl/libs/curl.so
7f864536e000-7f8645371000 rw-p 00006000 00:15 2201879                    /home/kniehaus/R/x86_64-redhat-linux-gnu-library/3.1/curl/libs/curl.so
7f8645371000-7f864537e000 r-xp 00000000 00:15 3359147                    /home/kniehaus/R/x86_64-redhat-linux-gnu-library/3.1/pROC/libs/pROC.so
7f864537e000-7f864557e000 ---p 0000d000 00:15 3359147                    /home/kniehaus/R/x86_64-redhat-linux-gnu-library/3.1/pROC/libs/pROC.so
7f864557e000-7f864557f000 rw-p 0000d000 00:15 3359147                    /home/kniehaus/R/x86_64-redhat-linux-gnu-library/3.1/pROC/libs/pROC.so
7f864557f000-7f8645580000 rw-p 00000000 00:00 0 
7f8645580000-7f8645582000 r-xp 00000000 00:15 2693971                    /home/kniehaus/R/x86_64-redhat-linux-gnu-library/3.1/ffbase/libs/ffbase.so
7f8645582000-7f8645781000 ---p 00002000 00:15 2693971                    /home/kniehaus/R/x86_64-redhat-linux-gnu-library/3.1/ffbase/libs/ffbase.so
7f8645781000-7f8645782000 rw-p 00001000 00:15 2693971                    /home/kniehaus/R/x86_64-redhat-linux-gnu-library/3.1/ffbase/libs/ffbase.so
7f8645782000-7f8646430000 r-xp 00000000 fd:00 542236                     /opt/jdk1.8.0_45/jre/lib/amd64/server/libjvm.so
7f8646430000-7f864662f000 ---p 00cae000 fd:00 542236                     /opt/jdk1.8.0_45/jre/lib/amd64/server/libjvm.so
7f864662f000-7f8646706000 rw-p 00cad000 fd:00 542236                     /opt/jdk1.8.0_45/jre/lib/amd64/server/libjvm.so
7f8646706000-7f864674a000 rw-p 00000000 00:00 0 
7f864674a000-7f8648000000 r--s 00000000 00:15 2868778                    /home/kniehaus/R/x86_64-redhat-linux-gnu-library/3.1/stringi/libs/icudt55l.dat
7f8648000000-7f8648021000 rw-p 00000000 00:00 0 
7f8648021000-7f864c000000 ---p 00000000 00:00 0 
7f864c05b000-7f864c0ec000 r-xp 00000000 00:15 2660037                    /home/kniehaus/R/x86_64-redhat-linux-gnu-library/3.1/ff/libs/ff.so
7f864c0ec000-7f864c2eb000 ---p 00091000 00:15 2660037                    /home/kniehaus/R/x86_64-redhat-linux-gnu-library/3.1/ff/libs/ff.so
7f864c2eb000-7f864c2ee000 rw-p 00090000 00:15 2660037                    /home/kniehaus/R/x86_64-redhat-linux-gnu-library/3.1/ff/libs/ff.so
7f864c2ee000-7f864c2f0000 r-xp 00000000 00:15 2279246                    /home/kniehaus/R/x86_64-redhat-linux-gnu-library/3.1/fastmatch/libs/fastmatch.so
7f864c2f0000-7f864c4ef000 ---p 00002000 00:15 2279246                    /home/kniehaus/R/x86_64-redhat-linux-gnu-library/3.1/fastmatch/libs/fastmatch.so
7f864c4ef000-7f864c4f0000 rw-p 00001000 00:15 2279246                    /home/kniehaus/R/x86_64-redhat-linux-gnu-library/3.1/fastmatch/libs/fastmatch.so
7f864c4f0000-7f864c4f6000 r-xp 00000000 00:15 2405367                    /home/kniehaus/R/x86_64-redhat-linux-gnu-library/3.1/bit/libs/bit.so
7f864c4f6000-7f864c6f5000 ---p 00006000 00:15 2405367                    /home/kniehaus/R/x86_64-redhat-linux-gnu-library/3.1/bit/libs/bit.so
7f864c6f5000-7f864c6f6000 rw-p 00005000 00:15 2405367                    /home/kniehaus/R/x86_64-redhat-linux-gnu-library/3.1/bit/libs/bit.so
7f864c6f6000-7f864c705000 r-xp 00000000 00:15 3221933                    /home/kniehaus/R/x86_64-redhat-linux-gnu-library/3.1/rJava/libs/rJava.so
7f864c705000-7f864c905000 ---p 0000f000 00:15 3221933                    /home/kniehaus/R/x86_64-redhat-linux-gnu-library/3.1/rJava/libs/rJava.so
7f864c905000-7f864c906000 rw-p 0000f000 00:15 3221933                    /home/kniehaus/R/x86_64-redhat-linux-gnu-library/3.1/rJava/libs/rJava.so
7f864c906000-7f864c90b000 r-xp 00000000 fd:00 416938                     /usr/lib64/R/library/MASS/libs/MASS.so
7f864c90b000-7f864cb0b000 ---p 00005000 fd:00 416938                     /usr/lib64/R/library/MASS/libs/MASS.so
7f864cb0b000-7f864cb0c000 rw-p 00005000 fd:00 416938                     /usr/lib64/R/library/MASS/libs/MASS.so
7f864cb0c000-7f864cb17000 r-xp 00000000 00:15 1475343                    /home/kniehaus/R/x86_64-redhat-linux-gnu-library/3.1/scales/libs/scales.so
7f864cb17000-7f864cd16000 ---p 0000b000 00:15 1475343                    /home/kniehaus/R/x86_64-redhat-linux-gnu-library/3.1/scales/libs/scales.so
7f864cd16000-7f864cd17000 rw-p 0000a000 00:15 1475343                    /home/kniehaus/R/x86_64-redhat-linux-gnu-library/3.1/scales/libs/scales.so
7f864cd17000-7f864cd18000 rw-p 00000000 00:00 0 
7f864cd18000-7f864cd22000 r-xp 00000000 00:15 2226029                    /home/kniehaus/R/x86_64-redhat-linux-gnu-library/3.1/colorspace/libs/colorspace.so
7f864cd22000-7f864cf22000 ---p 0000a000 00:15 2226029                    /home/kniehaus/R/x86_64-redhat-linux-gnu-library/3.1/colorspace/libs/colorspace.so
7f864cf22000-7f864cf23000 rw-p 0000a000 00:15 2226029                    /home/kniehaus/R/x86_64-redhat-linux-gnu-library/3.1/colorspace/libs/colorspace.so
7f864cf23000-7f864cf32000 r-xp 00000000 00:15 2495228                    /home/kniehaus/R/x86_64-redhat-linux-gnu-library/3.1/reshape2/libs/reshape2.so
7f864cf32000-7f864d131000 ---p 0000f000 00:15 2495228                    /home/kniehaus/R/x86_64-redhat-linux-gnu-library/3.1/reshape2/libs/reshape2.so
7f864d131000-7f864d133000 rw-p 0000e000 00:15 2495228                    /home/kniehaus/R/x86_64-redhat-linux-gnu-library/3.1/reshape2/libs/reshape2.so
7f864d133000-7f864d57b000 r-xp 00000000 00:15 2868777                    /home/kniehaus/R/x86_64-redhat-linux-gnu-library/3.1/stringi/libs/stringi.so
7f864d57b000-7f864d77a000 ---p 00448000 00:15 2868777                    /home/kniehaus/R/x86_64-redhat-linux-gnu-library/3.1/stringi/libs/stringi.so
7f864d77a000-7f864d7a6000 rw-p 00447000 00:15 2868777                    /home/kniehaus/R/x86_64-redhat-linux-gnu-library/3.1/stringi/libs/stringi.so
7f864d7a6000-7f864d7aa000 rw-p 00000000 00:00 0 
7f864d7aa000-7f864d7b2000 r-xp 00000000 00:15 2986491                    /home/kniehaus/R/x86_64-redhat-linux-gnu-library/3.1/plyr/libs/plyr.so
7f864d7b2000-7f864d9b2000 ---p 00008000 00:15 2986491                    /home/kniehaus/R/x86_64-redhat-linux-gnu-library/3.1/plyr/libs/plyr.so
7f864d9b2000-7f864d9b3000 rw-p 00008000 00:15 2986491                    /home/kniehaus/R/x86_64-redhat-linux-gnu-library/3.1/plyr/libs/plyr.so
7f864d9b3000-7f864da01000 r-xp 00000000 00:15 1109730                    /home/kniehaus/R/x86_64-redhat-linux-gnu-library/3.1/Rcpp/libs/Rcpp.so
7f864da01000-7f864dc00000 ---p 0004e000 00:15 1109730                    /home/kniehaus/R/x86_64-redhat-linux-gnu-library/3.1/Rcpp/libs/Rcpp.so
7f864dc00000-7f864dc03000 rw-p 0004d000 00:15 1109730                    /home/kniehaus/R/x86_64-redhat-linux-gnu-library/3.1/Rcpp/libs/Rcpp.so
7f864dc03000-7f864f5ff000 rw-p 00000000 00:00 0 
7f864f5ff000-7f864f600000 ---p 00000000 00:00 0 
7f864f600000-7f8650000000 rw-p 00000000 00:00 0 
7f8650000000-7f8650021000 rw-p 00000000 00:00 0 
7f8650021000-7f8654000000 ---p 00000000 00:00 0 
7f8654000000-7f8654021000 rw-p 00000000 00:00 0 
7f8654021000-7f8658000000 ---p 00000000 00:00 0 
7f8658000000-7f8658021000 rw-p 00000000 00:00 0 
7f8658021000-7f865c000000 ---p 00000000 00:00 0 
7f865c07e000-7f865c09b000 r-xp 00000000 fd:00 418625                     /usr/lib64/R/library/grid/libs/grid.so
7f865c09b000-7f865c29b000 ---p 0001d000 fd:00 418625                     /usr/lib64/R/library/grid/libs/grid.so
7f865c29b000-7f865c29c000 rw-p 0001d000 fd:00 418625                     /usr/lib64/R/library/grid/libs/grid.so
7f865c29c000-7f865c2b8000 r-xp 00000000 00:15 1541281                    /home/kniehaus/R/x86_64-redhat-linux-gnu-library/3.1/digest/libs/digest.so
7f865c2b8000-7f865c4b7000 ---p 0001c000 00:15 1541281                    /home/kniehaus/R/x86_64-redhat-linux-gnu-library/3.1/digest/libs/digest.so
7f865c4b7000-7f865c4b8000 rw-p 0001b000 00:15 1541281                    /home/kniehaus/R/x86_64-redhat-linux-gnu-library/3.1/digest/libs/digest.so
7f865c4b8000-7f865c4ba000 rw-p 00000000 00:00 0 
7f865c4ba000-7f865c4ce000 r-xp 00000000 fd:00 533991                     /usr/lib64/R/library/tools/libs/tools.so
7f865c4ce000-7f865c6ce000 ---p 00014000 fd:00 533991                     /usr/lib64/R/library/tools/libs/tools.so
7f865c6ce000-7f865c6d0000 rw-p 00014000 fd:00 533991                     /usr/lib64/R/library/tools/libs/tools.so
7f865c6d0000-7f865c6d1000 ---p 00000000 00:00 0 
7f865c6d1000-7f865d0d1000 rw-p 00000000 00:00 0 
7f865d0d1000-7f865d296000 r-xp 00000000 fd:00 416698                     /usr/lib64/R/lib/libRlapack.so
7f865d296000-7f865d495000 ---p 001c5000 fd:00 416698                     /usr/lib64/R/lib/libRlapack.so
7f865d495000-7f865d497000 rw-p 001c4000 fd:00 416698                     /usr/lib64/R/lib/libRlapack.so
7f865d497000-7f865d537000 r-xp 00000000 fd:00 533679                     /usr/lib64/R/library/stats/libs/stats.so
7f865d537000-7f865d736000 ---p 000a0000 fd:00 533679                     /usr/lib64/R/library/stats/libs/stats.so
7f865d736000-7f865d73a000 rw-p 0009f000 fd:00 533679                     /usr/lib64/R/library/stats/libs/stats.so
7f865d73a000-7f865d777000 r-xp 00000000 fd:00 418353                     /usr/lib64/R/library/grDevices/libs/grDevices.so
7f865d777000-7f865d977000 ---p 0003d000 fd:00 418353                     /usr/lib64/R/library/grDevices/libs/grDevices.so
7f865d977000-7f865d97d000 rw-p 0003d000 fd:00 418353                     /usr/lib64/R/library/grDevices/libs/grDevices.so
7f865d97d000-7f865d97e000 rw-p 00000000 00:00 0 
7f865d9a6000-7f865d9ae000 rw-s 00000000 fd:00 16353                      /tmp/hsperfdata_kniehaus/16864
7f865d9ae000-7f865d9ef000 r-xp 00000000 fd:00 418466                     /usr/lib64/R/library/graphics/libs/graphics.so
7f865d9ef000-7f865dbee000 ---p 00041000 fd:00 418466                     /usr/lib64/R/library/graphics/libs/graphics.so
7f865dbee000-7f865dbf0000 rw-p 00040000 fd:00 418466                     /usr/lib64/R/library/graphics/libs/graphics.so
7f865dbf0000-7f865dcf7000 rw-p 00000000 00:00 0 
7f865dcf7000-7f865dcff000 r-xp 00000000 fd:00 418843                     /usr/lib64/R/library/methods/libs/methods.so
7f865dcff000-7f865defe000 ---p 00008000 fd:00 418843                     /usr/lib64/R/library/methods/libs/methods.so
7f865defe000-7f865deff000 rw-p 00007000 fd:00 418843                     /usr/lib64/R/library/methods/libs/methods.so
7f865deff000-7f865df09000 r-xp 00000000 fd:00 534474                     /usr/lib64/R/library/utils/libs/utils.so
7f865df09000-7f865e109000 ---p 0000a000 fd:00 534474                     /usr/lib64/R/library/utils/libs/utils.so
7f865e109000-7f865e10a000 rw-p 0000a000 fd:00 534474                     /usr/lib64/R/library/utils/libs/utils.so
7f865e10a000-7f865e1b2000 rw-p 00000000 00:00 0 
7f865e1b2000-7f865e1e7000 r--s 00000000 fd:03 1779                       /var/db/nscd/group
7f865e1e7000-7f865e298000 rw-p 00000000 00:00 0 
7f865e298000-7f865e299000 ---p 00000000 00:00 0 
7f865e299000-7f865ec99000 rw-p 00000000 00:00 0 
7f865ec99000-7f865ec9a000 ---p 00000000 00:00 0 
7f865ec9a000-7f865f69a000 rw-p 00000000 00:00 0 
7f865f69a000-7f866552a000 r--p 00000000 fd:00 431050                     /usr/lib/locale/locale-archive
7f866552a000-7f8665547000 r-xp 00000000 fd:00 131126                     /lib64/libselinux.so.1
7f8665547000-7f8665746000 ---p 0001d000 fd:00 131126                     /lib64/libselinux.so.1
7f8665746000-7f8665747000 r--p 0001c000 fd:00 131126                     /lib64/libselinux.so.1
7f8665747000-7f8665748000 rw-p 0001d000 fd:00 131126                     /lib64/libselinux.so.1
7f8665748000-7f8665749000 rw-p 00000000 00:00 0 
7f8665749000-7f86657bc000 r-xp 00000000 fd:00 131081                     /lib64/libfreebl3.so
7f86657bc000-7f86659bb000 ---p 00073000 fd:00 131081                     /lib64/libfreebl3.so
7f86659bb000-7f86659bd000 r--p 00072000 fd:00 131081                     /lib64/libfreebl3.so
7f86659bd000-7f86659be000 rw-p 00074000 fd:00 131081                     /lib64/libfreebl3.so
7f86659be000-7f86659c2000 rw-p 00000000 00:00 0 
7f86659c2000-7f86659d8000 r-xp 00000000 fd:00 131118                     /lib64/libresolv-2.12.so
7f86659d8000-7f8665bd8000 ---p 00016000 fd:00 131118                     /lib64/libresolv-2.12.so
7f8665bd8000-7f8665bd9000 r--p 00016000 fd:00 131118                     /lib64/libresolv-2.12.so
7f8665bd9000-7f8665bda000 rw-p 00017000 fd:00 131118                     /lib64/libresolv-2.12.so
7f8665bda000-7f8665bdc000 rw-p 00000000 00:00 0 
7f8665bdc000-7f8665bde000 r-xp 00000000 fd:00 131272                     /lib64/libkeyutils.so.1.3
7f8665bde000-7f8665ddd000 ---p 00002000 fd:00 131272                     /lib64/libkeyutils.so.1.3
7f8665ddd000-7f8665dde000 r--p 00001000 fd:00 131272                     /lib64/libkeyutils.so.1.3
7f8665dde000-7f8665ddf000 rw-p 00002000 fd:00 131272                     /lib64/libkeyutils.so.1.3
7f8665ddf000-7f8665de9000 r-xp 00000000 fd:00 131282                     /lib64/libkrb5support.so.0.1
7f8665de9000-7f8665fe8000 ---p 0000a000 fd:00 131282                     /lib64/libkrb5support.so.0.1
7f8665fe8000-7f8665fe9000 r--p 00009000 fd:00 131282                     /lib64/libkrb5support.so.0.1
7f8665fe9000-7f8665fea000 rw-p 0000a000 fd:00 131282                     /lib64/libkrb5support.so.0.1
7f8665fea000-7f8666f2f000 r-xp 00000000 fd:00 412926                     /usr/lib64/libicudata.so.42.1
7f8666f2f000-7f866712e000 ---p 00f45000 fd:00 412926                     /usr/lib64/libicudata.so.42.1
7f866712e000-7f866712f000 rw-p 00f44000 fd:00 412926                     /usr/lib64/libicudata.so.42.1
7f866712f000-7f866714c000 r-xp 00000000 fd:00 131132                     /lib64/libtinfo.so.5.7
7f866714c000-7f866734c000 ---p 0001d000 fd:00 131132                     /lib64/libtinfo.so.5.7
7f866734c000-7f8667350000 rw-p 0001d000 fd:00 131132                     /lib64/libtinfo.so.5.7
7f8667350000-7f8667357000 r-xp 00000000 fd:00 131094                     /lib64/libcrypt-2.12.so
7f8667357000-7f8667557000 ---p 00007000 fd:00 131094                     /lib64/libcrypt-2.12.so
7f8667557000-7f8667558000 r--p 00007000 fd:00 131094                     /lib64/libcrypt-2.12.so
7f8667558000-7f8667559000 rw-p 00008000 fd:00 131094                     /lib64/libcrypt-2.12.so
7f8667559000-7f8667587000 rw-p 00000000 00:00 0 
7f8667587000-7f866759e000 r-xp 00000000 fd:00 131141                     /lib64/libaudit.so.1.0.0
7f866759e000-7f866779e000 ---p 00017000 fd:00 131141                     /lib64/libaudit.so.1.0.0
7f866779e000-7f866779f000 r--p 00017000 fd:00 131141                     /lib64/libaudit.so.1.0.0
7f866779f000-7f86677aa000 rw-p 00018000 fd:00 131141                     /lib64/libaudit.so.1.0.0
7f86677aa000-7f86677d3000 r-xp 00000000 fd:00 131278                     /lib64/libk5crypto.so.3.1
7f86677d3000-7f86679d3000 ---p 00029000 fd:00 131278                     /lib64/libk5crypto.so.3.1
7f86679d3000-7f86679d4000 r--p 00029000 fd:00 131278                     /lib64/libk5crypto.so.3.1
7f86679d4000-7f86679d5000 rw-p 0002a000 fd:00 131278                     /lib64/libk5crypto.so.3.1
7f86679d5000-7f86679d6000 rw-p 00000000 00:00 0 
7f86679d6000-7f86679d9000 r-xp 00000000 fd:00 149473                     /lib64/libcom_err.so.2.1
7f86679d9000-7f8667bd8000 ---p 00003000 fd:00 149473                     /lib64/libcom_err.so.2.1
7f8667bd8000-7f8667bd9000 r--p 00002000 fd:00 149473                     /lib64/libcom_err.so.2.1
7f8667bd9000-7f8667bda000 rw-p 00003000 fd:00 149473                     /lib64/libcom_err.so.2.1
7f8667bda000-7f8667cb5000 r-xp 00000000 fd:00 131280                     /lib64/libkrb5.so.3.3
7f8667cb5000-7f8667eb4000 ---p 000db000 fd:00 131280                     /lib64/libkrb5.so.3.3
7f8667eb4000-7f8667ebe000 r--p 000da000 fd:00 131280                     /lib64/libkrb5.so.3.3
7f8667ebe000-7f8667ec0000 rw-p 000e4000 fd:00 131280                     /lib64/libkrb5.so.3.3
7f8667ec0000-7f8667f01000 r-xp 00000000 fd:00 131274                     /lib64/libgssapi_krb5.so.2.2
7f8667f01000-7f8668101000 ---p 00041000 fd:00 131274                     /lib64/libgssapi_krb5.so.2.2
7f8668101000-7f8668102000 r--p 00041000 fd:00 131274                     /lib64/libgssapi_krb5.so.2.2
7f8668102000-7f8668104000 rw-p 00042000 fd:00 131274                     /lib64/libgssapi_krb5.so.2.2
7f8668104000-7f8668119000 r-xp 00000000 fd:00 398620                     /usr/lib64/libgomp.so.1.0.0
7f8668119000-7f8668318000 ---p 00015000 fd:00 398620                     /usr/lib64/libgomp.so.1.0.0
7f8668318000-7f8668319000 rw-p 00014000 fd:00 398620                     /usr/lib64/libgomp.so.1.0.0
7f8668319000-7f86684a1000 r-xp 00000000 fd:00 412928                     /usr/lib64/libicui18n.so.42.1
7f86684a1000-7f86686a1000 ---p 00188000 fd:00 412928                     /usr/lib64/libicui18n.so.42.1
7f86686a1000-7f86686ae000 rw-p 00188000 fd:00 412928                     /usr/lib64/libicui18n.so.42.1
7f86686ae000-7f86686af000 rw-p 00000000 00:00 0 
7f86686af000-7f86687ee000 r-xp 00000000 fd:00 412938                     /usr/lib64/libicuuc.so.42.1
7f86687ee000-7f86689ee000 ---p 0013f000 fd:00 412938                     /usr/lib64/libicuuc.so.42.1
7f86689ee000-7f86689ff000 rw-p 0013f000 fd:00 412938                     /usr/lib64/libicuuc.so.42.1
7f86689ff000-7f8668a01000 rw-p 00000000 00:00 0 
7f8668a01000-7f8668a3b000 r-xp 00000000 fd:00 131160                     /lib64/libreadline.so.6.0
7f8668a3b000-7f8668c3b000 ---p 0003a000 fd:00 131160                     /lib64/libreadline.so.6.0
7f8668c3b000-7f8668c43000 rw-p 0003a000 fd:00 131160                     /lib64/libreadline.so.6.0
7f8668c43000-7f8668c44000 rw-p 00000000 00:00 0 
7f8668c44000-7f8668d34000 r-xp 00000000 fd:00 412524                     /usr/lib64/libgfortran.so.3.0.0
7f8668d34000-7f8668f33000 ---p 000f0000 fd:00 412524                     /usr/lib64/libgfortran.so.3.0.0
7f8668f33000-7f8668f35000 rw-p 000ef000 fd:00 412524                     /usr/lib64/libgfortran.so.3.0.0
7f8668f35000-7f8668f36000 rw-p 00000000 00:00 0 
7f8668f36000-7f8668f61000 r-xp 00000000 fd:00 416697                     /usr/lib64/R/lib/libRblas.so
7f8668f61000-7f8669160000 ---p 0002b000 fd:00 416697                     /usr/lib64/R/lib/libRblas.so
7f8669160000-7f8669161000 rw-p 0002a000 fd:00 416697                     /usr/lib64/R/lib/libRblas.so
7f8669161000-7f86692eb000 r-xp 00000000 fd:00 131086                     /lib64/libc-2.12.so
7f86692eb000-7f86694eb000 ---p 0018a000 fd:00 131086                     /lib64/libc-2.12.so
7f86694eb000-7f86694ef000 r--p 0018a000 fd:00 131086                     /lib64/libc-2.12.so
7f86694ef000-7f86694f0000 rw-p 0018e000 fd:00 131086                     /lib64/libc-2.12.so
7f86694f0000-7f86694f5000 rw-p 00000000 00:00 0 
7f86694f5000-7f866950b000 r-xp 00000000 fd:00 150489                     /lib64/libgcc_s-4.4.7-20120601.so.1
7f866950b000-7f866970a000 ---p 00016000 fd:00 150489                     /lib64/libgcc_s-4.4.7-20120601.so.1
7f866970a000-7f866970b000 rw-p 00015000 fd:00 150489                     /lib64/libgcc_s-4.4.7-20120601.so.1
7f866970b000-7f866978e000 r-xp 00000000 fd:00 131097                     /lib64/libm-2.12.so
7f866978e000-7f866998d000 ---p 00083000 fd:00 131097                     /lib64/libm-2.12.so
7f866998d000-7f866998e000 r--p 00082000 fd:00 131097                     /lib64/libm-2.12.so
7f866998e000-7f866998f000 rw-p 00083000 fd:00 131097                     /lib64/libm-2.12.so
7f866998f000-7f8669a77000 r-xp 00000000 fd:00 396928                     /usr/lib64/libstdc++.so.6.0.13
7f8669a77000-7f8669c77000 ---p 000e8000 fd:00 396928                     /usr/lib64/libstdc++.so.6.0.13
7f8669c77000-7f8669c7e000 r--p 000e8000 fd:00 396928                     /usr/lib64/libstdc++.so.6.0.13
7f8669c7e000-7f8669c80000 rw-p 000ef000 fd:00 396928                     /usr/lib64/libstdc++.so.6.0.13
7f8669c80000-7f8669c95000 rw-p 00000000 00:00 0 
7f8669c95000-7f8669c97000 r-xp 00000000 fd:00 131095                     /lib64/libdl-2.12.so
7f8669c97000-7f8669e97000 ---p 00002000 fd:00 131095                     /lib64/libdl-2.12.so
7f8669e97000-7f8669e98000 r--p 00002000 fd:00 131095                     /lib64/libdl-2.12.so
7f8669e98000-7f8669e99000 rw-p 00003000 fd:00 131095                     /lib64/libdl-2.12.so
7f8669e99000-7f8669ea5000 r-xp 00000000 fd:00 131198                     /lib64/libpam.so.0.82.2
7f8669ea5000-7f866a0a5000 ---p 0000c000 fd:00 131198                     /lib64/libpam.so.0.82.2
7f866a0a5000-7f866a0a6000 r--p 0000c000 fd:00 131198                     /lib64/libpam.so.0.82.2
7f866a0a6000-7f866a0a7000 rw-p 0000d000 fd:00 131198                     /lib64/libpam.so.0.82.2
7f866a0a7000-7f866a1df000 r-xp 00000000 fd:00 423446                     /usr/lib64/libcrypto.so.0.9.8e
7f866a1df000-7f866a3de000 ---p 00138000 fd:00 423446                     /usr/lib64/libcrypto.so.0.9.8e
7f866a3de000-7f866a3ff000 rw-p 00137000 fd:00 423446                     /usr/lib64/libcrypto.so.0.9.8e
7f866a3ff000-7f866a403000 rw-p 00000000 00:00 0 
7f866a403000-7f866a44c000 r-xp 00000000 fd:00 423448                     /usr/lib64/libssl.so.0.9.8e
7f866a44c000-7f866a64c000 ---p 00049000 fd:00 423448                     /usr/lib64/libssl.so.0.9.8e
7f866a64c000-7f866a652000 rw-p 00049000 fd:00 423448                     /usr/lib64/libssl.so.0.9.8e
7f866a652000-7f866a667000 r-xp 00000000 fd:00 131140                     /lib64/libz.so.1.2.3
7f866a667000-7f866a866000 ---p 00015000 fd:00 131140                     /lib64/libz.so.1.2.3
7f866a866000-7f866a867000 r--p 00014000 fd:00 131140                     /lib64/libz.so.1.2.3
7f866a867000-7f866a868000 rw-p 00015000 fd:00 131140                     /lib64/libz.so.1.2.3
7f866a868000-7f866a86f000 r-xp 00000000 fd:00 131125                     /lib64/librt-2.12.so
7f866a86f000-7f866aa6e000 ---p 00007000 fd:00 131125                     /lib64/librt-2.12.so
7f866aa6e000-7f866aa6f000 r--p 00006000 fd:00 131125                     /lib64/librt-2.12.so
7f866aa6f000-7f866aa70000 rw-p 00007000 fd:00 131125                     /lib64/librt-2.12.so
7f866aa70000-7f866aa74000 r-xp 00000000 fd:00 131171                     /lib64/libuuid.so.1.3.0
7f866aa74000-7f866ac73000 ---p 00004000 fd:00 131171                     /lib64/libuuid.so.1.3.0
7f866ac73000-7f866ac74000 rw-p 00003000 fd:00 131171                     /lib64/libuuid.so.1.3.0
7f866ac74000-7f866ac76000 r-xp 00000000 fd:00 131199                     /lib64/libutil-2.12.so
7f866ac76000-7f866ae75000 ---p 00002000 fd:00 131199                     /lib64/libutil-2.12.so
7f866ae75000-7f866ae76000 r--p 00001000 fd:00 131199                     /lib64/libutil-2.12.so
7f866ae76000-7f866ae77000 rw-p 00002000 fd:00 131199                     /lib64/libutil-2.12.so
7f866ae77000-7f866ae8e000 r-xp 00000000 fd:00 131110                     /lib64/libpthread-2.12.so
7f866ae8e000-7f866b08e000 ---p 00017000 fd:00 131110                     /lib64/libpthread-2.12.so
7f866b08e000-7f866b08f000 r--p 00017000 fd:00 131110                     /lib64/libpthread-2.12.so
7f866b08f000-7f866b090000 rw-p 00018000 fd:00 131110                     /lib64/libpthread-2.12.so
7f866b090000-7f866b094000 rw-p 00000000 00:00 0 
7f866b094000-7f866b35e000 r-xp 00000000 fd:00 416696                     /usr/lib64/R/lib/libR.so
7f866b35e000-7f866b55d000 ---p 002ca000 fd:00 416696                     /usr/lib64/R/lib/libR.so
7f866b55d000-7f866b56e000 rw-p 002c9000 fd:00 416696                     /usr/lib64/R/lib/libR.so
7f866b56e000-7f866b659000 rw-p 00000000 00:00 0 
7f866b659000-7f866b679000 r-xp 00000000 fd:00 152325                     /lib64/ld-2.12.so
7f866b67b000-7f866b6b0000 r--s 00000000 fd:03 1778                       /var/db/nscd/passwd
7f866b6b0000-7f866b86b000 rw-p 00000000 00:00 0 
7f866b86d000-7f866b86f000 rw-p 00000000 00:00 0 
7f866b86f000-7f866b870000 r--p 00000000 00:00 0 
7f866b870000-7f866b877000 r--s 00000000 fd:00 396542                     /usr/lib64/gconv/gconv-modules.cache
7f866b877000-7f866b878000 rw-p 00000000 00:00 0 
7f866b878000-7f866b879000 r--p 0001f000 fd:00 152325                     /lib64/ld-2.12.so
7f866b879000-7f866b87a000 rw-p 00020000 fd:00 152325                     /lib64/ld-2.12.so
7f866b87a000-7f866b87b000 rw-p 00000000 00:00 0 
7fff58f2d000-7fff58f30000 ---p 00000000 00:00 0 
7fff58f31000-7fff5902d000 rw-p 00000000 00:00 0                          [stack]
7fff590e7000-7fff590e8000 r-xp 00000000 00:00 0                          [vdso]
ffffffffff600000-ffffffffff601000 r-xp 00000000 00:00 0                  [vsyscall]

VM Arguments:
jvm_args: -Xmx512m -Xrs vfprintf exit 
java_command: <unknown>
java_class_path (initial): /home/kniehaus/R/x86_64-redhat-linux-gnu-library/3.1/rJava/java/boot
Launcher Type: generic

Environment Variables:
PATH=/usr/local/sbin:/usr/local/bin:/usr/bin:/usr/sbin:/sbin:/bin
LD_LIBRARY_PATH=/usr/lib64/R/lib:/lib:/usr/local/lib64:/opt/jdk1.8.0_45/jre/lib/amd64/server:@JAVA_LD@:@JAVA_LD@:@JAVA_LD@:@JAVA_LD@:@JAVA_LD@:@JAVA_LD@:@JAVA_LD@:@JAVA_LD@:@JAVA_LD@:@JAVA_LD@:@JAVA_LD@:@JAVA_LD@:@JAVA_LD@:@JAVA_LD@:@JAVA_LD@:@JAVA_LD@:@JAVA_LD@:@JAVA_LD@:@JAVA_LD@:@JAVA_LD@:@JAVA_LD@:@JAVA_LD@:@JAVA_LD@:@JAVA_LD@:@JAVA_LD@:@JAVA_LD@:@JAVA_LD@:@JAVA_LD@:@JAVA_LD@:@JAVA_LD@:@JAVA_LD@:@JAVA_LD@:@JAVA_LD@:@JAVA_LD@:@JAVA_LD@:@JAVA_LD@:@JAVA_LD@:@JAVA_LD@:@JAVA_LD@:@JAVA_LD@:@JAVA_LD@:@JAVA_LD@:@JAVA_LD@:@JAVA_LD@:@JAVA_LD@:@JAVA_LD@:@JAVA_LD@:@JAVA_LD@:@JAVA_LD@:@JAVA_LD@:@JAVA_LD@:@JAVA_LD@:@JAVA_LD@:@JAVA_LD@:@JAVA_LD@:@JAVA_LD@:@JAVA_LD@:@JAVA_LD@
DISPLAY=:0

Signal Handlers:
SIGSEGV: [libjvm.so+0xaad1e0], sa_mask[0]=11111111011111111101111111111110, sa_flags=SA_RESTART|SA_SIGINFO
SIGBUS: [libjvm.so+0xaad1e0], sa_mask[0]=11111111011111111101111111111110, sa_flags=SA_RESTART|SA_SIGINFO
SIGFPE: [libjvm.so+0x90b450], sa_mask[0]=11111111011111111101111111111110, sa_flags=SA_RESTART|SA_SIGINFO
SIGPIPE: [libjvm.so+0x90b450], sa_mask[0]=11111111011111111101111111111110, sa_flags=SA_RESTART|SA_SIGINFO
SIGXFSZ: [libjvm.so+0x90b450], sa_mask[0]=11111111011111111101111111111110, sa_flags=SA_RESTART|SA_SIGINFO
SIGILL: [libjvm.so+0x90b450], sa_mask[0]=11111111011111111101111111111110, sa_flags=SA_RESTART|SA_SIGINFO
SIGUSR1: [rsession+0x288820], sa_mask[0]=00000000010000000000000000000000, sa_flags=SA_RESTART
SIGUSR2: [libjvm.so+0x90ca90], sa_mask[0]=01000000000000000000000000000000, sa_flags=SA_RESTART|SA_SIGINFO
SIGHUP: SIG_IGN, sa_mask[0]=00000000000000000000000000000000, sa_flags=none
SIGINT: SIG_DFL, sa_mask[0]=00000000000000000000000000000000, sa_flags=none
SIGTERM: SIG_DFL, sa_mask[0]=00000000000000000000000000000000, sa_flags=none
SIGQUIT: SIG_DFL, sa_mask[0]=00000000000000000000000000000000, sa_flags=none


---------------  S Y S T E M  ---------------

OS:Red Hat Enterprise Linux Server release 6.6 (Santiago)

uname:Linux 2.6.32-504.3.3.el6.x86_64 #1 SMP Fri Dec 12 16:05:43 EST 2014 x86_64
libc:glibc 2.12 NPTL 2.12 
rlimit: STACK 10240k, CORE 0k, NPROC 256705, NOFILE 4096, AS infinity
load average:0.73 0.30 0.14

/proc/meminfo:
MemTotal:       32877008 kB
MemFree:          225864 kB
Buffers:            3580 kB
Cached:           241968 kB
SwapCached:        13888 kB
Active:         29849144 kB
Inactive:        2425124 kB
Active(anon):   29835760 kB
Inactive(anon):  2331808 kB
Active(file):      13384 kB
Inactive(file):    93316 kB
Unevictable:           0 kB
Mlocked:               0 kB
SwapTotal:       2097148 kB
SwapFree:              0 kB
Dirty:               136 kB
Writeback:             0 kB
AnonPages:      32015204 kB
Mapped:           154872 kB
Shmem:            138720 kB
Slab:              83644 kB
SReclaimable:      13756 kB
SUnreclaim:        69888 kB
KernelStack:        2616 kB
PageTables:        79216 kB
NFS_Unstable:          0 kB
Bounce:                0 kB
WritebackTmp:          0 kB
CommitLimit:    18535652 kB
Committed_AS:   35665728 kB
VmallocTotal:   34359738367 kB
VmallocUsed:      199628 kB
VmallocChunk:   34359528256 kB
HardwareCorrupted:     0 kB
AnonHugePages:  12617728 kB
HugePages_Total:       0
HugePages_Free:        0
HugePages_Rsvd:        0
HugePages_Surp:        0
Hugepagesize:       2048 kB
DirectMap4k:       10240 kB
DirectMap2M:    33544192 kB


CPU:total 4 (1 cores per cpu, 1 threads per core) family 6 model 45 stepping 2, cmov, cx8, fxsr, mmx, sse, sse2, sse3, ssse3, sse4.1, sse4.2, popcnt, avx, aes, clmul, tsc, tscinvbit, tscinv

/proc/cpuinfo:
processor	: 0
vendor_id	: GenuineIntel
cpu family	: 6
model		: 45
model name	: Intel(R) Xeon(R) CPU E5-2680 v2 @ 2.80GHz
stepping	: 2
microcode	: 1063
cpu MHz		: 2800.000
cache size	: 25600 KB
physical id	: 0
siblings	: 1
core id		: 0
cpu cores	: 1
apicid		: 0
initial apicid	: 0
fpu		: yes
fpu_exception	: yes
cpuid level	: 13
wp		: yes
flags		: fpu vme de pse tsc msr pae mce cx8 apic sep mtrr pge mca cmov pat pse36 clflush dts mmx fxsr sse sse2 ss syscall nx rdtscp lm constant_tsc arch_perfmon pebs bts xtopology tsc_reliable nonstop_tsc aperfmperf unfair_spinlock pni pclmulqdq ssse3 cx16 sse4_1 sse4_2 popcnt aes xsave avx hypervisor lahf_lm ida arat pln pts dts
bogomips	: 5600.00
clflush size	: 64
cache_alignment	: 64
address sizes	: 40 bits physical, 48 bits virtual
power management:

processor	: 1
vendor_id	: GenuineIntel
cpu family	: 6
model		: 45
model name	: Intel(R) Xeon(R) CPU E5-2680 v2 @ 2.80GHz
stepping	: 2
microcode	: 1063
cpu MHz		: 2800.000
cache size	: 25600 KB
physical id	: 2
siblings	: 1
core id		: 0
cpu cores	: 1
apicid		: 2
initial apicid	: 2
fpu		: yes
fpu_exception	: yes
cpuid level	: 13
wp		: yes
flags		: fpu vme de pse tsc msr pae mce cx8 apic sep mtrr pge mca cmov pat pse36 clflush dts mmx fxsr sse sse2 ss syscall nx rdtscp lm constant_tsc arch_perfmon pebs bts xtopology tsc_reliable nonstop_tsc aperfmperf unfair_spinlock pni pclmulqdq ssse3 cx16 sse4_1 sse4_2 popcnt aes xsave avx hypervisor lahf_lm ida arat pln pts dts
bogomips	: 5600.00
clflush size	: 64
cache_alignment	: 64
address sizes	: 40 bits physical, 48 bits virtual
power management:

processor	: 2
vendor_id	: GenuineIntel
cpu family	: 6
model		: 45
model name	: Intel(R) Xeon(R) CPU E5-2680 v2 @ 2.80GHz
stepping	: 2
microcode	: 1063
cpu MHz		: 2800.000
cache size	: 25600 KB
physical id	: 4
siblings	: 1
core id		: 0
cpu cores	: 1
apicid		: 4
initial apicid	: 4
fpu		: yes
fpu_exception	: yes
cpuid level	: 13
wp		: yes
flags		: fpu vme de pse tsc msr pae mce cx8 apic sep mtrr pge mca cmov pat pse36 clflush dts mmx fxsr sse sse2 ss syscall nx rdtscp lm constant_tsc arch_perfmon pebs bts xtopology tsc_reliable nonstop_tsc aperfmperf unfair_spinlock pni pclmulqdq ssse3 cx16 sse4_1 sse4_2 popcnt aes xsave avx hypervisor lahf_lm ida arat pln pts dts
bogomips	: 5600.00
clflush size	: 64
cache_alignment	: 64
address sizes	: 40 bits physical, 48 bits virtual
power management:

processor	: 3
vendor_id	: GenuineIntel
cpu family	: 6
model		: 45
model name	: Intel(R) Xeon(R) CPU E5-2680 v2 @ 2.80GHz
stepping	: 2
microcode	: 1063
cpu MHz		: 2800.000
cache size	: 25600 KB
physical id	: 6
siblings	: 1
core id		: 0
cpu cores	: 1
apicid		: 6
initial apicid	: 6
fpu		: yes
fpu_exception	: yes
cpuid level	: 13
wp		: yes
flags		: fpu vme de pse tsc msr pae mce cx8 apic sep mtrr pge mca cmov pat pse36 clflush dts mmx fxsr sse sse2 ss syscall nx rdtscp lm constant_tsc arch_perfmon pebs bts xtopology tsc_reliable nonstop_tsc aperfmperf unfair_spinlock pni pclmulqdq ssse3 cx16 sse4_1 sse4_2 popcnt aes xsave avx hypervisor lahf_lm ida arat pln pts dts
bogomips	: 5600.00
clflush size	: 64
cache_alignment	: 64
address sizes	: 40 bits physical, 48 bits virtual
power management:



Memory: 4k page, physical 32877008k(225864k free), swap 2097148k(0k free)

vm_info: Java HotSpot(TM) 64-Bit Server VM (25.45-b02) for linux-amd64 JRE (1.8.0_45-b14), built on Apr 10 2015 10:07:45 by "java_re" with gcc 4.3.0 20080428 (Red Hat 4.3.0-8)

time: Wed Sep  9 18:32:31 2015
elapsed time: 0 seconds (0d 0h 0m 0s)

