#
# There is insufficient memory for the Java Runtime Environment to continue.
# Native memory allocation (mmap) failed to map 351272960 bytes for committing reserved memory.
# Possible reasons:
#   The system is out of physical RAM or swap space
#   In 32 bit mode, the process size limit was hit
# Possible solutions:
#   Reduce memory load on the system
#   Increase physical memory or swap space
#   Check if swap backing store is full
#   Use 64 bit Java on a 64 bit OS
#   Decrease Java heap size (-Xmx/-Xms)
#   Decrease number of Java threads
#   Decrease Java thread stack sizes (-Xss)
#   Set larger code cache with -XX:ReservedCodeCacheSize=
# This output file may be truncated or incomplete.
#
#  Out of Memory Error (os_linux.cpp:2673), pid=17065, tid=140390537472160
#
# JRE version:  (8.0_45-b14) (build )
# Java VM: Java HotSpot(TM) 64-Bit Server VM (25.45-b02 mixed mode linux-amd64 compressed oops)
# Failed to write core dump. Core dumps have been disabled. To enable core dumping, try "ulimit -c unlimited" before starting Java again
#

---------------  T H R E A D  ---------------

Current thread (0x000000003ec3b000):  JavaThread "Unknown thread" [_thread_in_vm, id=17065, stack(0x00007ffffec36000,0x00007ffffed36000)]

Stack: [0x00007ffffec36000,0x00007ffffed36000],  sp=0x00007ffffed1bb50,  free space=918k
Native frames: (J=compiled Java code, j=interpreted, Vv=VM code, C=native code)
V  [libjvm.so+0xaac99a]  VMError::report_and_die()+0x2ba
V  [libjvm.so+0x4f333b]  report_vm_out_of_memory(char const*, int, unsigned long, VMErrorType, char const*)+0x8b
V  [libjvm.so+0x90e7c3]  os::Linux::commit_memory_impl(char*, unsigned long, bool)+0x103
V  [libjvm.so+0x90ed19]  os::pd_commit_memory(char*, unsigned long, unsigned long, bool)+0x29
V  [libjvm.so+0x90867a]  os::commit_memory(char*, unsigned long, unsigned long, bool)+0x2a
V  [libjvm.so+0x97bac3]  PSVirtualSpace::expand_by(unsigned long)+0x53
V  [libjvm.so+0x96bb77]  PSOldGen::initialize(ReservedSpace, unsigned long, char const*, int)+0xb7
V  [libjvm.so+0x2d4cda]  AdjoiningGenerations::AdjoiningGenerations(ReservedSpace, GenerationSizer*, unsigned long)+0x39a
V  [libjvm.so+0x931716]  ParallelScavengeHeap::initialize()+0x1d6
V  [libjvm.so+0xa75aab]  Universe::initialize_heap()+0xfb
V  [libjvm.so+0xa75e1e]  universe_init()+0x3e
V  [libjvm.so+0x62f635]  init_globals()+0x65
V  [libjvm.so+0xa5a02e]  Threads::create_vm(JavaVMInitArgs*, bool*)+0x23e
V  [libjvm.so+0x6c3244]  JNI_CreateJavaVM+0x74
C  [rJava.so+0xa240]  RinitJVM+0x420


---------------  P R O C E S S  ---------------

Java Threads: ( => current thread )

Other Threads:

=>0x000000003ec3b000 (exited) JavaThread "Unknown thread" [_thread_in_vm, id=17065, stack(0x00007ffffec36000,0x00007ffffed36000)]

VM state:not at safepoint (not fully initialized)

VM Mutex/Monitor currently owned by a thread: None

GC Heap History (0 events):
No events

Deoptimization events (0 events):
No events

Internal exceptions (0 events):
No events

Events (0 events):
No events


Dynamic libraries:
00400000-011cf000 r-xp 00000000 fd:00 5141                               /usr/lib/rstudio-server/bin/rsession
013cf000-013e9000 r--p 00dcf000 fd:00 5141                               /usr/lib/rstudio-server/bin/rsession
013e9000-013ee000 rw-p 00de9000 fd:00 5141                               /usr/lib/rstudio-server/bin/rsession
013ee000-013f3000 rw-p 00000000 00:00 0 
016bb000-3f01d000 rw-p 00000000 00:00 0                                  [heap]
f4f00000-f5580000 ---p 00000000 00:00 0 
f5580000-ffc80000 rw-p 00000000 00:00 0 
ffc80000-100000000 ---p 00000000 00:00 0 
7faefc588000-7faefc71d000 rw-p 00000000 00:00 0 
7faefc71d000-7faefc7c7000 ---p 00000000 00:00 0 
7faefc7c7000-7faefc81c000 rw-p 00000000 00:00 0 
7faefc81c000-7faefc81d000 ---p 00000000 00:00 0 
7faefc81d000-7faefc828000 rw-p 00000000 00:00 0 
7faefc828000-7faefcbde000 ---p 00000000 00:00 0 
7faefcbde000-7faefce4e000 rwxp 00000000 00:00 0 
7faefce4e000-7faf0bbde000 ---p 00000000 00:00 0 
7faf0bbde000-7faf0bbf8000 r-xp 00000000 fd:00 542197                     /opt/jdk1.8.0_45/jre/lib/amd64/libzip.so
7faf0bbf8000-7faf0bdf8000 ---p 0001a000 fd:00 542197                     /opt/jdk1.8.0_45/jre/lib/amd64/libzip.so
7faf0bdf8000-7faf0bdf9000 rw-p 0001a000 fd:00 542197                     /opt/jdk1.8.0_45/jre/lib/amd64/libzip.so
7faf0bdf9000-7faf0be23000 r-xp 00000000 fd:00 542190                     /opt/jdk1.8.0_45/jre/lib/amd64/libjava.so
7faf0be23000-7faf0c023000 ---p 0002a000 fd:00 542190                     /opt/jdk1.8.0_45/jre/lib/amd64/libjava.so
7faf0c023000-7faf0c025000 rw-p 0002a000 fd:00 542190                     /opt/jdk1.8.0_45/jre/lib/amd64/libjava.so
7faf0c025000-7faf0c032000 r-xp 00000000 fd:00 542231                     /opt/jdk1.8.0_45/jre/lib/amd64/libverify.so
7faf0c032000-7faf0c232000 ---p 0000d000 fd:00 542231                     /opt/jdk1.8.0_45/jre/lib/amd64/libverify.so
7faf0c232000-7faf0c234000 rw-p 0000d000 fd:00 542231                     /opt/jdk1.8.0_45/jre/lib/amd64/libverify.so
7faf0c234000-7faf0c266000 r-xp 00000000 00:15 2397681                    /home/kniehaus/R/x86_64-redhat-linux-gnu-library/3.1/data.table/libs/datatable.so
7faf0c266000-7faf0c465000 ---p 00032000 00:15 2397681                    /home/kniehaus/R/x86_64-redhat-linux-gnu-library/3.1/data.table/libs/datatable.so
7faf0c465000-7faf0c467000 rw-p 00031000 00:15 2397681                    /home/kniehaus/R/x86_64-redhat-linux-gnu-library/3.1/data.table/libs/datatable.so
7faf0c467000-7faf0c4cb000 rw-p 00000000 00:00 0 
7faf0c4cb000-7faf0c4cd000 r-xp 00000000 00:15 2669338                    /home/kniehaus/R/x86_64-redhat-linux-gnu-library/3.1/chron/libs/chron.so
7faf0c4cd000-7faf0c6cc000 ---p 00002000 00:15 2669338                    /home/kniehaus/R/x86_64-redhat-linux-gnu-library/3.1/chron/libs/chron.so
7faf0c6cc000-7faf0c6cd000 rw-p 00001000 00:15 2669338                    /home/kniehaus/R/x86_64-redhat-linux-gnu-library/3.1/chron/libs/chron.so
7faf0c6cd000-7faf0c6ce000 r-xp 00000000 00:15 357016                     /home/kniehaus/R/x86_64-redhat-linux-gnu-library/3.1/lars/libs/lars.so
7faf0c6ce000-7faf0c8cd000 ---p 00001000 00:15 357016                     /home/kniehaus/R/x86_64-redhat-linux-gnu-library/3.1/lars/libs/lars.so
7faf0c8cd000-7faf0c8ce000 rw-p 00000000 00:15 357016                     /home/kniehaus/R/x86_64-redhat-linux-gnu-library/3.1/lars/libs/lars.so
7faf0c8ce000-7faf0c914000 r-xp 00000000 00:15 3181654                    /home/kniehaus/R/x86_64-redhat-linux-gnu-library/3.1/glmnet/libs/glmnet.so
7faf0c914000-7faf0cb14000 ---p 00046000 00:15 3181654                    /home/kniehaus/R/x86_64-redhat-linux-gnu-library/3.1/glmnet/libs/glmnet.so
7faf0cb14000-7faf0cb15000 rw-p 00046000 00:15 3181654                    /home/kniehaus/R/x86_64-redhat-linux-gnu-library/3.1/glmnet/libs/glmnet.so
7faf0cb15000-7faf0cb17000 r-xp 00000000 00:15 1768206                    /home/kniehaus/R/x86_64-redhat-linux-gnu-library/3.1/caret/libs/caret.so
7faf0cb17000-7faf0cd16000 ---p 00002000 00:15 1768206                    /home/kniehaus/R/x86_64-redhat-linux-gnu-library/3.1/caret/libs/caret.so
7faf0cd16000-7faf0cd17000 rw-p 00001000 00:15 1768206                    /home/kniehaus/R/x86_64-redhat-linux-gnu-library/3.1/caret/libs/caret.so
7faf0cd17000-7faf0cd38000 r-xp 00000000 00:15 1465787                    /home/kniehaus/R/x86_64-redhat-linux-gnu-library/3.1/quantreg/libs/quantreg.so
7faf0cd38000-7faf0cf38000 ---p 00021000 00:15 1465787                    /home/kniehaus/R/x86_64-redhat-linux-gnu-library/3.1/quantreg/libs/quantreg.so
7faf0cf38000-7faf0cf39000 rw-p 00021000 00:15 1465787                    /home/kniehaus/R/x86_64-redhat-linux-gnu-library/3.1/quantreg/libs/quantreg.so
7faf0cf39000-7faf0cf48000 r-xp 00000000 00:15 3351135                    /home/kniehaus/R/x86_64-redhat-linux-gnu-library/3.1/SparseM/libs/SparseM.so
7faf0cf48000-7faf0d147000 ---p 0000f000 00:15 3351135                    /home/kniehaus/R/x86_64-redhat-linux-gnu-library/3.1/SparseM/libs/SparseM.so
7faf0d147000-7faf0d148000 rw-p 0000e000 00:15 3351135                    /home/kniehaus/R/x86_64-redhat-linux-gnu-library/3.1/SparseM/libs/SparseM.so
7faf0d148000-7faf0d18a000 r-xp 00000000 fd:00 538332                     /usr/lib64/R/library/mgcv/libs/mgcv.so
7faf0d18a000-7faf0d389000 ---p 00042000 fd:00 538332                     /usr/lib64/R/library/mgcv/libs/mgcv.so
7faf0d389000-7faf0d38b000 rw-p 00041000 fd:00 538332                     /usr/lib64/R/library/mgcv/libs/mgcv.so
7faf0d38b000-7faf0d38f000 r-xp 00000000 fd:00 533120                     /usr/lib64/R/library/parallel/libs/parallel.so
7faf0d38f000-7faf0d58f000 ---p 00004000 fd:00 533120                     /usr/lib64/R/library/parallel/libs/parallel.so
7faf0d58f000-7faf0d590000 rw-p 00004000 fd:00 533120                     /usr/lib64/R/library/parallel/libs/parallel.so
7faf0d590000-7faf0d594000 r-xp 00000000 fd:00 533061                     /usr/lib64/R/library/nnet/libs/nnet.so
7faf0d594000-7faf0d793000 ---p 00004000 fd:00 533061                     /usr/lib64/R/library/nnet/libs/nnet.so
7faf0d793000-7faf0d794000 rw-p 00003000 fd:00 533061                     /usr/lib64/R/library/nnet/libs/nnet.so
7faf0d794000-7faf0d7f3000 r-xp 00000000 00:15 1823835                    /home/kniehaus/R/x86_64-redhat-linux-gnu-library/3.1/lme4/libs/lme4.so
7faf0d7f3000-7faf0d9f3000 ---p 0005f000 00:15 1823835                    /home/kniehaus/R/x86_64-redhat-linux-gnu-library/3.1/lme4/libs/lme4.so
7faf0d9f3000-7faf0d9f6000 rw-p 0005f000 00:15 1823835                    /home/kniehaus/R/x86_64-redhat-linux-gnu-library/3.1/lme4/libs/lme4.so
7faf0d9f6000-7faf0d9f7000 rw-p 00000000 00:00 0 
7faf0d9f7000-7faf0da5f000 r-xp 00000000 00:15 1532019                    /home/kniehaus/R/x86_64-redhat-linux-gnu-library/3.1/nloptr/libs/nloptr.so
7faf0da5f000-7faf0dc5f000 ---p 00068000 00:15 1532019                    /home/kniehaus/R/x86_64-redhat-linux-gnu-library/3.1/nloptr/libs/nloptr.so
7faf0dc5f000-7faf0dc60000 rw-p 00068000 00:15 1532019                    /home/kniehaus/R/x86_64-redhat-linux-gnu-library/3.1/nloptr/libs/nloptr.so
7faf0dc60000-7faf0dc82000 r-xp 00000000 00:15 1633618                    /home/kniehaus/R/x86_64-redhat-linux-gnu-library/3.1/minqa/libs/minqa.so
7faf0dc82000-7faf0de81000 ---p 00022000 00:15 1633618                    /home/kniehaus/R/x86_64-redhat-linux-gnu-library/3.1/minqa/libs/minqa.so
7faf0de81000-7faf0de83000 rw-p 00021000 00:15 1633618                    /home/kniehaus/R/x86_64-redhat-linux-gnu-library/3.1/minqa/libs/minqa.so
7faf0de83000-7faf0df42000 r-xp 00000000 fd:00 417159                     /usr/lib64/R/library/Matrix/libs/Matrix.so
7faf0df42000-7faf0e141000 ---p 000bf000 fd:00 417159                     /usr/lib64/R/library/Matrix/libs/Matrix.so
7faf0e141000-7faf0e145000 rw-p 000be000 fd:00 417159                     /usr/lib64/R/library/Matrix/libs/Matrix.so
7faf0e145000-7faf0e335000 rw-p 00000000 00:00 0 
7faf0e335000-7faf0e337000 r-xp 00000000 fd:00 533339                     /usr/lib64/R/library/splines/libs/splines.so
7faf0e337000-7faf0e536000 ---p 00002000 fd:00 533339                     /usr/lib64/R/library/splines/libs/splines.so
7faf0e536000-7faf0e537000 rw-p 00001000 fd:00 533339                     /usr/lib64/R/library/splines/libs/splines.so
7faf0e537000-7faf0e538000 r-xp 00000000 00:15 2268910                    /home/kniehaus/R/x86_64-redhat-linux-gnu-library/3.1/gtools/libs/gtools.so
7faf0e538000-7faf0e737000 ---p 00001000 00:15 2268910                    /home/kniehaus/R/x86_64-redhat-linux-gnu-library/3.1/gtools/libs/gtools.so
7faf0e737000-7faf0e738000 rw-p 00000000 00:15 2268910                    /home/kniehaus/R/x86_64-redhat-linux-gnu-library/3.1/gtools/libs/gtools.so
7faf0e738000-7faf0e739000 r-xp 00000000 00:15 3143848                    /home/kniehaus/R/x86_64-redhat-linux-gnu-library/3.1/brglm/libs/brglm.so
7faf0e739000-7faf0e938000 ---p 00001000 00:15 3143848                    /home/kniehaus/R/x86_64-redhat-linux-gnu-library/3.1/brglm/libs/brglm.so
7faf0e938000-7faf0e939000 rw-p 00000000 00:15 3143848                    /home/kniehaus/R/x86_64-redhat-linux-gnu-library/3.1/brglm/libs/brglm.so
7faf0e939000-7faf0e94b000 r-xp 00000000 fd:00 532994                     /usr/lib64/R/library/nlme/libs/nlme.so
7faf0e94b000-7faf0eb4a000 ---p 00012000 fd:00 532994                     /usr/lib64/R/library/nlme/libs/nlme.so
7faf0eb4a000-7faf0eb4b000 rw-p 00011000 fd:00 532994                     /usr/lib64/R/library/nlme/libs/nlme.so
7faf0eb4b000-7faf0eb4e000 r-xp 00000000 fd:00 418727                     /usr/lib64/R/library/lattice/libs/lattice.so
7faf0eb4e000-7faf0ed4d000 ---p 00003000 fd:00 418727                     /usr/lib64/R/library/lattice/libs/lattice.so
7faf0ed4d000-7faf0ed4e000 rw-p 00002000 fd:00 418727                     /usr/lib64/R/library/lattice/libs/lattice.so
7faf0ed4e000-7faf0ed4f000 r-xp 00000000 00:15 2396968                    /home/kniehaus/R/x86_64-redhat-linux-gnu-library/3.1/devtools/libs/devtools.so
7faf0ed4f000-7faf0ef4e000 ---p 00001000 00:15 2396968                    /home/kniehaus/R/x86_64-redhat-linux-gnu-library/3.1/devtools/libs/devtools.so
7faf0ef4e000-7faf0ef4f000 rw-p 00000000 00:15 2396968                    /home/kniehaus/R/x86_64-redhat-linux-gnu-library/3.1/devtools/libs/devtools.so
7faf0ef4f000-7faf0f03a000 r-xp 00000000 00:15 3219665                    /home/kniehaus/R/x86_64-redhat-linux-gnu-library/3.1/git2r/libs/git2r.so
7faf0f03a000-7faf0f23a000 ---p 000eb000 00:15 3219665                    /home/kniehaus/R/x86_64-redhat-linux-gnu-library/3.1/git2r/libs/git2r.so
7faf0f23a000-7faf0f23f000 rw-p 000eb000 00:15 3219665                    /home/kniehaus/R/x86_64-redhat-linux-gnu-library/3.1/git2r/libs/git2r.so
7faf0f23f000-7faf0f388000 r-xp 00000000 fd:00 396923                     /usr/lib64/libxml2.so.2.7.6
7faf0f388000-7faf0f587000 ---p 00149000 fd:00 396923                     /usr/lib64/libxml2.so.2.7.6
7faf0f587000-7faf0f590000 rw-p 00148000 fd:00 396923                     /usr/lib64/libxml2.so.2.7.6
7faf0f590000-7faf0f592000 rw-p 00000000 00:00 0 
7faf0f592000-7faf0f5c0000 r-xp 00000000 00:15 2391130                    /home/kniehaus/R/x86_64-redhat-linux-gnu-library/3.1/xml2/libs/xml2.so
7faf0f5c0000-7faf0f7c0000 ---p 0002e000 00:15 2391130                    /home/kniehaus/R/x86_64-redhat-linux-gnu-library/3.1/xml2/libs/xml2.so
7faf0f7c0000-7faf0f7c2000 rw-p 0002e000 00:15 2391130                    /home/kniehaus/R/x86_64-redhat-linux-gnu-library/3.1/xml2/libs/xml2.so
7faf0f7c2000-7faf0f7c3000 rw-p 00000000 00:00 0 
7faf0f7c3000-7faf0f97c000 r-xp 00000000 fd:00 396761                     /usr/lib64/libcrypto.so.1.0.1e
7faf0f97c000-7faf0fb7b000 ---p 001b9000 fd:00 396761                     /usr/lib64/libcrypto.so.1.0.1e
7faf0fb7b000-7faf0fb96000 r--p 001b8000 fd:00 396761                     /usr/lib64/libcrypto.so.1.0.1e
7faf0fb96000-7faf0fba2000 rw-p 001d3000 fd:00 396761                     /usr/lib64/libcrypto.so.1.0.1e
7faf0fba2000-7faf0fba6000 rw-p 00000000 00:00 0 
7faf0fba6000-7faf0fc08000 r-xp 00000000 fd:00 400804                     /usr/lib64/libssl.so.1.0.1e
7faf0fc08000-7faf0fe07000 ---p 00062000 fd:00 400804                     /usr/lib64/libssl.so.1.0.1e
7faf0fe07000-7faf0fe0b000 r--p 00061000 fd:00 400804                     /usr/lib64/libssl.so.1.0.1e
7faf0fe0b000-7faf0fe12000 rw-p 00065000 fd:00 400804                     /usr/lib64/libssl.so.1.0.1e
7faf0fe12000-7faf0fe2b000 r-xp 00000000 fd:00 397000                     /usr/lib64/libsasl2.so.2.0.23
7faf0fe2b000-7faf1002a000 ---p 00019000 fd:00 397000                     /usr/lib64/libsasl2.so.2.0.23
7faf1002a000-7faf1002b000 r--p 00018000 fd:00 397000                     /usr/lib64/libsasl2.so.2.0.23
7faf1002b000-7faf1002c000 rw-p 00019000 fd:00 397000                     /usr/lib64/libsasl2.so.2.0.23
7faf1002c000-7faf1003a000 r-xp 00000000 fd:00 131260                     /lib64/liblber-2.4.so.2.10.2
7faf1003a000-7faf10239000 ---p 0000e000 fd:00 131260                     /lib64/liblber-2.4.so.2.10.2
7faf10239000-7faf1023a000 r--p 0000d000 fd:00 131260                     /lib64/liblber-2.4.so.2.10.2
7faf1023a000-7faf1023b000 rw-p 0000e000 fd:00 131260                     /lib64/liblber-2.4.so.2.10.2
7faf1023b000-7faf10262000 r-xp 00000000 fd:00 401129                     /usr/lib64/libssh2.so.1.0.1
7faf10262000-7faf10461000 ---p 00027000 fd:00 401129                     /usr/lib64/libssh2.so.1.0.1
7faf10461000-7faf10462000 rw-p 00026000 fd:00 401129                     /usr/lib64/libssh2.so.1.0.1
7faf10462000-7faf10463000 rw-p 00000000 00:00 0 
7faf10463000-7faf1049c000 r-xp 00000000 fd:00 149689                     /lib64/libnspr4.so
7faf1049c000-7faf1069c000 ---p 00039000 fd:00 149689                     /lib64/libnspr4.so
7faf1069c000-7faf1069d000 r--p 00039000 fd:00 149689                     /lib64/libnspr4.so
7faf1069d000-7faf1069f000 rw-p 0003a000 fd:00 149689                     /lib64/libnspr4.so
7faf1069f000-7faf106a1000 rw-p 00000000 00:00 0 
7faf106a1000-7faf106a5000 r-xp 00000000 fd:00 149690                     /lib64/libplc4.so
7faf106a5000-7faf108a4000 ---p 00004000 fd:00 149690                     /lib64/libplc4.so
7faf108a4000-7faf108a5000 r--p 00003000 fd:00 149690                     /lib64/libplc4.so
7faf108a5000-7faf108a6000 rw-p 00004000 fd:00 149690                     /lib64/libplc4.so
7faf108a6000-7faf108a9000 r-xp 00000000 fd:00 149691                     /lib64/libplds4.so
7faf108a9000-7faf10aa8000 ---p 00003000 fd:00 149691                     /lib64/libplds4.so
7faf10aa8000-7faf10aa9000 r--p 00002000 fd:00 149691                     /lib64/libplds4.so
7faf10aa9000-7faf10aaa000 rw-p 00003000 fd:00 149691                     /lib64/libplds4.so
7faf10aaa000-7faf10acf000 r-xp 00000000 fd:00 400762                     /usr/lib64/libnssutil3.so
7faf10acf000-7faf10ccf000 ---p 00025000 fd:00 400762                     /usr/lib64/libnssutil3.so
7faf10ccf000-7faf10cd5000 r--p 00025000 fd:00 400762                     /usr/lib64/libnssutil3.so
7faf10cd5000-7faf10cd6000 rw-p 0002b000 fd:00 400762                     /usr/lib64/libnssutil3.so
7faf10cd6000-7faf10e0d000 r-xp 00000000 fd:00 401117                     /usr/lib64/libnss3.so
7faf10e0d000-7faf1100c000 ---p 00137000 fd:00 401117                     /usr/lib64/libnss3.so
7faf1100c000-7faf11011000 r--p 00136000 fd:00 401117                     /usr/lib64/libnss3.so
7faf11011000-7faf11013000 rw-p 0013b000 fd:00 401117                     /usr/lib64/libnss3.so
7faf11013000-7faf11015000 rw-p 00000000 00:00 0 
7faf11015000-7faf1103d000 r-xp 00000000 fd:00 401119                     /usr/lib64/libsmime3.so
7faf1103d000-7faf1123c000 ---p 00028000 fd:00 401119                     /usr/lib64/libsmime3.so
7faf1123c000-7faf11240000 r--p 00027000 fd:00 401119                     /usr/lib64/libsmime3.so
7faf11240000-7faf11241000 rw-p 0002b000 fd:00 401119                     /usr/lib64/libsmime3.so
7faf11241000-7faf1127c000 r-xp 00000000 fd:00 402971                     /usr/lib64/libssl3.so
7faf1127c000-7faf1147b000 ---p 0003b000 fd:00 402971                     /usr/lib64/libssl3.so
7faf1147b000-7faf1147e000 r--p 0003a000 fd:00 402971                     /usr/lib64/libssl3.so
7faf1147e000-7faf1147f000 rw-p 0003d000 fd:00 402971                     /usr/lib64/libssl3.so
7faf1147f000-7faf11480000 rw-p 00000000 00:00 0 
7faf11480000-7faf114cd000 r-xp 00000000 fd:00 131262                     /lib64/libldap-2.4.so.2.10.2
7faf114cd000-7faf116cc000 ---p 0004d000 fd:00 131262                     /lib64/libldap-2.4.so.2.10.2
7faf116cc000-7faf116ce000 r--p 0004c000 fd:00 131262                     /lib64/libldap-2.4.so.2.10.2
7faf116ce000-7faf116d0000 rw-p 0004e000 fd:00 131262                     /lib64/libldap-2.4.so.2.10.2
7faf116d0000-7faf11702000 r-xp 00000000 fd:00 131166                     /lib64/libidn.so.11.6.1
7faf11702000-7faf11901000 ---p 00032000 fd:00 131166                     /lib64/libidn.so.11.6.1
7faf11901000-7faf11902000 rw-p 00031000 fd:00 131166                     /lib64/libidn.so.11.6.1
7faf11902000-7faf11954000 r-xp 00000000 fd:00 401130                     /usr/lib64/libcurl.so.4.1.1
7faf11954000-7faf11b53000 ---p 00052000 fd:00 401130                     /usr/lib64/libcurl.so.4.1.1
7faf11b53000-7faf11b56000 rw-p 00051000 fd:00 401130                     /usr/lib64/libcurl.so.4.1.1
7faf11b56000-7faf11b5d000 r-xp 00000000 00:15 2201879                    /home/kniehaus/R/x86_64-redhat-linux-gnu-library/3.1/curl/libs/curl.so
7faf11b5d000-7faf11d5c000 ---p 00007000 00:15 2201879                    /home/kniehaus/R/x86_64-redhat-linux-gnu-library/3.1/curl/libs/curl.so
7faf11d5c000-7faf11d5f000 rw-p 00006000 00:15 2201879                    /home/kniehaus/R/x86_64-redhat-linux-gnu-library/3.1/curl/libs/curl.so
7faf11d5f000-7faf11d6c000 r-xp 00000000 00:15 3359147                    /home/kniehaus/R/x86_64-redhat-linux-gnu-library/3.1/pROC/libs/pROC.so
7faf11d6c000-7faf11f6c000 ---p 0000d000 00:15 3359147                    /home/kniehaus/R/x86_64-redhat-linux-gnu-library/3.1/pROC/libs/pROC.so
7faf11f6c000-7faf11f6d000 rw-p 0000d000 00:15 3359147                    /home/kniehaus/R/x86_64-redhat-linux-gnu-library/3.1/pROC/libs/pROC.so
7faf11f6d000-7faf11f6e000 rw-p 00000000 00:00 0 
7faf11f6e000-7faf11f70000 r-xp 00000000 00:15 2693971                    /home/kniehaus/R/x86_64-redhat-linux-gnu-library/3.1/ffbase/libs/ffbase.so
7faf11f70000-7faf1216f000 ---p 00002000 00:15 2693971                    /home/kniehaus/R/x86_64-redhat-linux-gnu-library/3.1/ffbase/libs/ffbase.so
7faf1216f000-7faf12170000 rw-p 00001000 00:15 2693971                    /home/kniehaus/R/x86_64-redhat-linux-gnu-library/3.1/ffbase/libs/ffbase.so
7faf12170000-7faf12201000 r-xp 00000000 00:15 2660037                    /home/kniehaus/R/x86_64-redhat-linux-gnu-library/3.1/ff/libs/ff.so
7faf12201000-7faf12400000 ---p 00091000 00:15 2660037                    /home/kniehaus/R/x86_64-redhat-linux-gnu-library/3.1/ff/libs/ff.so
7faf12400000-7faf12403000 rw-p 00090000 00:15 2660037                    /home/kniehaus/R/x86_64-redhat-linux-gnu-library/3.1/ff/libs/ff.so
7faf12403000-7faf12405000 r-xp 00000000 00:15 2279246                    /home/kniehaus/R/x86_64-redhat-linux-gnu-library/3.1/fastmatch/libs/fastmatch.so
7faf12405000-7faf12604000 ---p 00002000 00:15 2279246                    /home/kniehaus/R/x86_64-redhat-linux-gnu-library/3.1/fastmatch/libs/fastmatch.so
7faf12604000-7faf12605000 rw-p 00001000 00:15 2279246                    /home/kniehaus/R/x86_64-redhat-linux-gnu-library/3.1/fastmatch/libs/fastmatch.so
7faf12605000-7faf1260b000 r-xp 00000000 00:15 2405367                    /home/kniehaus/R/x86_64-redhat-linux-gnu-library/3.1/bit/libs/bit.so
7faf1260b000-7faf1280a000 ---p 00006000 00:15 2405367                    /home/kniehaus/R/x86_64-redhat-linux-gnu-library/3.1/bit/libs/bit.so
7faf1280a000-7faf1280b000 rw-p 00005000 00:15 2405367                    /home/kniehaus/R/x86_64-redhat-linux-gnu-library/3.1/bit/libs/bit.so
7faf1280b000-7faf134b9000 r-xp 00000000 fd:00 542236                     /opt/jdk1.8.0_45/jre/lib/amd64/server/libjvm.so
7faf134b9000-7faf136b8000 ---p 00cae000 fd:00 542236                     /opt/jdk1.8.0_45/jre/lib/amd64/server/libjvm.so
7faf136b8000-7faf1378f000 rw-p 00cad000 fd:00 542236                     /opt/jdk1.8.0_45/jre/lib/amd64/server/libjvm.so
7faf1378f000-7faf137d3000 rw-p 00000000 00:00 0 
7faf137d3000-7faf137e2000 r-xp 00000000 00:15 3221933                    /home/kniehaus/R/x86_64-redhat-linux-gnu-library/3.1/rJava/libs/rJava.so
7faf137e2000-7faf139e2000 ---p 0000f000 00:15 3221933                    /home/kniehaus/R/x86_64-redhat-linux-gnu-library/3.1/rJava/libs/rJava.so
7faf139e2000-7faf139e3000 rw-p 0000f000 00:15 3221933                    /home/kniehaus/R/x86_64-redhat-linux-gnu-library/3.1/rJava/libs/rJava.so
7faf139e3000-7faf139e8000 r-xp 00000000 fd:00 416938                     /usr/lib64/R/library/MASS/libs/MASS.so
7faf139e8000-7faf13be8000 ---p 00005000 fd:00 416938                     /usr/lib64/R/library/MASS/libs/MASS.so
7faf13be8000-7faf13be9000 rw-p 00005000 fd:00 416938                     /usr/lib64/R/library/MASS/libs/MASS.so
7faf13be9000-7faf13bf4000 r-xp 00000000 00:15 1475343                    /home/kniehaus/R/x86_64-redhat-linux-gnu-library/3.1/scales/libs/scales.so
7faf13bf4000-7faf13df3000 ---p 0000b000 00:15 1475343                    /home/kniehaus/R/x86_64-redhat-linux-gnu-library/3.1/scales/libs/scales.so
7faf13df3000-7faf13df4000 rw-p 0000a000 00:15 1475343                    /home/kniehaus/R/x86_64-redhat-linux-gnu-library/3.1/scales/libs/scales.so
7faf13df4000-7faf13df5000 rw-p 00000000 00:00 0 
7faf13df5000-7faf13dff000 r-xp 00000000 00:15 2226029                    /home/kniehaus/R/x86_64-redhat-linux-gnu-library/3.1/colorspace/libs/colorspace.so
7faf13dff000-7faf13fff000 ---p 0000a000 00:15 2226029                    /home/kniehaus/R/x86_64-redhat-linux-gnu-library/3.1/colorspace/libs/colorspace.so
7faf13fff000-7faf14000000 rw-p 0000a000 00:15 2226029                    /home/kniehaus/R/x86_64-redhat-linux-gnu-library/3.1/colorspace/libs/colorspace.so
7faf14000000-7faf14021000 rw-p 00000000 00:00 0 
7faf14021000-7faf18000000 ---p 00000000 00:00 0 
7faf18059000-7faf18068000 r-xp 00000000 00:15 2495228                    /home/kniehaus/R/x86_64-redhat-linux-gnu-library/3.1/reshape2/libs/reshape2.so
7faf18068000-7faf18267000 ---p 0000f000 00:15 2495228                    /home/kniehaus/R/x86_64-redhat-linux-gnu-library/3.1/reshape2/libs/reshape2.so
7faf18267000-7faf18269000 rw-p 0000e000 00:15 2495228                    /home/kniehaus/R/x86_64-redhat-linux-gnu-library/3.1/reshape2/libs/reshape2.so
7faf18269000-7faf19b1f000 r--s 00000000 00:15 2868778                    /home/kniehaus/R/x86_64-redhat-linux-gnu-library/3.1/stringi/libs/icudt55l.dat
7faf19b1f000-7faf19f67000 r-xp 00000000 00:15 2868777                    /home/kniehaus/R/x86_64-redhat-linux-gnu-library/3.1/stringi/libs/stringi.so
7faf19f67000-7faf1a166000 ---p 00448000 00:15 2868777                    /home/kniehaus/R/x86_64-redhat-linux-gnu-library/3.1/stringi/libs/stringi.so
7faf1a166000-7faf1a192000 rw-p 00447000 00:15 2868777                    /home/kniehaus/R/x86_64-redhat-linux-gnu-library/3.1/stringi/libs/stringi.so
7faf1a192000-7faf1a196000 rw-p 00000000 00:00 0 
7faf1a196000-7faf1a1e4000 r-xp 00000000 00:15 1109730                    /home/kniehaus/R/x86_64-redhat-linux-gnu-library/3.1/Rcpp/libs/Rcpp.so
7faf1a1e4000-7faf1a3e3000 ---p 0004e000 00:15 1109730                    /home/kniehaus/R/x86_64-redhat-linux-gnu-library/3.1/Rcpp/libs/Rcpp.so
7faf1a3e3000-7faf1a3e6000 rw-p 0004d000 00:15 1109730                    /home/kniehaus/R/x86_64-redhat-linux-gnu-library/3.1/Rcpp/libs/Rcpp.so
7faf1a3e6000-7faf1a3ed000 rw-p 00000000 00:00 0 
7faf1a3ed000-7faf1a40a000 r-xp 00000000 fd:00 418625                     /usr/lib64/R/library/grid/libs/grid.so
7faf1a40a000-7faf1a60a000 ---p 0001d000 fd:00 418625                     /usr/lib64/R/library/grid/libs/grid.so
7faf1a60a000-7faf1a60b000 rw-p 0001d000 fd:00 418625                     /usr/lib64/R/library/grid/libs/grid.so
7faf1a60b000-7faf1c000000 rw-p 00000000 00:00 0 
7faf1c000000-7faf1c021000 rw-p 00000000 00:00 0 
7faf1c021000-7faf20000000 ---p 00000000 00:00 0 
7faf20000000-7faf20045000 rw-p 00000000 00:00 0 
7faf20045000-7faf24000000 ---p 00000000 00:00 0 
7faf24000000-7faf24021000 rw-p 00000000 00:00 0 
7faf24021000-7faf28000000 ---p 00000000 00:00 0 
7faf28012000-7faf2801a000 r-xp 00000000 00:15 2986491                    /home/kniehaus/R/x86_64-redhat-linux-gnu-library/3.1/plyr/libs/plyr.so
7faf2801a000-7faf2821a000 ---p 00008000 00:15 2986491                    /home/kniehaus/R/x86_64-redhat-linux-gnu-library/3.1/plyr/libs/plyr.so
7faf2821a000-7faf2821b000 rw-p 00008000 00:15 2986491                    /home/kniehaus/R/x86_64-redhat-linux-gnu-library/3.1/plyr/libs/plyr.so
7faf2821b000-7faf28237000 r-xp 00000000 00:15 1541281                    /home/kniehaus/R/x86_64-redhat-linux-gnu-library/3.1/digest/libs/digest.so
7faf28237000-7faf28436000 ---p 0001c000 00:15 1541281                    /home/kniehaus/R/x86_64-redhat-linux-gnu-library/3.1/digest/libs/digest.so
7faf28436000-7faf28437000 rw-p 0001b000 00:15 1541281                    /home/kniehaus/R/x86_64-redhat-linux-gnu-library/3.1/digest/libs/digest.so
7faf28437000-7faf28439000 rw-p 00000000 00:00 0 
7faf28439000-7faf2844d000 r-xp 00000000 fd:00 533991                     /usr/lib64/R/library/tools/libs/tools.so
7faf2844d000-7faf2864d000 ---p 00014000 fd:00 533991                     /usr/lib64/R/library/tools/libs/tools.so
7faf2864d000-7faf2864f000 rw-p 00014000 fd:00 533991                     /usr/lib64/R/library/tools/libs/tools.so
7faf2864f000-7faf28650000 ---p 00000000 00:00 0 
7faf28650000-7faf29050000 rw-p 00000000 00:00 0 
7faf29050000-7faf29051000 ---p 00000000 00:00 0 
7faf29051000-7faf29a51000 rw-p 00000000 00:00 0 
7faf29a51000-7faf29c16000 r-xp 00000000 fd:00 416698                     /usr/lib64/R/lib/libRlapack.so
7faf29c16000-7faf29e15000 ---p 001c5000 fd:00 416698                     /usr/lib64/R/lib/libRlapack.so
7faf29e15000-7faf29e17000 rw-p 001c4000 fd:00 416698                     /usr/lib64/R/lib/libRlapack.so
7faf29e17000-7faf29eb7000 r-xp 00000000 fd:00 533679                     /usr/lib64/R/library/stats/libs/stats.so
7faf29eb7000-7faf2a0b6000 ---p 000a0000 fd:00 533679                     /usr/lib64/R/library/stats/libs/stats.so
7faf2a0b6000-7faf2a0ba000 rw-p 0009f000 fd:00 533679                     /usr/lib64/R/library/stats/libs/stats.so
7faf2a0ba000-7faf2a0f7000 r-xp 00000000 fd:00 418353                     /usr/lib64/R/library/grDevices/libs/grDevices.so
7faf2a0f7000-7faf2a2f7000 ---p 0003d000 fd:00 418353                     /usr/lib64/R/library/grDevices/libs/grDevices.so
7faf2a2f7000-7faf2a2fd000 rw-p 0003d000 fd:00 418353                     /usr/lib64/R/library/grDevices/libs/grDevices.so
7faf2a2fd000-7faf2a2fe000 rw-p 00000000 00:00 0 
7faf2a326000-7faf2a32e000 rw-s 00000000 fd:00 16365                      /tmp/hsperfdata_kniehaus/17065
7faf2a32e000-7faf2a36f000 r-xp 00000000 fd:00 418466                     /usr/lib64/R/library/graphics/libs/graphics.so
7faf2a36f000-7faf2a56e000 ---p 00041000 fd:00 418466                     /usr/lib64/R/library/graphics/libs/graphics.so
7faf2a56e000-7faf2a570000 rw-p 00040000 fd:00 418466                     /usr/lib64/R/library/graphics/libs/graphics.so
7faf2a570000-7faf2a677000 rw-p 00000000 00:00 0 
7faf2a677000-7faf2a67f000 r-xp 00000000 fd:00 418843                     /usr/lib64/R/library/methods/libs/methods.so
7faf2a67f000-7faf2a87e000 ---p 00008000 fd:00 418843                     /usr/lib64/R/library/methods/libs/methods.so
7faf2a87e000-7faf2a87f000 rw-p 00007000 fd:00 418843                     /usr/lib64/R/library/methods/libs/methods.so
7faf2a87f000-7faf2a889000 r-xp 00000000 fd:00 534474                     /usr/lib64/R/library/utils/libs/utils.so
7faf2a889000-7faf2aa89000 ---p 0000a000 fd:00 534474                     /usr/lib64/R/library/utils/libs/utils.so
7faf2aa89000-7faf2aa8a000 rw-p 0000a000 fd:00 534474                     /usr/lib64/R/library/utils/libs/utils.so
7faf2aa8a000-7faf2ab32000 rw-p 00000000 00:00 0 
7faf2ab32000-7faf2ab67000 r--s 00000000 fd:03 1779                       /var/db/nscd/group
7faf2ab67000-7faf2ac18000 rw-p 00000000 00:00 0 
7faf2ac18000-7faf2ac19000 ---p 00000000 00:00 0 
7faf2ac19000-7faf2b619000 rw-p 00000000 00:00 0 
7faf2b619000-7faf2b61a000 ---p 00000000 00:00 0 
7faf2b61a000-7faf2c01a000 rw-p 00000000 00:00 0 
7faf2c01a000-7faf31eaa000 r--p 00000000 fd:00 431050                     /usr/lib/locale/locale-archive
7faf31eaa000-7faf31ec7000 r-xp 00000000 fd:00 131126                     /lib64/libselinux.so.1
7faf31ec7000-7faf320c6000 ---p 0001d000 fd:00 131126                     /lib64/libselinux.so.1
7faf320c6000-7faf320c7000 r--p 0001c000 fd:00 131126                     /lib64/libselinux.so.1
7faf320c7000-7faf320c8000 rw-p 0001d000 fd:00 131126                     /lib64/libselinux.so.1
7faf320c8000-7faf320c9000 rw-p 00000000 00:00 0 
7faf320c9000-7faf3213c000 r-xp 00000000 fd:00 131081                     /lib64/libfreebl3.so
7faf3213c000-7faf3233b000 ---p 00073000 fd:00 131081                     /lib64/libfreebl3.so
7faf3233b000-7faf3233d000 r--p 00072000 fd:00 131081                     /lib64/libfreebl3.so
7faf3233d000-7faf3233e000 rw-p 00074000 fd:00 131081                     /lib64/libfreebl3.so
7faf3233e000-7faf32342000 rw-p 00000000 00:00 0 
7faf32342000-7faf32358000 r-xp 00000000 fd:00 131118                     /lib64/libresolv-2.12.so
7faf32358000-7faf32558000 ---p 00016000 fd:00 131118                     /lib64/libresolv-2.12.so
7faf32558000-7faf32559000 r--p 00016000 fd:00 131118                     /lib64/libresolv-2.12.so
7faf32559000-7faf3255a000 rw-p 00017000 fd:00 131118                     /lib64/libresolv-2.12.so
7faf3255a000-7faf3255c000 rw-p 00000000 00:00 0 
7faf3255c000-7faf3255e000 r-xp 00000000 fd:00 131272                     /lib64/libkeyutils.so.1.3
7faf3255e000-7faf3275d000 ---p 00002000 fd:00 131272                     /lib64/libkeyutils.so.1.3
7faf3275d000-7faf3275e000 r--p 00001000 fd:00 131272                     /lib64/libkeyutils.so.1.3
7faf3275e000-7faf3275f000 rw-p 00002000 fd:00 131272                     /lib64/libkeyutils.so.1.3
7faf3275f000-7faf32769000 r-xp 00000000 fd:00 131282                     /lib64/libkrb5support.so.0.1
7faf32769000-7faf32968000 ---p 0000a000 fd:00 131282                     /lib64/libkrb5support.so.0.1
7faf32968000-7faf32969000 r--p 00009000 fd:00 131282                     /lib64/libkrb5support.so.0.1
7faf32969000-7faf3296a000 rw-p 0000a000 fd:00 131282                     /lib64/libkrb5support.so.0.1
7faf3296a000-7faf338af000 r-xp 00000000 fd:00 412926                     /usr/lib64/libicudata.so.42.1
7faf338af000-7faf33aae000 ---p 00f45000 fd:00 412926                     /usr/lib64/libicudata.so.42.1
7faf33aae000-7faf33aaf000 rw-p 00f44000 fd:00 412926                     /usr/lib64/libicudata.so.42.1
7faf33aaf000-7faf33acc000 r-xp 00000000 fd:00 131132                     /lib64/libtinfo.so.5.7
7faf33acc000-7faf33ccc000 ---p 0001d000 fd:00 131132                     /lib64/libtinfo.so.5.7
7faf33ccc000-7faf33cd0000 rw-p 0001d000 fd:00 131132                     /lib64/libtinfo.so.5.7
7faf33cd0000-7faf33cd7000 r-xp 00000000 fd:00 131094                     /lib64/libcrypt-2.12.so
7faf33cd7000-7faf33ed7000 ---p 00007000 fd:00 131094                     /lib64/libcrypt-2.12.so
7faf33ed7000-7faf33ed8000 r--p 00007000 fd:00 131094                     /lib64/libcrypt-2.12.so
7faf33ed8000-7faf33ed9000 rw-p 00008000 fd:00 131094                     /lib64/libcrypt-2.12.so
7faf33ed9000-7faf33f07000 rw-p 00000000 00:00 0 
7faf33f07000-7faf33f1e000 r-xp 00000000 fd:00 131141                     /lib64/libaudit.so.1.0.0
7faf33f1e000-7faf3411e000 ---p 00017000 fd:00 131141                     /lib64/libaudit.so.1.0.0
7faf3411e000-7faf3411f000 r--p 00017000 fd:00 131141                     /lib64/libaudit.so.1.0.0
7faf3411f000-7faf3412a000 rw-p 00018000 fd:00 131141                     /lib64/libaudit.so.1.0.0
7faf3412a000-7faf34153000 r-xp 00000000 fd:00 131278                     /lib64/libk5crypto.so.3.1
7faf34153000-7faf34353000 ---p 00029000 fd:00 131278                     /lib64/libk5crypto.so.3.1
7faf34353000-7faf34354000 r--p 00029000 fd:00 131278                     /lib64/libk5crypto.so.3.1
7faf34354000-7faf34355000 rw-p 0002a000 fd:00 131278                     /lib64/libk5crypto.so.3.1
7faf34355000-7faf34356000 rw-p 00000000 00:00 0 
7faf34356000-7faf34359000 r-xp 00000000 fd:00 149473                     /lib64/libcom_err.so.2.1
7faf34359000-7faf34558000 ---p 00003000 fd:00 149473                     /lib64/libcom_err.so.2.1
7faf34558000-7faf34559000 r--p 00002000 fd:00 149473                     /lib64/libcom_err.so.2.1
7faf34559000-7faf3455a000 rw-p 00003000 fd:00 149473                     /lib64/libcom_err.so.2.1
7faf3455a000-7faf34635000 r-xp 00000000 fd:00 131280                     /lib64/libkrb5.so.3.3
7faf34635000-7faf34834000 ---p 000db000 fd:00 131280                     /lib64/libkrb5.so.3.3
7faf34834000-7faf3483e000 r--p 000da000 fd:00 131280                     /lib64/libkrb5.so.3.3
7faf3483e000-7faf34840000 rw-p 000e4000 fd:00 131280                     /lib64/libkrb5.so.3.3
7faf34840000-7faf34881000 r-xp 00000000 fd:00 131274                     /lib64/libgssapi_krb5.so.2.2
7faf34881000-7faf34a81000 ---p 00041000 fd:00 131274                     /lib64/libgssapi_krb5.so.2.2
7faf34a81000-7faf34a82000 r--p 00041000 fd:00 131274                     /lib64/libgssapi_krb5.so.2.2
7faf34a82000-7faf34a84000 rw-p 00042000 fd:00 131274                     /lib64/libgssapi_krb5.so.2.2
7faf34a84000-7faf34a99000 r-xp 00000000 fd:00 398620                     /usr/lib64/libgomp.so.1.0.0
7faf34a99000-7faf34c98000 ---p 00015000 fd:00 398620                     /usr/lib64/libgomp.so.1.0.0
7faf34c98000-7faf34c99000 rw-p 00014000 fd:00 398620                     /usr/lib64/libgomp.so.1.0.0
7faf34c99000-7faf34e21000 r-xp 00000000 fd:00 412928                     /usr/lib64/libicui18n.so.42.1
7faf34e21000-7faf35021000 ---p 00188000 fd:00 412928                     /usr/lib64/libicui18n.so.42.1
7faf35021000-7faf3502e000 rw-p 00188000 fd:00 412928                     /usr/lib64/libicui18n.so.42.1
7faf3502e000-7faf3502f000 rw-p 00000000 00:00 0 
7faf3502f000-7faf3516e000 r-xp 00000000 fd:00 412938                     /usr/lib64/libicuuc.so.42.1
7faf3516e000-7faf3536e000 ---p 0013f000 fd:00 412938                     /usr/lib64/libicuuc.so.42.1
7faf3536e000-7faf3537f000 rw-p 0013f000 fd:00 412938                     /usr/lib64/libicuuc.so.42.1
7faf3537f000-7faf35381000 rw-p 00000000 00:00 0 
7faf35381000-7faf353bb000 r-xp 00000000 fd:00 131160                     /lib64/libreadline.so.6.0
7faf353bb000-7faf355bb000 ---p 0003a000 fd:00 131160                     /lib64/libreadline.so.6.0
7faf355bb000-7faf355c3000 rw-p 0003a000 fd:00 131160                     /lib64/libreadline.so.6.0
7faf355c3000-7faf355c4000 rw-p 00000000 00:00 0 
7faf355c4000-7faf356b4000 r-xp 00000000 fd:00 412524                     /usr/lib64/libgfortran.so.3.0.0
7faf356b4000-7faf358b3000 ---p 000f0000 fd:00 412524                     /usr/lib64/libgfortran.so.3.0.0
7faf358b3000-7faf358b5000 rw-p 000ef000 fd:00 412524                     /usr/lib64/libgfortran.so.3.0.0
7faf358b5000-7faf358b6000 rw-p 00000000 00:00 0 
7faf358b6000-7faf358e1000 r-xp 00000000 fd:00 416697                     /usr/lib64/R/lib/libRblas.so
7faf358e1000-7faf35ae0000 ---p 0002b000 fd:00 416697                     /usr/lib64/R/lib/libRblas.so
7faf35ae0000-7faf35ae1000 rw-p 0002a000 fd:00 416697                     /usr/lib64/R/lib/libRblas.so
7faf35ae1000-7faf35c6b000 r-xp 00000000 fd:00 131086                     /lib64/libc-2.12.so
7faf35c6b000-7faf35e6b000 ---p 0018a000 fd:00 131086                     /lib64/libc-2.12.so
7faf35e6b000-7faf35e6f000 r--p 0018a000 fd:00 131086                     /lib64/libc-2.12.so
7faf35e6f000-7faf35e70000 rw-p 0018e000 fd:00 131086                     /lib64/libc-2.12.so
7faf35e70000-7faf35e75000 rw-p 00000000 00:00 0 
7faf35e75000-7faf35e8b000 r-xp 00000000 fd:00 150489                     /lib64/libgcc_s-4.4.7-20120601.so.1
7faf35e8b000-7faf3608a000 ---p 00016000 fd:00 150489                     /lib64/libgcc_s-4.4.7-20120601.so.1
7faf3608a000-7faf3608b000 rw-p 00015000 fd:00 150489                     /lib64/libgcc_s-4.4.7-20120601.so.1
7faf3608b000-7faf3610e000 r-xp 00000000 fd:00 131097                     /lib64/libm-2.12.so
7faf3610e000-7faf3630d000 ---p 00083000 fd:00 131097                     /lib64/libm-2.12.so
7faf3630d000-7faf3630e000 r--p 00082000 fd:00 131097                     /lib64/libm-2.12.so
7faf3630e000-7faf3630f000 rw-p 00083000 fd:00 131097                     /lib64/libm-2.12.so
7faf3630f000-7faf363f7000 r-xp 00000000 fd:00 396928                     /usr/lib64/libstdc++.so.6.0.13
7faf363f7000-7faf365f7000 ---p 000e8000 fd:00 396928                     /usr/lib64/libstdc++.so.6.0.13
7faf365f7000-7faf365fe000 r--p 000e8000 fd:00 396928                     /usr/lib64/libstdc++.so.6.0.13
7faf365fe000-7faf36600000 rw-p 000ef000 fd:00 396928                     /usr/lib64/libstdc++.so.6.0.13
7faf36600000-7faf36615000 rw-p 00000000 00:00 0 
7faf36615000-7faf36617000 r-xp 00000000 fd:00 131095                     /lib64/libdl-2.12.so
7faf36617000-7faf36817000 ---p 00002000 fd:00 131095                     /lib64/libdl-2.12.so
7faf36817000-7faf36818000 r--p 00002000 fd:00 131095                     /lib64/libdl-2.12.so
7faf36818000-7faf36819000 rw-p 00003000 fd:00 131095                     /lib64/libdl-2.12.so
7faf36819000-7faf36825000 r-xp 00000000 fd:00 131198                     /lib64/libpam.so.0.82.2
7faf36825000-7faf36a25000 ---p 0000c000 fd:00 131198                     /lib64/libpam.so.0.82.2
7faf36a25000-7faf36a26000 r--p 0000c000 fd:00 131198                     /lib64/libpam.so.0.82.2
7faf36a26000-7faf36a27000 rw-p 0000d000 fd:00 131198                     /lib64/libpam.so.0.82.2
7faf36a27000-7faf36b5f000 r-xp 00000000 fd:00 423446                     /usr/lib64/libcrypto.so.0.9.8e
7faf36b5f000-7faf36d5e000 ---p 00138000 fd:00 423446                     /usr/lib64/libcrypto.so.0.9.8e
7faf36d5e000-7faf36d7f000 rw-p 00137000 fd:00 423446                     /usr/lib64/libcrypto.so.0.9.8e
7faf36d7f000-7faf36d83000 rw-p 00000000 00:00 0 
7faf36d83000-7faf36dcc000 r-xp 00000000 fd:00 423448                     /usr/lib64/libssl.so.0.9.8e
7faf36dcc000-7faf36fcc000 ---p 00049000 fd:00 423448                     /usr/lib64/libssl.so.0.9.8e
7faf36fcc000-7faf36fd2000 rw-p 00049000 fd:00 423448                     /usr/lib64/libssl.so.0.9.8e
7faf36fd2000-7faf36fe7000 r-xp 00000000 fd:00 131140                     /lib64/libz.so.1.2.3
7faf36fe7000-7faf371e6000 ---p 00015000 fd:00 131140                     /lib64/libz.so.1.2.3
7faf371e6000-7faf371e7000 r--p 00014000 fd:00 131140                     /lib64/libz.so.1.2.3
7faf371e7000-7faf371e8000 rw-p 00015000 fd:00 131140                     /lib64/libz.so.1.2.3
7faf371e8000-7faf371ef000 r-xp 00000000 fd:00 131125                     /lib64/librt-2.12.so
7faf371ef000-7faf373ee000 ---p 00007000 fd:00 131125                     /lib64/librt-2.12.so
7faf373ee000-7faf373ef000 r--p 00006000 fd:00 131125                     /lib64/librt-2.12.so
7faf373ef000-7faf373f0000 rw-p 00007000 fd:00 131125                     /lib64/librt-2.12.so
7faf373f0000-7faf373f4000 r-xp 00000000 fd:00 131171                     /lib64/libuuid.so.1.3.0
7faf373f4000-7faf375f3000 ---p 00004000 fd:00 131171                     /lib64/libuuid.so.1.3.0
7faf375f3000-7faf375f4000 rw-p 00003000 fd:00 131171                     /lib64/libuuid.so.1.3.0
7faf375f4000-7faf375f6000 r-xp 00000000 fd:00 131199                     /lib64/libutil-2.12.so
7faf375f6000-7faf377f5000 ---p 00002000 fd:00 131199                     /lib64/libutil-2.12.so
7faf377f5000-7faf377f6000 r--p 00001000 fd:00 131199                     /lib64/libutil-2.12.so
7faf377f6000-7faf377f7000 rw-p 00002000 fd:00 131199                     /lib64/libutil-2.12.so
7faf377f7000-7faf3780e000 r-xp 00000000 fd:00 131110                     /lib64/libpthread-2.12.so
7faf3780e000-7faf37a0e000 ---p 00017000 fd:00 131110                     /lib64/libpthread-2.12.so
7faf37a0e000-7faf37a0f000 r--p 00017000 fd:00 131110                     /lib64/libpthread-2.12.so
7faf37a0f000-7faf37a10000 rw-p 00018000 fd:00 131110                     /lib64/libpthread-2.12.so
7faf37a10000-7faf37a14000 rw-p 00000000 00:00 0 
7faf37a14000-7faf37cde000 r-xp 00000000 fd:00 416696                     /usr/lib64/R/lib/libR.so
7faf37cde000-7faf37edd000 ---p 002ca000 fd:00 416696                     /usr/lib64/R/lib/libR.so
7faf37edd000-7faf37eee000 rw-p 002c9000 fd:00 416696                     /usr/lib64/R/lib/libR.so
7faf37eee000-7faf37fd9000 rw-p 00000000 00:00 0 
7faf37fd9000-7faf37ff9000 r-xp 00000000 fd:00 152325                     /lib64/ld-2.12.so
7faf37ffb000-7faf38030000 r--s 00000000 fd:03 1778                       /var/db/nscd/passwd
7faf38030000-7faf381eb000 rw-p 00000000 00:00 0 
7faf381ed000-7faf381ef000 rw-p 00000000 00:00 0 
7faf381ef000-7faf381f0000 r--p 00000000 00:00 0 
7faf381f0000-7faf381f7000 r--s 00000000 fd:00 396542                     /usr/lib64/gconv/gconv-modules.cache
7faf381f7000-7faf381f8000 rw-p 00000000 00:00 0 
7faf381f8000-7faf381f9000 r--p 0001f000 fd:00 152325                     /lib64/ld-2.12.so
7faf381f9000-7faf381fa000 rw-p 00020000 fd:00 152325                     /lib64/ld-2.12.so
7faf381fa000-7faf381fb000 rw-p 00000000 00:00 0 
7ffffec36000-7ffffec39000 ---p 00000000 00:00 0 
7ffffec3a000-7ffffed36000 rw-p 00000000 00:00 0                          [stack]
7ffffeda9000-7ffffedaa000 r-xp 00000000 00:00 0                          [vdso]
ffffffffff600000-ffffffffff601000 r-xp 00000000 00:00 0                  [vsyscall]

VM Arguments:
jvm_args: -Xmx512m -Xrs vfprintf exit 
java_command: <unknown>
java_class_path (initial): /home/kniehaus/R/x86_64-redhat-linux-gnu-library/3.1/rJava/java/boot
Launcher Type: generic

Environment Variables:
PATH=/usr/local/sbin:/usr/local/bin:/usr/bin:/usr/sbin:/sbin:/bin
LD_LIBRARY_PATH=/usr/lib64/R/lib:/lib:/usr/local/lib64:/opt/jdk1.8.0_45/jre/lib/amd64/server:@JAVA_LD@:@JAVA_LD@:@JAVA_LD@:@JAVA_LD@:@JAVA_LD@:@JAVA_LD@:@JAVA_LD@:@JAVA_LD@:@JAVA_LD@:@JAVA_LD@:@JAVA_LD@:@JAVA_LD@:@JAVA_LD@:@JAVA_LD@:@JAVA_LD@:@JAVA_LD@:@JAVA_LD@:@JAVA_LD@:@JAVA_LD@:@JAVA_LD@:@JAVA_LD@:@JAVA_LD@:@JAVA_LD@:@JAVA_LD@:@JAVA_LD@:@JAVA_LD@:@JAVA_LD@:@JAVA_LD@:@JAVA_LD@:@JAVA_LD@:@JAVA_LD@:@JAVA_LD@:@JAVA_LD@:@JAVA_LD@:@JAVA_LD@:@JAVA_LD@:@JAVA_LD@:@JAVA_LD@:@JAVA_LD@:@JAVA_LD@:@JAVA_LD@:@JAVA_LD@:@JAVA_LD@:@JAVA_LD@:@JAVA_LD@:@JAVA_LD@:@JAVA_LD@:@JAVA_LD@:@JAVA_LD@:@JAVA_LD@:@JAVA_LD@:@JAVA_LD@:@JAVA_LD@:@JAVA_LD@:@JAVA_LD@:@JAVA_LD@:@JAVA_LD@:@JAVA_LD@
DISPLAY=:0

Signal Handlers:
SIGSEGV: [libjvm.so+0xaad1e0], sa_mask[0]=11111111011111111101111111111110, sa_flags=SA_RESTART|SA_SIGINFO
SIGBUS: [libjvm.so+0xaad1e0], sa_mask[0]=11111111011111111101111111111110, sa_flags=SA_RESTART|SA_SIGINFO
SIGFPE: [libjvm.so+0x90b450], sa_mask[0]=11111111011111111101111111111110, sa_flags=SA_RESTART|SA_SIGINFO
SIGPIPE: [libjvm.so+0x90b450], sa_mask[0]=11111111011111111101111111111110, sa_flags=SA_RESTART|SA_SIGINFO
SIGXFSZ: [libjvm.so+0x90b450], sa_mask[0]=11111111011111111101111111111110, sa_flags=SA_RESTART|SA_SIGINFO
SIGILL: [libjvm.so+0x90b450], sa_mask[0]=11111111011111111101111111111110, sa_flags=SA_RESTART|SA_SIGINFO
SIGUSR1: [rsession+0x288820], sa_mask[0]=00000000010000000000000000000000, sa_flags=SA_RESTART
SIGUSR2: [libjvm.so+0x90ca90], sa_mask[0]=01000000000000000000000000000000, sa_flags=SA_RESTART|SA_SIGINFO
SIGHUP: SIG_IGN, sa_mask[0]=00000000000000000000000000000000, sa_flags=none
SIGINT: SIG_DFL, sa_mask[0]=00000000000000000000000000000000, sa_flags=none
SIGTERM: SIG_DFL, sa_mask[0]=00000000000000000000000000000000, sa_flags=none
SIGQUIT: SIG_DFL, sa_mask[0]=00000000000000000000000000000000, sa_flags=none


---------------  S Y S T E M  ---------------

OS:Red Hat Enterprise Linux Server release 6.6 (Santiago)

uname:Linux 2.6.32-504.3.3.el6.x86_64 #1 SMP Fri Dec 12 16:05:43 EST 2014 x86_64
libc:glibc 2.12 NPTL 2.12 
rlimit: STACK 10240k, CORE 0k, NPROC 256705, NOFILE 4096, AS infinity
load average:0.71 0.52 0.28

/proc/meminfo:
MemTotal:       32877008 kB
MemFree:          220692 kB
Buffers:            2248 kB
Cached:           248160 kB
SwapCached:        14016 kB
Active:         29855308 kB
Inactive:        2424392 kB
Active(anon):   29836164 kB
Inactive(anon):  2331912 kB
Active(file):      19144 kB
Inactive(file):    92480 kB
Unevictable:           0 kB
Mlocked:               0 kB
SwapTotal:       2097148 kB
SwapFree:              0 kB
Dirty:                48 kB
Writeback:             0 kB
AnonPages:      32015684 kB
Mapped:           156868 kB
Shmem:            138720 kB
Slab:              83168 kB
SReclaimable:      13388 kB
SUnreclaim:        69780 kB
KernelStack:        2616 kB
PageTables:        79168 kB
NFS_Unstable:          0 kB
Bounce:                0 kB
WritebackTmp:          0 kB
CommitLimit:    18535652 kB
Committed_AS:   35666252 kB
VmallocTotal:   34359738367 kB
VmallocUsed:      199628 kB
VmallocChunk:   34359528256 kB
HardwareCorrupted:     0 kB
AnonHugePages:  12619776 kB
HugePages_Total:       0
HugePages_Free:        0
HugePages_Rsvd:        0
HugePages_Surp:        0
Hugepagesize:       2048 kB
DirectMap4k:       10240 kB
DirectMap2M:    33544192 kB


CPU:total 4 (1 cores per cpu, 1 threads per core) family 6 model 45 stepping 2, cmov, cx8, fxsr, mmx, sse, sse2, sse3, ssse3, sse4.1, sse4.2, popcnt, avx, aes, clmul, tsc, tscinvbit, tscinv

/proc/cpuinfo:
processor	: 0
vendor_id	: GenuineIntel
cpu family	: 6
model		: 45
model name	: Intel(R) Xeon(R) CPU E5-2680 v2 @ 2.80GHz
stepping	: 2
microcode	: 1063
cpu MHz		: 2800.000
cache size	: 25600 KB
physical id	: 0
siblings	: 1
core id		: 0
cpu cores	: 1
apicid		: 0
initial apicid	: 0
fpu		: yes
fpu_exception	: yes
cpuid level	: 13
wp		: yes
flags		: fpu vme de pse tsc msr pae mce cx8 apic sep mtrr pge mca cmov pat pse36 clflush dts mmx fxsr sse sse2 ss syscall nx rdtscp lm constant_tsc arch_perfmon pebs bts xtopology tsc_reliable nonstop_tsc aperfmperf unfair_spinlock pni pclmulqdq ssse3 cx16 sse4_1 sse4_2 popcnt aes xsave avx hypervisor lahf_lm ida arat pln pts dts
bogomips	: 5600.00
clflush size	: 64
cache_alignment	: 64
address sizes	: 40 bits physical, 48 bits virtual
power management:

processor	: 1
vendor_id	: GenuineIntel
cpu family	: 6
model		: 45
model name	: Intel(R) Xeon(R) CPU E5-2680 v2 @ 2.80GHz
stepping	: 2
microcode	: 1063
cpu MHz		: 2800.000
cache size	: 25600 KB
physical id	: 2
siblings	: 1
core id		: 0
cpu cores	: 1
apicid		: 2
initial apicid	: 2
fpu		: yes
fpu_exception	: yes
cpuid level	: 13
wp		: yes
flags		: fpu vme de pse tsc msr pae mce cx8 apic sep mtrr pge mca cmov pat pse36 clflush dts mmx fxsr sse sse2 ss syscall nx rdtscp lm constant_tsc arch_perfmon pebs bts xtopology tsc_reliable nonstop_tsc aperfmperf unfair_spinlock pni pclmulqdq ssse3 cx16 sse4_1 sse4_2 popcnt aes xsave avx hypervisor lahf_lm ida arat pln pts dts
bogomips	: 5600.00
clflush size	: 64
cache_alignment	: 64
address sizes	: 40 bits physical, 48 bits virtual
power management:

processor	: 2
vendor_id	: GenuineIntel
cpu family	: 6
model		: 45
model name	: Intel(R) Xeon(R) CPU E5-2680 v2 @ 2.80GHz
stepping	: 2
microcode	: 1063
cpu MHz		: 2800.000
cache size	: 25600 KB
physical id	: 4
siblings	: 1
core id		: 0
cpu cores	: 1
apicid		: 4
initial apicid	: 4
fpu		: yes
fpu_exception	: yes
cpuid level	: 13
wp		: yes
flags		: fpu vme de pse tsc msr pae mce cx8 apic sep mtrr pge mca cmov pat pse36 clflush dts mmx fxsr sse sse2 ss syscall nx rdtscp lm constant_tsc arch_perfmon pebs bts xtopology tsc_reliable nonstop_tsc aperfmperf unfair_spinlock pni pclmulqdq ssse3 cx16 sse4_1 sse4_2 popcnt aes xsave avx hypervisor lahf_lm ida arat pln pts dts
bogomips	: 5600.00
clflush size	: 64
cache_alignment	: 64
address sizes	: 40 bits physical, 48 bits virtual
power management:

processor	: 3
vendor_id	: GenuineIntel
cpu family	: 6
model		: 45
model name	: Intel(R) Xeon(R) CPU E5-2680 v2 @ 2.80GHz
stepping	: 2
microcode	: 1063
cpu MHz		: 2800.000
cache size	: 25600 KB
physical id	: 6
siblings	: 1
core id		: 0
cpu cores	: 1
apicid		: 6
initial apicid	: 6
fpu		: yes
fpu_exception	: yes
cpuid level	: 13
wp		: yes
flags		: fpu vme de pse tsc msr pae mce cx8 apic sep mtrr pge mca cmov pat pse36 clflush dts mmx fxsr sse sse2 ss syscall nx rdtscp lm constant_tsc arch_perfmon pebs bts xtopology tsc_reliable nonstop_tsc aperfmperf unfair_spinlock pni pclmulqdq ssse3 cx16 sse4_1 sse4_2 popcnt aes xsave avx hypervisor lahf_lm ida arat pln pts dts
bogomips	: 5600.00
clflush size	: 64
cache_alignment	: 64
address sizes	: 40 bits physical, 48 bits virtual
power management:



Memory: 4k page, physical 32877008k(220692k free), swap 2097148k(0k free)

vm_info: Java HotSpot(TM) 64-Bit Server VM (25.45-b02) for linux-amd64 JRE (1.8.0_45-b14), built on Apr 10 2015 10:07:45 by "java_re" with gcc 4.3.0 20080428 (Red Hat 4.3.0-8)

time: Wed Sep  9 18:38:10 2015
elapsed time: 0 seconds (0d 0h 0m 0s)

